18:16:40 - INF - <module> - ('Servicio Iniciado',)
18:16:42 - INF - <module> - ('Servicio Iniciado',)
18:17:16 - INF - get - ('Servicio de usuarios iniciado',)
18:18:16 - INF - <module> - ('Servicio Finalizado',)
18:18:16 - INF - <module> - ('Servicio Iniciado',)
18:19:19 - INF - <module> - ('Servicio Finalizado',)
18:19:20 - INF - <module> - ('Servicio Iniciado',)
18:19:31 - INF - get - ('Servicio de usuarios iniciado',)
20:33:38 - INF - <module> - ('Servicio Finalizado',)
20:33:38 - INF - <module> - ('Servicio Finalizado',)
22:10:58 - INF - <module> - ('Servicio Iniciado',)
22:10:59 - INF - <module> - ('Servicio Iniciado',)
22:11:13 - INF - <module> - ('Servicio Finalizado',)
22:11:13 - INF - <module> - ('Servicio Finalizado',)
22:15:57 - INF - <module> - ('Servicio Iniciado',)
22:15:59 - INF - <module> - ('Servicio Iniciado',)
22:17:22 - INF - post - ('Servicio de Creación Usuarios ejecutando',)
22:17:22 - INF - create_user - ('Error creando al usuario -> inserción o actualización en la tabla «users» viola la llave foránea «users_id_facultad_fkey»\nDETAIL:  La llave (id_facultad)=(0) no está presente en la tabla «faculties».\n',)
23:02:38 - INF - <module> - ('Servicio Finalizado',)
23:02:38 - INF - <module> - ('Servicio Finalizado',)
