00:02:48 - INF - get - ('Servicio de foros iniciado',)
00:03:06 - INF - <module> - ('Servicio Finalizado',)
00:03:06 - INF - <module> - ('Servicio Finalizado',)
00:03:07 - INF - <module> - ('Servicio Iniciado',)
00:03:09 - INF - <module> - ('Servicio Iniciado',)
00:03:14 - INF - get - ('Servicio de foros iniciado',)
00:04:01 - INF - post - ('Creación de foro',)
00:04:01 - INF - post - (<BadRequest '400: Bad Request'>,)
00:05:30 - INF - get - ('Obtener foro especifico',)
00:05:30 - INF - get_foro - ("Error obteniendo foro -> object of type 'int' has no len()",)
00:06:05 - INF - <module> - ('Servicio Finalizado',)
00:06:06 - INF - <module> - ('Servicio Iniciado',)
00:06:25 - INF - get - ('Obtener foro especifico',)
00:06:40 - INF - post - ('Creación de foro',)
00:06:40 - INF - post - (<BadRequest '400: Bad Request'>,)
00:11:08 - INF - post - ('Creación de foro',)
00:11:56 - INF - <module> - ('Servicio Finalizado',)
00:11:57 - INF - <module> - ('Servicio Iniciado',)
00:23:51 - INF - get - ('Servicio de foros iniciado',)
00:24:32 - INF - get - ('Obtener foro especifico',)
00:24:38 - INF - get - ('Obtener foro especifico',)
00:24:50 - INF - post - ('Creación de foro',)
00:27:16 - INF - post - ('Creación de mensaje iniciado',)
00:31:28 - INF - get - ('Servicio de foros iniciado',)
00:31:28 - INF - token_validate - ('Ocurrio un error al validar el tokenasd',)
00:31:28 - INF - token_validate - (DecodeError('Not enough segments'),)
00:37:58 - INF - get - ('Servicio de foros iniciado',)
00:42:36 - INF - get - ('Servicio de foros iniciado',)
00:44:26 - INF - get - ('Servicio de foros iniciado',)
00:44:41 - INF - get - ('Obtener foro especifico',)
00:45:41 - INF - post - ('Creación de mensaje iniciado',)
00:46:33 - INF - post - ('Creación de foro',)
00:49:06 - INF - get - ('Servicio de foros iniciado',)
00:49:06 - INF - get - ('Servicio de foros iniciado',)
00:49:23 - INF - post - ('Creación de foro',)
00:49:23 - INF - get - ('Obtener foro especifico',)
00:51:03 - INF - get - ('Servicio de foros iniciado',)
00:51:53 - INF - get - ('Servicio de foros iniciado',)
00:52:04 - INF - get - ('Servicio de foros iniciado',)
00:52:44 - INF - post - ('Creación de foro',)
00:52:45 - INF - get - ('Servicio de foros iniciado',)
00:53:55 - INF - get - ('Servicio de foros iniciado',)
00:53:55 - INF - get - ('Servicio de foros iniciado',)
00:54:22 - INF - get - ('Servicio de foros iniciado',)
00:55:32 - INF - get - ('Servicio de foros iniciado',)
00:55:36 - INF - get - ('Servicio de foros iniciado',)
00:55:41 - INF - get - ('Servicio de foros iniciado',)
00:56:13 - INF - get - ('Servicio de foros iniciado',)
00:56:23 - INF - get - ('Obtener foro especifico',)
00:56:23 - INF - token_validate - ('Ocurrio un error al validar el tokeneyJhbGciOiJIUzI1NiIsInR5cCI6IkpXVCJ9.eyJpYXQiOjE3MzczNTE0NzAsImV4cCI6MTczNzM1MjM3MCwidXNlcm5hbWUiOiJmZXJuYW5kb25hcmVhNkBnbWFpbC5jb20ifQ.jtJTYpX5yHrVgFFEpFoSeFiwR2G7gjV-B6X4cEyJKdA',)
00:56:23 - INF - token_validate - (ExpiredSignatureError('Signature has expired'),)
00:56:34 - INF - get - ('Obtener foro especifico',)
00:57:53 - INF - get - ('Servicio de foros iniciado',)
00:58:25 - INF - get - ('Servicio de foros iniciado',)
00:59:15 - INF - get - ('Servicio de foros iniciado',)
00:59:31 - INF - get - ('Servicio de foros iniciado',)
00:59:54 - INF - get - ('Servicio de foros iniciado',)
01:00:04 - INF - get - ('Servicio de foros iniciado',)
01:00:08 - INF - get - ('Servicio de foros iniciado',)
01:00:48 - INF - <module> - ('Servicio Finalizado',)
01:00:48 - INF - <module> - ('Servicio Finalizado',)
12:50:29 - INF - <module> - ('Servicio Iniciado',)
12:50:32 - INF - <module> - ('Servicio Iniciado',)
12:52:47 - INF - get - ('Servicio de foros iniciado',)
12:53:42 - INF - post - ('Creación de foro',)
12:53:42 - INF - get - ('Servicio de foros iniciado',)
12:54:11 - INF - get - ('Servicio de foros iniciado',)
12:54:12 - INF - get - ('Servicio de foros iniciado',)
12:54:33 - INF - get - ('Servicio de foros iniciado',)
12:54:35 - INF - get - ('Servicio de foros iniciado',)
12:55:41 - INF - get - ('Servicio de foros iniciado',)
12:57:25 - INF - get - ('Servicio de foros iniciado',)
12:57:46 - INF - get - ('Servicio de foros iniciado',)
12:58:35 - INF - get - ('Servicio de foros iniciado',)
12:59:08 - INF - get - ('Servicio de foros iniciado',)
12:59:35 - INF - get - ('Servicio de foros iniciado',)
12:59:43 - INF - get - ('Servicio de foros iniciado',)
13:01:35 - INF - get - ('Obtener foro especifico',)
13:01:35 - INF - token_validate - ('Ocurrio un error al validar el tokenasd',)
13:01:35 - INF - token_validate - (DecodeError('Not enough segments'),)
13:01:58 - INF - get - ('Servicio de foros iniciado',)
13:02:12 - INF - get - ('Servicio de foros iniciado',)
13:02:57 - INF - get - ('Servicio de foros iniciado',)
13:03:35 - INF - get - ('Obtener foro especifico',)
13:05:53 - INF - get - ('Servicio de foros iniciado',)
13:05:53 - INF - get - ('Obtener foro especifico',)
13:05:53 - INF - get - ('Obtener foro especifico',)
13:05:53 - INF - get - ('Obtener foro especifico',)
13:05:53 - INF - get - ('Obtener foro especifico',)
13:05:53 - INF - get - ('Obtener foro especifico',)
13:05:53 - INF - get - ('Obtener foro especifico',)
13:05:54 - INF - get - ('Obtener foro especifico',)
13:05:54 - INF - get - ('Obtener foro especifico',)
13:05:54 - INF - get - ('Obtener foro especifico',)
13:05:54 - INF - get - ('Obtener foro especifico',)
13:05:54 - INF - get - ('Obtener foro especifico',)
13:05:54 - INF - get - ('Obtener foro especifico',)
13:05:54 - INF - get - ('Obtener foro especifico',)
13:05:54 - INF - get - ('Obtener foro especifico',)
13:05:54 - INF - get - ('Obtener foro especifico',)
13:05:54 - INF - get - ('Obtener foro especifico',)
13:05:54 - INF - get - ('Obtener foro especifico',)
13:05:54 - INF - get - ('Obtener foro especifico',)
13:05:55 - INF - get - ('Obtener foro especifico',)
13:05:55 - INF - get - ('Obtener foro especifico',)
13:05:55 - INF - get - ('Obtener foro especifico',)
13:05:55 - INF - get - ('Obtener foro especifico',)
13:05:55 - INF - get - ('Obtener foro especifico',)
13:05:55 - INF - get - ('Obtener foro especifico',)
13:05:55 - INF - get - ('Obtener foro especifico',)
13:05:55 - INF - get - ('Obtener foro especifico',)
13:05:55 - INF - get - ('Obtener foro especifico',)
13:05:55 - INF - get - ('Obtener foro especifico',)
13:05:55 - INF - get - ('Obtener foro especifico',)
13:05:55 - INF - get - ('Obtener foro especifico',)
13:05:55 - INF - get - ('Obtener foro especifico',)
13:05:56 - INF - get - ('Obtener foro especifico',)
13:05:56 - INF - get - ('Obtener foro especifico',)
13:05:56 - INF - get - ('Obtener foro especifico',)
13:05:56 - INF - get - ('Obtener foro especifico',)
13:05:56 - INF - get - ('Obtener foro especifico',)
13:05:56 - INF - get - ('Obtener foro especifico',)
13:05:56 - INF - get - ('Obtener foro especifico',)
13:05:56 - INF - get - ('Obtener foro especifico',)
13:05:56 - INF - get - ('Obtener foro especifico',)
13:05:56 - INF - get - ('Obtener foro especifico',)
13:05:56 - INF - get - ('Obtener foro especifico',)
13:05:56 - INF - get - ('Obtener foro especifico',)
13:05:56 - INF - get - ('Obtener foro especifico',)
13:05:57 - INF - get - ('Obtener foro especifico',)
13:05:57 - INF - get - ('Obtener foro especifico',)
13:05:57 - INF - get - ('Obtener foro especifico',)
13:05:57 - INF - get - ('Obtener foro especifico',)
13:05:57 - INF - get - ('Obtener foro especifico',)
13:05:57 - INF - get - ('Obtener foro especifico',)
13:05:57 - INF - get - ('Obtener foro especifico',)
13:05:57 - INF - get - ('Obtener foro especifico',)
13:05:57 - INF - get - ('Obtener foro especifico',)
13:05:57 - INF - get - ('Obtener foro especifico',)
13:05:57 - INF - get - ('Obtener foro especifico',)
13:05:58 - INF - get - ('Obtener foro especifico',)
13:05:58 - INF - get - ('Obtener foro especifico',)
13:05:58 - INF - get - ('Obtener foro especifico',)
13:05:58 - INF - get - ('Obtener foro especifico',)
13:05:58 - INF - get - ('Obtener foro especifico',)
13:05:58 - INF - get - ('Obtener foro especifico',)
13:05:58 - INF - get - ('Obtener foro especifico',)
13:05:58 - INF - get - ('Obtener foro especifico',)
13:05:58 - INF - get - ('Obtener foro especifico',)
13:05:58 - INF - get - ('Obtener foro especifico',)
13:05:58 - INF - get - ('Obtener foro especifico',)
13:05:58 - INF - get - ('Obtener foro especifico',)
13:05:59 - INF - get - ('Obtener foro especifico',)
13:05:59 - INF - get - ('Obtener foro especifico',)
13:05:59 - INF - get - ('Obtener foro especifico',)
13:05:59 - INF - get - ('Obtener foro especifico',)
13:05:59 - INF - get - ('Obtener foro especifico',)
13:05:59 - INF - get - ('Obtener foro especifico',)
13:06:00 - INF - get - ('Obtener foro especifico',)
13:06:00 - INF - get - ('Obtener foro especifico',)
13:06:00 - INF - get - ('Obtener foro especifico',)
13:06:00 - INF - get - ('Obtener foro especifico',)
13:06:00 - INF - get - ('Obtener foro especifico',)
13:06:00 - INF - get - ('Obtener foro especifico',)
13:06:00 - INF - get - ('Obtener foro especifico',)
13:06:01 - INF - get - ('Obtener foro especifico',)
13:06:01 - INF - get - ('Obtener foro especifico',)
13:06:01 - INF - get - ('Obtener foro especifico',)
13:06:01 - INF - get - ('Obtener foro especifico',)
13:06:01 - INF - get - ('Obtener foro especifico',)
13:06:01 - INF - get - ('Obtener foro especifico',)
13:06:01 - INF - get - ('Obtener foro especifico',)
13:06:01 - INF - get - ('Obtener foro especifico',)
13:06:01 - INF - get - ('Obtener foro especifico',)
13:06:01 - INF - get - ('Obtener foro especifico',)
13:06:01 - INF - get - ('Obtener foro especifico',)
13:06:01 - INF - get - ('Obtener foro especifico',)
13:06:02 - INF - get - ('Obtener foro especifico',)
13:06:02 - INF - get - ('Obtener foro especifico',)
13:06:02 - INF - get - ('Obtener foro especifico',)
13:06:02 - INF - get - ('Obtener foro especifico',)
13:06:02 - INF - get - ('Obtener foro especifico',)
13:06:02 - INF - get - ('Obtener foro especifico',)
13:06:02 - INF - get - ('Obtener foro especifico',)
13:06:02 - INF - get - ('Obtener foro especifico',)
13:06:02 - INF - get - ('Obtener foro especifico',)
13:06:02 - INF - get - ('Obtener foro especifico',)
13:06:02 - INF - get - ('Obtener foro especifico',)
13:06:02 - INF - get - ('Obtener foro especifico',)
13:06:02 - INF - get - ('Obtener foro especifico',)
13:06:02 - INF - get - ('Obtener foro especifico',)
13:06:02 - INF - get - ('Obtener foro especifico',)
13:06:02 - INF - get - ('Obtener foro especifico',)
13:06:02 - INF - get - ('Obtener foro especifico',)
13:06:03 - INF - get - ('Obtener foro especifico',)
13:06:03 - INF - get - ('Obtener foro especifico',)
13:06:04 - INF - get - ('Obtener foro especifico',)
13:06:04 - INF - get - ('Obtener foro especifico',)
13:06:04 - INF - get - ('Obtener foro especifico',)
13:06:04 - INF - get - ('Obtener foro especifico',)
13:06:04 - INF - get - ('Obtener foro especifico',)
13:06:04 - INF - get - ('Obtener foro especifico',)
13:06:04 - INF - get - ('Obtener foro especifico',)
13:06:04 - INF - get - ('Obtener foro especifico',)
13:06:04 - INF - get - ('Obtener foro especifico',)
13:06:05 - INF - get - ('Obtener foro especifico',)
13:06:05 - INF - get - ('Obtener foro especifico',)
13:06:05 - INF - get - ('Obtener foro especifico',)
13:06:05 - INF - get - ('Obtener foro especifico',)
13:06:05 - INF - get - ('Obtener foro especifico',)
13:06:05 - INF - get - ('Obtener foro especifico',)
13:06:05 - INF - get - ('Obtener foro especifico',)
13:06:05 - INF - get - ('Obtener foro especifico',)
13:06:05 - INF - get - ('Obtener foro especifico',)
13:06:05 - INF - get - ('Obtener foro especifico',)
13:06:05 - INF - get - ('Obtener foro especifico',)
13:06:05 - INF - get - ('Obtener foro especifico',)
13:06:05 - INF - get - ('Obtener foro especifico',)
13:06:06 - INF - get - ('Obtener foro especifico',)
13:06:06 - INF - get - ('Obtener foro especifico',)
13:06:06 - INF - get - ('Obtener foro especifico',)
13:06:06 - INF - get - ('Obtener foro especifico',)
13:06:06 - INF - get - ('Obtener foro especifico',)
13:06:06 - INF - get - ('Obtener foro especifico',)
13:06:06 - INF - get - ('Obtener foro especifico',)
13:06:06 - INF - get - ('Obtener foro especifico',)
13:06:06 - INF - get - ('Obtener foro especifico',)
13:06:06 - INF - get - ('Obtener foro especifico',)
13:06:06 - INF - get - ('Obtener foro especifico',)
13:06:06 - INF - get - ('Obtener foro especifico',)
13:06:07 - INF - get - ('Obtener foro especifico',)
13:06:07 - INF - get - ('Obtener foro especifico',)
13:06:07 - INF - get - ('Obtener foro especifico',)
13:06:07 - INF - get - ('Obtener foro especifico',)
13:06:07 - INF - get - ('Obtener foro especifico',)
13:06:07 - INF - get - ('Obtener foro especifico',)
13:06:07 - INF - get - ('Obtener foro especifico',)
13:06:07 - INF - get - ('Obtener foro especifico',)
13:06:08 - INF - get - ('Obtener foro especifico',)
13:06:08 - INF - get - ('Obtener foro especifico',)
13:06:08 - INF - get - ('Obtener foro especifico',)
13:06:08 - INF - get - ('Obtener foro especifico',)
13:06:08 - INF - get - ('Obtener foro especifico',)
13:06:08 - INF - get - ('Obtener foro especifico',)
13:06:08 - INF - get - ('Obtener foro especifico',)
13:06:08 - INF - get - ('Obtener foro especifico',)
13:06:08 - INF - get - ('Obtener foro especifico',)
13:06:08 - INF - get - ('Obtener foro especifico',)
13:06:08 - INF - get - ('Obtener foro especifico',)
13:06:08 - INF - get - ('Obtener foro especifico',)
13:06:08 - INF - get - ('Obtener foro especifico',)
13:06:08 - INF - get - ('Obtener foro especifico',)
13:06:08 - INF - get - ('Obtener foro especifico',)
13:06:08 - INF - get - ('Obtener foro especifico',)
13:06:09 - INF - get - ('Obtener foro especifico',)
13:06:09 - INF - get - ('Obtener foro especifico',)
13:06:09 - INF - get - ('Obtener foro especifico',)
13:06:09 - INF - get - ('Obtener foro especifico',)
13:06:09 - INF - get - ('Obtener foro especifico',)
13:06:09 - INF - get - ('Obtener foro especifico',)
13:06:09 - INF - get - ('Obtener foro especifico',)
13:06:09 - INF - get - ('Obtener foro especifico',)
13:06:09 - INF - get - ('Obtener foro especifico',)
13:06:09 - INF - get - ('Obtener foro especifico',)
13:06:09 - INF - get - ('Obtener foro especifico',)
13:06:09 - INF - get - ('Obtener foro especifico',)
13:06:09 - INF - get - ('Obtener foro especifico',)
13:06:09 - INF - get - ('Obtener foro especifico',)
13:06:09 - INF - get - ('Obtener foro especifico',)
13:06:09 - INF - get - ('Obtener foro especifico',)
13:06:09 - INF - get - ('Obtener foro especifico',)
13:06:10 - INF - get - ('Obtener foro especifico',)
13:06:10 - INF - get - ('Obtener foro especifico',)
13:06:10 - INF - get - ('Obtener foro especifico',)
13:06:10 - INF - get - ('Obtener foro especifico',)
13:06:10 - INF - get - ('Obtener foro especifico',)
13:06:10 - INF - get - ('Obtener foro especifico',)
13:06:10 - INF - get - ('Obtener foro especifico',)
13:06:10 - INF - get - ('Obtener foro especifico',)
13:06:10 - INF - get - ('Obtener foro especifico',)
13:06:10 - INF - get - ('Obtener foro especifico',)
13:06:10 - INF - get - ('Obtener foro especifico',)
13:06:10 - INF - get - ('Obtener foro especifico',)
13:06:10 - INF - get - ('Obtener foro especifico',)
13:06:10 - INF - get - ('Obtener foro especifico',)
13:06:10 - INF - get - ('Obtener foro especifico',)
13:06:10 - INF - get - ('Obtener foro especifico',)
13:06:10 - INF - get - ('Obtener foro especifico',)
13:06:10 - INF - get - ('Obtener foro especifico',)
13:06:11 - INF - get - ('Obtener foro especifico',)
13:06:11 - INF - get - ('Obtener foro especifico',)
13:06:11 - INF - get - ('Obtener foro especifico',)
13:06:11 - INF - get - ('Obtener foro especifico',)
13:06:11 - INF - get - ('Obtener foro especifico',)
13:06:11 - INF - get - ('Obtener foro especifico',)
13:06:11 - INF - get - ('Obtener foro especifico',)
13:06:11 - INF - get - ('Obtener foro especifico',)
13:06:11 - INF - get - ('Obtener foro especifico',)
13:06:11 - INF - get - ('Obtener foro especifico',)
13:06:11 - INF - get - ('Obtener foro especifico',)
13:06:11 - INF - get - ('Obtener foro especifico',)
13:06:11 - INF - get - ('Obtener foro especifico',)
13:06:11 - INF - get - ('Obtener foro especifico',)
13:06:11 - INF - get - ('Obtener foro especifico',)
13:06:11 - INF - get - ('Obtener foro especifico',)
13:06:11 - INF - get - ('Obtener foro especifico',)
13:06:11 - INF - get - ('Obtener foro especifico',)
13:06:12 - INF - get - ('Obtener foro especifico',)
13:06:12 - INF - get - ('Obtener foro especifico',)
13:06:12 - INF - get - ('Obtener foro especifico',)
13:06:12 - INF - get - ('Obtener foro especifico',)
13:06:12 - INF - get - ('Obtener foro especifico',)
13:06:12 - INF - get - ('Obtener foro especifico',)
13:06:12 - INF - get - ('Obtener foro especifico',)
13:06:12 - INF - get - ('Obtener foro especifico',)
13:06:12 - INF - get - ('Obtener foro especifico',)
13:06:12 - INF - get - ('Obtener foro especifico',)
13:06:12 - INF - get - ('Obtener foro especifico',)
13:06:12 - INF - get - ('Obtener foro especifico',)
13:06:12 - INF - get - ('Obtener foro especifico',)
13:06:12 - INF - get - ('Obtener foro especifico',)
13:06:12 - INF - get - ('Obtener foro especifico',)
13:06:12 - INF - get - ('Obtener foro especifico',)
13:06:12 - INF - get - ('Obtener foro especifico',)
13:06:12 - INF - get - ('Obtener foro especifico',)
13:06:12 - INF - get - ('Obtener foro especifico',)
13:06:12 - INF - get - ('Obtener foro especifico',)
13:06:12 - INF - get - ('Obtener foro especifico',)
13:06:12 - INF - get - ('Obtener foro especifico',)
13:06:13 - INF - get - ('Obtener foro especifico',)
13:06:13 - INF - get - ('Obtener foro especifico',)
13:06:13 - INF - get - ('Obtener foro especifico',)
13:06:13 - INF - get - ('Obtener foro especifico',)
13:06:13 - INF - get - ('Obtener foro especifico',)
13:06:13 - INF - get - ('Obtener foro especifico',)
13:06:13 - INF - get - ('Obtener foro especifico',)
13:06:13 - INF - get - ('Obtener foro especifico',)
13:06:13 - INF - get - ('Obtener foro especifico',)
13:06:13 - INF - get - ('Obtener foro especifico',)
13:06:13 - INF - get - ('Obtener foro especifico',)
13:06:13 - INF - get - ('Obtener foro especifico',)
13:06:13 - INF - get - ('Obtener foro especifico',)
13:06:13 - INF - get - ('Obtener foro especifico',)
13:06:13 - INF - get - ('Obtener foro especifico',)
13:06:13 - INF - get - ('Obtener foro especifico',)
13:06:13 - INF - get - ('Obtener foro especifico',)
13:06:13 - INF - get - ('Obtener foro especifico',)
13:06:13 - INF - get - ('Obtener foro especifico',)
13:06:13 - INF - get - ('Obtener foro especifico',)
13:06:13 - INF - get - ('Obtener foro especifico',)
13:06:13 - INF - get - ('Obtener foro especifico',)
13:06:14 - INF - get - ('Obtener foro especifico',)
13:06:14 - INF - get - ('Obtener foro especifico',)
13:06:14 - INF - get - ('Obtener foro especifico',)
13:06:14 - INF - get - ('Obtener foro especifico',)
13:06:14 - INF - get - ('Obtener foro especifico',)
13:06:14 - INF - get - ('Obtener foro especifico',)
13:06:14 - INF - get - ('Obtener foro especifico',)
13:06:14 - INF - get - ('Obtener foro especifico',)
13:06:14 - INF - get - ('Obtener foro especifico',)
13:06:14 - INF - get - ('Obtener foro especifico',)
13:06:14 - INF - get - ('Obtener foro especifico',)
13:06:15 - INF - get - ('Obtener foro especifico',)
13:07:41 - INF - get - ('Servicio de foros iniciado',)
13:07:44 - INF - get - ('Obtener foro especifico',)
13:09:34 - INF - get - ('Servicio de foros iniciado',)
13:09:35 - INF - get - ('Obtener foro especifico',)
13:09:41 - INF - get - ('Obtener foro especifico',)
13:09:43 - INF - get - ('Obtener foro especifico',)
13:09:45 - INF - get - ('Obtener foro especifico',)
13:09:48 - INF - get - ('Obtener foro especifico',)
13:09:50 - INF - get - ('Obtener foro especifico',)
13:09:51 - INF - get - ('Obtener foro especifico',)
13:10:20 - INF - get - ('Servicio de foros iniciado',)
13:10:21 - INF - get - ('Obtener foro especifico',)
13:10:22 - INF - get - ('Obtener foro especifico',)
13:10:24 - INF - get - ('Obtener foro especifico',)
13:10:24 - INF - get - ('Obtener foro especifico',)
13:10:25 - INF - get - ('Obtener foro especifico',)
13:10:25 - INF - get - ('Obtener foro especifico',)
13:10:26 - INF - get - ('Obtener foro especifico',)
13:10:26 - INF - get - ('Obtener foro especifico',)
13:10:43 - INF - get - ('Servicio de foros iniciado',)
13:12:33 - INF - get - ('Servicio de foros iniciado',)
13:12:33 - INF - get - ('Servicio de foros iniciado',)
13:12:36 - INF - get - ('Obtener foro especifico',)
13:12:38 - INF - get - ('Servicio de foros iniciado',)
13:13:08 - INF - get - ('Servicio de foros iniciado',)
13:14:39 - INF - get - ('Servicio de foros iniciado',)
13:14:52 - INF - post - ('Creación de foro',)
13:14:52 - INF - get - ('Servicio de foros iniciado',)
13:14:55 - INF - get - ('Obtener foro especifico',)
13:14:57 - INF - get - ('Obtener foro especifico',)
13:15:06 - INF - get - ('Servicio de foros iniciado',)
13:15:43 - INF - get - ('Obtener foro especifico',)
13:15:46 - INF - get - ('Obtener foro especifico',)
13:15:46 - INF - get - ('Obtener foro especifico',)
13:15:59 - INF - get - ('Servicio de foros iniciado',)
13:16:06 - INF - get - ('Obtener foro especifico',)
13:16:21 - INF - post - ('Creación de mensaje iniciado',)
13:17:58 - INF - get - ('Servicio de foros iniciado',)
13:19:25 - INF - get - ('Servicio de foros iniciado',)
13:20:42 - INF - get - ('Servicio de foros iniciado',)
13:22:14 - INF - get - ('Servicio de foros iniciado',)
13:22:58 - INF - get - ('Servicio de foros iniciado',)
13:22:58 - INF - token_validate - ('Ocurrio un error al validar el tokeneyJhbGciOiJIUzI1NiIsInR5cCI6IkpXVCJ9.eyJpYXQiOjE3MzczOTY0NjAsImV4cCI6MTczNzM5NzM2MCwidXNlcm5hbWUiOiJmZXJuYW5kb25hcmVhNkBnbWFpbC5jb20ifQ.HL0wYUIR7DWtAj8-8D8Syo0zWzVT25wicgYG3jn8mBs',)
13:22:58 - INF - token_validate - (ExpiredSignatureError('Signature has expired'),)
13:23:57 - INF - get - ('Servicio de foros iniciado',)
13:23:57 - INF - token_validate - ('Ocurrio un error al validar el tokeneyJhbGciOiJIUzI1NiIsInR5cCI6IkpXVCJ9.eyJpYXQiOjE3MzczOTY0NjAsImV4cCI6MTczNzM5NzM2MCwidXNlcm5hbWUiOiJmZXJuYW5kb25hcmVhNkBnbWFpbC5jb20ifQ.HL0wYUIR7DWtAj8-8D8Syo0zWzVT25wicgYG3jn8mBs',)
13:23:57 - INF - token_validate - (ExpiredSignatureError('Signature has expired'),)
13:24:13 - INF - get - ('Servicio de foros iniciado',)
13:24:13 - INF - token_validate - ('Ocurrio un error al validar el tokeneyJhbGciOiJIUzI1NiIsInR5cCI6IkpXVCJ9.eyJpYXQiOjE3MzczOTY0NjAsImV4cCI6MTczNzM5NzM2MCwidXNlcm5hbWUiOiJmZXJuYW5kb25hcmVhNkBnbWFpbC5jb20ifQ.HL0wYUIR7DWtAj8-8D8Syo0zWzVT25wicgYG3jn8mBs',)
13:24:13 - INF - token_validate - (ExpiredSignatureError('Signature has expired'),)
13:24:35 - INF - get - ('Servicio de foros iniciado',)
13:24:35 - INF - token_validate - ('Ocurrio un error al validar el tokeneyJhbGciOiJIUzI1NiIsInR5cCI6IkpXVCJ9.eyJpYXQiOjE3MzczOTY0NjAsImV4cCI6MTczNzM5NzM2MCwidXNlcm5hbWUiOiJmZXJuYW5kb25hcmVhNkBnbWFpbC5jb20ifQ.HL0wYUIR7DWtAj8-8D8Syo0zWzVT25wicgYG3jn8mBs',)
13:24:35 - INF - token_validate - (ExpiredSignatureError('Signature has expired'),)
13:25:48 - INF - post - ('Creación de mensaje iniciado',)
13:25:57 - INF - get - ('Obtener foro especifico',)
13:27:30 - INF - get - ('Servicio de foros iniciado',)
13:27:31 - INF - get - ('Obtener foro especifico',)
13:27:37 - INF - post - ('Creación de mensaje iniciado',)
13:27:37 - INF - get - ('Obtener foro especifico',)
13:27:44 - INF - get - ('Obtener foro especifico',)
13:27:48 - INF - get - ('Servicio de foros iniciado',)
13:27:49 - INF - get - ('Obtener foro especifico',)
13:27:59 - INF - post - ('Creación de mensaje iniciado',)
13:27:59 - INF - get - ('Obtener foro especifico',)
13:28:10 - INF - get - ('Obtener foro especifico',)
13:28:14 - INF - post - ('Creación de mensaje iniciado',)
13:28:14 - INF - get - ('Obtener foro especifico',)
13:28:19 - INF - get - ('Servicio de foros iniciado',)
13:28:21 - INF - get - ('Obtener foro especifico',)
13:46:40 - INF - <module> - ('Servicio Finalizado',)
13:46:46 - INF - <module> - ('Servicio Iniciado',)
13:47:06 - INF - get - ('Servicio de foros iniciado',)
13:47:07 - INF - get - ('Obtener foro especifico',)
13:47:10 - INF - get - ('Obtener foro especifico',)
13:47:12 - INF - get - ('Obtener foro especifico',)
13:47:21 - INF - get - ('Obtener foro especifico',)
13:47:28 - INF - post - ('Creación de mensaje iniciado',)
13:47:28 - INF - get - ('Obtener foro especifico',)
13:48:17 - INF - get - ('Servicio de foros iniciado',)
13:48:21 - INF - get - ('Servicio de foros iniciado',)
13:48:33 - INF - get - ('Obtener foro especifico',)
13:48:35 - INF - get - ('Obtener foro especifico',)
13:48:37 - INF - get - ('Obtener foro especifico',)
13:48:42 - INF - get - ('Obtener foro especifico',)
13:49:54 - INF - <module> - ('Servicio Finalizado',)
13:49:56 - INF - <module> - ('Servicio Iniciado',)
13:50:11 - INF - get - ('Obtener foro especifico',)
13:50:23 - INF - get - ('Obtener foro especifico',)
13:50:24 - INF - get - ('Obtener foro especifico',)
13:50:25 - INF - get - ('Obtener foro especifico',)
13:50:26 - INF - get - ('Obtener foro especifico',)
13:50:36 - INF - get - ('Servicio de foros iniciado',)
13:50:36 - INF - get - ('Obtener foro especifico',)
13:50:39 - INF - get - ('Obtener foro especifico',)
13:50:40 - INF - get - ('Obtener foro especifico',)
13:54:22 - INF - get - ('Servicio de foros iniciado',)
13:54:46 - INF - get - ('Servicio de foros iniciado',)
13:54:48 - INF - get - ('Obtener foro especifico',)
13:54:51 - INF - get - ('Obtener foro especifico',)
13:54:54 - INF - get - ('Obtener foro especifico',)
13:54:55 - INF - get - ('Obtener foro especifico',)
13:55:28 - INF - get - ('Servicio de foros iniciado',)
13:56:06 - INF - post - ('Creación de foro',)
13:56:06 - INF - get - ('Servicio de foros iniciado',)
13:56:10 - INF - get - ('Obtener foro especifico',)
13:58:24 - INF - get - ('Servicio de foros iniciado',)
13:58:32 - INF - get - ('Servicio de foros iniciado',)
13:58:34 - INF - get - ('Obtener foro especifico',)
13:59:23 - INF - get - ('Servicio de foros iniciado',)
13:59:44 - INF - get - ('Obtener foro especifico',)
13:59:46 - INF - get - ('Obtener foro especifico',)
14:00:46 - INF - get - ('Servicio de foros iniciado',)
14:00:47 - INF - get - ('Obtener foro especifico',)
14:02:04 - INF - get - ('Servicio de foros iniciado',)
14:02:21 - INF - get - ('Servicio de foros iniciado',)
14:02:40 - INF - get - ('Servicio de foros iniciado',)
14:02:42 - INF - get - ('Obtener foro especifico',)
14:02:46 - INF - post - ('Creación de mensaje iniciado',)
14:02:47 - INF - get - ('Obtener foro especifico',)
14:02:53 - INF - get - ('Obtener foro especifico',)
14:02:56 - INF - post - ('Creación de mensaje iniciado',)
14:02:56 - INF - get - ('Obtener foro especifico',)
14:02:58 - INF - get - ('Obtener foro especifico',)
14:03:05 - INF - get - ('Servicio de foros iniciado',)
14:03:06 - INF - get - ('Obtener foro especifico',)
14:03:36 - INF - post - ('Creación de mensaje iniciado',)
14:03:36 - INF - get - ('Obtener foro especifico',)
14:03:50 - INF - get - ('Servicio de foros iniciado',)
14:03:51 - INF - get - ('Obtener foro especifico',)
14:04:10 - INF - get - ('Servicio de foros iniciado',)
14:04:12 - INF - get - ('Obtener foro especifico',)
14:05:46 - INF - get - ('Servicio de foros iniciado',)
14:05:49 - INF - get - ('Obtener foro especifico',)
14:05:50 - INF - get - ('Obtener foro especifico',)
14:05:51 - INF - get - ('Obtener foro especifico',)
14:05:52 - INF - get - ('Obtener foro especifico',)
14:07:06 - INF - get - ('Obtener foro especifico',)
14:07:06 - INF - get - (KeyError('HTTP_TOKEN'),)
14:09:00 - INF - get - ('Servicio de foros iniciado',)
14:09:10 - INF - get - ('Servicio de foros iniciado',)
14:09:12 - INF - get - ('Obtener foro especifico',)
14:09:19 - INF - post - ('Creación de mensaje iniciado',)
14:09:19 - INF - get - ('Obtener foro especifico',)
14:10:34 - INF - get - ('Servicio de foros iniciado',)
14:10:37 - INF - get - ('Obtener foro especifico',)
14:10:38 - INF - get - ('Obtener foro especifico',)
14:10:38 - INF - get - ('Obtener foro especifico',)
14:10:39 - INF - get - ('Obtener foro especifico',)
14:10:43 - INF - get - ('Obtener foro especifico',)
14:10:48 - INF - get - ('Servicio de foros iniciado',)
14:10:49 - INF - get - ('Obtener foro especifico',)
14:10:54 - INF - get - ('Obtener foro especifico',)
14:10:58 - INF - get - ('Obtener foro especifico',)
14:14:06 - INF - get - ('Servicio de foros iniciado',)
14:14:08 - INF - get - ('Obtener foro especifico',)
14:14:10 - INF - get - ('Obtener foro especifico',)
14:14:11 - INF - get - ('Obtener foro especifico',)
14:14:12 - INF - get - ('Obtener foro especifico',)
14:14:14 - INF - get - ('Obtener foro especifico',)
14:14:44 - INF - get - ('Servicio de foros iniciado',)
14:14:45 - INF - get - ('Obtener foro especifico',)
14:16:24 - INF - get - ('Servicio de foros iniciado',)
14:16:26 - INF - get - ('Obtener foro especifico',)
14:16:28 - INF - get - ('Obtener foro especifico',)
14:16:29 - INF - get - ('Obtener foro especifico',)
14:16:29 - INF - get - ('Obtener foro especifico',)
14:16:39 - INF - get - ('Obtener foro especifico',)
14:16:42 - INF - get - ('Servicio de foros iniciado',)
14:16:43 - INF - get - ('Obtener foro especifico',)
14:17:04 - INF - get - ('Servicio de foros iniciado',)
14:17:04 - INF - get - ('Obtener foro especifico',)
14:18:12 - INF - get - ('Servicio de foros iniciado',)
14:18:13 - INF - get - ('Obtener foro especifico',)
14:18:35 - INF - get - ('Servicio de foros iniciado',)
14:18:36 - INF - get - ('Obtener foro especifico',)
14:18:38 - INF - get - ('Obtener foro especifico',)
14:21:33 - INF - get - ('Servicio de foros iniciado',)
14:21:34 - INF - get - ('Obtener foro especifico',)
14:21:36 - INF - get - ('Obtener foro especifico',)
14:21:43 - INF - get - ('Servicio de foros iniciado',)
14:21:45 - INF - get - ('Obtener foro especifico',)
14:21:46 - INF - get - ('Obtener foro especifico',)
14:21:48 - INF - get - ('Obtener foro especifico',)
14:21:50 - INF - get - ('Obtener foro especifico',)
14:22:53 - INF - get - ('Servicio de foros iniciado',)
14:22:54 - INF - get - ('Obtener foro especifico',)
14:22:55 - INF - get - ('Obtener foro especifico',)
14:22:56 - INF - get - ('Obtener foro especifico',)
14:22:56 - INF - get - ('Obtener foro especifico',)
14:22:56 - INF - get - ('Obtener foro especifico',)
14:23:13 - INF - get - ('Servicio de foros iniciado',)
14:23:15 - INF - get - ('Obtener foro especifico',)
14:24:01 - INF - get - ('Servicio de foros iniciado',)
14:24:39 - INF - get - ('Servicio de foros iniciado',)
14:26:06 - INF - get - ('Servicio de foros iniciado',)
14:26:08 - INF - get - ('Obtener foro especifico',)
14:26:29 - INF - get - ('Obtener foro especifico',)
14:27:17 - INF - get - ('Servicio de foros iniciado',)
14:28:51 - INF - get - ('Obtener foro especifico',)
14:28:51 - INF - get - ('Obtener foro especifico',)
14:28:52 - INF - get - ('Obtener foro especifico',)
14:28:54 - INF - get - ('Obtener foro especifico',)
14:28:55 - INF - get - ('Obtener foro especifico',)
14:28:56 - INF - get - ('Obtener foro especifico',)
14:28:58 - INF - get - ('Obtener foro especifico',)
14:28:59 - INF - post - ('Creación de mensaje iniciado',)
14:29:00 - INF - get - ('Obtener foro especifico',)
14:29:03 - INF - get - ('Obtener foro especifico',)
14:29:04 - INF - get - ('Obtener foro especifico',)
14:29:05 - INF - get - ('Obtener foro especifico',)
14:29:05 - INF - get - ('Obtener foro especifico',)
14:29:06 - INF - get - ('Obtener foro especifico',)
14:29:07 - INF - get - ('Obtener foro especifico',)
14:29:09 - INF - get - ('Obtener foro especifico',)
14:29:12 - INF - get - ('Obtener foro especifico',)
14:30:11 - INF - get - ('Obtener foro especifico',)
14:30:11 - INF - token_validate - ('Ocurrio un error al validar el tokeneyJhbGciOiJIUzI1NiIsInR5cCI6IkpXVCJ9.eyJpYXQiOjE3Mzc0MDA0ODIsImV4cCI6MTczNzQwMTM4MiwidXNlcm5hbWUiOiJmZXJuYW5kb25hcmVhNkBnbWFpbC5jb20ifQ.X_rmwjKiuM8xSqhx9H1SnSJ0gAyc_xRqkVP9Phkusuk',)
14:30:11 - INF - token_validate - (ExpiredSignatureError('Signature has expired'),)
14:30:38 - INF - get - ('Servicio de foros iniciado',)
14:30:38 - INF - token_validate - ('Ocurrio un error al validar el tokeneyJhbGciOiJIUzI1NiIsInR5cCI6IkpXVCJ9.eyJpYXQiOjE3Mzc0MDA0ODIsImV4cCI6MTczNzQwMTM4MiwidXNlcm5hbWUiOiJmZXJuYW5kb25hcmVhNkBnbWFpbC5jb20ifQ.X_rmwjKiuM8xSqhx9H1SnSJ0gAyc_xRqkVP9Phkusuk',)
14:30:38 - INF - token_validate - (ExpiredSignatureError('Signature has expired'),)
14:30:43 - INF - get - ('Obtener foro especifico',)
14:30:43 - INF - token_validate - ('Ocurrio un error al validar el tokeneyJhbGciOiJIUzI1NiIsInR5cCI6IkpXVCJ9.eyJpYXQiOjE3Mzc0MDA0ODIsImV4cCI6MTczNzQwMTM4MiwidXNlcm5hbWUiOiJmZXJuYW5kb25hcmVhNkBnbWFpbC5jb20ifQ.X_rmwjKiuM8xSqhx9H1SnSJ0gAyc_xRqkVP9Phkusuk',)
14:30:43 - INF - token_validate - (ExpiredSignatureError('Signature has expired'),)
14:30:43 - INF - get - ('Obtener foro especifico',)
14:30:43 - INF - token_validate - ('Ocurrio un error al validar el tokeneyJhbGciOiJIUzI1NiIsInR5cCI6IkpXVCJ9.eyJpYXQiOjE3Mzc0MDA0ODIsImV4cCI6MTczNzQwMTM4MiwidXNlcm5hbWUiOiJmZXJuYW5kb25hcmVhNkBnbWFpbC5jb20ifQ.X_rmwjKiuM8xSqhx9H1SnSJ0gAyc_xRqkVP9Phkusuk',)
14:30:43 - INF - token_validate - (ExpiredSignatureError('Signature has expired'),)
14:30:44 - INF - get - ('Obtener foro especifico',)
14:30:44 - INF - token_validate - ('Ocurrio un error al validar el tokeneyJhbGciOiJIUzI1NiIsInR5cCI6IkpXVCJ9.eyJpYXQiOjE3Mzc0MDA0ODIsImV4cCI6MTczNzQwMTM4MiwidXNlcm5hbWUiOiJmZXJuYW5kb25hcmVhNkBnbWFpbC5jb20ifQ.X_rmwjKiuM8xSqhx9H1SnSJ0gAyc_xRqkVP9Phkusuk',)
14:30:44 - INF - token_validate - (ExpiredSignatureError('Signature has expired'),)
14:30:45 - INF - get - ('Obtener foro especifico',)
14:30:45 - INF - token_validate - ('Ocurrio un error al validar el tokeneyJhbGciOiJIUzI1NiIsInR5cCI6IkpXVCJ9.eyJpYXQiOjE3Mzc0MDA0ODIsImV4cCI6MTczNzQwMTM4MiwidXNlcm5hbWUiOiJmZXJuYW5kb25hcmVhNkBnbWFpbC5jb20ifQ.X_rmwjKiuM8xSqhx9H1SnSJ0gAyc_xRqkVP9Phkusuk',)
14:30:45 - INF - token_validate - (ExpiredSignatureError('Signature has expired'),)
14:30:47 - INF - get - ('Obtener foro especifico',)
14:30:47 - INF - token_validate - ('Ocurrio un error al validar el tokeneyJhbGciOiJIUzI1NiIsInR5cCI6IkpXVCJ9.eyJpYXQiOjE3Mzc0MDA0ODIsImV4cCI6MTczNzQwMTM4MiwidXNlcm5hbWUiOiJmZXJuYW5kb25hcmVhNkBnbWFpbC5jb20ifQ.X_rmwjKiuM8xSqhx9H1SnSJ0gAyc_xRqkVP9Phkusuk',)
14:30:47 - INF - token_validate - (ExpiredSignatureError('Signature has expired'),)
14:30:47 - INF - get - ('Obtener foro especifico',)
14:30:47 - INF - token_validate - ('Ocurrio un error al validar el tokeneyJhbGciOiJIUzI1NiIsInR5cCI6IkpXVCJ9.eyJpYXQiOjE3Mzc0MDA0ODIsImV4cCI6MTczNzQwMTM4MiwidXNlcm5hbWUiOiJmZXJuYW5kb25hcmVhNkBnbWFpbC5jb20ifQ.X_rmwjKiuM8xSqhx9H1SnSJ0gAyc_xRqkVP9Phkusuk',)
14:30:47 - INF - token_validate - (ExpiredSignatureError('Signature has expired'),)
14:30:47 - INF - get - ('Obtener foro especifico',)
14:30:47 - INF - token_validate - ('Ocurrio un error al validar el tokeneyJhbGciOiJIUzI1NiIsInR5cCI6IkpXVCJ9.eyJpYXQiOjE3Mzc0MDA0ODIsImV4cCI6MTczNzQwMTM4MiwidXNlcm5hbWUiOiJmZXJuYW5kb25hcmVhNkBnbWFpbC5jb20ifQ.X_rmwjKiuM8xSqhx9H1SnSJ0gAyc_xRqkVP9Phkusuk',)
14:30:47 - INF - token_validate - (ExpiredSignatureError('Signature has expired'),)
14:30:47 - INF - get - ('Obtener foro especifico',)
14:30:47 - INF - token_validate - ('Ocurrio un error al validar el tokeneyJhbGciOiJIUzI1NiIsInR5cCI6IkpXVCJ9.eyJpYXQiOjE3Mzc0MDA0ODIsImV4cCI6MTczNzQwMTM4MiwidXNlcm5hbWUiOiJmZXJuYW5kb25hcmVhNkBnbWFpbC5jb20ifQ.X_rmwjKiuM8xSqhx9H1SnSJ0gAyc_xRqkVP9Phkusuk',)
14:30:47 - INF - token_validate - (ExpiredSignatureError('Signature has expired'),)
14:30:48 - INF - get - ('Obtener foro especifico',)
14:30:48 - INF - token_validate - ('Ocurrio un error al validar el tokeneyJhbGciOiJIUzI1NiIsInR5cCI6IkpXVCJ9.eyJpYXQiOjE3Mzc0MDA0ODIsImV4cCI6MTczNzQwMTM4MiwidXNlcm5hbWUiOiJmZXJuYW5kb25hcmVhNkBnbWFpbC5jb20ifQ.X_rmwjKiuM8xSqhx9H1SnSJ0gAyc_xRqkVP9Phkusuk',)
14:30:48 - INF - token_validate - (ExpiredSignatureError('Signature has expired'),)
14:30:48 - INF - get - ('Obtener foro especifico',)
14:30:48 - INF - token_validate - ('Ocurrio un error al validar el tokeneyJhbGciOiJIUzI1NiIsInR5cCI6IkpXVCJ9.eyJpYXQiOjE3Mzc0MDA0ODIsImV4cCI6MTczNzQwMTM4MiwidXNlcm5hbWUiOiJmZXJuYW5kb25hcmVhNkBnbWFpbC5jb20ifQ.X_rmwjKiuM8xSqhx9H1SnSJ0gAyc_xRqkVP9Phkusuk',)
14:30:48 - INF - token_validate - (ExpiredSignatureError('Signature has expired'),)
14:30:48 - INF - get - ('Obtener foro especifico',)
14:30:48 - INF - token_validate - ('Ocurrio un error al validar el tokeneyJhbGciOiJIUzI1NiIsInR5cCI6IkpXVCJ9.eyJpYXQiOjE3Mzc0MDA0ODIsImV4cCI6MTczNzQwMTM4MiwidXNlcm5hbWUiOiJmZXJuYW5kb25hcmVhNkBnbWFpbC5jb20ifQ.X_rmwjKiuM8xSqhx9H1SnSJ0gAyc_xRqkVP9Phkusuk',)
14:30:48 - INF - token_validate - (ExpiredSignatureError('Signature has expired'),)
14:30:48 - INF - get - ('Obtener foro especifico',)
14:30:48 - INF - token_validate - ('Ocurrio un error al validar el tokeneyJhbGciOiJIUzI1NiIsInR5cCI6IkpXVCJ9.eyJpYXQiOjE3Mzc0MDA0ODIsImV4cCI6MTczNzQwMTM4MiwidXNlcm5hbWUiOiJmZXJuYW5kb25hcmVhNkBnbWFpbC5jb20ifQ.X_rmwjKiuM8xSqhx9H1SnSJ0gAyc_xRqkVP9Phkusuk',)
14:30:48 - INF - token_validate - (ExpiredSignatureError('Signature has expired'),)
14:30:48 - INF - get - ('Obtener foro especifico',)
14:30:48 - INF - token_validate - ('Ocurrio un error al validar el tokeneyJhbGciOiJIUzI1NiIsInR5cCI6IkpXVCJ9.eyJpYXQiOjE3Mzc0MDA0ODIsImV4cCI6MTczNzQwMTM4MiwidXNlcm5hbWUiOiJmZXJuYW5kb25hcmVhNkBnbWFpbC5jb20ifQ.X_rmwjKiuM8xSqhx9H1SnSJ0gAyc_xRqkVP9Phkusuk',)
14:30:48 - INF - token_validate - (ExpiredSignatureError('Signature has expired'),)
14:30:56 - INF - get - ('Servicio de foros iniciado',)
14:30:56 - INF - token_validate - ('Ocurrio un error al validar el tokeneyJhbGciOiJIUzI1NiIsInR5cCI6IkpXVCJ9.eyJpYXQiOjE3Mzc0MDA0ODIsImV4cCI6MTczNzQwMTM4MiwidXNlcm5hbWUiOiJmZXJuYW5kb25hcmVhNkBnbWFpbC5jb20ifQ.X_rmwjKiuM8xSqhx9H1SnSJ0gAyc_xRqkVP9Phkusuk',)
14:30:56 - INF - token_validate - (ExpiredSignatureError('Signature has expired'),)
14:31:19 - INF - get - ('Servicio de foros iniciado',)
14:31:19 - INF - token_validate - ('Ocurrio un error al validar el tokeneyJhbGciOiJIUzI1NiIsInR5cCI6IkpXVCJ9.eyJpYXQiOjE3Mzc0MDA0ODIsImV4cCI6MTczNzQwMTM4MiwidXNlcm5hbWUiOiJmZXJuYW5kb25hcmVhNkBnbWFpbC5jb20ifQ.X_rmwjKiuM8xSqhx9H1SnSJ0gAyc_xRqkVP9Phkusuk',)
14:31:19 - INF - token_validate - (ExpiredSignatureError('Signature has expired'),)
14:31:24 - INF - get - ('Servicio de foros iniciado',)
14:31:24 - INF - token_validate - ('Ocurrio un error al validar el tokeneyJhbGciOiJIUzI1NiIsInR5cCI6IkpXVCJ9.eyJpYXQiOjE3Mzc0MDA0ODIsImV4cCI6MTczNzQwMTM4MiwidXNlcm5hbWUiOiJmZXJuYW5kb25hcmVhNkBnbWFpbC5jb20ifQ.X_rmwjKiuM8xSqhx9H1SnSJ0gAyc_xRqkVP9Phkusuk',)
14:31:24 - INF - token_validate - (ExpiredSignatureError('Signature has expired'),)
14:33:42 - INF - get - ('Servicio de foros iniciado',)
14:33:42 - INF - token_validate - ('Ocurrio un error al validar el tokeneyJhbGciOiJIUzI1NiIsInR5cCI6IkpXVCJ9.eyJpYXQiOjE3Mzc0MDA0ODIsImV4cCI6MTczNzQwMTM4MiwidXNlcm5hbWUiOiJmZXJuYW5kb25hcmVhNkBnbWFpbC5jb20ifQ.X_rmwjKiuM8xSqhx9H1SnSJ0gAyc_xRqkVP9Phkusuk',)
14:33:42 - INF - token_validate - (ExpiredSignatureError('Signature has expired'),)
14:34:01 - INF - get - ('Servicio de foros iniciado',)
14:34:01 - INF - token_validate - ('Ocurrio un error al validar el tokeneyJhbGciOiJIUzI1NiIsInR5cCI6IkpXVCJ9.eyJpYXQiOjE3Mzc0MDA0ODIsImV4cCI6MTczNzQwMTM4MiwidXNlcm5hbWUiOiJmZXJuYW5kb25hcmVhNkBnbWFpbC5jb20ifQ.X_rmwjKiuM8xSqhx9H1SnSJ0gAyc_xRqkVP9Phkusuk',)
14:34:01 - INF - token_validate - (ExpiredSignatureError('Signature has expired'),)
14:34:49 - INF - get - ('Servicio de foros iniciado',)
14:34:49 - INF - token_validate - ('Ocurrio un error al validar el tokeneyJhbGciOiJIUzI1NiIsInR5cCI6IkpXVCJ9.eyJpYXQiOjE3Mzc0MDA0ODIsImV4cCI6MTczNzQwMTM4MiwidXNlcm5hbWUiOiJmZXJuYW5kb25hcmVhNkBnbWFpbC5jb20ifQ.X_rmwjKiuM8xSqhx9H1SnSJ0gAyc_xRqkVP9Phkusuk',)
14:34:49 - INF - token_validate - (ExpiredSignatureError('Signature has expired'),)
14:35:00 - INF - get - ('Servicio de foros iniciado',)
14:35:00 - INF - token_validate - ('Ocurrio un error al validar el tokeneyJhbGciOiJIUzI1NiIsInR5cCI6IkpXVCJ9.eyJpYXQiOjE3Mzc0MDA0ODIsImV4cCI6MTczNzQwMTM4MiwidXNlcm5hbWUiOiJmZXJuYW5kb25hcmVhNkBnbWFpbC5jb20ifQ.X_rmwjKiuM8xSqhx9H1SnSJ0gAyc_xRqkVP9Phkusuk',)
14:35:00 - INF - token_validate - (ExpiredSignatureError('Signature has expired'),)
14:35:11 - INF - get - ('Servicio de foros iniciado',)
14:35:11 - INF - token_validate - ('Ocurrio un error al validar el tokeneyJhbGciOiJIUzI1NiIsInR5cCI6IkpXVCJ9.eyJpYXQiOjE3Mzc0MDA0ODIsImV4cCI6MTczNzQwMTM4MiwidXNlcm5hbWUiOiJmZXJuYW5kb25hcmVhNkBnbWFpbC5jb20ifQ.X_rmwjKiuM8xSqhx9H1SnSJ0gAyc_xRqkVP9Phkusuk',)
14:35:11 - INF - token_validate - (ExpiredSignatureError('Signature has expired'),)
14:35:15 - INF - get - ('Servicio de foros iniciado',)
14:35:15 - INF - token_validate - ('Ocurrio un error al validar el tokeneyJhbGciOiJIUzI1NiIsInR5cCI6IkpXVCJ9.eyJpYXQiOjE3Mzc0MDA0ODIsImV4cCI6MTczNzQwMTM4MiwidXNlcm5hbWUiOiJmZXJuYW5kb25hcmVhNkBnbWFpbC5jb20ifQ.X_rmwjKiuM8xSqhx9H1SnSJ0gAyc_xRqkVP9Phkusuk',)
14:35:15 - INF - token_validate - (ExpiredSignatureError('Signature has expired'),)
14:39:44 - INF - get - ('Servicio de foros iniciado',)
14:39:59 - INF - get - ('Servicio de foros iniciado',)
14:40:40 - INF - get - ('Servicio de foros iniciado',)
14:40:45 - INF - get - ('Servicio de foros iniciado',)
14:44:51 - INF - get - ('Servicio de foros iniciado',)
14:45:31 - INF - get - ('Servicio de foros iniciado',)
14:46:12 - INF - get - ('Servicio de foros iniciado',)
14:47:27 - INF - get - ('Servicio de foros iniciado',)
14:47:51 - INF - get - ('Servicio de foros iniciado',)
14:48:02 - INF - get - ('Servicio de foros iniciado',)
14:48:16 - INF - get - ('Servicio de foros iniciado',)
14:49:13 - INF - get - ('Servicio de foros iniciado',)
14:49:54 - INF - get - ('Servicio de foros iniciado',)
14:53:22 - INF - get - ('Servicio de foros iniciado',)
14:55:13 - INF - get - ('Servicio de foros iniciado',)
14:55:13 - INF - token_validate - ('Ocurrio un error al validar el tokeneyJhbGciOiJIUzI1NiIsInR5cCI6IkpXVCJ9.eyJpYXQiOjE3Mzc0MDE5ODEsImV4cCI6MTczNzQwMjg4MSwidXNlcm5hbWUiOiJmZXJuYW5kb25hcmVhNkBnbWFpbC5jb20ifQ.NVcVg48Yvq0hcWJpfdHMR7zyy8zp4Gacvmp6gl_dg8c',)
14:55:13 - INF - token_validate - (ExpiredSignatureError('Signature has expired'),)
14:55:15 - INF - get - ('Servicio de foros iniciado',)
14:55:15 - INF - token_validate - ('Ocurrio un error al validar el tokeneyJhbGciOiJIUzI1NiIsInR5cCI6IkpXVCJ9.eyJpYXQiOjE3Mzc0MDE5ODEsImV4cCI6MTczNzQwMjg4MSwidXNlcm5hbWUiOiJmZXJuYW5kb25hcmVhNkBnbWFpbC5jb20ifQ.NVcVg48Yvq0hcWJpfdHMR7zyy8zp4Gacvmp6gl_dg8c',)
14:55:15 - INF - token_validate - (ExpiredSignatureError('Signature has expired'),)
14:55:25 - INF - get - ('Servicio de foros iniciado',)
14:55:25 - INF - token_validate - ('Ocurrio un error al validar el tokeneyJhbGciOiJIUzI1NiIsInR5cCI6IkpXVCJ9.eyJpYXQiOjE3Mzc0MDE5ODEsImV4cCI6MTczNzQwMjg4MSwidXNlcm5hbWUiOiJmZXJuYW5kb25hcmVhNkBnbWFpbC5jb20ifQ.NVcVg48Yvq0hcWJpfdHMR7zyy8zp4Gacvmp6gl_dg8c',)
14:55:25 - INF - token_validate - (ExpiredSignatureError('Signature has expired'),)
14:55:40 - INF - get - ('Servicio de foros iniciado',)
14:55:40 - INF - token_validate - ('Ocurrio un error al validar el tokeneyJhbGciOiJIUzI1NiIsInR5cCI6IkpXVCJ9.eyJpYXQiOjE3Mzc0MDE5ODEsImV4cCI6MTczNzQwMjg4MSwidXNlcm5hbWUiOiJmZXJuYW5kb25hcmVhNkBnbWFpbC5jb20ifQ.NVcVg48Yvq0hcWJpfdHMR7zyy8zp4Gacvmp6gl_dg8c',)
14:55:40 - INF - token_validate - (ExpiredSignatureError('Signature has expired'),)
14:59:33 - INF - get - ('Servicio de foros iniciado',)
14:59:33 - INF - token_validate - ('Ocurrio un error al validar el tokeneyJhbGciOiJIUzI1NiIsInR5cCI6IkpXVCJ9.eyJpYXQiOjE3Mzc0MDE5ODEsImV4cCI6MTczNzQwMjg4MSwidXNlcm5hbWUiOiJmZXJuYW5kb25hcmVhNkBnbWFpbC5jb20ifQ.NVcVg48Yvq0hcWJpfdHMR7zyy8zp4Gacvmp6gl_dg8c',)
14:59:33 - INF - token_validate - (ExpiredSignatureError('Signature has expired'),)
14:59:42 - INF - get - ('Servicio de foros iniciado',)
14:59:42 - INF - token_validate - ('Ocurrio un error al validar el tokeneyJhbGciOiJIUzI1NiIsInR5cCI6IkpXVCJ9.eyJpYXQiOjE3Mzc0MDE5ODEsImV4cCI6MTczNzQwMjg4MSwidXNlcm5hbWUiOiJmZXJuYW5kb25hcmVhNkBnbWFpbC5jb20ifQ.NVcVg48Yvq0hcWJpfdHMR7zyy8zp4Gacvmp6gl_dg8c',)
14:59:42 - INF - token_validate - (ExpiredSignatureError('Signature has expired'),)
14:59:49 - INF - get - ('Servicio de foros iniciado',)
14:59:49 - INF - token_validate - ('Ocurrio un error al validar el tokeneyJhbGciOiJIUzI1NiIsInR5cCI6IkpXVCJ9.eyJpYXQiOjE3Mzc0MDE5ODEsImV4cCI6MTczNzQwMjg4MSwidXNlcm5hbWUiOiJmZXJuYW5kb25hcmVhNkBnbWFpbC5jb20ifQ.NVcVg48Yvq0hcWJpfdHMR7zyy8zp4Gacvmp6gl_dg8c',)
14:59:49 - INF - token_validate - (ExpiredSignatureError('Signature has expired'),)
15:00:03 - INF - get - ('Servicio de foros iniciado',)
15:00:03 - INF - token_validate - ('Ocurrio un error al validar el tokeneyJhbGciOiJIUzI1NiIsInR5cCI6IkpXVCJ9.eyJpYXQiOjE3Mzc0MDE5ODEsImV4cCI6MTczNzQwMjg4MSwidXNlcm5hbWUiOiJmZXJuYW5kb25hcmVhNkBnbWFpbC5jb20ifQ.NVcVg48Yvq0hcWJpfdHMR7zyy8zp4Gacvmp6gl_dg8c',)
15:00:03 - INF - token_validate - (ExpiredSignatureError('Signature has expired'),)
15:01:22 - INF - get - ('Servicio de foros iniciado',)
15:01:22 - INF - token_validate - ('Ocurrio un error al validar el tokeneyJhbGciOiJIUzI1NiIsInR5cCI6IkpXVCJ9.eyJpYXQiOjE3Mzc0MDE5ODEsImV4cCI6MTczNzQwMjg4MSwidXNlcm5hbWUiOiJmZXJuYW5kb25hcmVhNkBnbWFpbC5jb20ifQ.NVcVg48Yvq0hcWJpfdHMR7zyy8zp4Gacvmp6gl_dg8c',)
15:01:22 - INF - token_validate - (ExpiredSignatureError('Signature has expired'),)
15:01:34 - INF - get - ('Servicio de foros iniciado',)
15:01:34 - INF - token_validate - ('Ocurrio un error al validar el tokeneyJhbGciOiJIUzI1NiIsInR5cCI6IkpXVCJ9.eyJpYXQiOjE3Mzc0MDE5ODEsImV4cCI6MTczNzQwMjg4MSwidXNlcm5hbWUiOiJmZXJuYW5kb25hcmVhNkBnbWFpbC5jb20ifQ.NVcVg48Yvq0hcWJpfdHMR7zyy8zp4Gacvmp6gl_dg8c',)
15:01:34 - INF - token_validate - (ExpiredSignatureError('Signature has expired'),)
15:03:53 - INF - get - ('Servicio de foros iniciado',)
15:03:53 - INF - token_validate - ('Ocurrio un error al validar el tokeneyJhbGciOiJIUzI1NiIsInR5cCI6IkpXVCJ9.eyJpYXQiOjE3Mzc0MDE5ODEsImV4cCI6MTczNzQwMjg4MSwidXNlcm5hbWUiOiJmZXJuYW5kb25hcmVhNkBnbWFpbC5jb20ifQ.NVcVg48Yvq0hcWJpfdHMR7zyy8zp4Gacvmp6gl_dg8c',)
15:03:53 - INF - token_validate - (ExpiredSignatureError('Signature has expired'),)
15:06:41 - INF - get - ('Servicio de foros iniciado',)
15:06:41 - INF - token_validate - ('Ocurrio un error al validar el tokeneyJhbGciOiJIUzI1NiIsInR5cCI6IkpXVCJ9.eyJpYXQiOjE3Mzc0MDE5ODEsImV4cCI6MTczNzQwMjg4MSwidXNlcm5hbWUiOiJmZXJuYW5kb25hcmVhNkBnbWFpbC5jb20ifQ.NVcVg48Yvq0hcWJpfdHMR7zyy8zp4Gacvmp6gl_dg8c',)
15:06:41 - INF - token_validate - (ExpiredSignatureError('Signature has expired'),)
15:08:26 - INF - get - ('Servicio de foros iniciado',)
15:08:26 - INF - token_validate - ('Ocurrio un error al validar el tokeneyJhbGciOiJIUzI1NiIsInR5cCI6IkpXVCJ9.eyJpYXQiOjE3Mzc0MDE5ODEsImV4cCI6MTczNzQwMjg4MSwidXNlcm5hbWUiOiJmZXJuYW5kb25hcmVhNkBnbWFpbC5jb20ifQ.NVcVg48Yvq0hcWJpfdHMR7zyy8zp4Gacvmp6gl_dg8c',)
15:08:26 - INF - token_validate - (ExpiredSignatureError('Signature has expired'),)
15:08:30 - INF - get - ('Obtener foro especifico',)
15:08:30 - INF - token_validate - ('Ocurrio un error al validar el tokeneyJhbGciOiJIUzI1NiIsInR5cCI6IkpXVCJ9.eyJpYXQiOjE3Mzc0MDE5ODEsImV4cCI6MTczNzQwMjg4MSwidXNlcm5hbWUiOiJmZXJuYW5kb25hcmVhNkBnbWFpbC5jb20ifQ.NVcVg48Yvq0hcWJpfdHMR7zyy8zp4Gacvmp6gl_dg8c',)
15:08:30 - INF - token_validate - (ExpiredSignatureError('Signature has expired'),)
15:08:32 - INF - get - ('Obtener foro especifico',)
15:08:32 - INF - token_validate - ('Ocurrio un error al validar el tokeneyJhbGciOiJIUzI1NiIsInR5cCI6IkpXVCJ9.eyJpYXQiOjE3Mzc0MDE5ODEsImV4cCI6MTczNzQwMjg4MSwidXNlcm5hbWUiOiJmZXJuYW5kb25hcmVhNkBnbWFpbC5jb20ifQ.NVcVg48Yvq0hcWJpfdHMR7zyy8zp4Gacvmp6gl_dg8c',)
15:08:32 - INF - token_validate - (ExpiredSignatureError('Signature has expired'),)
15:08:33 - INF - get - ('Obtener foro especifico',)
15:08:33 - INF - token_validate - ('Ocurrio un error al validar el tokeneyJhbGciOiJIUzI1NiIsInR5cCI6IkpXVCJ9.eyJpYXQiOjE3Mzc0MDE5ODEsImV4cCI6MTczNzQwMjg4MSwidXNlcm5hbWUiOiJmZXJuYW5kb25hcmVhNkBnbWFpbC5jb20ifQ.NVcVg48Yvq0hcWJpfdHMR7zyy8zp4Gacvmp6gl_dg8c',)
15:08:33 - INF - token_validate - (ExpiredSignatureError('Signature has expired'),)
15:08:34 - INF - get - ('Obtener foro especifico',)
15:08:34 - INF - token_validate - ('Ocurrio un error al validar el tokeneyJhbGciOiJIUzI1NiIsInR5cCI6IkpXVCJ9.eyJpYXQiOjE3Mzc0MDE5ODEsImV4cCI6MTczNzQwMjg4MSwidXNlcm5hbWUiOiJmZXJuYW5kb25hcmVhNkBnbWFpbC5jb20ifQ.NVcVg48Yvq0hcWJpfdHMR7zyy8zp4Gacvmp6gl_dg8c',)
15:08:34 - INF - token_validate - (ExpiredSignatureError('Signature has expired'),)
15:09:03 - INF - get - ('Servicio de foros iniciado',)
15:09:03 - INF - token_validate - ('Ocurrio un error al validar el tokeneyJhbGciOiJIUzI1NiIsInR5cCI6IkpXVCJ9.eyJpYXQiOjE3Mzc0MDE5ODEsImV4cCI6MTczNzQwMjg4MSwidXNlcm5hbWUiOiJmZXJuYW5kb25hcmVhNkBnbWFpbC5jb20ifQ.NVcVg48Yvq0hcWJpfdHMR7zyy8zp4Gacvmp6gl_dg8c',)
15:09:03 - INF - token_validate - (ExpiredSignatureError('Signature has expired'),)
15:09:10 - INF - get - ('Servicio de foros iniciado',)
15:09:11 - INF - get - ('Obtener foro especifico',)
15:09:16 - INF - get - ('Obtener foro especifico',)
15:09:17 - INF - get - ('Obtener foro especifico',)
15:09:17 - INF - get - ('Obtener foro especifico',)
15:09:18 - INF - get - ('Obtener foro especifico',)
15:09:19 - INF - get - ('Obtener foro especifico',)
15:09:20 - INF - get - ('Obtener foro especifico',)
15:09:21 - INF - get - ('Obtener foro especifico',)
15:09:50 - INF - get - ('Obtener foro especifico',)
15:10:00 - INF - get - ('Servicio de foros iniciado',)
15:10:09 - INF - get - ('Servicio de foros iniciado',)
15:10:23 - INF - get - ('Servicio de foros iniciado',)
15:10:25 - INF - get - ('Servicio de foros iniciado',)
15:11:38 - INF - get - ('Servicio de foros iniciado',)
15:11:44 - INF - get - ('Servicio de foros iniciado',)
15:12:16 - INF - get - ('Servicio de foros iniciado',)
15:12:27 - INF - get - ('Servicio de foros iniciado',)
15:12:34 - INF - get - ('Servicio de foros iniciado',)
15:13:10 - INF - get - ('Servicio de foros iniciado',)
15:13:34 - INF - get - ('Obtener foro especifico',)
15:13:35 - INF - get - ('Obtener foro especifico',)
15:13:35 - INF - get - ('Obtener foro especifico',)
15:13:36 - INF - get - ('Obtener foro especifico',)
15:18:01 - INF - get - ('Servicio de foros iniciado',)
15:18:05 - INF - get - ('Obtener foro especifico',)
15:18:10 - INF - get - ('Servicio de foros iniciado',)
15:18:11 - INF - get - ('Obtener foro especifico',)
15:18:14 - INF - get - ('Obtener foro especifico',)
15:18:16 - INF - get - ('Obtener foro especifico',)
15:19:51 - INF - get - ('Servicio de foros iniciado',)
15:20:22 - INF - get - ('Servicio de foros iniciado',)
15:21:31 - INF - get - ('Servicio de foros iniciado',)
15:21:59 - INF - get - ('Servicio de foros iniciado',)
15:22:12 - INF - get - ('Servicio de foros iniciado',)
15:22:19 - INF - post - ('Creación de foro',)
15:22:19 - INF - get - ('Servicio de foros iniciado',)
15:22:40 - INF - get - ('Servicio de foros iniciado',)
15:22:43 - INF - get - ('Servicio de foros iniciado',)
15:23:02 - INF - get - ('Servicio de foros iniciado',)
15:23:30 - INF - get - ('Servicio de foros iniciado',)
15:23:33 - INF - get - ('Servicio de foros iniciado',)
15:24:52 - INF - get - ('Servicio de foros iniciado',)
15:25:47 - INF - get - ('Servicio de foros iniciado',)
15:26:42 - INF - get - ('Servicio de foros iniciado',)
15:27:41 - INF - get - ('Servicio de foros iniciado',)
15:29:08 - INF - post - ('Creación de foro',)
15:29:08 - INF - get - ('Servicio de foros iniciado',)
15:29:11 - INF - get - ('Obtener foro especifico',)
15:29:15 - INF - post - ('Creación de mensaje iniciado',)
15:29:15 - INF - get - ('Obtener foro especifico',)
15:29:34 - INF - post - ('Creación de mensaje iniciado',)
15:29:34 - INF - get - ('Obtener foro especifico',)
15:29:36 - INF - post - ('Creación de mensaje iniciado',)
15:29:36 - INF - get - ('Obtener foro especifico',)
15:30:42 - INF - get - ('Servicio de foros iniciado',)
15:31:04 - INF - get - ('Servicio de foros iniciado',)
15:31:11 - INF - get - ('Obtener foro especifico',)
15:31:13 - INF - get - ('Obtener foro especifico',)
15:31:14 - INF - get - ('Obtener foro especifico',)
15:31:15 - INF - get - ('Obtener foro especifico',)
15:31:16 - INF - get - ('Obtener foro especifico',)
15:31:17 - INF - get - ('Obtener foro especifico',)
15:31:18 - INF - get - ('Obtener foro especifico',)
15:32:53 - INF - get - ('Servicio de foros iniciado',)
15:32:55 - INF - get - ('Servicio de foros iniciado',)
15:33:11 - INF - get - ('Servicio de foros iniciado',)
15:33:12 - INF - get - ('Obtener foro especifico',)
15:33:21 - INF - get - ('Servicio de foros iniciado',)
15:33:21 - INF - get - ('Obtener foro especifico',)
15:33:24 - INF - post - ('Creación de mensaje iniciado',)
15:33:24 - INF - get - ('Obtener foro especifico',)
15:35:36 - INF - get - ('Servicio de foros iniciado',)
15:36:01 - INF - get - ('Obtener foro especifico',)
15:36:02 - INF - get - ('Obtener foro especifico',)
15:36:03 - INF - get - ('Obtener foro especifico',)
15:36:04 - INF - get - ('Obtener foro especifico',)
15:37:51 - INF - <module> - ('Servicio Finalizado',)
15:37:55 - INF - <module> - ('Servicio Iniciado',)
15:38:04 - INF - get - ('Obtener foro especifico',)
15:38:59 - INF - get - ('Servicio de foros iniciado',)
15:39:01 - INF - get - ('Obtener foro especifico',)
15:39:07 - INF - get - ('Servicio de foros iniciado',)
15:39:36 - INF - get - ('Servicio de foros iniciado',)
15:40:06 - INF - get - ('Servicio de foros iniciado',)
15:40:14 - INF - get - ('Servicio de foros iniciado',)
15:40:46 - INF - get - ('Servicio de foros iniciado',)
15:41:04 - INF - get - ('Servicio de foros iniciado',)
15:42:06 - INF - get - ('Servicio de foros iniciado',)
15:42:08 - INF - get - ('Obtener foro especifico',)
15:42:09 - INF - get - ('Obtener foro especifico',)
15:42:17 - INF - get - ('Servicio de foros iniciado',)
15:42:18 - INF - get - ('Obtener foro especifico',)
15:42:33 - INF - get - ('Servicio de foros iniciado',)
15:43:43 - INF - get - ('Servicio de foros iniciado',)
15:43:44 - INF - get - ('Obtener foro especifico',)
15:43:46 - INF - get - ('Obtener foro especifico',)
15:43:47 - INF - get - ('Obtener foro especifico',)
15:43:48 - INF - get - ('Obtener foro especifico',)
15:43:48 - INF - get - ('Obtener foro especifico',)
15:43:49 - INF - get - ('Obtener foro especifico',)
15:43:50 - INF - get - ('Obtener foro especifico',)
15:44:04 - INF - <module> - ('Servicio Finalizado',)
15:44:06 - INF - <module> - ('Servicio Iniciado',)
15:44:07 - INF - get - ('Obtener foro especifico',)
15:44:08 - INF - get - ('Obtener foro especifico',)
15:44:17 - INF - get - ('Servicio de foros iniciado',)
15:44:26 - INF - get - ('Servicio de foros iniciado',)
15:44:40 - INF - get - ('Servicio de foros iniciado',)
15:45:01 - INF - post - ('Creación de foro',)
15:45:01 - INF - get - ('Servicio de foros iniciado',)
15:45:04 - INF - get - ('Obtener foro especifico',)
15:45:06 - INF - post - ('Creación de mensaje iniciado',)
15:45:06 - INF - get - ('Obtener foro especifico',)
15:45:16 - INF - post - ('Creación de mensaje iniciado',)
15:45:16 - INF - get - ('Obtener foro especifico',)
15:46:10 - INF - post - ('Creación de mensaje iniciado',)
15:46:10 - INF - get - ('Servicio de foros iniciado',)
15:46:10 - INF - get - ('Obtener foro especifico',)
15:46:17 - INF - post - ('Creación de mensaje iniciado',)
15:46:17 - INF - get - ('Obtener foro especifico',)
15:46:32 - INF - get - ('Servicio de foros iniciado',)
15:46:48 - INF - post - ('Creación de foro',)
15:46:48 - INF - get - ('Servicio de foros iniciado',)
15:46:49 - INF - get - ('Obtener foro especifico',)
15:46:51 - INF - post - ('Creación de mensaje iniciado',)
15:46:51 - INF - get - ('Obtener foro especifico',)
15:47:16 - INF - get - ('Servicio de foros iniciado',)
15:47:16 - INF - post - ('Creación de mensaje iniciado',)
15:47:16 - INF - get - ('Obtener foro especifico',)
15:47:25 - INF - get - ('Servicio de foros iniciado',)
15:47:53 - INF - get - ('Servicio de foros iniciado',)
15:48:01 - INF - get - ('Servicio de foros iniciado',)
15:49:41 - INF - get - ('Servicio de foros iniciado',)
15:49:57 - INF - get - ('Servicio de foros iniciado',)
15:50:10 - INF - get - ('Servicio de foros iniciado',)
15:50:33 - INF - get - ('Servicio de foros iniciado',)
15:50:58 - INF - get - ('Servicio de foros iniciado',)
15:51:17 - INF - get - ('Servicio de foros iniciado',)
15:51:55 - INF - get - ('Servicio de foros iniciado',)
15:54:34 - INF - get - ('Servicio de foros iniciado',)
15:54:42 - INF - post - ('Creación de foro',)
15:54:42 - INF - get - ('Servicio de foros iniciado',)
15:54:43 - INF - get - ('Obtener foro especifico',)
15:54:46 - INF - post - ('Creación de mensaje iniciado',)
15:54:46 - INF - get - ('Obtener foro especifico',)
15:55:17 - INF - get - ('Servicio de foros iniciado',)
15:55:18 - INF - get - ('Obtener foro especifico',)
15:55:27 - INF - post - ('Creación de mensaje iniciado',)
15:55:27 - INF - get - ('Obtener foro especifico',)
15:55:30 - INF - post - ('Creación de mensaje iniciado',)
15:55:30 - INF - get - ('Obtener foro especifico',)
15:55:36 - INF - get - ('Servicio de foros iniciado',)
15:55:37 - INF - get - ('Obtener foro especifico',)
15:57:41 - INF - <module> - ('Servicio Finalizado',)
15:57:42 - INF - <module> - ('Servicio Iniciado',)
15:57:43 - INF - <module> - ('Servicio Finalizado',)
15:57:43 - INF - <module> - ('Servicio Finalizado',)
