23:20:27 - INF - <module> - ('Servicio Iniciado',)
23:20:29 - INF - <module> - ('Servicio Iniciado',)
23:20:34 - INF - <module> - ('Servicio Finalizado',)
23:20:34 - INF - <module> - ('Servicio Finalizado',)
23:20:47 - INF - <module> - ('Servicio Iniciado',)
23:20:49 - INF - <module> - ('Servicio Iniciado',)
23:26:22 - INF - post - ('Servicio de Creación Usuarios ejecutando',)
23:26:22 - INF - post - (KeyError('HTTP_TOKENAPP'),)
23:35:07 - INF - <module> - ('Servicio Finalizado',)
23:35:09 - INF - <module> - ('Servicio Iniciado',)
23:42:58 - INF - <module> - ('Servicio Finalizado',)
23:42:58 - INF - <module> - ('Servicio Finalizado',)
23:44:41 - INF - <module> - ('Servicio Iniciado',)
23:44:43 - INF - <module> - ('Servicio Iniciado',)
23:45:20 - INF - <module> - ('Servicio Finalizado',)
23:45:20 - INF - <module> - ('Servicio Finalizado',)
23:45:21 - INF - <module> - ('Servicio Iniciado',)
23:45:22 - INF - <module> - ('Servicio Iniciado',)
23:45:41 - INF - post - ('Servicio de Creación Usuarios ejecutando',)
23:45:41 - INF - post - (<BadRequest '400: Bad Request'>,)
23:46:01 - INF - <module> - ('Servicio Finalizado',)
23:46:01 - INF - <module> - ('Servicio Finalizado',)
23:46:21 - INF - <module> - ('Servicio Iniciado',)
23:46:23 - INF - <module> - ('Servicio Iniciado',)
23:46:42 - INF - post - ('Servicio de Creación Usuarios ejecutando',)
23:46:42 - INF - post - (<BadRequest '400: Bad Request'>,)
23:47:34 - INF - <module> - ('Servicio Finalizado',)
23:47:34 - INF - <module> - ('Servicio Finalizado',)
23:49:54 - INF - <module> - ('Servicio Iniciado',)
23:49:55 - INF - <module> - ('Servicio Iniciado',)
23:50:26 - INF - post - ('Servicio de Creación Usuarios ejecutando',)
23:50:26 - INF - post - (<BadRequest '400: Bad Request'>,)
23:53:41 - INF - <module> - ('Servicio Finalizado',)
23:53:41 - INF - <module> - ('Servicio Finalizado',)
