10:26:13 - INF - <module> - ('Servicio Iniciado',)
10:26:15 - INF - <module> - ('Servicio Iniciado',)
10:30:15 - INF - <module> - ('Servicio Finalizado',)
10:30:15 - INF - <module> - ('Servicio Finalizado',)
11:07:45 - INF - <module> - ('Servicio Iniciado',)
11:07:47 - INF - <module> - ('Servicio Iniciado',)
11:09:15 - INF - post - ('Servicio de Creación Usuarios ejecutando',)
11:09:41 - INF - <module> - ('Servicio Finalizado',)
11:09:42 - INF - <module> - ('Servicio Iniciado',)
11:09:50 - INF - post - ('Servicio de Creación Usuarios ejecutando',)
11:09:51 - INF - create_user - ('Error creando al usuario -> tuple index out of range',)
11:10:50 - INF - <module> - ('Servicio Finalizado',)
11:10:50 - INF - <module> - ('Servicio Iniciado',)
11:10:56 - INF - <module> - ('Servicio Finalizado',)
11:10:56 - INF - <module> - ('Servicio Finalizado',)
11:10:57 - INF - <module> - ('Servicio Iniciado',)
11:10:59 - INF - <module> - ('Servicio Iniciado',)
11:11:06 - INF - post - ('Servicio de Creación Usuarios ejecutando',)
11:49:15 - INF - <module> - ('Servicio Finalizado',)
11:49:16 - INF - <module> - ('Servicio Iniciado',)
11:49:33 - INF - <module> - ('Servicio Finalizado',)
11:49:34 - INF - <module> - ('Servicio Iniciado',)
11:49:56 - INF - <module> - ('Servicio Finalizado',)
11:49:57 - INF - <module> - ('Servicio Iniciado',)
11:51:33 - INF - post - ('Servicio de Creación Usuarios ejecutando',)
11:51:33 - INF - post - (NameError("name 'status' is not defined"),)
11:51:50 - INF - <module> - ('Servicio Finalizado',)
11:51:51 - INF - <module> - ('Servicio Iniciado',)
11:52:22 - INF - <module> - ('Servicio Finalizado',)
11:52:23 - INF - <module> - ('Servicio Iniciado',)
11:52:39 - INF - post - ('Servicio de Creación Usuarios ejecutando',)
11:52:39 - INF - create_user - ('Error creando al usuario -> tuple index out of range',)
11:52:56 - INF - <module> - ('Servicio Finalizado',)
11:52:56 - INF - <module> - ('Servicio Iniciado',)
11:53:07 - INF - post - ('Servicio de Creación Usuarios ejecutando',)
11:53:07 - INF - create_user - ('Error creando al usuario -> inserción o actualización en la tabla «users» viola la llave foránea «users_id_facultad_fkey»\nDETAIL:  La llave (id_facultad)=(0) no está presente en la tabla «faculties».\n',)
11:53:29 - INF - post - ('Servicio de Creación Usuarios ejecutando',)
12:31:41 - INF - <module> - ('Servicio Finalizado',)
12:31:44 - INF - <module> - ('Servicio Iniciado',)
12:34:42 - INF - post - ('Servicio de Creación Usuarios ejecutando',)
12:35:42 - INF - post - ('Servicio de Creación Usuarios ejecutando',)
12:37:01 - INF - post - ('Servicio de Creación Usuarios ejecutando',)
12:37:11 - INF - <module> - ('Servicio Finalizado',)
12:37:11 - INF - <module> - ('Servicio Finalizado',)
12:37:14 - INF - <module> - ('Servicio Iniciado',)
12:37:16 - INF - <module> - ('Servicio Iniciado',)
12:37:22 - INF - post - ('Servicio de Creación Usuarios ejecutando',)
12:38:17 - INF - <module> - ('Servicio Finalizado',)
12:38:17 - INF - <module> - ('Servicio Finalizado',)
12:42:00 - INF - <module> - ('Servicio Iniciado',)
12:42:01 - INF - <module> - ('Servicio Iniciado',)
12:42:08 - INF - post - ('Servicio de Creación Usuarios ejecutando',)
12:42:08 - INF - post - (TypeError('response_inserted() takes 1 positional argument but 3 were given'),)
12:42:21 - INF - <module> - ('Servicio Finalizado',)
12:42:22 - INF - <module> - ('Servicio Iniciado',)
12:42:35 - INF - post - ('Servicio de Creación Usuarios ejecutando',)
12:42:35 - INF - post - (TypeError('tuple indices must be integers or slices, not str'),)
12:43:53 - INF - <module> - ('Servicio Finalizado',)
12:43:54 - INF - <module> - ('Servicio Iniciado',)
12:44:19 - INF - post - ('Servicio de Creación Usuarios ejecutando',)
12:44:19 - INF - create_user - ('Error creando al usuario -> inserción o actualización en la tabla «users» viola la llave foránea «users_id_facultad_fkey»\nDETAIL:  La llave (id_facultad)=(0) no está presente en la tabla «faculties».\n',)
12:45:05 - INF - post - ('Servicio de Creación Usuarios ejecutando',)
12:46:12 - INF - <module> - ('Servicio Finalizado',)
12:46:12 - INF - <module> - ('Servicio Finalizado',)
12:50:56 - INF - <module> - ('Servicio Iniciado',)
12:50:57 - INF - <module> - ('Servicio Iniciado',)
12:51:10 - INF - post - ('Servicio de Creación Usuarios ejecutando',)
13:12:52 - INF - post - ('Servicio de Creación Usuarios ejecutando',)
13:13:54 - INF - post - ('Servicio de Creación Usuarios ejecutando',)
13:15:37 - INF - post - ('Servicio de Creación Usuarios ejecutando',)
13:18:41 - INF - post - ('Servicio de Creación Usuarios ejecutando',)
13:21:15 - INF - post - ('Servicio de Creación Usuarios ejecutando',)
13:21:47 - INF - post - ('Servicio de Creación Usuarios ejecutando',)
13:25:15 - INF - post - ('Servicio de Creación Usuarios ejecutando',)
13:25:52 - INF - post - ('Servicio de Creación Usuarios ejecutando',)
13:28:39 - INF - post - ('Servicio de Creación Usuarios ejecutando',)
13:30:29 - INF - post - ('Servicio de Creación Usuarios ejecutando',)
13:36:18 - INF - post - ('Servicio de Creación Usuarios ejecutando',)
13:38:31 - INF - post - ('Servicio de Creación Usuarios ejecutando',)
13:39:52 - INF - post - ('Servicio de Creación Usuarios ejecutando',)
13:54:38 - INF - post - ('Servicio de Creación Usuarios ejecutando',)
13:54:38 - INF - create_user - ('Error creando al usuario -> llave duplicada viola restricción de unicidad «users_username_key»\nDETAIL:  Ya existe la llave (username)=(kiara@gmail.com).\n',)
13:54:59 - INF - post - ('Servicio de Creación Usuarios ejecutando',)
14:01:16 - INF - post - ('Servicio de Creación Usuarios ejecutando',)
14:05:10 - INF - post - ('Servicio de Creación Usuarios ejecutando',)
14:05:22 - INF - post - ('Servicio de Creación Usuarios ejecutando',)
14:07:30 - INF - post - ('Servicio de Creación Usuarios ejecutando',)
14:08:49 - INF - post - ('Servicio de Creación Usuarios ejecutando',)
18:08:11 - INF - post - ('Servicio de Creación Usuarios ejecutando',)
21:56:58 - INF - <module> - ('Servicio Finalizado',)
21:56:59 - INF - <module> - ('Servicio Finalizado',)
