10:04:18 - INF - <module> - ('Servicio Iniciado',)
10:04:20 - INF - <module> - ('Servicio Iniciado',)
10:04:32 - INF - post - ('Login Service Ejecutandose',)
10:25:18 - INF - <module> - ('Servicio Finalizado',)
10:25:18 - INF - <module> - ('Servicio Finalizado',)
14:10:48 - INF - <module> - ('Servicio Iniciado',)
14:10:50 - INF - <module> - ('Servicio Iniciado',)
14:10:55 - INF - post - ('Login Service Ejecutandose',)
14:11:52 - INF - post - ('Login Service Ejecutandose',)
14:11:52 - INF - post - (UnboundLocalError("cannot access local variable 'result' where it is not associated with a value"),)
14:12:33 - INF - post - ('Login Service Ejecutandose',)
14:12:33 - INF - post - (UnboundLocalError("cannot access local variable 'result' where it is not associated with a value"),)
14:13:16 - INF - post - ('Login Service Ejecutandose',)
14:15:44 - INF - post - ('Login Service Ejecutandose',)
14:16:14 - INF - post - ('Login Service Ejecutandose',)
14:16:22 - INF - post - ('Login Service Ejecutandose',)
14:16:58 - INF - post - ('Login Service Ejecutandose',)
14:17:16 - INF - post - ('Login Service Ejecutandose',)
14:17:38 - INF - post - ('Login Service Ejecutandose',)
14:26:01 - INF - post - ('Login Service Ejecutandose',)
14:26:23 - INF - post - ('Login Service Ejecutandose',)
14:28:12 - INF - post - ('Login Service Ejecutandose',)
14:30:04 - INF - post - ('Login Service Ejecutandose',)
14:31:21 - INF - post - ('Login Service Ejecutandose',)
14:34:40 - INF - post - ('Login Service Ejecutandose',)
14:35:51 - INF - post - ('Login Service Ejecutandose',)
14:36:09 - INF - post - ('Login Service Ejecutandose',)
14:37:23 - INF - post - ('Login Service Ejecutandose',)
14:38:06 - INF - post - ('Login Service Ejecutandose',)
14:39:24 - INF - post - ('Login Service Ejecutandose',)
14:43:56 - INF - post - ('Login Service Ejecutandose',)
14:49:15 - INF - post - ('Login Service Ejecutandose',)
14:54:48 - INF - post - ('Login Service Ejecutandose',)
14:59:05 - INF - post - ('Login Service Ejecutandose',)
14:59:39 - INF - post - ('Login Service Ejecutandose',)
15:00:36 - INF - post - ('Login Service Ejecutandose',)
15:06:12 - INF - post - ('Login Service Ejecutandose',)
15:07:38 - INF - post - ('Login Service Ejecutandose',)
15:08:14 - INF - post - ('Login Service Ejecutandose',)
15:09:07 - INF - post - ('Login Service Ejecutandose',)
15:09:39 - INF - post - ('Login Service Ejecutandose',)
15:09:46 - INF - post - ('Login Service Ejecutandose',)
15:27:00 - INF - post - ('Login Service Ejecutandose',)
15:27:21 - INF - post - ('Login Service Ejecutandose',)
15:28:17 - INF - post - ('Login Service Ejecutandose',)
15:29:15 - INF - post - ('Login Service Ejecutandose',)
15:30:02 - INF - post - ('Login Service Ejecutandose',)
15:30:15 - INF - post - ('Login Service Ejecutandose',)
15:32:43 - INF - post - ('Login Service Ejecutandose',)
15:33:42 - INF - post - ('Login Service Ejecutandose',)
15:37:04 - INF - post - ('Login Service Ejecutandose',)
15:37:43 - INF - post - ('Login Service Ejecutandose',)
15:38:26 - INF - post - ('Login Service Ejecutandose',)
15:39:19 - INF - post - ('Login Service Ejecutandose',)
15:39:40 - INF - post - ('Login Service Ejecutandose',)
15:40:22 - INF - post - ('Login Service Ejecutandose',)
15:42:13 - INF - post - ('Login Service Ejecutandose',)
16:01:23 - INF - post - ('Login Service Ejecutandose',)
16:02:26 - INF - post - ('Login Service Ejecutandose',)
16:14:48 - INF - post - ('Login Service Ejecutandose',)
16:15:21 - INF - post - ('Login Service Ejecutandose',)
17:29:31 - INF - post - ('Login Service Ejecutandose',)
17:30:39 - INF - post - ('Login Service Ejecutandose',)
17:30:51 - INF - post - ('Login Service Ejecutandose',)
17:31:08 - INF - post - ('Login Service Ejecutandose',)
17:55:11 - INF - post - ('Login Service Ejecutandose',)
18:02:00 - INF - post - ('Login Service Ejecutandose',)
18:04:53 - INF - post - ('Login Service Ejecutandose',)
18:06:44 - INF - <module> - ('Servicio Finalizado',)
18:06:46 - INF - <module> - ('Servicio Iniciado',)
18:07:00 - INF - post - ('Login Service Ejecutandose',)
18:07:14 - INF - <module> - ('Servicio Finalizado',)
18:07:15 - INF - <module> - ('Servicio Iniciado',)
18:07:26 - INF - post - ('Login Service Ejecutandose',)
18:07:37 - INF - <module> - ('Servicio Finalizado',)
18:07:38 - INF - <module> - ('Servicio Iniciado',)
18:08:22 - INF - post - ('Login Service Ejecutandose',)
18:10:30 - INF - post - ('Login Service Ejecutandose',)
18:29:24 - INF - post - ('Login Service Ejecutandose',)
18:30:37 - INF - post - ('Login Service Ejecutandose',)
18:31:45 - INF - post - ('Login Service Ejecutandose',)
18:32:12 - INF - post - ('Login Service Ejecutandose',)
18:45:16 - INF - post - ('Login Service Ejecutandose',)
18:56:20 - INF - post - ('Login Service Ejecutandose',)
18:59:10 - INF - post - ('Login Service Ejecutandose',)
18:59:36 - INF - post - ('Login Service Ejecutandose',)
19:10:21 - INF - <module> - ('Servicio Finalizado',)
19:10:22 - INF - <module> - ('Servicio Iniciado',)
19:10:28 - INF - <module> - ('Servicio Finalizado',)
19:10:29 - INF - <module> - ('Servicio Iniciado',)
19:10:41 - INF - <module> - ('Servicio Finalizado',)
19:10:42 - INF - <module> - ('Servicio Iniciado',)
19:11:00 - INF - <module> - ('Servicio Finalizado',)
19:11:01 - INF - <module> - ('Servicio Iniciado',)
19:11:11 - INF - <module> - ('Servicio Finalizado',)
19:11:12 - INF - <module> - ('Servicio Iniciado',)
19:11:15 - INF - <module> - ('Servicio Finalizado',)
19:11:16 - INF - <module> - ('Servicio Iniciado',)
19:11:32 - INF - <module> - ('Servicio Finalizado',)
19:11:33 - INF - <module> - ('Servicio Iniciado',)
19:11:42 - INF - <module> - ('Servicio Finalizado',)
19:11:42 - INF - <module> - ('Servicio Finalizado',)
19:11:43 - INF - <module> - ('Servicio Iniciado',)
19:11:44 - INF - <module> - ('Servicio Iniciado',)
19:12:01 - INF - post - ('Login Service Ejecutandose',)
19:27:48 - INF - post - ('Login Service Ejecutandose',)
19:34:05 - INF - post - ('Login Service Ejecutandose',)
19:37:01 - INF - post - ('Login Service Ejecutandose',)
19:38:37 - INF - post - ('Login Service Ejecutandose',)
19:43:47 - INF - post - ('Login Service Ejecutandose',)
19:47:15 - INF - post - ('Login Service Ejecutandose',)
19:47:31 - INF - post - ('Login Service Ejecutandose',)
19:48:02 - INF - post - ('Login Service Ejecutandose',)
19:48:19 - INF - post - ('Login Service Ejecutandose',)
19:48:35 - INF - post - ('Login Service Ejecutandose',)
19:48:45 - INF - post - ('Login Service Ejecutandose',)
19:50:09 - INF - <module> - ('Servicio Finalizado',)
19:50:10 - INF - <module> - ('Servicio Iniciado',)
20:50:18 - INF - <module> - ('Servicio Finalizado',)
20:50:20 - INF - <module> - ('Servicio Iniciado',)
20:51:14 - INF - post - ('Login Service Ejecutandose',)
20:51:25 - INF - post - ('Login Service Ejecutandose',)
20:51:55 - INF - post - ('Login Service Ejecutandose',)
21:06:58 - INF - <module> - ('Servicio Finalizado',)
21:07:00 - INF - <module> - ('Servicio Iniciado',)
21:07:06 - INF - post - ('Login Service Ejecutandose',)
21:08:19 - INF - post - ('Login Service Ejecutandose',)
21:09:58 - INF - <module> - ('Servicio Finalizado',)
21:09:59 - INF - <module> - ('Servicio Iniciado',)
21:10:03 - INF - post - ('Login Service Ejecutandose',)
21:10:27 - INF - <module> - ('Servicio Finalizado',)
21:10:29 - INF - <module> - ('Servicio Iniciado',)
21:10:29 - INF - post - ('Login Service Ejecutandose',)
21:10:36 - INF - <module> - ('Servicio Finalizado',)
21:10:38 - INF - <module> - ('Servicio Iniciado',)
21:10:38 - INF - post - ('Login Service Ejecutandose',)
21:10:45 - INF - <module> - ('Servicio Finalizado',)
21:10:46 - INF - <module> - ('Servicio Iniciado',)
21:10:46 - INF - post - ('Login Service Ejecutandose',)
21:11:01 - INF - <module> - ('Servicio Finalizado',)
21:11:02 - INF - <module> - ('Servicio Iniciado',)
21:11:27 - INF - <module> - ('Servicio Finalizado',)
21:11:28 - INF - <module> - ('Servicio Iniciado',)
21:11:55 - INF - post - ('Login Service Ejecutandose',)
21:12:13 - INF - post - ('Login Service Ejecutandose',)
21:12:24 - INF - post - ('Login Service Ejecutandose',)
21:15:12 - INF - <module> - ('Servicio Finalizado',)
21:15:13 - INF - <module> - ('Servicio Iniciado',)
21:25:54 - INF - post - ('Login Service Ejecutandose',)
21:25:55 - INF - post - ('Login Service Ejecutandose',)
21:32:49 - INF - <module> - ('Servicio Finalizado',)
21:32:50 - INF - <module> - ('Servicio Iniciado',)
21:33:08 - INF - <module> - ('Servicio Finalizado',)
21:33:10 - INF - <module> - ('Servicio Iniciado',)
21:33:13 - INF - <module> - ('Servicio Finalizado',)
21:33:14 - INF - <module> - ('Servicio Iniciado',)
21:33:20 - INF - <module> - ('Servicio Finalizado',)
21:33:22 - INF - <module> - ('Servicio Iniciado',)
21:33:51 - INF - post - ('Login Service Ejecutandose',)
21:35:12 - INF - <module> - ('Servicio Finalizado',)
21:35:13 - INF - <module> - ('Servicio Iniciado',)
21:35:33 - INF - <module> - ('Servicio Finalizado',)
21:35:34 - INF - <module> - ('Servicio Iniciado',)
21:35:36 - INF - post - ('Login Service Ejecutandose',)
21:35:41 - INF - <module> - ('Servicio Finalizado',)
21:35:42 - INF - <module> - ('Servicio Iniciado',)
21:35:42 - INF - post - ('Login Service Ejecutandose',)
21:36:34 - INF - <module> - ('Servicio Finalizado',)
21:36:36 - INF - <module> - ('Servicio Iniciado',)
21:36:36 - INF - post - ('Login Service Ejecutandose',)
21:36:55 - INF - <module> - ('Servicio Finalizado',)
21:36:56 - INF - <module> - ('Servicio Iniciado',)
21:36:57 - INF - post - ('Login Service Ejecutandose',)
21:37:04 - INF - <module> - ('Servicio Finalizado',)
21:37:05 - INF - <module> - ('Servicio Iniciado',)
21:37:08 - INF - <module> - ('Servicio Finalizado',)
21:37:10 - INF - <module> - ('Servicio Iniciado',)
21:37:10 - INF - post - ('Login Service Ejecutandose',)
21:37:25 - INF - <module> - ('Servicio Finalizado',)
21:37:26 - INF - <module> - ('Servicio Iniciado',)
21:37:27 - INF - <module> - ('Servicio Finalizado',)
21:37:28 - INF - <module> - ('Servicio Iniciado',)
21:37:29 - INF - post - ('Login Service Ejecutandose',)
21:38:40 - INF - <module> - ('Servicio Finalizado',)
21:38:41 - INF - <module> - ('Servicio Iniciado',)
21:39:17 - INF - <module> - ('Servicio Finalizado',)
21:39:19 - INF - <module> - ('Servicio Finalizado',)
21:41:52 - INF - <module> - ('Servicio Iniciado',)
21:41:54 - INF - <module> - ('Servicio Iniciado',)
21:41:56 - INF - post - ('Login Service Ejecutandose',)
21:42:07 - INF - <module> - ('Servicio Finalizado',)
21:42:08 - INF - <module> - ('Servicio Iniciado',)
21:42:26 - INF - post - ('Login Service Ejecutandose',)
21:51:55 - INF - post - ('Login Service Ejecutandose',)
21:54:52 - INF - post - ('Login Service Ejecutandose',)
22:01:26 - INF - <module> - ('Servicio Iniciado',)
22:01:30 - INF - <module> - ('Servicio Iniciado',)
22:02:15 - INF - post - ('Login Service Ejecutandose',)
22:02:15 - INF - post - (OSError(22, 'Invalid argument'),)
22:03:00 - INF - post - ('Login Service Ejecutandose',)
22:03:00 - INF - post - (OSError(22, 'Invalid argument'),)
22:03:43 - INF - <module> - ('Servicio Finalizado',)
22:03:43 - INF - <module> - ('Servicio Finalizado',)
22:03:45 - INF - <module> - ('Servicio Iniciado',)
22:03:47 - INF - <module> - ('Servicio Iniciado',)
22:03:52 - INF - post - ('Login Service Ejecutandose',)
22:03:52 - INF - post - (OSError(22, 'Invalid argument'),)
22:05:33 - INF - post - ('Login Service Ejecutandose',)
22:05:33 - INF - post - (OSError(22, 'Invalid argument'),)
22:06:31 - INF - <module> - ('Servicio Finalizado',)
22:06:31 - INF - <module> - ('Servicio Finalizado',)
22:06:31 - INF - <module> - ('Servicio Finalizado',)
22:06:32 - INF - <module> - ('Servicio Iniciado',)
22:06:41 - INF - <module> - ('Servicio Finalizado',)
22:06:42 - INF - <module> - ('Servicio Iniciado',)
22:07:04 - INF - <module> - ('Servicio Finalizado',)
22:07:04 - INF - <module> - ('Servicio Finalizado',)
22:07:14 - INF - <module> - ('Servicio Iniciado',)
22:07:16 - INF - <module> - ('Servicio Iniciado',)
22:07:21 - INF - post - ('Login Service Ejecutandose',)
22:08:02 - INF - post - ('Login Service Ejecutandose',)
22:09:11 - INF - <module> - ('Servicio Finalizado',)
22:09:12 - INF - <module> - ('Servicio Iniciado',)
22:09:13 - INF - post - ('Login Service Ejecutandose',)
22:15:23 - INF - post - ('Login Service Ejecutandose',)
22:18:46 - INF - post - ('Login Service Ejecutandose',)
22:19:33 - INF - post - ('Login Service Ejecutandose',)
22:24:36 - INF - post - ('Login Service Ejecutandose',)
22:25:01 - INF - post - ('Login Service Ejecutandose',)
22:27:44 - INF - post - ('Login Service Ejecutandose',)
22:29:15 - INF - post - ('Login Service Ejecutandose',)
22:44:48 - INF - <module> - ('Servicio Finalizado',)
22:44:49 - INF - <module> - ('Servicio Finalizado',)
