19:54:41 - INF - <module> - ('Servicio Iniciado',)
19:54:42 - INF - <module> - ('Servicio Iniciado',)
19:55:05 - INF - <module> - ('Servicio Finalizado',)
19:55:05 - INF - <module> - ('Servicio Finalizado',)
19:55:41 - INF - <module> - ('Servicio Iniciado',)
19:55:43 - INF - <module> - ('Servicio Iniciado',)
20:17:20 - INF - post - ('Login Service Ejecutandose',)
20:17:20 - INF - login - ("Eror al ejecutar Loginerror de sintaxis en o cerca de «=»\nLINE 1: SELECT COUNT(*) AS VALOR FROM usersWHERE username = 'prueba'...\n                                                          ^\n",)
20:17:20 - INF - post - (UnboundLocalError("cannot access local variable 'result' where it is not associated with a value"),)
20:17:34 - INF - <module> - ('Servicio Finalizado',)
20:17:34 - INF - <module> - ('Servicio Finalizado',)
20:21:28 - INF - <module> - ('Servicio Iniciado',)
20:21:29 - INF - <module> - ('Servicio Iniciado',)
20:21:34 - INF - post - ('Login Service Ejecutandose',)
20:21:34 - INF - login - ("Eror al ejecutar Loginerror de sintaxis en o cerca de «=»\nLINE 1: SELECT COUNT(*) AS valor FROM usersWHERE username = 'prueba'...\n                                                          ^\n",)
20:21:34 - INF - post - (UnboundLocalError("cannot access local variable 'result' where it is not associated with a value"),)
20:22:36 - INF - <module> - ('Servicio Finalizado',)
20:22:37 - INF - <module> - ('Servicio Iniciado',)
20:22:39 - INF - <module> - ('Servicio Finalizado',)
20:22:40 - INF - <module> - ('Servicio Iniciado',)
20:23:18 - INF - <module> - ('Servicio Finalizado',)
20:23:18 - INF - <module> - ('Servicio Finalizado',)
20:23:19 - INF - <module> - ('Servicio Iniciado',)
20:23:20 - INF - <module> - ('Servicio Iniciado',)
20:23:59 - INF - post - ('Login Service Ejecutandose',)
20:23:59 - INF - login - ("Eror al ejecutar Loginerror de sintaxis en o cerca de «=»\nLINE 1: SELECT count(*) as valor FROM usersWHERE username = 'prueba'...\n                                                          ^\n",)
20:23:59 - INF - post - (UnboundLocalError("cannot access local variable 'result' where it is not associated with a value"),)
20:25:15 - INF - <module> - ('Servicio Finalizado',)
20:25:16 - INF - <module> - ('Servicio Iniciado',)
20:25:20 - INF - <module> - ('Servicio Finalizado',)
20:25:21 - INF - <module> - ('Servicio Iniciado',)
20:25:30 - INF - <module> - ('Servicio Finalizado',)
20:25:30 - INF - <module> - ('Servicio Iniciado',)
20:25:56 - INF - <module> - ('Servicio Finalizado',)
20:25:56 - INF - <module> - ('Servicio Finalizado',)
20:25:58 - INF - <module> - ('Servicio Iniciado',)
20:25:59 - INF - <module> - ('Servicio Iniciado',)
20:26:04 - INF - post - ('Login Service Ejecutandose',)
20:26:54 - INF - <module> - ('Servicio Finalizado',)
20:26:54 - INF - <module> - ('Servicio Finalizado',)
23:29:03 - INF - <module> - ('Servicio Iniciado',)
23:29:04 - INF - <module> - ('Servicio Iniciado',)
23:43:11 - INF - <module> - ('Servicio Finalizado',)
23:43:11 - INF - <module> - ('Servicio Finalizado',)
23:43:56 - INF - <module> - ('Servicio Iniciado',)
23:43:57 - INF - <module> - ('Servicio Iniciado',)
23:44:20 - INF - post - ('Login Service Ejecutandose',)
23:45:16 - INF - <module> - ('Servicio Finalizado',)
23:45:16 - INF - <module> - ('Servicio Finalizado',)
