17:07:53 - INF - <module> - ('Servicio Iniciado',)
17:07:55 - INF - <module> - ('Servicio Iniciado',)
17:08:55 - INF - post - ('Login Service Ejecutandose',)
17:12:18 - INF - post - ('Login Service Ejecutandose',)
17:12:18 - INF - post - (UnboundLocalError("cannot access local variable 'result' where it is not associated with a value"),)
17:12:45 - INF - post - ('Login Service Ejecutandose',)
17:13:12 - INF - post - ('Login Service Ejecutandose',)
17:39:19 - INF - post - ('Login Service Ejecutandose',)
17:46:21 - INF - post - ('Login Service Ejecutandose',)
17:59:44 - INF - post - ('Login Service Ejecutandose',)
18:16:44 - INF - post - ('Login Service Ejecutandose',)
19:12:44 - INF - <module> - ('Servicio Finalizado',)
19:12:44 - INF - <module> - ('Servicio Finalizado',)
19:12:51 - INF - <module> - ('Servicio Iniciado',)
19:12:53 - INF - <module> - ('Servicio Iniciado',)
20:17:38 - INF - post - ('Login Service Ejecutandose',)
20:17:38 - INF - post - ("Error al validar el Request{'login_user': ['Missing data for required field.'], 'login_password': ['Missing data for required field.'], 'username': ['Unknown field.'], 'password': ['Unknown field.']}",)
20:17:47 - INF - <module> - ('Servicio Finalizado',)
20:17:47 - INF - <module> - ('Servicio Finalizado',)
20:17:50 - INF - <module> - ('Servicio Iniciado',)
20:17:52 - INF - <module> - ('Servicio Iniciado',)
20:18:10 - INF - post - ('Login Service Ejecutandose',)
20:18:17 - INF - post - ('Login Service Ejecutandose',)
20:18:17 - INF - post - ("Error al validar el Request{'login_password': ['Missing data for required field.'], 'login_user': ['Missing data for required field.'], 'username': ['Unknown field.'], 'password': ['Unknown field.']}",)
20:19:36 - INF - post - ('Login Service Ejecutandose',)
20:19:36 - INF - post - ("Error al validar el Request{'login_password': ['Missing data for required field.'], 'login_user': ['Missing data for required field.'], 'username': ['Unknown field.'], 'password': ['Unknown field.']}",)
20:31:49 - INF - post - ('Login Service Ejecutandose',)
20:31:49 - INF - post - ("Error al validar el Request{'login_password': ['Missing data for required field.'], 'login_user': ['Missing data for required field.'], 'username': ['Unknown field.'], 'password': ['Unknown field.']}",)
20:33:24 - INF - post - ('Login Service Ejecutandose',)
20:33:24 - INF - post - ("Error al validar el Request{'login_password': ['Missing data for required field.'], 'login_user': ['Missing data for required field.'], 'username': ['Unknown field.'], 'password': ['Unknown field.']}",)
20:35:17 - INF - post - ('Login Service Ejecutandose',)
20:35:17 - INF - post - ("Error al validar el Request{'login_password': ['Missing data for required field.'], 'login_user': ['Missing data for required field.'], 'username': ['Unknown field.'], 'password': ['Unknown field.']}",)
20:35:24 - INF - post - ('Login Service Ejecutandose',)
20:35:24 - INF - post - ("Error al validar el Request{'login_password': ['Missing data for required field.'], 'login_user': ['Missing data for required field.'], 'username': ['Unknown field.'], 'password': ['Unknown field.']}",)
20:35:41 - INF - <module> - ('Servicio Finalizado',)
20:35:42 - INF - <module> - ('Servicio Finalizado',)
20:35:55 - INF - <module> - ('Servicio Iniciado',)
20:35:57 - INF - <module> - ('Servicio Iniciado',)
20:36:37 - INF - <module> - ('Servicio Finalizado',)
20:36:37 - INF - <module> - ('Servicio Finalizado',)
20:36:38 - INF - <module> - ('Servicio Iniciado',)
20:36:39 - INF - <module> - ('Servicio Iniciado',)
20:36:49 - INF - post - ('Login Service Ejecutandose',)
20:36:49 - INF - post - (KeyError('login_user'),)
20:37:53 - INF - post - ('Login Service Ejecutandose',)
20:37:53 - INF - post - ("Error al validar el Request{'username': ['Missing data for required field.']}",)
20:40:08 - INF - post - ('Login Service Ejecutandose',)
20:40:08 - INF - post - (KeyError('login_user'),)
21:00:23 - INF - post - ('Login Service Ejecutandose',)
21:00:23 - INF - post - (KeyError('login_user'),)
21:25:02 - INF - <module> - ('Servicio Finalizado',)
21:25:02 - INF - <module> - ('Servicio Finalizado',)
21:57:27 - INF - <module> - ('Servicio Iniciado',)
21:57:30 - INF - <module> - ('Servicio Iniciado',)
21:57:40 - INF - post - ('Login Service Ejecutandose',)
21:57:40 - INF - post - (KeyError('login_user'),)
21:59:00 - INF - <module> - ('Servicio Finalizado',)
21:59:01 - INF - <module> - ('Servicio Iniciado',)
22:00:06 - INF - post - ('Login Service Ejecutandose',)
22:00:06 - INF - post - (KeyError('login_user'),)
22:01:21 - INF - post - ('Login Service Ejecutandose',)
22:01:21 - INF - post - (KeyError('login_user'),)
22:01:46 - INF - <module> - ('Servicio Finalizado',)
22:01:47 - INF - <module> - ('Servicio Iniciado',)
22:02:08 - INF - post - ('Login Service Ejecutandose',)
22:02:16 - INF - post - ('Login Service Ejecutandose',)
22:08:53 - INF - post - ('Login Service Ejecutandose',)
23:02:41 - INF - <module> - ('Servicio Finalizado',)
23:02:42 - INF - <module> - ('Servicio Finalizado',)
