12:45:45 - INF - <module> - ('Servicio Iniciado',)
12:45:46 - INF - <module> - ('Servicio Iniciado',)
12:46:45 - INF - post - ('Servicio de Creación Usuarios ejecutando',)
13:35:02 - INF - post - ('Servicio de Creación Usuarios ejecutando',)
13:51:11 - INF - post - ('Servicio de Creación Usuarios ejecutando',)
16:49:21 - INF - <module> - ('Servicio Finalizado',)
16:49:22 - INF - <module> - ('Servicio Finalizado',)
16:49:26 - INF - <module> - ('Servicio Iniciado',)
16:49:28 - INF - <module> - ('Servicio Iniciado',)
18:12:44 - INF - <module> - ('Servicio Finalizado',)
18:12:45 - INF - <module> - ('Servicio Iniciado',)
18:17:32 - INF - get - ('Servicio de usuarios iniciado',)
19:59:02 - INF - get - ('Servicio de usuarios iniciado',)
20:00:00 - INF - get - ('Servicio de usuarios iniciado',)
20:00:42 - INF - get - ('Servicio de usuarios iniciado',)
20:01:38 - INF - get - ('Servicio de usuarios iniciado',)
20:03:59 - INF - get - ('Servicio de usuarios iniciado',)
20:04:17 - INF - get - ('Servicio de usuarios iniciado',)
20:05:52 - INF - get - ('Servicio de usuarios iniciado',)
20:06:00 - INF - get - ('Servicio de usuarios iniciado',)
20:06:53 - INF - get - ('Servicio de usuarios iniciado',)
20:07:17 - INF - get - ('Servicio de usuarios iniciado',)
20:07:19 - INF - get - ('Servicio de usuarios iniciado',)
20:07:42 - INF - get - ('Servicio de usuarios iniciado',)
20:08:30 - INF - get - ('Servicio de usuarios iniciado',)
20:08:54 - INF - get - ('Servicio de usuarios iniciado',)
20:09:30 - INF - get - ('Servicio de usuarios iniciado',)
20:09:32 - INF - get - ('Servicio de usuarios iniciado',)
20:10:03 - INF - get - ('Servicio de usuarios iniciado',)
20:10:18 - INF - get - ('Servicio de usuarios iniciado',)
20:10:21 - INF - get - ('Servicio de usuarios iniciado',)
20:10:34 - INF - get - ('Servicio de usuarios iniciado',)
20:10:42 - INF - get - ('Servicio de usuarios iniciado',)
20:11:17 - INF - get - ('Servicio de usuarios iniciado',)
20:12:27 - INF - get - ('Servicio de usuarios iniciado',)
20:12:27 - INF - get - ('Servicio de usuarios iniciado',)
20:15:27 - INF - get - ('Servicio de usuarios iniciado',)
20:16:45 - INF - get - ('Servicio de usuarios iniciado',)
20:16:45 - INF - token_validate - ('Ocurrio un error al validar el tokeneyJhbGciOiJIUzI1NiIsInR5cCI6IkpXVCJ9.eyJpYXQiOjE3MzcyNDg0MzksImV4cCI6MTczNzI0OTMzOSwidXNlcm5hbWUiOiJmcm9udGVuZEBnbWFpbC5jb20ifQ.9cIHMhFr_xjIsgx1awtz05HTQnnlLpg_ptTv0J3il3c',)
20:16:45 - INF - token_validate - (ExpiredSignatureError('Signature has expired'),)
20:18:35 - INF - get - ('Servicio de usuarios iniciado',)
20:19:00 - INF - get - ('Servicio de usuarios iniciado',)
20:20:34 - INF - get - ('Servicio de usuarios iniciado',)
20:20:52 - INF - get - ('Servicio de usuarios iniciado',)
20:21:12 - INF - get - ('Servicio de usuarios iniciado',)
20:21:21 - INF - get - ('Servicio de usuarios iniciado',)
20:21:35 - INF - get - ('Servicio de usuarios iniciado',)
20:28:20 - INF - get - ('Servicio de usuarios iniciado',)
20:34:51 - INF - get - ('Servicio de usuarios iniciado',)
20:36:08 - INF - get - ('Servicio de usuarios iniciado',)
20:36:14 - INF - get - ('Servicio de usuarios iniciado',)
20:41:12 - INF - get - ('Servicio de usuarios iniciado',)
20:44:36 - INF - get - ('Servicio de usuarios iniciado',)
20:45:06 - INF - get - ('Servicio de usuarios iniciado',)
20:45:13 - INF - get - ('Servicio de usuarios iniciado',)
20:45:30 - INF - get - ('Servicio de usuarios iniciado',)
20:45:36 - INF - get - ('Servicio de usuarios iniciado',)
20:45:46 - INF - get - ('Servicio de usuarios iniciado',)
20:46:28 - INF - get - ('Servicio de usuarios iniciado',)
20:50:09 - INF - get - ('Servicio de usuarios iniciado',)
20:50:09 - INF - token_validate - ('Ocurrio un error al validar el tokeneyJhbGciOiJIUzI1NiIsInR5cCI6IkpXVCJ9.eyJpYXQiOjE3MzcyNTA0ODcsImV4cCI6MTczNzI1MTM4NywidXNlcm5hbWUiOiJmcm9udGVuZEBnbWFpbC5jb20ifQ.xaX8Td-yHQHq3O2Q9BhidjnfPbt7jMXP2w71ONrN2Io',)
20:50:09 - INF - token_validate - (ExpiredSignatureError('Signature has expired'),)
20:50:21 - INF - get - ('Servicio de usuarios iniciado',)
20:50:21 - INF - token_validate - ('Ocurrio un error al validar el tokeneyJhbGciOiJIUzI1NiIsInR5cCI6IkpXVCJ9.eyJpYXQiOjE3MzcyNTA0ODcsImV4cCI6MTczNzI1MTM4NywidXNlcm5hbWUiOiJmcm9udGVuZEBnbWFpbC5jb20ifQ.xaX8Td-yHQHq3O2Q9BhidjnfPbt7jMXP2w71ONrN2Io',)
20:50:21 - INF - token_validate - (ExpiredSignatureError('Signature has expired'),)
20:53:17 - INF - get - ('Servicio de usuarios iniciado',)
20:53:17 - INF - token_validate - ('Ocurrio un error al validar el tokeneyJhbGciOiJIUzI1NiIsInR5cCI6IkpXVCJ9.eyJpYXQiOjE3MzcyNTA0ODcsImV4cCI6MTczNzI1MTM4NywidXNlcm5hbWUiOiJmcm9udGVuZEBnbWFpbC5jb20ifQ.xaX8Td-yHQHq3O2Q9BhidjnfPbt7jMXP2w71ONrN2Io',)
20:53:17 - INF - token_validate - (ExpiredSignatureError('Signature has expired'),)
20:53:58 - INF - get - ('Servicio de usuarios iniciado',)
20:53:58 - INF - token_validate - ('Ocurrio un error al validar el tokeneyJhbGciOiJIUzI1NiIsInR5cCI6IkpXVCJ9.eyJpYXQiOjE3MzcyNTA0ODcsImV4cCI6MTczNzI1MTM4NywidXNlcm5hbWUiOiJmcm9udGVuZEBnbWFpbC5jb20ifQ.xaX8Td-yHQHq3O2Q9BhidjnfPbt7jMXP2w71ONrN2Io',)
20:53:58 - INF - token_validate - (ExpiredSignatureError('Signature has expired'),)
20:54:10 - INF - get - ('Servicio de usuarios iniciado',)
20:54:10 - INF - token_validate - ('Ocurrio un error al validar el tokeneyJhbGciOiJIUzI1NiIsInR5cCI6IkpXVCJ9.eyJpYXQiOjE3MzcyNTA0ODcsImV4cCI6MTczNzI1MTM4NywidXNlcm5hbWUiOiJmcm9udGVuZEBnbWFpbC5jb20ifQ.xaX8Td-yHQHq3O2Q9BhidjnfPbt7jMXP2w71ONrN2Io',)
20:54:10 - INF - token_validate - (ExpiredSignatureError('Signature has expired'),)
20:54:26 - INF - get - ('Servicio de usuarios iniciado',)
20:54:45 - INF - get - ('Servicio de usuarios iniciado',)
20:54:59 - INF - get - ('Servicio de usuarios iniciado',)
20:55:19 - INF - get - ('Servicio de usuarios iniciado',)
20:55:26 - INF - get - ('Servicio de usuarios iniciado',)
20:55:36 - INF - get - ('Servicio de usuarios iniciado',)
20:55:42 - INF - get - ('Servicio de usuarios iniciado',)
20:56:02 - INF - get - ('Servicio de usuarios iniciado',)
20:57:16 - INF - get - ('Servicio de usuarios iniciado',)
20:59:16 - INF - get - ('Servicio de usuarios iniciado',)
21:00:32 - INF - get - ('Servicio de usuarios iniciado',)
21:00:36 - INF - get - ('Servicio de usuarios iniciado',)
21:02:23 - INF - get - ('Servicio de usuarios iniciado',)
21:05:44 - INF - get - ('Servicio de usuarios iniciado',)
21:10:40 - INF - get - ('Servicio de usuarios iniciado',)
21:34:40 - INF - get - ('Servicio de usuarios iniciado',)
21:34:40 - INF - token_validate - ('Ocurrio un error al validar el tokeneyJhbGciOiJIUzI1NiIsInR5cCI6IkpXVCJ9.eyJpYXQiOjE3MzcyNTI4OTMsImV4cCI6MTczNzI1Mzc5MywidXNlcm5hbWUiOiJraXJhQGdtYWlsLmNvbSJ9.JScY9HQT8D_H_oloqRxjeJOiblVQXxNeFTGnwwo1Kdw',)
21:34:40 - INF - token_validate - (ExpiredSignatureError('Signature has expired'),)
21:35:02 - INF - get - ('Servicio de usuarios iniciado',)
22:13:06 - INF - get - ('Servicio de usuarios iniciado',)
22:13:36 - INF - get - ('Servicio de usuarios iniciado',)
22:14:04 - INF - get - ('Servicio de usuarios iniciado',)
22:17:16 - INF - get - ('Servicio de usuarios iniciado',)
22:17:40 - INF - get - ('Servicio de usuarios iniciado',)
22:17:55 - INF - get - ('Servicio de usuarios iniciado',)
22:18:29 - INF - get - ('Servicio de usuarios iniciado',)
22:18:31 - INF - get - ('Servicio de usuarios iniciado',)
22:21:41 - INF - get - ('Servicio de usuarios iniciado',)
22:32:59 - INF - get - ('Servicio de usuarios iniciado',)
