00:17:58 - INF - get - ('Servicio de usuarios iniciado',)
00:19:09 - INF - <module> - ('Servicio Finalizado',)
00:19:10 - INF - <module> - ('Servicio Finalizado',)
10:20:58 - INF - <module> - ('Servicio Iniciado',)
10:21:00 - INF - <module> - ('Servicio Iniciado',)
10:22:21 - INF - get - ('Servicio de usuarios iniciado',)
10:23:45 - INF - get - ('Servicio de usuarios iniciado',)
10:27:14 - INF - <module> - ('Servicio Finalizado',)
10:27:15 - INF - <module> - ('Servicio Iniciado',)
10:27:31 - INF - <module> - ('Servicio Finalizado',)
10:27:31 - INF - <module> - ('Servicio Finalizado',)
10:36:34 - INF - <module> - ('Servicio Iniciado',)
10:36:36 - INF - <module> - ('Servicio Iniciado',)
10:38:19 - INF - get - ('Servicio de usuarios iniciado',)
10:39:41 - INF - <module> - ('Servicio Finalizado',)
10:39:42 - INF - <module> - ('Servicio Iniciado',)
10:39:52 - INF - get - ('Servicio de usuarios iniciado',)
10:40:17 - INF - <module> - ('Servicio Finalizado',)
10:40:18 - INF - <module> - ('Servicio Finalizado',)
10:51:12 - INF - <module> - ('Servicio Iniciado',)
10:51:14 - INF - <module> - ('Servicio Iniciado',)
10:51:39 - INF - get - ('Servicio de usuarios iniciado',)
10:54:03 - INF - <module> - ('Servicio Finalizado',)
10:54:05 - INF - <module> - ('Servicio Iniciado',)
10:54:10 - INF - <module> - ('Servicio Finalizado',)
10:54:11 - INF - <module> - ('Servicio Iniciado',)
10:54:19 - INF - <module> - ('Servicio Finalizado',)
10:54:20 - INF - <module> - ('Servicio Iniciado',)
10:54:45 - INF - <module> - ('Servicio Finalizado',)
10:54:46 - INF - <module> - ('Servicio Iniciado',)
10:54:51 - INF - <module> - ('Servicio Finalizado',)
10:54:53 - INF - <module> - ('Servicio Iniciado',)
10:55:05 - INF - get - ('Servicio de usuarios iniciado',)
10:55:26 - INF - get - ('Servicio de usuarios iniciado',)
10:57:56 - INF - get - ('Servicio de usuarios iniciado',)
10:58:11 - INF - get - ('Servicio de usuarios iniciado',)
11:01:10 - INF - get - ('Servicio de usuarios iniciado',)
11:01:21 - INF - get - ('Servicio de usuarios iniciado',)
11:01:25 - INF - get - ('Servicio de usuarios iniciado',)
11:01:35 - INF - get - ('Servicio de usuarios iniciado',)
11:02:39 - INF - get - ('Servicio de usuarios iniciado',)
11:02:43 - INF - get - ('Servicio de usuarios iniciado',)
11:03:14 - INF - get - ('Servicio de usuarios iniciado',)
11:03:16 - INF - get - ('Servicio de usuarios iniciado',)
11:03:20 - INF - get - ('Servicio de usuarios iniciado',)
11:03:29 - INF - get - ('Servicio de usuarios iniciado',)
11:03:48 - INF - get - ('Servicio de usuarios iniciado',)
11:03:52 - INF - get - ('Servicio de usuarios iniciado',)
11:04:17 - INF - get - ('Servicio de usuarios iniciado',)
11:04:24 - INF - get - ('Servicio de usuarios iniciado',)
11:06:25 - INF - get - ('Servicio de usuarios iniciado',)
11:07:16 - INF - get - ('Servicio de usuarios iniciado',)
11:07:29 - INF - get - ('Servicio de usuarios iniciado',)
11:07:46 - INF - get - ('Servicio de usuarios iniciado',)
11:07:59 - INF - get - ('Servicio de usuarios iniciado',)
11:08:10 - INF - get - ('Servicio de usuarios iniciado',)
11:09:19 - INF - get - ('Servicio de usuarios iniciado',)
11:11:16 - INF - get - ('Servicio de usuarios iniciado',)
11:11:28 - INF - get - ('Servicio de usuarios iniciado',)
11:11:41 - INF - get - ('Servicio de usuarios iniciado',)
11:12:16 - INF - get - ('Servicio de usuarios iniciado',)
11:13:00 - INF - get - ('Servicio de usuarios iniciado',)
11:13:24 - INF - get - ('Servicio de usuarios iniciado',)
11:14:16 - INF - get - ('Servicio de usuarios iniciado',)
11:14:42 - INF - get - ('Servicio de usuarios iniciado',)
11:14:52 - INF - get - ('Servicio de usuarios iniciado',)
11:15:35 - INF - get - ('Servicio de usuarios iniciado',)
11:17:05 - INF - post - ('Servicio de Creación Usuarios ejecutando',)
11:17:13 - INF - get - ('Servicio de usuarios iniciado',)
11:17:30 - INF - get - ('Servicio de usuarios iniciado',)
11:33:25 - INF - get - ('Servicio de usuarios iniciado',)
11:33:46 - INF - get - ('Servicio de usuarios iniciado',)
11:36:14 - INF - get - ('Servicio de usuarios iniciado',)
12:03:49 - INF - get - ('Servicio de usuarios iniciado',)
12:04:45 - INF - get - ('Servicio de usuarios iniciado',)
12:08:04 - INF - get - ('Servicio de usuarios iniciado',)
12:11:55 - INF - get - ('Servicio de usuarios iniciado',)
12:13:59 - INF - get - ('Servicio de usuarios iniciado',)
12:14:11 - INF - get - ('Servicio de usuarios iniciado',)
12:14:39 - INF - get - ('Servicio de usuarios iniciado',)
12:16:35 - INF - get - ('Servicio de usuarios iniciado',)
12:17:33 - INF - get - ('Servicio de usuarios iniciado',)
12:17:39 - INF - get - ('Servicio de usuarios iniciado',)
12:17:42 - INF - get - ('Servicio de usuarios iniciado',)
12:33:39 - INF - get - ('Servicio de usuarios iniciado',)
12:40:54 - INF - get - ('Servicio de usuarios iniciado',)
13:00:23 - INF - get - ('Servicio de usuarios iniciado',)
13:00:50 - INF - get - ('Servicio de usuarios iniciado',)
13:01:32 - INF - get - ('Servicio de usuarios iniciado',)
13:02:27 - INF - get - ('Servicio de usuarios iniciado',)
13:03:07 - INF - get - ('Servicio de usuarios iniciado',)
13:13:45 - INF - get - ('Servicio de usuarios iniciado',)
13:13:45 - INF - token_validate - ('Ocurrio un error al validar el tokeneyJhbGciOiJIUzI1NiIsInR5cCI6IkpXVCJ9.eyJpYXQiOjE3MzczMDE4OTIsImV4cCI6MTczNzMwMjc5MiwidXNlcm5hbWUiOiJmZXJuYW5kb25hcmVhNkBnbWFpbC5jb20ifQ.jg-UHlArLi2f4Y6H9zcKj6MRUEbxlRKhzKPzhBA9ff0',)
13:13:45 - INF - token_validate - (ExpiredSignatureError('Signature has expired'),)
13:27:07 - INF - get - ('Servicio de usuarios iniciado',)
13:27:17 - INF - get - ('Servicio de usuarios iniciado',)
13:27:30 - INF - get - ('Servicio de usuarios iniciado',)
13:28:27 - INF - get - ('Servicio de usuarios iniciado',)
13:31:09 - INF - get - ('Servicio de usuarios iniciado',)
13:34:48 - INF - get - ('Servicio de usuarios iniciado',)
13:47:09 - INF - get - ('Servicio de usuarios iniciado',)
13:54:15 - INF - get - ('Servicio de usuarios iniciado',)
13:54:26 - INF - get - ('Servicio de usuarios iniciado',)
13:56:39 - INF - get - ('Servicio de usuarios iniciado',)
13:56:51 - INF - get - ('Servicio de usuarios iniciado',)
14:14:45 - INF - get - ('Servicio de usuarios iniciado',)
14:15:06 - INF - get - ('Servicio de usuarios iniciado',)
14:20:10 - INF - get - ('Servicio de usuarios iniciado',)
14:48:32 - INF - get - ('Servicio de usuarios iniciado',)
14:51:30 - INF - post - ('Servicio de Creación Usuarios ejecutando',)
14:52:10 - INF - get - ('Servicio de usuarios iniciado',)
15:47:07 - INF - get - ('Servicio de usuarios iniciado',)
15:50:05 - INF - get - ('Servicio de usuarios iniciado',)
15:50:47 - INF - get - ('Servicio de usuarios iniciado',)
15:51:49 - INF - get - ('Servicio de usuarios iniciado',)
15:58:38 - INF - get - ('Servicio de usuarios iniciado',)
15:59:05 - INF - get - ('Servicio de usuarios iniciado',)
16:01:29 - INF - get - ('Servicio de usuarios iniciado',)
16:01:42 - INF - get - ('Servicio de usuarios iniciado',)
16:05:01 - INF - <module> - ('Servicio Finalizado',)
16:05:02 - INF - <module> - ('Servicio Finalizado',)
