14:43:59 - ERR - ExecuteNonQuery - (ForeignKeyViolation('inserción o actualización en la tabla «users» viola la llave foránea «users_id_facultad_fkey»\nDETAIL:  La llave (id_facultad)=(0) no está presente en la tabla «faculties».\n'),)
14:44:24 - ERR - ExecuteNonQuery - (ForeignKeyViolation('inserción o actualización en la tabla «users» viola la llave foránea «users_id_carrera_fkey»\nDETAIL:  La llave (id_carrera)=(1) no está presente en la tabla «majors».\n'),)
14:52:55 - ERR - put - (KeyError('HTTP_TOKEN'),)
15:05:48 - ERR - ExecuteNonQuery - (InvalidTextRepresentation("la sintaxis de entrada no es válida para tipo integer: «guardiola»\nLINE 1: ...1, name = 'pep', lastname = 'pep' WHERE id_user = 'guardiola...\n                                                             ^\n"),)
15:06:45 - ERR - ExecuteNonQuery - (InvalidTextRepresentation("la sintaxis de entrada no es válida para tipo integer: «guardiola»\nLINE 1: ...1, name = 'pep', lastname = 'pep' WHERE id_user = 'guardiola...\n                                                             ^\n"),)
15:09:42 - ERR - ExecuteNonQuery - (InvalidTextRepresentation("la sintaxis de entrada no es válida para tipo integer: «guardiola»\nLINE 1: ...1, name = 'pep', lastname = 'pep' WHERE id_user = 'guardiola...\n                                                             ^\n"),)
15:16:11 - ERR - update_user - (TypeError("'bool' object is not subscriptable"),)
15:38:04 - ERR - delete - (TypeError('response_error() takes 1 positional argument but 2 were given'),)
15:41:20 - ERR - delete - (<BadRequest '400: Bad Request'>,)
15:42:01 - ERR - delete - (<BadRequest '400: Bad Request'>,)
15:42:44 - ERR - delete - (<BadRequest '400: Bad Request'>,)
15:43:40 - ERR - delete - (<BadRequest '400: Bad Request'>,)
16:42:01 - ERR - create_user - (TypeError("'bool' object is not subscriptable"),)
16:48:57 - ERR - update_user - (UnboundLocalError("cannot access local variable 'data' where it is not associated with a value"),)
16:48:57 - ERR - put - (UnboundLocalError("cannot access local variable 'result' where it is not associated with a value"),)
16:49:15 - ERR - update_user - (NameError("name 'data' is not defined"),)
16:49:15 - ERR - put - (UnboundLocalError("cannot access local variable 'result' where it is not associated with a value"),)
19:18:56 - ERR - getRecords - (SyntaxError('error de sintaxis en o cerca de «*»\nLINE 1: SELECT FROM * posts\n                    ^\n'),)
19:19:39 - ERR - get_all_posts - (TypeError('list indices must be integers or slices, not str'),)
20:14:08 - ERR - getRecords - (TypeError("object of type 'int' has no len()"),)
20:14:56 - ERR - getRecords - (TypeError("object of type 'int' has no len()"),)
20:15:19 - ERR - get_all_posts - (TypeError('list indices must be integers or slices, not str'),)
20:16:36 - ERR - get_all_posts - (TypeError('list indices must be integers or slices, not str'),)
20:17:09 - ERR - get_all_posts - (TypeError("'>' not supported between instances of 'list' and 'int'"),)
20:52:57 - ERR - ExecuteNonQuery - (SyntaxError('error de sintaxis en o cerca de «*»\nLINE 1: DELETE * FROM posts WHERE id_post = 4\n               ^\n'),)
20:54:13 - ERR - getRecords - (UndefinedTable('no existe la relación «post»\nLINE 1: SELECT * FROM post WHERE user_id = 6\n                      ^\n'),)
20:55:11 - ERR - get_user_posts - (TypeError('list indices must be integers or slices, not str'),)
21:59:19 - ERR - create_post - (TypeError("'int' object is not iterable"),)
22:07:20 - ERR - ExecuteNonQuery - (UndefinedColumn("no existe la columna «id_user»\nLINE 1: UPDATE posts SET post_content = 'adasdasd' WHERE id_user = 1\n                                                         ^\n"),)
22:08:04 - ERR - ExecuteNonQuery - (UndefinedColumn("no existe la columna «id_user»\nLINE 1: UPDATE posts SET post_content = 'string' WHERE id_user = 1\n                                                       ^\n"),)
22:09:07 - ERR - ExecuteNonQuery - (UndefinedColumn("no existe la columna «id_user»\nLINE 1: UPDATE posts SET post_content = 'string' WHERE id_user = 1\n                                                       ^\n"),)
22:39:53 - ERR - ExecuteNonQuery - (UndefinedColumn("no existe la columna «username»\nLINE 1: ...ET post_content = 'hola' WHERE id_post = NULL AND username =...\n                                                             ^\n"),)
