14:19:06 - INF - <module> - ('Servicio Iniciado',)
14:19:08 - INF - <module> - ('Servicio Iniciado',)
14:19:32 - INF - get - ('Servicio de post iniciado',)
14:19:32 - INF - token_validate - ('Ocurrio un error al validar el tokenas',)
14:19:32 - INF - token_validate - (DecodeError('Not enough segments'),)
14:22:59 - INF - get - ('Servicio de post iniciado',)
14:26:01 - INF - get - ('Servicio de post iniciado',)
14:26:01 - INF - get - (KeyError('HTTP_TOKEN'),)
14:26:23 - INF - get - ('Servicio de post iniciado',)
14:26:23 - INF - get - (KeyError('HTTP_TOKEN'),)
14:28:12 - INF - get - ('Servicio de post iniciado',)
14:28:12 - INF - get - (KeyError('HTTP_TOKEN'),)
14:30:05 - INF - get - ('Servicio de post iniciado',)
14:30:05 - INF - get - (KeyError('HTTP_TOKEN'),)
14:30:39 - INF - get - ('Servicio de post iniciado',)
14:30:39 - INF - get - (KeyError('HTTP_TOKEN'),)
14:31:09 - INF - get - ('Servicio de post iniciado',)
14:31:09 - INF - get - (KeyError('HTTP_TOKEN'),)
14:31:21 - INF - get - ('Servicio de post iniciado',)
14:31:21 - INF - get - (KeyError('HTTP_TOKEN'),)
14:32:08 - INF - get - ('Servicio de post iniciado',)
14:32:08 - INF - get - (KeyError('HTTP_TOKEN'),)
14:34:32 - INF - get - ('Servicio de post iniciado',)
14:34:32 - INF - get - (KeyError('HTTP_TOKEN'),)
14:34:40 - INF - get - ('Servicio de post iniciado',)
14:34:40 - INF - get - (KeyError('HTTP_TOKEN'),)
14:35:51 - INF - get - ('Servicio de post iniciado',)
14:35:51 - INF - get - (KeyError('HTTP_TOKEN'),)
14:36:09 - INF - get - ('Servicio de post iniciado',)
14:36:09 - INF - get - (KeyError('HTTP_TOKEN'),)
14:37:14 - INF - <module> - ('Servicio Finalizado',)
14:37:17 - INF - <module> - ('Servicio Iniciado',)
14:37:23 - INF - get - ('Servicio de post iniciado',)
14:37:23 - INF - get - (KeyError('HTTP_T1'),)
14:37:39 - INF - <module> - ('Servicio Finalizado',)
14:37:40 - INF - <module> - ('Servicio Iniciado',)
14:37:48 - INF - get - ('Servicio de post iniciado',)
14:37:48 - INF - get - (KeyError('HTTP_TOKEN'),)
14:38:06 - INF - get - ('Servicio de post iniciado',)
14:38:06 - INF - get - (KeyError('HTTP_TOKEN'),)
14:38:51 - INF - get - ('Servicio de post iniciado',)
14:39:13 - INF - get - ('Servicio de post iniciado',)
14:39:13 - INF - get - (KeyError('HTTP_TOKEN'),)
14:39:24 - INF - get - ('Servicio de post iniciado',)
14:39:24 - INF - get - (KeyError('HTTP_TOKEN'),)
14:40:43 - INF - get - ('Servicio de post iniciado',)
14:40:43 - INF - get - (KeyError('HTTP_TOKEN'),)
14:43:56 - INF - get - ('Servicio de post iniciado',)
14:43:56 - INF - get - (KeyError('HTTP_TOKEN'),)
14:49:16 - INF - get - ('Servicio de post iniciado',)
14:49:16 - INF - get - (KeyError('HTTP_TOKEN'),)
14:51:08 - INF - get - ('Servicio de post iniciado',)
14:51:08 - INF - get - (KeyError('HTTP_TOKEN'),)
14:51:35 - INF - get - ('Servicio de post iniciado',)
14:51:35 - INF - get - (KeyError('HTTP_TOKEN'),)
14:51:55 - INF - get - ('Servicio de post iniciado',)
14:51:55 - INF - get - (KeyError('HTTP_TOKEN'),)
14:52:20 - INF - get - ('Servicio de post iniciado',)
14:52:20 - INF - get - (KeyError('HTTP_TOKEN'),)
14:54:35 - INF - get - ('Servicio de post iniciado',)
14:54:35 - INF - get - (KeyError('HTTP_TOKEN'),)
14:54:42 - INF - get - ('Servicio de post iniciado',)
14:54:42 - INF - get - (KeyError('HTTP_TOKEN'),)
14:54:48 - INF - get - ('Servicio de post iniciado',)
14:54:48 - INF - get - (KeyError('HTTP_TOKEN'),)
14:55:07 - INF - get - ('Servicio de post iniciado',)
14:55:07 - INF - get - (KeyError('HTTP_TOKEN'),)
14:55:11 - INF - get - ('Servicio de post iniciado',)
14:55:11 - INF - get - (KeyError('HTTP_TOKEN'),)
14:57:56 - INF - <module> - ('Servicio Finalizado',)
14:57:58 - INF - <module> - ('Servicio Iniciado',)
14:58:17 - INF - <module> - ('Servicio Finalizado',)
14:58:18 - INF - <module> - ('Servicio Iniciado',)
14:58:45 - INF - <module> - ('Servicio Finalizado',)
14:58:46 - INF - <module> - ('Servicio Iniciado',)
14:59:39 - INF - get - ('Servicio de post iniciado',)
14:59:39 - INF - token_validate - ('Ocurrio un error al validar el tokenBearer eyJhbGciOiJIUzI1NiIsInR5cCI6IkpXVCJ9.eyJpYXQiOjE3MzcxNDM5NzksImV4cCI6MTczNzE0NDg3OSwidXNlcm5hbWUiOiJraWFyYUBnbWFpbC5jb20ifQ.TTGoRgcIYw5GtBL94jfA-RZmIGB768469bWILkWnq58',)
14:59:39 - INF - token_validate - (DecodeError('Invalid header padding'),)
15:00:36 - INF - get - ('Servicio de post iniciado',)
15:00:36 - INF - token_validate - ('Ocurrio un error al validar el tokenBearer eyJhbGciOiJIUzI1NiIsInR5cCI6IkpXVCJ9.eyJpYXQiOjE3MzcxNDQwMzYsImV4cCI6MTczNzE0NDkzNiwidXNlcm5hbWUiOiJraWFyYUBnbWFpbC5jb20ifQ.hrQJ1DsC74rJWQB2HNliHVsmB0xIwPVj8ANlFzicwpQ',)
15:00:36 - INF - token_validate - (DecodeError('Invalid header padding'),)
15:03:01 - INF - get - ('Servicio de post iniciado',)
15:03:01 - INF - token_validate - ('Ocurrio un error al validar el tokenBearer eyJhbGciOiJIUzI1NiIsInR5cCI6IkpXVCJ9.eyJpYXQiOjE3MzcxNDQwMzYsImV4cCI6MTczNzE0NDkzNiwidXNlcm5hbWUiOiJraWFyYUBnbWFpbC5jb20ifQ.hrQJ1DsC74rJWQB2HNliHVsmB0xIwPVj8ANlFzicwpQ',)
15:03:01 - INF - token_validate - (DecodeError('Invalid header padding'),)
15:05:02 - INF - <module> - ('Servicio Finalizado',)
15:05:02 - INF - <module> - ('Servicio Iniciado',)
15:05:07 - INF - <module> - ('Servicio Finalizado',)
15:05:07 - INF - <module> - ('Servicio Iniciado',)
15:05:14 - INF - <module> - ('Servicio Finalizado',)
15:05:15 - INF - <module> - ('Servicio Iniciado',)
15:05:17 - INF - <module> - ('Servicio Finalizado',)
15:05:18 - INF - <module> - ('Servicio Iniciado',)
15:05:20 - INF - <module> - ('Servicio Finalizado',)
15:05:21 - INF - <module> - ('Servicio Iniciado',)
15:05:26 - INF - <module> - ('Servicio Finalizado',)
15:05:27 - INF - <module> - ('Servicio Iniciado',)
15:05:31 - INF - <module> - ('Servicio Finalizado',)
15:05:31 - INF - <module> - ('Servicio Iniciado',)
15:05:35 - INF - <module> - ('Servicio Finalizado',)
15:05:36 - INF - <module> - ('Servicio Iniciado',)
15:05:42 - INF - <module> - ('Servicio Finalizado',)
15:05:43 - INF - <module> - ('Servicio Iniciado',)
15:05:46 - INF - <module> - ('Servicio Finalizado',)
15:05:47 - INF - <module> - ('Servicio Iniciado',)
15:05:50 - INF - <module> - ('Servicio Finalizado',)
15:05:51 - INF - <module> - ('Servicio Iniciado',)
15:05:54 - INF - <module> - ('Servicio Finalizado',)
15:05:55 - INF - <module> - ('Servicio Iniciado',)
15:05:57 - INF - <module> - ('Servicio Finalizado',)
15:05:58 - INF - <module> - ('Servicio Iniciado',)
15:06:12 - INF - get - ('Servicio de post iniciado',)
15:06:12 - INF - token_validate - ('Ocurrio un error al validar el tokenBearer eyJhbGciOiJIUzI1NiIsInR5cCI6IkpXVCJ9.eyJpYXQiOjE3MzcxNDQzNzIsImV4cCI6MTczNzE0NTI3MiwidXNlcm5hbWUiOiJraWFyYUBnbWFpbC5jb20ifQ.pHsZFCD_BWigETACAFaLpd3HHH5cQo7GYo4qIPJOiv4',)
15:06:12 - INF - token_validate - (DecodeError('Invalid header padding'),)
15:07:22 - INF - <module> - ('Servicio Finalizado',)
15:07:23 - INF - <module> - ('Servicio Iniciado',)
15:07:51 - INF - get - ('Servicio de post iniciado',)
15:08:01 - INF - get - ('Servicio de post iniciado',)
15:08:14 - INF - get - ('Servicio de post iniciado',)
15:08:14 - INF - token_validate - ('Ocurrio un error al validar el tokenBearer eyJhbGciOiJIUzI1NiIsInR5cCI6IkpXVCJ9.eyJpYXQiOjE3MzcxNDQ0OTQsImV4cCI6MTczNzE0NTM5NCwidXNlcm5hbWUiOiJraWFyYUBnbWFpbC5jb20ifQ.UknP4_TK1lk15DTwUkXRhQ_avQuPmZBqbBG19X4bCvI',)
15:08:14 - INF - token_validate - (DecodeError('Invalid header padding'),)
15:09:07 - INF - get - ('Servicio de post iniciado',)
15:09:07 - INF - token_validate - ('Ocurrio un error al validar el tokenBearer eyJhbGciOiJIUzI1NiIsInR5cCI6IkpXVCJ9.eyJpYXQiOjE3MzcxNDQ1NDcsImV4cCI6MTczNzE0NTQ0NywidXNlcm5hbWUiOiJraWFyYUBnbWFpbC5jb20ifQ.xO873s0B2toqB7T9_cxJWhMHmd32VRcXQCI5OkbBYqA',)
15:09:07 - INF - token_validate - (DecodeError('Invalid header padding'),)
15:09:23 - INF - <module> - ('Servicio Finalizado',)
15:09:23 - INF - <module> - ('Servicio Finalizado',)
15:09:25 - INF - <module> - ('Servicio Iniciado',)
15:09:27 - INF - <module> - ('Servicio Iniciado',)
15:09:27 - INF - <module> - ('Servicio Finalizado',)
15:09:27 - INF - <module> - ('Servicio Finalizado',)
15:09:29 - INF - <module> - ('Servicio Iniciado',)
15:09:30 - INF - <module> - ('Servicio Iniciado',)
15:09:39 - INF - get - ('Servicio de post iniciado',)
15:09:39 - INF - token_validate - ('Ocurrio un error al validar el tokenBearer eyJhbGciOiJIUzI1NiIsInR5cCI6IkpXVCJ9.eyJpYXQiOjE3MzcxNDQ1NzksImV4cCI6MTczNzE0NTQ3OSwidXNlcm5hbWUiOiJraWFyYUBnbWFpbC5jb20ifQ.ZNupZA0z7DIp9Lu60wH9X5DO7M0da_-S3RhR5lolYTg',)
15:09:39 - INF - token_validate - (DecodeError('Invalid header padding'),)
15:09:56 - INF - get - ('Servicio de post iniciado',)
15:09:57 - INF - get - ('Servicio de post iniciado',)
15:10:09 - INF - get - ('Servicio de post iniciado',)
15:10:35 - INF - get - ('Servicio de post iniciado',)
15:10:50 - INF - <module> - ('Servicio Finalizado',)
15:10:51 - INF - <module> - ('Servicio Iniciado',)
15:10:58 - INF - <module> - ('Servicio Finalizado',)
15:10:59 - INF - <module> - ('Servicio Iniciado',)
15:12:08 - INF - <module> - ('Servicio Finalizado',)
15:12:08 - INF - <module> - ('Servicio Finalizado',)
15:12:38 - INF - <module> - ('Servicio Iniciado',)
15:12:39 - INF - <module> - ('Servicio Iniciado',)
15:12:43 - INF - get - ('Servicio de post iniciado',)
15:26:25 - INF - <module> - ('Servicio Finalizado',)
15:26:26 - INF - <module> - ('Servicio Iniciado',)
15:26:38 - INF - <module> - ('Servicio Finalizado',)
15:26:40 - INF - <module> - ('Servicio Iniciado',)
15:27:09 - INF - get - ('Servicio de post iniciado',)
15:27:09 - INF - token_validate - ('Ocurrio un error al validar el tokeneyJhbGciOiJIUzI1NiIsInR5cCI6IkpXVCJ9.eyJpYXQiOjE3MzcxNDQ1ODYsImV4cCI6MTczNzE0NTQ4NiwidXNlcm5hbWUiOiJraWFyYUBnbWFpbC5jb20ifQ.62ONsnyRP8eZcopbHWvQC7CxUTvqc366Hllih9VQWjo',)
15:27:09 - INF - token_validate - (ExpiredSignatureError('Signature has expired'),)
15:27:13 - INF - get - ('Servicio de post iniciado',)
15:27:22 - INF - get - ('Servicio de post iniciado',)
15:27:22 - INF - token_validate - ('Ocurrio un error al validar el tokenBearer eyJhbGciOiJIUzI1NiIsInR5cCI6IkpXVCJ9.eyJpYXQiOjE3MzcxNDU2NDEsImV4cCI6MTczNzE0NjU0MSwidXNlcm5hbWUiOiJraWFyYUBnbWFpbC5jb20ifQ.rTt6tPqkz8TyKVnYrbpkFHmTVf4S5ndXW4OpmlsWJVY',)
15:27:22 - INF - token_validate - (DecodeError('Invalid header padding'),)
15:27:46 - INF - <module> - ('Servicio Finalizado',)
15:27:47 - INF - <module> - ('Servicio Iniciado',)
15:27:56 - INF - <module> - ('Servicio Finalizado',)
15:27:57 - INF - <module> - ('Servicio Iniciado',)
15:28:02 - INF - <module> - ('Servicio Finalizado',)
15:28:03 - INF - <module> - ('Servicio Iniciado',)
15:28:17 - INF - get - ('Servicio de post iniciado',)
15:28:17 - INF - token_validate - ('Ocurrio un error al validar el tokenBearer eyJhbGciOiJIUzI1NiIsInR5cCI6IkpXVCJ9.eyJpYXQiOjE3MzcxNDU2OTcsImV4cCI6MTczNzE0NjU5NywidXNlcm5hbWUiOiJraWFyYUBnbWFpbC5jb20ifQ.HXoJUlyTFVY6ND9Wln8hKZLOSiWFAV6U9YjgAQkJqzA',)
15:28:17 - INF - token_validate - (DecodeError('Invalid header padding'),)
15:29:08 - INF - <module> - ('Servicio Finalizado',)
15:29:09 - INF - <module> - ('Servicio Iniciado',)
15:29:15 - INF - get - ('Servicio de post iniciado',)
15:29:15 - INF - token_validate - ('Ocurrio un error al validar el tokenBearer eyJhbGciOiJIUzI1NiIsInR5cCI6IkpXVCJ9.eyJpYXQiOjE3MzcxNDU3NTUsImV4cCI6MTczNzE0NjY1NSwidXNlcm5hbWUiOiJmcm9udGVuZEBnbWFpbC5jb20ifQ.2T2pqIkMsvQO-LIK77zt5k9CE5bMVlcdbNilPQfS_kU',)
15:29:15 - INF - token_validate - (DecodeError('Invalid header padding'),)
15:29:53 - INF - <module> - ('Servicio Finalizado',)
15:29:54 - INF - <module> - ('Servicio Iniciado',)
15:30:02 - INF - get - ('Servicio de post iniciado',)
15:30:02 - INF - token_validate - ('Ocurrio un error al validar el tokenBearer eyJhbGciOiJIUzI1NiIsInR5cCI6IkpXVCJ9.eyJpYXQiOjE3MzcxNDU4MDIsImV4cCI6MTczNzE0NjcwMiwidXNlcm5hbWUiOiJraXJhQGdtYWlsLmNvbSJ9.E8VMgjUAJVejELyWQHnq7XwpMCG8T6keSJju1nKBvwI',)
15:30:02 - INF - token_validate - (DecodeError('Invalid header padding'),)
15:30:29 - INF - get - ('Servicio de post iniciado',)
15:31:09 - INF - <module> - ('Servicio Finalizado',)
15:31:10 - INF - <module> - ('Servicio Iniciado',)
15:31:30 - INF - get - ('Servicio de post iniciado',)
15:32:33 - INF - <module> - ('Servicio Finalizado',)
15:32:33 - INF - <module> - ('Servicio Iniciado',)
15:32:39 - INF - <module> - ('Servicio Finalizado',)
15:32:40 - INF - <module> - ('Servicio Iniciado',)
15:32:54 - INF - get - ('Servicio de post iniciado',)
15:33:32 - INF - <module> - ('Servicio Finalizado',)
15:33:32 - INF - <module> - ('Servicio Iniciado',)
15:33:34 - INF - get - ('Servicio de post iniciado',)
15:33:42 - INF - get - ('Servicio de post iniciado',)
15:35:23 - INF - <module> - ('Servicio Finalizado',)
15:35:23 - INF - <module> - ('Servicio Iniciado',)
15:35:27 - INF - <module> - ('Servicio Finalizado',)
15:35:27 - INF - <module> - ('Servicio Iniciado',)
15:35:31 - INF - <module> - ('Servicio Finalizado',)
15:35:32 - INF - <module> - ('Servicio Iniciado',)
15:35:42 - INF - <module> - ('Servicio Finalizado',)
15:35:43 - INF - <module> - ('Servicio Iniciado',)
15:35:55 - INF - <module> - ('Servicio Finalizado',)
15:35:55 - INF - <module> - ('Servicio Iniciado',)
15:35:58 - INF - <module> - ('Servicio Finalizado',)
15:35:59 - INF - <module> - ('Servicio Iniciado',)
15:36:04 - INF - <module> - ('Servicio Finalizado',)
15:36:05 - INF - <module> - ('Servicio Iniciado',)
15:36:08 - INF - <module> - ('Servicio Finalizado',)
15:36:09 - INF - <module> - ('Servicio Iniciado',)
15:36:12 - INF - <module> - ('Servicio Finalizado',)
15:36:13 - INF - <module> - ('Servicio Iniciado',)
15:36:22 - INF - <module> - ('Servicio Finalizado',)
15:36:23 - INF - <module> - ('Servicio Iniciado',)
15:36:25 - INF - <module> - ('Servicio Finalizado',)
15:36:26 - INF - <module> - ('Servicio Iniciado',)
15:36:28 - INF - <module> - ('Servicio Finalizado',)
15:36:29 - INF - <module> - ('Servicio Iniciado',)
15:36:30 - INF - <module> - ('Servicio Finalizado',)
15:36:31 - INF - <module> - ('Servicio Iniciado',)
15:36:33 - INF - <module> - ('Servicio Finalizado',)
15:36:34 - INF - <module> - ('Servicio Iniciado',)
15:36:39 - INF - <module> - ('Servicio Finalizado',)
15:36:40 - INF - <module> - ('Servicio Iniciado',)
15:36:43 - INF - <module> - ('Servicio Finalizado',)
15:36:44 - INF - <module> - ('Servicio Iniciado',)
15:36:50 - INF - <module> - ('Servicio Finalizado',)
15:36:51 - INF - <module> - ('Servicio Iniciado',)
15:36:54 - INF - <module> - ('Servicio Finalizado',)
15:36:55 - INF - <module> - ('Servicio Iniciado',)
15:37:04 - INF - get - ('Servicio de post iniciado',)
15:37:24 - INF - <module> - ('Servicio Finalizado',)
15:37:25 - INF - <module> - ('Servicio Iniciado',)
15:37:35 - INF - <module> - ('Servicio Finalizado',)
15:37:37 - INF - <module> - ('Servicio Iniciado',)
15:37:43 - INF - get - ('Servicio de post iniciado',)
15:38:21 - INF - <module> - ('Servicio Finalizado',)
15:38:22 - INF - <module> - ('Servicio Iniciado',)
15:38:26 - INF - get - ('Servicio de post iniciado',)
15:39:19 - INF - get - ('Servicio de post iniciado',)
15:39:40 - INF - get - ('Servicio de post iniciado',)
15:40:04 - INF - get - ('Servicio de post iniciado',)
15:40:22 - INF - get - ('Servicio de post iniciado',)
15:41:37 - INF - get - ('Servicio de post iniciado',)
15:42:26 - INF - get - ('Servicio de post iniciado',)
15:43:26 - INF - get - ('Servicio de post iniciado',)
15:44:15 - INF - get - ('Servicio de post iniciado',)
15:44:28 - INF - get - ('Servicio de post iniciado',)
15:46:00 - INF - get - ('Servicio de post iniciado',)
15:48:05 - INF - get - ('Servicio de post iniciado',)
15:54:54 - INF - get - ('Servicio de post iniciado',)
15:54:54 - INF - get - ('Servicio de post iniciado',)
15:54:54 - INF - get - ('Servicio de post iniciado',)
15:54:54 - INF - get - ('Servicio de post iniciado',)
15:54:54 - INF - get - ('Servicio de post iniciado',)
15:54:54 - INF - get - ('Servicio de post iniciado',)
15:55:54 - INF - get - ('Servicio de post iniciado',)
15:56:13 - INF - get - ('Servicio de post iniciado',)
15:57:02 - INF - get - ('Servicio de post iniciado',)
15:57:10 - INF - get - ('Servicio de post iniciado',)
15:57:13 - INF - get - ('Servicio de post iniciado',)
15:57:54 - INF - get - ('Servicio de post iniciado',)
15:58:21 - INF - get - ('Servicio de post iniciado',)
15:58:35 - INF - get - ('Servicio de post iniciado',)
15:58:40 - INF - get - ('Servicio de post iniciado',)
15:59:23 - INF - get - ('Servicio de post iniciado',)
16:00:23 - INF - get - ('Servicio de post iniciado',)
16:00:46 - INF - get - ('Servicio de post iniciado',)
16:01:23 - INF - get - ('Servicio de post iniciado',)
16:02:26 - INF - get - ('Servicio de post iniciado',)
16:12:56 - INF - <module> - ('Servicio Finalizado',)
16:12:58 - INF - <module> - ('Servicio Iniciado',)
16:13:03 - INF - <module> - ('Servicio Finalizado',)
16:13:04 - INF - <module> - ('Servicio Iniciado',)
16:13:14 - INF - <module> - ('Servicio Finalizado',)
16:13:15 - INF - <module> - ('Servicio Finalizado',)
16:15:13 - INF - <module> - ('Servicio Iniciado',)
16:15:16 - INF - <module> - ('Servicio Iniciado',)
16:15:21 - INF - get - ('Servicio de post iniciado',)
16:18:07 - INF - get - ('Servicio de post iniciado',)
16:18:13 - INF - get - ('Servicio de post iniciado',)
16:18:37 - INF - get - ('Servicio de post iniciado',)
16:18:38 - INF - get - ('Servicio de post iniciado',)
16:18:46 - INF - get - ('Servicio de post iniciado',)
16:18:57 - INF - get - ('Servicio de post iniciado',)
16:19:47 - INF - get - ('Servicio de post iniciado',)
16:21:11 - INF - <module> - ('Servicio Finalizado',)
16:21:12 - INF - <module> - ('Servicio Iniciado',)
16:23:35 - INF - get - ('Servicio de post iniciado',)
16:23:35 - INF - get - ('Servicio de post iniciado',)
16:23:38 - INF - get - ('Servicio de post iniciado',)
16:24:30 - INF - get - ('Servicio de post iniciado',)
16:24:33 - INF - get - ('Servicio de post iniciado',)
16:39:25 - INF - <module> - ('Servicio Finalizado',)
16:39:25 - INF - <module> - ('Servicio Finalizado',)
17:04:29 - INF - <module> - ('Servicio Iniciado',)
17:04:31 - INF - <module> - ('Servicio Iniciado',)
17:04:35 - INF - get - ('Servicio de post iniciado',)
17:04:51 - INF - get - ('Servicio de post iniciado',)
17:05:02 - INF - get - ('Servicio de post iniciado',)
17:05:09 - INF - get - ('Servicio de post iniciado',)
17:05:35 - INF - get - ('Servicio de post iniciado',)
17:06:36 - INF - get - ('Servicio de post iniciado',)
17:07:00 - INF - get - ('Servicio de post iniciado',)
17:07:10 - INF - get - ('Servicio de post iniciado',)
17:07:36 - INF - get - ('Servicio de post iniciado',)
17:23:28 - INF - get - ('Servicio de post iniciado',)
17:27:50 - INF - get - ('Servicio de post iniciado',)
17:27:56 - INF - get - ('Servicio de post iniciado',)
17:28:28 - INF - get - ('Servicio de post iniciado',)
17:28:51 - INF - get - ('Servicio de post iniciado',)
17:29:32 - INF - get - ('Servicio de post iniciado',)
17:30:40 - INF - get - ('Servicio de post iniciado',)
17:30:51 - INF - get - ('Servicio de post iniciado',)
17:31:08 - INF - get - ('Servicio de post iniciado',)
17:39:30 - INF - get - ('Servicio de post iniciado',)
17:39:33 - INF - get - ('Servicio de post iniciado',)
17:39:35 - INF - get - ('Servicio de post iniciado',)
17:40:24 - INF - get - ('Servicio de post iniciado',)
17:42:37 - INF - get - ('Servicio de post iniciado',)
17:43:04 - INF - get - ('Servicio de post iniciado',)
17:43:32 - INF - get - ('Servicio de post iniciado',)
17:43:45 - INF - get - ('Servicio de post iniciado',)
17:47:21 - INF - get - ('Servicio de post iniciado',)
17:47:26 - INF - get - ('Servicio de post iniciado',)
17:47:31 - INF - get - ('Servicio de post iniciado',)
17:47:34 - INF - get - ('Servicio de post iniciado',)
17:47:35 - INF - get - ('Servicio de post iniciado',)
17:47:35 - INF - get - ('Servicio de post iniciado',)
17:47:36 - INF - get - ('Servicio de post iniciado',)
17:47:36 - INF - get - ('Servicio de post iniciado',)
17:47:36 - INF - get - ('Servicio de post iniciado',)
17:47:36 - INF - get - ('Servicio de post iniciado',)
17:47:37 - INF - get - ('Servicio de post iniciado',)
17:47:37 - INF - get - ('Servicio de post iniciado',)
17:47:38 - INF - get - ('Servicio de post iniciado',)
17:47:42 - INF - get - ('Servicio de post iniciado',)
17:51:28 - INF - get - ('Servicio de post iniciado',)
17:51:29 - INF - get - ('Servicio de post iniciado',)
17:51:29 - INF - get - ('Servicio de post iniciado',)
17:51:56 - INF - get - ('Servicio de post iniciado',)
17:52:05 - INF - get - ('Servicio de post iniciado',)
17:53:18 - INF - get - ('Servicio de post iniciado',)
17:55:12 - INF - get - ('Servicio de post iniciado',)
17:56:07 - INF - get - ('Servicio de post iniciado',)
17:56:28 - INF - get - ('Servicio de post iniciado',)
17:56:53 - INF - get - ('Servicio de post iniciado',)
17:56:57 - INF - get - ('Servicio de post iniciado',)
17:57:13 - INF - get - ('Servicio de post iniciado',)
17:59:12 - INF - get - ('Servicio de post iniciado',)
17:59:18 - INF - get - ('Servicio de post iniciado',)
17:59:31 - INF - get - ('Servicio de post iniciado',)
18:02:00 - INF - get - ('Servicio de post iniciado',)
18:08:22 - INF - get - ('Servicio de post iniciado',)
18:09:44 - INF - get - ('Servicio de post iniciado',)
18:09:58 - INF - get - ('Servicio de post iniciado',)
18:10:46 - INF - post - ('Servicio de Creación de publicación Iniciado',)
18:11:43 - INF - get - ('Servicio de post iniciado',)
18:13:28 - INF - get - ('Servicio de post iniciado',)
18:13:35 - INF - get - ('Servicio de post iniciado',)
18:14:11 - INF - get - ('Servicio de post iniciado',)
18:14:32 - INF - get - ('Servicio de post iniciado',)
18:15:26 - INF - get - ('Servicio de post iniciado',)
18:16:42 - INF - get - ('Servicio de post iniciado',)
18:17:19 - INF - get - ('Servicio de post iniciado',)
18:17:22 - INF - get - ('Servicio de post iniciado',)
18:17:37 - INF - get - ('Servicio de post iniciado',)
18:18:04 - INF - get - ('Servicio de post iniciado',)
18:18:08 - INF - post - ('Servicio de Creación de publicación Iniciado',)
18:18:19 - INF - post - ('Servicio de Creación de publicación Iniciado',)
18:18:45 - INF - get - ('Servicio de post iniciado',)
18:29:19 - INF - get - ('Servicio de post iniciado',)
18:29:24 - INF - get - ('Servicio de post iniciado',)
18:30:38 - INF - get - ('Servicio de post iniciado',)
18:31:34 - INF - get - ('Servicio de post iniciado',)
18:31:45 - INF - get - ('Servicio de post iniciado',)
18:31:49 - INF - post - ('Servicio de Creación de publicación Iniciado',)
18:32:08 - INF - post - ('Servicio de Creación de publicación Iniciado',)
18:32:08 - INF - token_validate - ('Ocurrio un error al validar el tokeneyJhbGciOiJIUzI1NiIsInR5cCI6IkpXVCJ9.eyJpYXQiOjE3MzcxNTU0MzAsImV4cCI6MTczNzE1NjMzMCwidXNlcm5hbWUiOiJiYW1iaUBob2xhLmNvbSJ9.913Y8Oyq-fI5Nm0mqnMT4Vv0KuXxrC_i-4T47yWUxcQ',)
18:32:08 - INF - token_validate - (ExpiredSignatureError('Signature has expired'),)
18:32:26 - INF - post - ('Servicio de Creación de publicación Iniciado',)
18:32:58 - INF - <module> - ('Servicio Finalizado',)
18:32:58 - INF - <module> - ('Servicio Finalizado',)
18:34:45 - INF - <module> - ('Servicio Iniciado',)
18:34:47 - INF - <module> - ('Servicio Iniciado',)
18:35:11 - INF - <module> - ('Servicio Finalizado',)
18:35:11 - INF - <module> - ('Servicio Finalizado',)
18:35:48 - INF - <module> - ('Servicio Iniciado',)
18:35:49 - INF - <module> - ('Servicio Iniciado',)
18:36:00 - INF - post - ('Servicio de Creación de publicación Iniciado',)
18:37:32 - INF - <module> - ('Servicio Finalizado',)
18:37:33 - INF - <module> - ('Servicio Iniciado',)
18:42:57 - INF - get - ('Servicio de post iniciado',)
18:43:02 - INF - get - ('Servicio de post iniciado',)
18:43:34 - INF - get - ('Servicio de post iniciado',)
18:44:17 - INF - get - ('Servicio de post iniciado',)
18:44:37 - INF - get - ('Servicio de post iniciado',)
18:44:40 - INF - get - ('Servicio de post iniciado',)
18:45:16 - INF - get - ('Servicio de post iniciado',)
18:46:14 - INF - get - ('Servicio de post iniciado',)
18:46:21 - INF - get - ('Servicio de post iniciado',)
18:46:33 - INF - get - ('Servicio de post iniciado',)
18:46:59 - INF - get - ('Servicio de post iniciado',)
18:47:09 - INF - get - ('Servicio de post iniciado',)
18:47:29 - INF - get - ('Servicio de post iniciado',)
18:48:03 - INF - get - ('Servicio de post iniciado',)
18:48:07 - INF - get - ('Servicio de post iniciado',)
18:55:48 - INF - get - ('Servicio de post iniciado',)
18:55:48 - INF - get - ('Servicio de post iniciado',)
18:56:21 - INF - get - ('Servicio de post iniciado',)
18:56:21 - INF - get - ('Servicio de post iniciado',)
18:56:35 - INF - get - ('Servicio de post iniciado',)
18:57:56 - INF - get - ('Servicio de post iniciado',)
18:58:52 - INF - get - ('Servicio de post iniciado',)
18:58:52 - INF - get - ('Servicio de post iniciado',)
18:59:25 - INF - post - ('Servicio de Creación de publicación Iniciado',)
18:59:27 - INF - post - ('Servicio de Creación de publicación Iniciado',)
18:59:28 - INF - post - ('Servicio de Creación de publicación Iniciado',)
18:59:36 - INF - get - ('Servicio de post iniciado',)
18:59:36 - INF - get - ('Servicio de post iniciado',)
19:01:03 - INF - get - ('Servicio de post iniciado',)
19:05:16 - INF - <module> - ('Servicio Finalizado',)
19:05:19 - INF - <module> - ('Servicio Iniciado',)
19:05:38 - INF - <module> - ('Servicio Finalizado',)
19:05:39 - INF - <module> - ('Servicio Iniciado',)
19:12:22 - INF - post - ('Servicio de Creación de publicación Iniciado',)
19:12:22 - INF - create_post - ("Error Creando publicación no existe la columna «id»\nLINE 1: ...ts (user_id, post_content) VALUES (7, 'string') RETURNING id\n                                                                     ^\n",)
19:13:16 - INF - <module> - ('Servicio Finalizado',)
19:13:17 - INF - <module> - ('Servicio Iniciado',)
19:13:34 - INF - post - ('Servicio de Creación de publicación Iniciado',)
19:13:34 - INF - post - (TypeError("'set' object is not subscriptable"),)
19:14:17 - INF - <module> - ('Servicio Finalizado',)
19:14:18 - INF - <module> - ('Servicio Iniciado',)
19:14:35 - INF - <module> - ('Servicio Finalizado',)
19:14:35 - INF - <module> - ('Servicio Iniciado',)
19:14:43 - INF - post - ('Servicio de Creación de publicación Iniciado',)
19:17:02 - INF - <module> - ('Servicio Finalizado',)
19:17:03 - INF - <module> - ('Servicio Iniciado',)
19:17:16 - INF - <module> - ('Servicio Finalizado',)
19:17:17 - INF - <module> - ('Servicio Iniciado',)
19:18:14 - INF - <module> - ('Servicio Finalizado',)
19:18:14 - INF - <module> - ('Servicio Iniciado',)
19:18:39 - INF - <module> - ('Servicio Finalizado',)
19:18:40 - INF - <module> - ('Servicio Iniciado',)
19:19:43 - INF - <module> - ('Servicio Finalizado',)
19:19:44 - INF - <module> - ('Servicio Iniciado',)
19:23:47 - INF - post - ('Servicio de Creación de Publicación Iniciado',)
19:23:47 - INF - token_validate - ('Ocurrio un error al validar el token7',)
19:23:47 - INF - token_validate - (DecodeError('Not enough segments'),)
19:24:08 - INF - <module> - ('Servicio Finalizado',)
19:24:09 - INF - <module> - ('Servicio Iniciado',)
19:24:15 - INF - <module> - ('Servicio Finalizado',)
19:24:16 - INF - <module> - ('Servicio Iniciado',)
19:25:43 - INF - <module> - ('Servicio Finalizado',)
19:25:44 - INF - <module> - ('Servicio Iniciado',)
19:26:30 - INF - <module> - ('Servicio Finalizado',)
19:26:30 - INF - <module> - ('Servicio Iniciado',)
19:27:25 - INF - <module> - ('Servicio Finalizado',)
19:27:26 - INF - <module> - ('Servicio Iniciado',)
19:27:35 - INF - <module> - ('Servicio Finalizado',)
19:27:36 - INF - <module> - ('Servicio Iniciado',)
19:28:00 - INF - post - ('Servicio de Creación de Publicación Iniciado',)
19:28:03 - INF - create_post - ("Error creando publicación: no existe la columna «post_id»\nLINE 1: ...ser_id, post_content) VALUES (6, 'string') RETURNING post_id\n                                                                ^\n",)
19:29:15 - INF - <module> - ('Servicio Finalizado',)
19:29:16 - INF - <module> - ('Servicio Iniciado',)
19:29:21 - INF - post - ('Servicio de Creación de Publicación Iniciado',)
19:30:27 - INF - <module> - ('Servicio Finalizado',)
19:30:28 - INF - <module> - ('Servicio Iniciado',)
19:30:33 - INF - post - ('Servicio de Creación de Publicación Iniciado',)
19:34:05 - INF - get - ('Servicio de post iniciado',)
19:34:05 - INF - get - ('Servicio de post iniciado',)
19:37:01 - INF - get - ('Servicio de post iniciado',)
19:37:01 - INF - get - ('Servicio de post iniciado',)
19:38:00 - INF - get - ('Servicio de post iniciado',)
19:38:13 - INF - get - ('Servicio de post iniciado',)
19:38:19 - INF - get - ('Servicio de post iniciado',)
19:38:37 - INF - get - ('Servicio de post iniciado',)
19:38:37 - INF - get - ('Servicio de post iniciado',)
19:38:40 - INF - post - ('Servicio de Creación de Publicación Iniciado',)
19:40:47 - INF - get - ('Servicio de post iniciado',)
19:41:27 - INF - <module> - ('Servicio Finalizado',)
19:41:30 - INF - <module> - ('Servicio Iniciado',)
19:41:32 - INF - <module> - ('Servicio Finalizado',)
19:41:33 - INF - <module> - ('Servicio Iniciado',)
19:43:37 - INF - get - ('Servicio de post iniciado',)
19:43:47 - INF - get - ('Servicio de post iniciado',)
19:43:47 - INF - get - ('Servicio de post iniciado',)
19:43:52 - INF - post - ('Servicio de Creación de Publicación Iniciado',)
19:46:13 - INF - get - ('Servicio de post iniciado',)
19:46:13 - INF - get - ('Servicio de post iniciado',)
20:51:14 - INF - get - ('Servicio de post iniciado',)
20:51:14 - INF - get - ('Servicio de post iniciado',)
20:51:25 - INF - get - ('Servicio de post iniciado',)
20:51:25 - INF - get - ('Servicio de post iniciado',)
20:51:55 - INF - get - ('Servicio de post iniciado',)
20:51:55 - INF - get - ('Servicio de post iniciado',)
21:08:19 - INF - get - ('Servicio de post iniciado',)
21:08:19 - INF - get - ('Servicio de post iniciado',)
21:12:13 - INF - get - ('Servicio de post iniciado',)
21:12:14 - INF - get - ('Servicio de post iniciado',)
21:12:24 - INF - get - ('Servicio de post iniciado',)
21:12:24 - INF - get - ('Servicio de post iniciado',)
21:12:40 - INF - post - ('Servicio de Creación de Publicación Iniciado',)
21:13:07 - INF - post - ('Servicio de Creación de Publicación Iniciado',)
21:13:09 - INF - post - ('Servicio de Creación de Publicación Iniciado',)
21:13:09 - INF - post - ('Servicio de Creación de Publicación Iniciado',)
21:14:06 - INF - <module> - ('Servicio Finalizado',)
21:14:08 - INF - <module> - ('Servicio Iniciado',)
21:14:09 - INF - post - ('Servicio de Creación de Publicación Iniciado',)
21:14:42 - INF - <module> - ('Servicio Finalizado',)
21:14:44 - INF - <module> - ('Servicio Iniciado',)
21:14:46 - INF - <module> - ('Servicio Finalizado',)
21:14:47 - INF - <module> - ('Servicio Iniciado',)
21:14:58 - INF - <module> - ('Servicio Finalizado',)
21:14:59 - INF - <module> - ('Servicio Iniciado',)
21:15:15 - INF - post - ('Servicio de Creación de Publicación Iniciado',)
21:25:55 - INF - get - ('Servicio de post iniciado',)
21:25:55 - INF - get - ('Servicio de post iniciado',)
21:42:49 - INF - post - ('Servicio de Creación de Publicación Iniciado',)
21:47:47 - INF - post - ('Servicio de Creación de Publicación Iniciado',)
21:48:31 - INF - <module> - ('Servicio Finalizado',)
21:48:33 - INF - <module> - ('Servicio Iniciado',)
21:48:54 - INF - <module> - ('Servicio Finalizado',)
21:48:55 - INF - <module> - ('Servicio Iniciado',)
21:48:58 - INF - post - ('Servicio de Creación de Publicación Iniciado',)
21:49:18 - INF - <module> - ('Servicio Finalizado',)
21:49:19 - INF - <module> - ('Servicio Iniciado',)
21:49:21 - INF - post - ('Servicio de Creación de Publicación Iniciado',)
21:49:32 - INF - <module> - ('Servicio Finalizado',)
21:49:33 - INF - <module> - ('Servicio Iniciado',)
21:49:36 - INF - post - ('Servicio de Creación de Publicación Iniciado',)
21:49:42 - INF - <module> - ('Servicio Finalizado',)
21:49:43 - INF - <module> - ('Servicio Iniciado',)
21:49:59 - INF - <module> - ('Servicio Finalizado',)
21:49:59 - INF - <module> - ('Servicio Finalizado',)
21:51:35 - INF - <module> - ('Servicio Iniciado',)
21:51:37 - INF - <module> - ('Servicio Iniciado',)
21:52:05 - INF - post - ('Servicio de Creación de Publicación Iniciado',)
21:53:05 - INF - <module> - ('Servicio Finalizado',)
21:53:06 - INF - <module> - ('Servicio Iniciado',)
21:53:59 - INF - <module> - ('Servicio Finalizado',)
21:54:01 - INF - <module> - ('Servicio Iniciado',)
21:54:14 - INF - <module> - ('Servicio Finalizado',)
21:54:15 - INF - <module> - ('Servicio Iniciado',)
21:54:42 - INF - <module> - ('Servicio Finalizado',)
21:54:43 - INF - <module> - ('Servicio Iniciado',)
21:55:39 - INF - <module> - ('Servicio Finalizado',)
21:55:49 - INF - <module> - ('Servicio Iniciado',)
22:00:06 - INF - <module> - ('Servicio Finalizado',)
22:00:10 - INF - <module> - ('Servicio Iniciado',)
22:01:15 - INF - <module> - ('Servicio Finalizado',)
22:01:16 - INF - <module> - ('Servicio Iniciado',)
22:10:21 - INF - <module> - ('Servicio Finalizado',)
22:10:22 - INF - <module> - ('Servicio Iniciado',)
22:11:01 - INF - <module> - ('Servicio Finalizado',)
22:11:02 - INF - <module> - ('Servicio Iniciado',)
22:11:20 - INF - <module> - ('Servicio Finalizado',)
22:11:21 - INF - <module> - ('Servicio Iniciado',)
22:11:52 - INF - <module> - ('Servicio Finalizado',)
22:11:53 - INF - <module> - ('Servicio Iniciado',)
22:12:02 - INF - post - ('Servicio de Creación de Publicación Iniciado',)
22:12:36 - INF - <module> - ('Servicio Finalizado',)
22:12:37 - INF - <module> - ('Servicio Iniciado',)
22:13:25 - INF - <module> - ('Servicio Finalizado',)
22:13:27 - INF - <module> - ('Servicio Iniciado',)
22:13:27 - INF - post - ('Servicio de Creación de Publicación Iniciado',)
22:13:43 - INF - post - ('Servicio de Creación de Publicación Iniciado',)
22:14:03 - INF - <module> - ('Servicio Finalizado',)
22:14:04 - INF - <module> - ('Servicio Iniciado',)
22:14:07 - INF - post - ('Servicio de Creación de Publicación Iniciado',)
22:15:38 - INF - get - ('Servicio de post iniciado',)
22:15:38 - INF - get - ('Servicio de post iniciado',)
22:16:02 - INF - get - ('Servicio de post iniciado',)
22:16:13 - INF - get - ('Servicio de post iniciado',)
22:17:39 - INF - get - ('Servicio de post iniciado',)
22:18:02 - INF - get - ('Servicio de post iniciado',)
22:18:32 - INF - get - ('Servicio de post iniciado',)
22:18:34 - INF - post - ('Servicio de Creación de Publicación Iniciado',)
22:18:47 - INF - get - ('Servicio de post iniciado',)
22:18:47 - INF - get - ('Servicio de post iniciado',)
22:19:01 - INF - post - ('Servicio de Creación de Publicación Iniciado',)
22:19:34 - INF - get - ('Servicio de post iniciado',)
22:19:34 - INF - get - ('Servicio de post iniciado',)
22:24:18 - INF - <module> - ('Servicio Finalizado',)
22:24:20 - INF - <module> - ('Servicio Iniciado',)
22:24:37 - INF - get - ('Servicio de post iniciado',)
22:24:37 - INF - get - ('Servicio de post iniciado',)
22:25:03 - INF - get - ('Servicio de post iniciado',)
22:25:03 - INF - get - ('Servicio de post iniciado',)
22:25:06 - INF - post - ('Servicio de Creación de Publicación Iniciado',)
22:25:40 - INF - post - ('Servicio de Creación de Publicación Iniciado',)
22:25:53 - INF - get - ('Servicio de post iniciado',)
22:27:33 - INF - get - ('Servicio de post iniciado',)
22:27:33 - INF - post - ('Servicio de Creación de Publicación Iniciado',)
22:27:46 - INF - get - ('Servicio de post iniciado',)
22:27:46 - INF - get - ('Servicio de post iniciado',)
22:28:16 - INF - get - ('Servicio de post iniciado',)
22:28:19 - INF - get - ('Servicio de post iniciado',)
22:28:20 - INF - post - ('Servicio de Creación de Publicación Iniciado',)
22:28:20 - INF - get - ('Servicio de post iniciado',)
22:28:54 - INF - post - ('Servicio de Creación de Publicación Iniciado',)
22:28:54 - INF - get - ('Servicio de post iniciado',)
22:28:56 - INF - post - ('Servicio de Creación de Publicación Iniciado',)
22:28:56 - INF - get - ('Servicio de post iniciado',)
22:28:56 - INF - get - ('Servicio de post iniciado',)
22:28:58 - INF - get - ('Servicio de post iniciado',)
22:28:58 - INF - post - ('Servicio de Creación de Publicación Iniciado',)
22:28:58 - INF - get - ('Servicio de post iniciado',)
22:29:05 - INF - get - ('Servicio de post iniciado',)
22:29:05 - INF - post - ('Servicio de Creación de Publicación Iniciado',)
22:29:05 - INF - get - ('Servicio de post iniciado',)
22:29:17 - INF - get - ('Servicio de post iniciado',)
22:29:17 - INF - get - ('Servicio de post iniciado',)
22:33:10 - INF - get - ('Servicio de post iniciado',)
22:33:10 - INF - get - ('Servicio de post iniciado',)
22:33:31 - INF - get - ('Servicio de post iniciado',)
22:33:56 - INF - get - ('Servicio de post iniciado',)
22:34:11 - INF - get - ('Servicio de post iniciado',)
22:34:32 - INF - get - ('Servicio de post iniciado',)
22:35:20 - INF - get - ('Servicio de post iniciado',)
22:35:20 - INF - post - ('Servicio de Creación de Publicación Iniciado',)
22:35:20 - INF - get - ('Servicio de post iniciado',)
22:35:22 - INF - get - ('Servicio de post iniciado',)
22:36:20 - INF - get - ('Servicio de post iniciado',)
22:36:26 - INF - get - ('Servicio de post iniciado',)
22:36:31 - INF - post - ('Servicio de Creación de Publicación Iniciado',)
22:36:31 - INF - get - ('Servicio de post iniciado',)
22:36:31 - INF - get - ('Servicio de post iniciado',)
22:37:17 - INF - get - ('Servicio de post iniciado',)
22:37:17 - INF - post - ('Servicio de Creación de Publicación Iniciado',)
22:37:17 - INF - get - ('Servicio de post iniciado',)
22:37:51 - INF - get - ('Servicio de post iniciado',)
22:37:52 - INF - post - ('Servicio de Creación de Publicación Iniciado',)
22:37:52 - INF - get - ('Servicio de post iniciado',)
22:37:53 - INF - get - ('Servicio de post iniciado',)
22:38:04 - INF - get - ('Servicio de post iniciado',)
22:38:04 - INF - post - ('Servicio de Creación de Publicación Iniciado',)
22:38:04 - INF - get - ('Servicio de post iniciado',)
22:38:04 - INF - get - ('Servicio de post iniciado',)
22:38:18 - INF - get - ('Servicio de post iniciado',)
22:38:18 - INF - post - ('Servicio de Creación de Publicación Iniciado',)
22:38:18 - INF - get - ('Servicio de post iniciado',)
22:38:18 - INF - get - ('Servicio de post iniciado',)
22:38:30 - INF - get - ('Servicio de post iniciado',)
22:38:32 - INF - get - ('Servicio de post iniciado',)
22:38:32 - INF - post - ('Servicio de Creación de Publicación Iniciado',)
22:38:32 - INF - get - ('Servicio de post iniciado',)
22:38:32 - INF - get - ('Servicio de post iniciado',)
22:38:46 - INF - get - ('Servicio de post iniciado',)
22:38:46 - INF - get - ('Servicio de post iniciado',)
22:38:46 - INF - post - ('Servicio de Creación de Publicación Iniciado',)
22:38:46 - INF - get - ('Servicio de post iniciado',)
22:39:09 - INF - get - ('Servicio de post iniciado',)
22:39:09 - INF - get - ('Servicio de post iniciado',)
22:39:09 - INF - post - ('Servicio de Creación de Publicación Iniciado',)
22:39:10 - INF - get - ('Servicio de post iniciado',)
22:39:21 - INF - get - ('Servicio de post iniciado',)
22:39:56 - INF - get - ('Servicio de post iniciado',)
22:39:56 - INF - get - ('Servicio de post iniciado',)
22:39:56 - INF - post - ('Servicio de Creación de Publicación Iniciado',)
22:39:56 - INF - get - ('Servicio de post iniciado',)
22:40:05 - INF - get - ('Servicio de post iniciado',)
22:40:05 - INF - post - ('Servicio de Creación de Publicación Iniciado',)
22:40:05 - INF - get - ('Servicio de post iniciado',)
22:40:05 - INF - get - ('Servicio de post iniciado',)
22:40:27 - INF - get - ('Servicio de post iniciado',)
22:40:27 - INF - get - ('Servicio de post iniciado',)
22:40:27 - INF - post - ('Servicio de Creación de Publicación Iniciado',)
22:40:27 - INF - get - ('Servicio de post iniciado',)
22:41:01 - INF - get - ('Servicio de post iniciado',)
22:41:04 - INF - get - ('Servicio de post iniciado',)
22:41:04 - INF - post - ('Servicio de Creación de Publicación Iniciado',)
22:41:36 - INF - get - ('Servicio de post iniciado',)
22:41:36 - INF - get - ('Servicio de post iniciado',)
22:42:00 - INF - get - ('Servicio de post iniciado',)
22:42:09 - INF - get - ('Servicio de post iniciado',)
22:42:10 - INF - get - ('Servicio de post iniciado',)
22:42:10 - INF - post - ('Servicio de Creación de Publicación Iniciado',)
22:42:14 - INF - post - ('Servicio de Creación de Publicación Iniciado',)
22:42:14 - INF - get - ('Servicio de post iniciado',)
22:42:14 - INF - get - ('Servicio de post iniciado',)
22:42:54 - INF - get - ('Servicio de post iniciado',)
22:42:55 - INF - get - ('Servicio de post iniciado',)
22:42:55 - INF - post - ('Servicio de Creación de Publicación Iniciado',)
22:42:59 - INF - post - ('Servicio de Creación de Publicación Iniciado',)
22:42:59 - INF - get - ('Servicio de post iniciado',)
22:43:00 - INF - get - ('Servicio de post iniciado',)
22:44:51 - INF - <module> - ('Servicio Finalizado',)
22:44:51 - INF - <module> - ('Servicio Finalizado',)
