00:11:05 - INF - <module> - ('Servicio Iniciado',)
00:11:07 - INF - <module> - ('Servicio Iniciado',)
00:11:28 - INF - <module> - ('Servicio Finalizado',)
00:11:28 - INF - <module> - ('Servicio Finalizado',)
00:11:37 - INF - <module> - ('Servicio Iniciado',)
00:11:38 - INF - <module> - ('Servicio Iniciado',)
00:12:11 - INF - <module> - ('Servicio Finalizado',)
00:12:11 - INF - <module> - ('Servicio Finalizado',)
00:15:16 - INF - <module> - ('Servicio Iniciado',)
00:15:17 - INF - <module> - ('Servicio Iniciado',)
00:15:32 - INF - <module> - ('Servicio Finalizado',)
00:15:32 - INF - <module> - ('Servicio Finalizado',)
00:16:09 - INF - <module> - ('Servicio Iniciado',)
00:16:11 - INF - <module> - ('Servicio Iniciado',)
00:16:57 - INF - <module> - ('Servicio Finalizado',)
00:16:57 - INF - <module> - ('Servicio Finalizado',)
00:16:58 - INF - <module> - ('Servicio Iniciado',)
00:17:00 - INF - <module> - ('Servicio Iniciado',)
00:17:57 - INF - <module> - ('Servicio Finalizado',)
00:17:57 - INF - <module> - ('Servicio Finalizado',)
00:18:29 - INF - <module> - ('Servicio Iniciado',)
00:18:30 - INF - <module> - ('Servicio Iniciado',)
00:19:19 - INF - <module> - ('Servicio Finalizado',)
00:19:19 - INF - <module> - ('Servicio Finalizado',)
13:16:59 - INF - <module> - ('Servicio Iniciado',)
13:17:00 - INF - <module> - ('Servicio Iniciado',)
13:21:51 - INF - post - ('Servicio de Creación Usuarios ejecutando',)
13:21:51 - INF - token_validate - ('Ocurrio un error al validar el tokenNone',)
13:21:51 - INF - token_validate - (DecodeError("Invalid token type. Token must be a <class 'bytes'>"),)
13:27:05 - INF - <module> - ('Servicio Finalizado',)
13:27:05 - INF - <module> - ('Servicio Finalizado',)
13:27:06 - INF - <module> - ('Servicio Iniciado',)
13:27:07 - INF - <module> - ('Servicio Iniciado',)
13:27:16 - INF - delete - ('Servicio Eliminar Usuario iniciado',)
13:27:16 - INF - token_validate - ('Ocurrio un error al validar el tokenNone',)
13:27:16 - INF - token_validate - (DecodeError("Invalid token type. Token must be a <class 'bytes'>"),)
13:34:05 - INF - <module> - ('Servicio Finalizado',)
13:34:06 - INF - <module> - ('Servicio Finalizado',)
13:36:49 - INF - <module> - ('Servicio Iniciado',)
13:36:50 - INF - <module> - ('Servicio Iniciado',)
13:37:42 - INF - post - ('Servicio de Creación Usuarios ejecutando',)
13:37:42 - INF - token_validate - ('Ocurrio un error al validar el tokenNone',)
13:37:42 - INF - token_validate - (DecodeError("Invalid token type. Token must be a <class 'bytes'>"),)
13:41:22 - INF - <module> - ('Servicio Finalizado',)
13:41:23 - INF - <module> - ('Servicio Finalizado',)
13:42:32 - INF - <module> - ('Servicio Iniciado',)
13:42:34 - INF - <module> - ('Servicio Iniciado',)
13:43:02 - INF - post - ('Servicio de Creación Usuarios ejecutando',)
13:43:02 - INF - token_validate - ('Ocurrio un error al validar el tokenNone',)
13:43:02 - INF - token_validate - (DecodeError("Invalid token type. Token must be a <class 'bytes'>"),)
13:43:07 - INF - <module> - ('Servicio Finalizado',)
13:43:07 - INF - <module> - ('Servicio Finalizado',)
14:10:51 - INF - <module> - ('Servicio Iniciado',)
14:10:53 - INF - <module> - ('Servicio Iniciado',)
14:11:32 - INF - post - ('Servicio de Creación Usuarios ejecutando',)
14:11:32 - INF - token_validate - ('Ocurrio un error al validar el tokenNone',)
14:11:32 - INF - token_validate - (DecodeError("Invalid token type. Token must be a <class 'bytes'>"),)
14:11:57 - INF - <module> - ('Servicio Finalizado',)
14:11:58 - INF - <module> - ('Servicio Iniciado',)
14:12:02 - INF - post - ('Servicio de Creación Usuarios ejecutando',)
14:12:02 - INF - post - (KeyError('HTTP_AUTHORIZATION'),)
14:43:26 - INF - post - ('Servicio de Creación Usuarios ejecutando',)
14:43:26 - INF - post - (KeyError('HTTP_AUTHORIZATION'),)
14:43:45 - INF - <module> - ('Servicio Finalizado',)
14:43:48 - INF - <module> - ('Servicio Iniciado',)
14:43:59 - INF - post - ('Servicio de Creación Usuarios ejecutando',)
14:43:59 - INF - create_user - ('Error creando al usuario -> inserción o actualización en la tabla «users» viola la llave foránea «users_id_facultad_fkey»\nDETAIL:  La llave (id_facultad)=(0) no está presente en la tabla «faculties».\n',)
14:44:24 - INF - post - ('Servicio de Creación Usuarios ejecutando',)
14:44:24 - INF - create_user - ('Error creando al usuario -> inserción o actualización en la tabla «users» viola la llave foránea «users_id_carrera_fkey»\nDETAIL:  La llave (id_carrera)=(1) no está presente en la tabla «majors».\n',)
14:46:12 - INF - post - ('Servicio de Creación Usuarios ejecutando',)
14:52:18 - INF - put - ('Servicio de Actualización de datos iniciado',)
14:52:18 - INF - token_validate - ('Ocurrio un error al validar el tokenNone',)
14:52:18 - INF - token_validate - (DecodeError("Invalid token type. Token must be a <class 'bytes'>"),)
14:52:53 - INF - <module> - ('Servicio Finalizado',)
14:52:54 - INF - <module> - ('Servicio Iniciado',)
14:52:55 - INF - put - ('Servicio de Actualización de datos iniciado',)
14:54:11 - INF - put - ('Servicio de Actualización de datos iniciado',)
15:04:08 - INF - put - ('Servicio de Actualización de datos iniciado',)
15:04:08 - INF - token_validate - ('Ocurrio un error al validar el tokeneyJhbGciOiJIUzI1NiIsInR5cCI6IkpXVCJ9.eyJpYXQiOjE3MzY5NzAxOTMsImV4cCI6MTczNjk3MTA5MywidXNlcm5hbWUiOiJwcnVlYmEifQ.rhtClbCU4amWwdSnyBJuxSluNaTk8U16paFhWAxYtNU',)
15:04:08 - INF - token_validate - (ExpiredSignatureError('Signature has expired'),)
15:04:24 - INF - put - ('Servicio de Actualización de datos iniciado',)
15:05:37 - INF - <module> - ('Servicio Finalizado',)
15:05:38 - INF - <module> - ('Servicio Iniciado',)
15:05:48 - INF - put - ('Servicio de Actualización de datos iniciado',)
15:06:42 - INF - <module> - ('Servicio Finalizado',)
15:06:43 - INF - <module> - ('Servicio Iniciado',)
15:06:44 - INF - put - ('Servicio de Actualización de datos iniciado',)
15:06:53 - INF - <module> - ('Servicio Finalizado',)
15:06:54 - INF - <module> - ('Servicio Iniciado',)
15:08:17 - INF - <module> - ('Servicio Finalizado',)
15:08:18 - INF - <module> - ('Servicio Iniciado',)
15:08:24 - INF - <module> - ('Servicio Finalizado',)
15:08:25 - INF - <module> - ('Servicio Iniciado',)
15:08:37 - INF - <module> - ('Servicio Finalizado',)
15:08:38 - INF - <module> - ('Servicio Iniciado',)
15:08:42 - INF - <module> - ('Servicio Finalizado',)
15:08:43 - INF - <module> - ('Servicio Iniciado',)
15:09:30 - INF - <module> - ('Servicio Finalizado',)
15:09:30 - INF - <module> - ('Servicio Finalizado',)
15:09:31 - INF - <module> - ('Servicio Iniciado',)
15:09:33 - INF - <module> - ('Servicio Iniciado',)
15:09:41 - INF - put - ('Servicio de Actualización de datos iniciado',)
15:10:56 - INF - <module> - ('Servicio Finalizado',)
15:10:57 - INF - <module> - ('Servicio Iniciado',)
15:11:00 - INF - put - ('Servicio de Actualización de datos iniciado',)
15:12:29 - INF - put - ('Servicio de Actualización de datos iniciado',)
15:15:08 - INF - <module> - ('Servicio Finalizado',)
15:15:09 - INF - <module> - ('Servicio Iniciado',)
15:15:26 - INF - <module> - ('Servicio Finalizado',)
15:15:27 - INF - <module> - ('Servicio Iniciado',)
15:16:07 - INF - <module> - ('Servicio Finalizado',)
15:16:07 - INF - <module> - ('Servicio Iniciado',)
15:16:11 - INF - put - ('Servicio de Actualización de datos iniciado',)
15:31:23 - INF - <module> - ('Servicio Finalizado',)
15:31:24 - INF - <module> - ('Servicio Iniciado',)
15:31:31 - INF - <module> - ('Servicio Finalizado',)
15:31:31 - INF - <module> - ('Servicio Iniciado',)
15:31:45 - INF - <module> - ('Servicio Finalizado',)
15:31:45 - INF - <module> - ('Servicio Finalizado',)
15:31:46 - INF - <module> - ('Servicio Iniciado',)
15:31:47 - INF - <module> - ('Servicio Iniciado',)
15:32:00 - INF - put - ('Servicio de Actualización de datos iniciado',)
15:33:50 - INF - <module> - ('Servicio Finalizado',)
15:33:51 - INF - <module> - ('Servicio Iniciado',)
15:37:34 - INF - post - ('Servicio de Creación Usuarios ejecutando',)
15:38:04 - INF - delete - ('Servicio Eliminar Usuario iniciado',)
15:38:04 - INF - token_validate - ('Ocurrio un error al validar el tokenNone',)
15:38:04 - INF - token_validate - (DecodeError("Invalid token type. Token must be a <class 'bytes'>"),)
15:38:22 - INF - <module> - ('Servicio Finalizado',)
15:38:23 - INF - <module> - ('Servicio Iniciado',)
15:38:24 - INF - delete - ('Servicio Eliminar Usuario iniciado',)
15:38:24 - INF - token_validate - ('Ocurrio un error al validar el tokenNone',)
15:38:24 - INF - token_validate - (DecodeError("Invalid token type. Token must be a <class 'bytes'>"),)
15:41:04 - INF - delete - ('Servicio Eliminar Usuario iniciado',)
15:41:04 - INF - token_validate - ('Ocurrio un error al validar el tokenNone',)
15:41:04 - INF - token_validate - (DecodeError("Invalid token type. Token must be a <class 'bytes'>"),)
15:41:19 - INF - <module> - ('Servicio Finalizado',)
15:41:20 - INF - <module> - ('Servicio Iniciado',)
15:41:20 - INF - delete - ('Servicio Eliminar Usuario iniciado',)
15:41:51 - INF - delete - ('Servicio Eliminar Usuario iniciado',)
15:41:51 - INF - token_validate - ('Ocurrio un error al validar el tokeneyJhbGciOiJIUzI1NiIsInR5cCI6IkpXVCJ9.eyJpYXQiOjE3MzY5NzM3MDIsImV4cCI6MTczNjk3NDYwMiwidXNlcm5hbWUiOiJwcnVlYmEifQ.LvFZTcitidtQ1LeBveTXTpeez9ELJh4iGiryKjZijcg.eyJpYXQiOjE3MzY5NzM0MTYsImV4cCI6MTczNjk3NDMxNiwidXNlcm5hbWUiOiJwcnVlYmEifQ.bZSKvjrBMQmf7ZiBtpbwQcdsxBx5ncv_Xkx8Ar2Bkak',)
15:41:51 - INF - token_validate - (InvalidSignatureError('Signature verification failed'),)
15:42:01 - INF - delete - ('Servicio Eliminar Usuario iniciado',)
15:42:38 - INF - <module> - ('Servicio Finalizado',)
15:42:39 - INF - <module> - ('Servicio Iniciado',)
15:42:44 - INF - delete - ('Servicio Eliminar Usuario iniciado',)
15:43:39 - INF - <module> - ('Servicio Finalizado',)
15:43:39 - INF - <module> - ('Servicio Iniciado',)
15:43:40 - INF - delete - ('Servicio Eliminar Usuario iniciado',)
15:44:57 - INF - <module> - ('Servicio Finalizado',)
15:44:58 - INF - <module> - ('Servicio Iniciado',)
15:46:29 - INF - <module> - ('Servicio Finalizado',)
15:46:29 - INF - <module> - ('Servicio Iniciado',)
15:48:03 - INF - <module> - ('Servicio Finalizado',)
15:48:04 - INF - <module> - ('Servicio Iniciado',)
15:48:13 - INF - delete - ('Servicio Eliminar Usuario iniciado',)
15:49:21 - INF - <module> - ('Servicio Finalizado',)
15:49:22 - INF - <module> - ('Servicio Iniciado',)
15:53:57 - INF - <module> - ('Servicio Finalizado',)
15:53:57 - INF - <module> - ('Servicio Finalizado',)
15:59:32 - INF - <module> - ('Servicio Iniciado',)
15:59:34 - INF - <module> - ('Servicio Iniciado',)
16:00:15 - INF - delete - ('Servicio Eliminar Usuario iniciado',)
16:01:07 - INF - <module> - ('Servicio Finalizado',)
16:01:08 - INF - <module> - ('Servicio Iniciado',)
16:01:09 - INF - delete - ('Servicio Eliminar Usuario iniciado',)
16:01:22 - INF - delete - ('Servicio Eliminar Usuario iniciado',)
16:01:58 - INF - <module> - ('Servicio Finalizado',)
16:01:58 - INF - <module> - ('Servicio Finalizado',)
16:35:48 - INF - <module> - ('Servicio Iniciado',)
16:35:50 - INF - <module> - ('Servicio Iniciado',)
16:37:55 - INF - <module> - ('Servicio Finalizado',)
16:37:55 - INF - <module> - ('Servicio Finalizado',)
16:40:13 - INF - <module> - ('Servicio Iniciado',)
16:40:14 - INF - <module> - ('Servicio Iniciado',)
16:40:38 - INF - post - ('Servicio de Creación Usuarios ejecutando',)
16:40:38 - INF - post - (KeyError('HTTP_TOKEN'),)
16:40:59 - INF - <module> - ('Servicio Finalizado',)
16:41:00 - INF - <module> - ('Servicio Iniciado',)
16:41:01 - INF - post - ('Servicio de Creación Usuarios ejecutando',)
16:41:42 - INF - <module> - ('Servicio Finalizado',)
16:41:42 - INF - <module> - ('Servicio Iniciado',)
16:42:01 - INF - post - ('Servicio de Creación Usuarios ejecutando',)
16:42:07 - INF - <module> - ('Servicio Finalizado',)
16:42:08 - INF - <module> - ('Servicio Iniciado',)
16:43:10 - INF - <module> - ('Servicio Finalizado',)
16:43:10 - INF - <module> - ('Servicio Finalizado',)
16:43:48 - INF - <module> - ('Servicio Iniciado',)
16:43:49 - INF - <module> - ('Servicio Iniciado',)
16:44:31 - INF - put - ('Servicio de Actualización de datos iniciado',)
16:44:57 - INF - delete - ('Servicio Eliminar Usuario iniciado',)
16:46:10 - INF - <module> - ('Servicio Finalizado',)
16:46:10 - INF - <module> - ('Servicio Iniciado',)
16:46:21 - INF - put - ('Servicio de Actualización de datos iniciado',)
16:48:52 - INF - <module> - ('Servicio Finalizado',)
16:48:53 - INF - <module> - ('Servicio Iniciado',)
16:48:57 - INF - put - ('Servicio de Actualización de datos iniciado',)
16:49:13 - INF - <module> - ('Servicio Finalizado',)
16:49:14 - INF - <module> - ('Servicio Iniciado',)
16:49:15 - INF - put - ('Servicio de Actualización de datos iniciado',)
16:49:43 - INF - <module> - ('Servicio Finalizado',)
16:49:44 - INF - <module> - ('Servicio Iniciado',)
16:49:46 - INF - put - ('Servicio de Actualización de datos iniciado',)
16:50:03 - INF - put - ('Servicio de Actualización de datos iniciado',)
16:51:07 - INF - <module> - ('Servicio Finalizado',)
16:51:08 - INF - <module> - ('Servicio Iniciado',)
16:51:10 - INF - put - ('Servicio de Actualización de datos iniciado',)
16:51:28 - INF - <module> - ('Servicio Finalizado',)
16:51:29 - INF - <module> - ('Servicio Iniciado',)
16:51:40 - INF - <module> - ('Servicio Finalizado',)
16:51:40 - INF - <module> - ('Servicio Finalizado',)
16:58:02 - INF - <module> - ('Servicio Iniciado',)
16:58:04 - INF - <module> - ('Servicio Iniciado',)
16:58:11 - INF - put - ('Servicio de Actualización de datos iniciado',)
16:58:11 - INF - token_validate - ('Ocurrio un error al validar el tokeneyJhbGciOiJIUzI1NiIsInR5cCI6IkpXVCJ9.eyJpYXQiOjE3MzY5NzgyNzMsImV4cCI6MTczNjk3OTE3MywidXNlcm5hbWUiOiJmZXJuYW5kbyJ9.Raqh72mahXBa3TE_2S9UoxZjyL-__8ZaCL1RELS22xk.eyJpYXQiOjE3MzY5Nzc0NDAsImV4cCI6MTczNjk3ODM0MCwidXNlcm5hbWUiOiJGZXJuYW5kbyJ9.WZz39hl71GCJ7Ek5OJr2zNjT6IedKk0izMNE-k54U5U',)
16:58:11 - INF - token_validate - (InvalidSignatureError('Signature verification failed'),)
16:58:37 - INF - put - ('Servicio de Actualización de datos iniciado',)
16:58:58 - INF - delete - ('Servicio Eliminar Usuario iniciado',)
17:01:26 - INF - <module> - ('Servicio Finalizado',)
17:01:26 - INF - <module> - ('Servicio Finalizado',)
18:54:55 - INF - <module> - ('Servicio Iniciado',)
18:54:56 - INF - <module> - ('Servicio Iniciado',)
18:56:45 - INF - <module> - ('Servicio Finalizado',)
18:56:45 - INF - <module> - ('Servicio Finalizado',)
19:12:45 - INF - <module> - ('Servicio Iniciado',)
19:12:46 - INF - <module> - ('Servicio Iniciado',)
19:15:06 - INF - <module> - ('Servicio Finalizado',)
19:15:06 - INF - <module> - ('Servicio Finalizado',)
19:15:37 - INF - <module> - ('Servicio Iniciado',)
19:15:39 - INF - <module> - ('Servicio Iniciado',)
19:18:22 - INF - <module> - ('Servicio Finalizado',)
19:18:22 - INF - <module> - ('Servicio Finalizado',)
19:18:23 - INF - <module> - ('Servicio Iniciado',)
19:18:24 - INF - <module> - ('Servicio Iniciado',)
19:18:53 - INF - <module> - ('Servicio Finalizado',)
19:18:54 - INF - <module> - ('Servicio Iniciado',)
19:18:56 - INF - get - ('Servicio de Publicaciones Iniciado',)
19:19:36 - INF - <module> - ('Servicio Finalizado',)
19:19:36 - INF - <module> - ('Servicio Iniciado',)
19:19:39 - INF - <module> - ('Servicio Finalizado',)
19:19:39 - INF - <module> - ('Servicio Iniciado',)
19:19:39 - INF - get - ('Servicio de Publicaciones Iniciado',)
19:20:03 - INF - <module> - ('Servicio Finalizado',)
19:20:03 - INF - <module> - ('Servicio Finalizado',)
20:13:33 - INF - <module> - ('Servicio Iniciado',)
20:13:35 - INF - <module> - ('Servicio Iniciado',)
20:13:49 - INF - get - ('Servicio de Publicaciones Iniciado',)
20:13:49 - INF - token_validate - ('Ocurrio un error al validar el tokeneyJhbGciOiJIUzI1NiIsInR5cCI6IkpXVCJ9.eyJpYXQiOjE3MzY5OTAwMTksImV4cCI6MTczNjk5MDkxOSwidXNlcm5hbWUiOiJraWFyYSJ9.0BtX3YUHMmpyQTzo6w9HKw8J71_-9qlhfc5HOaUsSkA.eyJpYXQiOjE3MzY5ODYzMjgsImV4cCI6MTczNjk4NzIyOCwidXNlcm5hbWUiOiJraWFyYSJ9.wusjd8tOZ8ieC3yfdMnZ5FkcrDA8Cov2AHpqj7wmogE',)
20:13:49 - INF - token_validate - (InvalidSignatureError('Signature verification failed'),)
20:13:54 - INF - get - ('Servicio de Publicaciones Iniciado',)
20:13:54 - INF - token_validate - ('Ocurrio un error al validar el tokeneyJhbGciOiJIUzI1NiIsInR5cCI6IkpXVCJ9.eyJpYXQiOjE3MzY5OTAwMTksImV4cCI6MTczNjk5MDkxOSwidXNlcm5hbWUiOiJraWFyYSJ9.0BtX3YUHMmpyQTzo6w9HKw8J71_-9qlhfc5HOaUsSkA.eyJpYXQiOjE3MzY5OTAwMTksImV4cCI6MTczNjk5MDkxOSwidXNlcm5hbWUiOiJraWFyYSJ9.0BtX3YUHMmpyQTzo6w9HKw8J71_-9qlhfc5HOaUsSkA.eyJpYXQiOjE3MzY5ODYzMjgsImV4cCI6MTczNjk4NzIyOCwidXNlcm5hbWUiOiJraWFyYSJ9.wusjd8tOZ8ieC3yfdMnZ5FkcrDA8Cov2AHpqj7wmogE',)
20:13:54 - INF - token_validate - (InvalidSignatureError('Signature verification failed'),)
20:14:01 - INF - get - ('Servicio de Publicaciones Iniciado',)
20:14:01 - INF - token_validate - ('Ocurrio un error al validar el tokeneyJhbGciOiJIUzI1NiIsInR5cCI6IkpXVCJ9.eyJpYXQiOjE3MzY5OTAwMTksImV4cCI6MTczNjk5MDkxOSwidXNlcm5hbWUiOiJraWFyYSJ9.0BtX3YUHMmpyQTzo6w9HKw8J71_-9qlhfc5HOaUsSkA.eyJpYXQiOjE3MzY5OTAwMTksImV4cCI6MTczNjk5MDkxOSwidXNlcm5hbWUiOiJraWFyYSJ9.0BtX3YUHMmpyQTzo6w9HKw8J71_-9qlhfc5HOaUsSkA.eyJpYXQiOjE3MzY5OTAwMTksImV4cCI6MTczNjk5MDkxOSwidXNlcm5hbWUiOiJraWFyYSJ9.0BtX3YUHMmpyQTzo6w9HKw8J71_-9qlhfc5HOaUsSkA.eyJpYXQiOjE3MzY5ODYzMjgsImV4cCI6MTczNjk4NzIyOCwidXNlcm5hbWUiOiJraWFyYSJ9.wusjd8tOZ8ieC3yfdMnZ5FkcrDA8Cov2AHpqj7wmogE',)
20:14:01 - INF - token_validate - (DecodeError('Invalid payload padding'),)
20:14:08 - INF - get - ('Servicio de Publicaciones Iniciado',)
20:14:54 - INF - <module> - ('Servicio Finalizado',)
20:14:55 - INF - <module> - ('Servicio Iniciado',)
20:14:56 - INF - get - ('Servicio de Publicaciones Iniciado',)
20:15:17 - INF - <module> - ('Servicio Finalizado',)
20:15:18 - INF - <module> - ('Servicio Iniciado',)
20:15:19 - INF - get - ('Servicio de Publicaciones Iniciado',)
20:16:36 - INF - get - ('Servicio de Publicaciones Iniciado',)
20:17:06 - INF - <module> - ('Servicio Finalizado',)
20:17:07 - INF - <module> - ('Servicio Iniciado',)
20:17:09 - INF - get - ('Servicio de Publicaciones Iniciado',)
20:18:00 - INF - <module> - ('Servicio Finalizado',)
20:18:01 - INF - <module> - ('Servicio Iniciado',)
20:18:10 - INF - get - ('Servicio de Publicaciones Iniciado',)
20:24:08 - INF - <module> - ('Servicio Finalizado',)
20:24:09 - INF - <module> - ('Servicio Iniciado',)
20:24:10 - INF - <module> - ('Servicio Finalizado',)
20:24:11 - INF - <module> - ('Servicio Finalizado',)
20:24:45 - INF - <module> - ('Servicio Iniciado',)
20:24:47 - INF - <module> - ('Servicio Iniciado',)
20:24:50 - INF - get - ('Servicio de Publicaciones Iniciado',)
20:25:50 - INF - <module> - ('Servicio Finalizado',)
20:25:51 - INF - <module> - ('Servicio Iniciado',)
20:39:17 - INF - <module> - ('Servicio Finalizado',)
20:39:17 - INF - <module> - ('Servicio Finalizado',)
20:46:30 - INF - <module> - ('Servicio Iniciado',)
20:46:32 - INF - <module> - ('Servicio Iniciado',)
20:46:50 - INF - post - ('Servicio de Creación de publicación Iniciado',)
20:47:59 - INF - <module> - ('Servicio Finalizado',)
20:48:00 - INF - <module> - ('Servicio Iniciado',)
20:48:05 - INF - <module> - ('Servicio Finalizado',)
20:48:06 - INF - <module> - ('Servicio Iniciado',)
20:51:30 - INF - <module> - ('Servicio Finalizado',)
20:51:31 - INF - <module> - ('Servicio Iniciado',)
20:51:37 - INF - <module> - ('Servicio Finalizado',)
20:51:38 - INF - <module> - ('Servicio Iniciado',)
20:51:53 - INF - <module> - ('Servicio Finalizado',)
20:51:54 - INF - <module> - ('Servicio Iniciado',)
20:52:25 - INF - <module> - ('Servicio Finalizado',)
20:52:25 - INF - <module> - ('Servicio Finalizado',)
20:52:36 - INF - <module> - ('Servicio Iniciado',)
20:52:38 - INF - <module> - ('Servicio Iniciado',)
20:52:57 - INF - delete - ('Servicio de Actualizar publicación Iniciado',)
20:52:57 - INF - deletePost - ('Error eliminando publicacion error de sintaxis en o cerca de «*»\nLINE 1: DELETE * FROM posts WHERE id_post = 4\n               ^\n',)
20:53:35 - INF - <module> - ('Servicio Finalizado',)
20:53:36 - INF - <module> - ('Servicio Iniciado',)
20:53:38 - INF - <module> - ('Servicio Finalizado',)
20:53:38 - INF - <module> - ('Servicio Finalizado',)
20:53:39 - INF - <module> - ('Servicio Iniciado',)
20:53:41 - INF - <module> - ('Servicio Iniciado',)
20:53:44 - INF - delete - ('Servicio de Actualizar publicación Iniciado',)
20:54:13 - INF - get - ('Posts de un usuario especifico',)
20:54:58 - INF - <module> - ('Servicio Finalizado',)
20:54:59 - INF - <module> - ('Servicio Iniciado',)
20:55:11 - INF - get - ('Posts de un usuario especifico',)
20:55:55 - INF - <module> - ('Servicio Finalizado',)
20:55:56 - INF - <module> - ('Servicio Iniciado',)
20:56:04 - INF - get - ('Posts de un usuario especifico',)
20:56:39 - INF - <module> - ('Servicio Finalizado',)
20:56:40 - INF - <module> - ('Servicio Iniciado',)
20:56:49 - INF - get - ('Posts de un usuario especifico',)
20:57:13 - INF - <module> - ('Servicio Finalizado',)
20:57:14 - INF - <module> - ('Servicio Iniciado',)
20:57:14 - INF - get - ('Posts de un usuario especifico',)
20:57:22 - INF - <module> - ('Servicio Finalizado',)
20:57:23 - INF - <module> - ('Servicio Iniciado',)
20:57:30 - INF - <module> - ('Servicio Finalizado',)
20:57:31 - INF - <module> - ('Servicio Iniciado',)
20:57:32 - INF - get - ('Posts de un usuario especifico',)
20:58:19 - INF - <module> - ('Servicio Finalizado',)
20:58:20 - INF - <module> - ('Servicio Iniciado',)
20:58:20 - INF - get - ('Posts de un usuario especifico',)
20:59:38 - INF - <module> - ('Servicio Finalizado',)
20:59:38 - INF - <module> - ('Servicio Finalizado',)
21:18:16 - INF - <module> - ('Servicio Iniciado',)
21:18:18 - INF - <module> - ('Servicio Iniciado',)
21:18:48 - INF - <module> - ('Servicio Finalizado',)
21:18:48 - INF - <module> - ('Servicio Finalizado',)
21:20:06 - INF - <module> - ('Servicio Iniciado',)
21:20:07 - INF - <module> - ('Servicio Iniciado',)
21:20:36 - INF - put - ('Servicio para actualizar un post iniciado',)
21:20:36 - INF - put - (<BadRequest '400: Bad Request'>,)
21:39:38 - INF - put - ('Servicio para actualizar un post iniciado',)
21:39:38 - INF - token_validate - ('Ocurrio un error al validar el tokeneyJhbGciOiJIUzI1NiIsInR5cCI6IkpXVCJ9.eyJpYXQiOjE3MzY5OTQwMTYsImV4cCI6MTczNjk5NDkxNiwidXNlcm5hbWUiOiJraWFyYSJ9.6LouL04zadgVza6lo8NsuYnQovJZLBmW-k-0re4tq14',)
21:39:38 - INF - token_validate - (ExpiredSignatureError('Signature has expired'),)
21:39:51 - INF - put - ('Servicio para actualizar un post iniciado',)
21:39:51 - INF - put - (<BadRequest '400: Bad Request'>,)
21:40:13 - INF - <module> - ('Servicio Finalizado',)
21:40:18 - INF - <module> - ('Servicio Iniciado',)
21:40:19 - INF - put - ('Servicio para actualizar un post iniciado',)
21:40:19 - INF - put - (<BadRequest '400: Bad Request'>,)
21:42:29 - INF - <module> - ('Servicio Finalizado',)
21:42:30 - INF - <module> - ('Servicio Iniciado',)
21:43:25 - INF - <module> - ('Servicio Finalizado',)
21:43:26 - INF - <module> - ('Servicio Iniciado',)
21:43:33 - INF - <module> - ('Servicio Finalizado',)
21:43:34 - INF - <module> - ('Servicio Iniciado',)
21:45:08 - INF - <module> - ('Servicio Finalizado',)
21:45:09 - INF - <module> - ('Servicio Iniciado',)
21:45:53 - INF - put - ('Servicio para actualizar un post iniciado',)
21:45:53 - INF - put - (<BadRequest '400: Bad Request'>,)
21:47:11 - INF - <module> - ('Servicio Finalizado',)
21:47:12 - INF - <module> - ('Servicio Iniciado',)
21:48:08 - INF - <module> - ('Servicio Finalizado',)
21:48:11 - INF - <module> - ('Servicio Iniciado',)
21:48:19 - INF - <module> - ('Servicio Finalizado',)
21:48:20 - INF - <module> - ('Servicio Iniciado',)
21:48:30 - INF - <module> - ('Servicio Finalizado',)
21:48:31 - INF - <module> - ('Servicio Iniciado',)
21:48:37 - INF - <module> - ('Servicio Finalizado',)
21:48:39 - INF - <module> - ('Servicio Iniciado',)
21:48:48 - INF - <module> - ('Servicio Finalizado',)
21:48:49 - INF - <module> - ('Servicio Finalizado',)
21:49:15 - INF - <module> - ('Servicio Iniciado',)
21:49:17 - INF - <module> - ('Servicio Iniciado',)
21:49:40 - INF - put - ('Servicio para actualizar un post iniciado',)
21:49:40 - INF - put - (<BadRequest '400: Bad Request'>,)
21:52:06 - INF - <module> - ('Servicio Finalizado',)
21:52:07 - INF - <module> - ('Servicio Iniciado',)
21:52:29 - INF - put - ('Servicio para actualizar un post iniciado',)
21:52:29 - INF - put - (<BadRequest '400: Bad Request'>,)
21:53:55 - INF - <module> - ('Servicio Finalizado',)
21:53:55 - INF - <module> - ('Servicio Finalizado',)
21:53:56 - INF - <module> - ('Servicio Iniciado',)
21:53:59 - INF - <module> - ('Servicio Iniciado',)
21:54:09 - INF - put - ('Servicio para actualizar un post iniciado',)
21:54:09 - INF - put - (<BadRequest '400: Bad Request'>,)
21:54:49 - INF - <module> - ('Servicio Finalizado',)
21:54:49 - INF - <module> - ('Servicio Finalizado',)
21:54:50 - INF - <module> - ('Servicio Iniciado',)
21:54:52 - INF - <module> - ('Servicio Iniciado',)
21:54:54 - INF - put - ('Servicio para actualizar un post iniciado',)
21:54:54 - INF - put - (<BadRequest '400: Bad Request'>,)
21:55:07 - INF - put - ('Servicio para actualizar un post iniciado',)
21:55:07 - INF - put - (<BadRequest '400: Bad Request'>,)
21:56:17 - INF - <module> - ('Servicio Finalizado',)
21:56:17 - INF - <module> - ('Servicio Iniciado',)
21:56:43 - INF - <module> - ('Servicio Finalizado',)
21:56:44 - INF - <module> - ('Servicio Iniciado',)
21:56:57 - INF - put - ('Servicio para actualizar un post iniciado',)
21:56:57 - INF - put - (<BadRequest '400: Bad Request'>,)
21:57:54 - INF - <module> - ('Servicio Finalizado',)
21:57:54 - INF - <module> - ('Servicio Iniciado',)
21:57:57 - INF - <module> - ('Servicio Finalizado',)
21:57:57 - INF - <module> - ('Servicio Iniciado',)
21:58:01 - INF - <module> - ('Servicio Finalizado',)
21:58:01 - INF - <module> - ('Servicio Iniciado',)
21:58:09 - INF - put - ('Servicio para actualizar un post iniciado',)
21:58:09 - INF - put - (<BadRequest '400: Bad Request'>,)
21:58:57 - INF - get - ('Posts de un usuario especifico',)
21:59:19 - INF - post - ('Servicio de Creación de publicación Iniciado',)
22:00:06 - INF - <module> - ('Servicio Finalizado',)
22:00:07 - INF - <module> - ('Servicio Iniciado',)
22:00:08 - INF - post - ('Servicio de Creación de publicación Iniciado',)
22:00:29 - INF - get - ('Posts de un usuario especifico',)
22:00:41 - INF - put - ('Servicio para actualizar un post iniciado',)
22:00:41 - INF - put - (<BadRequest '400: Bad Request'>,)
22:01:04 - INF - <module> - ('Servicio Finalizado',)
22:01:05 - INF - <module> - ('Servicio Iniciado',)
22:01:21 - INF - put - ('Servicio para actualizar un post iniciado',)
22:01:21 - INF - put - (<BadRequest '400: Bad Request'>,)
22:04:55 - INF - put - ('Servicio para actualizar un post iniciado',)
22:04:55 - INF - token_validate - ('Ocurrio un error al validar el tokeneyJhbGciOiJIUzI1NiIsInR5cCI6IkpXVCJ9.eyJpYXQiOjE3MzY5OTU3NTgsImV4cCI6MTczNjk5NjY1OCwidXNlcm5hbWUiOiJraWFyYSJ9.4tFENZbj2lQa1JU9ZByHOnx18Qy1On7zhYhP_pv2q04',)
22:04:55 - INF - token_validate - (ExpiredSignatureError('Signature has expired'),)
22:05:13 - INF - put - ('Servicio para actualizar un post iniciado',)
22:05:13 - INF - token_validate - ('Ocurrio un error al validar el tokeneyJhbGciOiJIUzI1NiIsInR5cCI6IkpXVCJ9.eyJpYXQiOjE3MzY5OTY3MDAsImV4cCI6MTczNjk5NzYwMCwidXNlcm5hbWUiOiJraWFyYSJ9.XJ26bRVxhcl7_9qE1mKZgF8Y-SUBLSFcDbGeY8BpEao.eyJpYXQiOjE3MzY5OTU3NTgsImV4cCI6MTczNjk5NjY1OCwidXNlcm5hbWUiOiJraWFyYSJ9.4tFENZbj2lQa1JU9ZByHOnx18Qy1On7zhYhP_pv2q04',)
22:05:13 - INF - token_validate - (InvalidSignatureError('Signature verification failed'),)
22:05:14 - INF - put - ('Servicio para actualizar un post iniciado',)
22:05:14 - INF - token_validate - ('Ocurrio un error al validar el tokeneyJhbGciOiJIUzI1NiIsInR5cCI6IkpXVCJ9.eyJpYXQiOjE3MzY5OTY3MDAsImV4cCI6MTczNjk5NzYwMCwidXNlcm5hbWUiOiJraWFyYSJ9.XJ26bRVxhcl7_9qE1mKZgF8Y-SUBLSFcDbGeY8BpEao.eyJpYXQiOjE3MzY5OTU3NTgsImV4cCI6MTczNjk5NjY1OCwidXNlcm5hbWUiOiJraWFyYSJ9.4tFENZbj2lQa1JU9ZByHOnx18Qy1On7zhYhP_pv2q04',)
22:05:14 - INF - token_validate - (InvalidSignatureError('Signature verification failed'),)
22:05:32 - INF - put - ('Servicio para actualizar un post iniciado',)
22:05:32 - INF - put - (<BadRequest '400: Bad Request'>,)
22:06:31 - INF - <module> - ('Servicio Finalizado',)
22:06:31 - INF - <module> - ('Servicio Finalizado',)
22:06:32 - INF - <module> - ('Servicio Iniciado',)
22:06:33 - INF - <module> - ('Servicio Iniciado',)
22:06:43 - INF - put - ('Servicio para actualizar un post iniciado',)
22:06:43 - INF - put - (<BadRequest '400: Bad Request'>,)
22:07:20 - INF - put - ('Servicio para actualizar un post iniciado',)
22:07:54 - INF - <module> - ('Servicio Finalizado',)
22:07:55 - INF - <module> - ('Servicio Iniciado',)
22:08:04 - INF - put - ('Servicio para actualizar un post iniciado',)
22:09:06 - INF - <module> - ('Servicio Finalizado',)
22:09:06 - INF - <module> - ('Servicio Iniciado',)
22:09:07 - INF - put - ('Servicio para actualizar un post iniciado',)
22:09:07 - INF - updatePost - ("no existe la columna «id_user»\nLINE 1: UPDATE posts SET post_content = 'string' WHERE id_user = 1\n                                                       ^\n",)
22:09:31 - INF - <module> - ('Servicio Finalizado',)
22:09:31 - INF - <module> - ('Servicio Finalizado',)
22:09:32 - INF - <module> - ('Servicio Iniciado',)
22:09:34 - INF - <module> - ('Servicio Iniciado',)
22:09:36 - INF - put - ('Servicio para actualizar un post iniciado',)
22:09:56 - INF - put - ('Servicio para actualizar un post iniciado',)
22:11:09 - INF - put - ('Servicio para actualizar un post iniciado',)
22:11:33 - INF - <module> - ('Servicio Finalizado',)
22:11:34 - INF - <module> - ('Servicio Iniciado',)
22:13:56 - INF - <module> - ('Servicio Finalizado',)
22:13:57 - INF - <module> - ('Servicio Iniciado',)
22:17:55 - INF - put - ('Servicio para actualizar un post iniciado',)
22:19:00 - INF - <module> - ('Servicio Finalizado',)
22:19:00 - INF - <module> - ('Servicio Finalizado',)
22:19:01 - INF - <module> - ('Servicio Iniciado',)
22:19:03 - INF - <module> - ('Servicio Iniciado',)
22:19:10 - INF - put - ('Servicio para actualizar un post iniciado',)
22:20:33 - INF - put - ('Servicio para actualizar un post iniciado',)
22:20:33 - INF - token_validate - ('Ocurrio un error al validar el tokeneyJhbGciOiJIUzI1NiIsInR5cCI6IkpXVCJ9.eyJpYXQiOjE3MzY5OTY3MjIsImV4cCI6MTczNjk5NzYyMiwidXNlcm5hbWUiOiJraWFyYSJ9.axjnDiNo45Ico-BmjDBTNl4OlKl466AKvxU8lT7-8ow',)
22:20:33 - INF - token_validate - (ExpiredSignatureError('Signature has expired'),)
22:20:48 - INF - put - ('Servicio para actualizar un post iniciado',)
22:20:48 - INF - token_validate - ('Ocurrio un error al validar el tokeneyJhbGciOiJIUzI1NiIsInR5cCI6IkpXVCJ9.eyJpYXQiOjE3MzY5OTc2MzYsImV4cCI6MTczNjk5ODUzNiwidXNlcm5hbWUiOiJraWFyYSJ9.FfFLYOWLQjpnF85DG7RuXHkn--aVxkpx_VWOb3IGIOU.eyJpYXQiOjE3MzY5OTY3MjIsImV4cCI6MTczNjk5NzYyMiwidXNlcm5hbWUiOiJraWFyYSJ9.axjnDiNo45Ico-BmjDBTNl4OlKl466AKvxU8lT7-8ow',)
22:20:48 - INF - token_validate - (InvalidSignatureError('Signature verification failed'),)
22:21:28 - INF - put - ('Servicio para actualizar un post iniciado',)
22:22:55 - INF - <module> - ('Servicio Finalizado',)
22:22:55 - INF - <module> - ('Servicio Iniciado',)
22:25:02 - INF - put - ('Servicio para actualizar un post iniciado',)
22:25:02 - INF - put - (TypeError("PostComponent.updatePost() missing 1 required positional argument: 'post_content'"),)
22:26:07 - INF - <module> - ('Servicio Finalizado',)
22:26:07 - INF - <module> - ('Servicio Iniciado',)
22:26:19 - INF - <module> - ('Servicio Finalizado',)
22:26:19 - INF - <module> - ('Servicio Finalizado',)
22:39:00 - INF - <module> - ('Servicio Iniciado',)
22:39:02 - INF - <module> - ('Servicio Iniciado',)
22:39:53 - INF - put - ('Servicio para actualizar un post iniciado',)
22:39:53 - INF - updatePost - ("no existe la columna «username»\nLINE 1: ...ET post_content = 'hola' WHERE id_post = NULL AND username =...\n                                                             ^\n",)
22:40:30 - INF - <module> - ('Servicio Finalizado',)
22:40:30 - INF - <module> - ('Servicio Iniciado',)
22:40:56 - INF - <module> - ('Servicio Finalizado',)
22:40:57 - INF - <module> - ('Servicio Iniciado',)
22:41:00 - INF - <module> - ('Servicio Finalizado',)
22:41:01 - INF - <module> - ('Servicio Iniciado',)
22:44:19 - INF - <module> - ('Servicio Finalizado',)
22:44:20 - INF - <module> - ('Servicio Iniciado',)
22:44:22 - INF - put - ('Servicio para actualizar un post iniciado',)
22:45:14 - INF - <module> - ('Servicio Finalizado',)
22:45:14 - INF - <module> - ('Servicio Iniciado',)
22:45:19 - INF - <module> - ('Servicio Finalizado',)
22:45:19 - INF - <module> - ('Servicio Finalizado',)
22:46:40 - INF - <module> - ('Servicio Iniciado',)
22:46:42 - INF - <module> - ('Servicio Iniciado',)
22:46:45 - INF - put - ('Servicio para actualizar un post iniciado',)
22:46:51 - INF - put - ('Servicio para actualizar un post iniciado',)
22:47:41 - INF - <module> - ('Servicio Finalizado',)
22:47:42 - INF - <module> - ('Servicio Iniciado',)
22:49:12 - INF - <module> - ('Servicio Finalizado',)
22:49:13 - INF - <module> - ('Servicio Iniciado',)
22:49:40 - INF - <module> - ('Servicio Finalizado',)
22:49:41 - INF - <module> - ('Servicio Iniciado',)
22:49:47 - INF - <module> - ('Servicio Finalizado',)
22:49:48 - INF - <module> - ('Servicio Iniciado',)
22:49:52 - INF - <module> - ('Servicio Finalizado',)
22:49:53 - INF - <module> - ('Servicio Finalizado',)
22:49:53 - INF - <module> - ('Servicio Iniciado',)
22:49:55 - INF - <module> - ('Servicio Iniciado',)
22:50:53 - INF - put - ('Servicio para actualizar un post iniciado',)
22:53:30 - INF - <module> - ('Servicio Finalizado',)
22:53:31 - INF - <module> - ('Servicio Iniciado',)
22:53:51 - INF - <module> - ('Servicio Finalizado',)
22:53:52 - INF - <module> - ('Servicio Iniciado',)
23:21:58 - INF - <module> - ('Servicio Finalizado',)
23:21:59 - INF - <module> - ('Servicio Iniciado',)
23:22:23 - INF - <module> - ('Servicio Finalizado',)
23:22:23 - INF - <module> - ('Servicio Iniciado',)
23:22:43 - INF - <module> - ('Servicio Finalizado',)
23:22:44 - INF - <module> - ('Servicio Finalizado',)
