11:22:00 - INF - <module> - ('Servicio Iniciado',)
11:22:01 - INF - <module> - ('Servicio Iniciado',)
11:22:04 - INF - get - ('Servicio de post iniciado',)
11:22:04 - INF - get - ('Servicio de post iniciado',)
11:22:42 - INF - get - ('Servicio de post iniciado',)
11:24:48 - INF - get - ('Servicio de post iniciado',)
11:25:07 - INF - get - ('Servicio de post iniciado',)
11:25:18 - INF - get - ('Servicio de post iniciado',)
11:25:18 - INF - get - ('Servicio de post iniciado',)
11:25:23 - INF - get - ('Servicio de post iniciado',)
11:26:36 - INF - get - ('Servicio de post iniciado',)
11:26:38 - INF - get - ('Servicio de post iniciado',)
11:26:54 - INF - get - ('Servicio de post iniciado',)
11:27:24 - INF - get - ('Servicio de post iniciado',)
11:27:31 - INF - get - ('Servicio de post iniciado',)
11:27:31 - INF - get - ('Servicio de post iniciado',)
11:29:10 - INF - <module> - ('Servicio Finalizado',)
11:29:11 - INF - <module> - ('Servicio Iniciado',)
11:30:35 - INF - <module> - ('Servicio Finalizado',)
11:30:36 - INF - <module> - ('Servicio Iniciado',)
11:30:41 - INF - get - ('Servicio de post iniciado',)
11:30:41 - INF - get - ('Servicio de post iniciado',)
11:32:38 - INF - get - ('Servicio de post iniciado',)
11:32:55 - INF - get - ('Servicio de post iniciado',)
11:33:21 - INF - get - ('Servicio de post iniciado',)
11:34:48 - INF - get - ('Servicio de post iniciado',)
11:35:03 - INF - get - ('Servicio de post iniciado',)
11:35:03 - INF - get - ('Servicio de post iniciado',)
11:36:35 - INF - get - ('Servicio de post iniciado',)
11:36:35 - INF - post - ('Servicio de Creación de Publicación Iniciado',)
11:36:35 - INF - get - ('Servicio de post iniciado',)
11:37:18 - INF - get - ('Servicio de post iniciado',)
11:37:18 - INF - post - ('Servicio de Creación de Publicación Iniciado',)
11:37:18 - INF - get - ('Servicio de post iniciado',)
11:37:18 - INF - get - ('Servicio de post iniciado',)
11:37:29 - INF - get - ('Servicio de post iniciado',)
11:37:29 - INF - get - ('Servicio de post iniciado',)
11:37:38 - INF - get - ('Servicio de post iniciado',)
11:41:19 - INF - get - ('Servicio de post iniciado',)
11:43:08 - INF - get - ('Servicio de post iniciado',)
11:43:19 - INF - get - ('Servicio de post iniciado',)
11:43:47 - INF - get - ('Servicio de post iniciado',)
11:43:59 - INF - get - ('Servicio de post iniciado',)
11:43:59 - INF - get - ('Servicio de post iniciado',)
11:47:11 - INF - get - ('Servicio de post iniciado',)
11:48:30 - INF - get - ('Servicio de post iniciado',)
11:48:59 - INF - get - ('Servicio de post iniciado',)
11:48:59 - INF - get - ('Servicio de post iniciado',)
11:50:41 - INF - get - ('Servicio de post iniciado',)
11:50:41 - INF - get - ('Servicio de post iniciado',)
11:51:31 - INF - get - ('Servicio de post iniciado',)
11:51:31 - INF - get - ('Servicio de post iniciado',)
11:52:00 - INF - get - ('Servicio de post iniciado',)
11:52:00 - INF - get - ('Servicio de post iniciado',)
11:52:23 - INF - get - ('Servicio de post iniciado',)
11:52:30 - INF - get - ('Servicio de post iniciado',)
11:52:55 - INF - <module> - ('Servicio Finalizado',)
11:52:57 - INF - <module> - ('Servicio Iniciado',)
11:53:02 - INF - get - ('Servicio de post iniciado',)
11:53:03 - INF - get - ('Servicio de post iniciado',)
11:54:56 - INF - get - ('Servicio de post iniciado',)
12:05:10 - INF - get - ('Servicio de post iniciado',)
12:06:43 - INF - get - ('Servicio de post iniciado',)
12:06:43 - INF - get - ('Servicio de post iniciado',)
12:09:18 - INF - get - ('Servicio de post iniciado',)
12:09:18 - INF - get - ('Servicio de post iniciado',)
12:10:35 - INF - get - ('Servicio de post iniciado',)
12:13:41 - INF - get - ('Servicio de post iniciado',)
12:13:41 - INF - get - ('Servicio de post iniciado',)
12:19:55 - INF - get - ('Servicio de post iniciado',)
12:19:55 - INF - get - ('Servicio de post iniciado',)
12:20:47 - INF - get - ('Servicio de post iniciado',)
12:21:14 - INF - get - ('Servicio de post iniciado',)
12:21:16 - INF - get - ('Servicio de post iniciado',)
12:21:35 - INF - get - ('Servicio de post iniciado',)
12:21:53 - INF - get - ('Servicio de post iniciado',)
12:22:09 - INF - get - ('Servicio de post iniciado',)
12:22:21 - INF - get - ('Servicio de post iniciado',)
12:23:14 - INF - get - ('Servicio de post iniciado',)
12:23:28 - INF - get - ('Servicio de post iniciado',)
12:23:28 - INF - get - ('Servicio de post iniciado',)
12:24:36 - INF - get - ('Servicio de post iniciado',)
12:25:00 - INF - get - ('Servicio de post iniciado',)
12:25:16 - INF - get - ('Servicio de post iniciado',)
12:25:35 - INF - get - ('Servicio de post iniciado',)
12:25:35 - INF - post - ('Servicio de Creación de Publicación Iniciado',)
12:25:35 - INF - get - ('Servicio de post iniciado',)
12:25:46 - INF - get - ('Servicio de post iniciado',)
12:25:46 - INF - get - ('Servicio de post iniciado',)
12:46:58 - INF - get - ('Servicio de post iniciado',)
12:46:58 - INF - get - ('Servicio de post iniciado',)
12:51:21 - INF - get - ('Servicio de post iniciado',)
12:51:21 - INF - get - ('Servicio de post iniciado',)
12:54:18 - INF - get - ('Servicio de post iniciado',)
12:54:31 - INF - get - ('Servicio de post iniciado',)
12:54:31 - INF - get - ('Servicio de post iniciado',)
12:56:33 - INF - get - ('Servicio de post iniciado',)
12:57:19 - INF - get - ('Servicio de post iniciado',)
12:57:19 - INF - get - ('Servicio de post iniciado',)
13:07:07 - INF - <module> - ('Servicio Finalizado',)
13:07:09 - INF - <module> - ('Servicio Iniciado',)
13:07:18 - INF - get - ('Servicio de post iniciado',)
13:07:18 - INF - get - ('Servicio de post iniciado',)
13:08:28 - INF - get - ('Servicio de post iniciado',)
13:08:28 - INF - get - ('Servicio de post iniciado',)
13:08:51 - INF - get - ('Servicio de post iniciado',)
13:08:51 - INF - get - ('Servicio de post iniciado',)
13:09:27 - INF - get - ('Servicio de post iniciado',)
13:13:18 - INF - get - ('Servicio de post iniciado',)
13:13:45 - INF - <module> - ('Servicio Finalizado',)
13:13:47 - INF - <module> - ('Servicio Iniciado',)
13:13:48 - INF - get - ('Servicio de post iniciado',)
13:13:54 - INF - get - ('Servicio de post iniciado',)
13:14:16 - INF - get - ('Servicio de post iniciado',)
13:14:30 - INF - get - ('Servicio de post iniciado',)
13:15:20 - INF - <module> - ('Servicio Finalizado',)
13:15:21 - INF - <module> - ('Servicio Iniciado',)
13:15:32 - INF - get - ('Servicio de post iniciado',)
13:16:37 - INF - get - ('Servicio de post iniciado',)
13:16:37 - INF - get - ('Servicio de post iniciado',)
13:17:19 - INF - get - ('Servicio de post iniciado',)
13:17:19 - INF - post - ('Servicio de Creación de Publicación Iniciado',)
13:18:04 - INF - <module> - ('Servicio Finalizado',)
13:18:05 - INF - <module> - ('Servicio Iniciado',)
13:18:32 - INF - <module> - ('Servicio Finalizado',)
13:18:35 - INF - <module> - ('Servicio Iniciado',)
13:18:39 - INF - get - ('Servicio de post iniciado',)
13:19:08 - INF - <module> - ('Servicio Finalizado',)
13:19:09 - INF - <module> - ('Servicio Iniciado',)
13:20:28 - INF - get - ('Servicio de post iniciado',)
13:21:17 - INF - get - ('Servicio de post iniciado',)
13:21:36 - INF - get - ('Servicio de post iniciado',)
13:21:45 - INF - get - ('Servicio de post iniciado',)
13:22:13 - INF - get - ('Servicio de post iniciado',)
13:22:26 - INF - get - ('Servicio de post iniciado',)
13:22:33 - INF - get - ('Servicio de post iniciado',)
13:23:10 - INF - get - ('Servicio de post iniciado',)
13:23:34 - INF - get - ('Servicio de post iniciado',)
13:23:52 - INF - get - ('Servicio de post iniciado',)
13:23:52 - INF - get - ('Servicio de post iniciado',)
13:24:56 - INF - get - ('Servicio de post iniciado',)
13:24:56 - INF - get - ('Servicio de post iniciado',)
13:25:09 - INF - get - ('Servicio de post iniciado',)
13:25:43 - INF - <module> - ('Servicio Finalizado',)
13:25:44 - INF - <module> - ('Servicio Iniciado',)
13:25:54 - INF - get - ('Servicio de post iniciado',)
13:25:54 - INF - get - ('Servicio de post iniciado',)
13:26:37 - INF - get - ('Servicio de post iniciado',)
13:26:53 - INF - get - ('Servicio de post iniciado',)
13:26:53 - INF - get - ('Servicio de post iniciado',)
13:27:16 - INF - get - ('Servicio de post iniciado',)
13:27:30 - INF - get - ('Servicio de post iniciado',)
13:27:30 - INF - get - ('Servicio de post iniciado',)
13:27:48 - INF - get - ('Servicio de post iniciado',)
13:27:56 - INF - get - ('Servicio de post iniciado',)
13:28:04 - INF - get - ('Servicio de post iniciado',)
13:28:15 - INF - get - ('Servicio de post iniciado',)
13:31:02 - INF - get - ('Servicio de post iniciado',)
13:32:30 - INF - get - ('Servicio de post iniciado',)
13:32:30 - INF - get - ('Servicio de post iniciado',)
13:32:59 - INF - get - ('Servicio de post iniciado',)
13:32:59 - INF - get - ('Servicio de post iniciado',)
13:33:58 - INF - get - ('Servicio de post iniciado',)
13:35:09 - INF - get - ('Servicio de post iniciado',)
13:35:09 - INF - get - ('Servicio de post iniciado',)
13:36:10 - INF - get - ('Servicio de post iniciado',)
13:36:10 - INF - get - ('Servicio de post iniciado',)
13:37:37 - INF - get - ('Servicio de post iniciado',)
13:37:44 - INF - get - ('Servicio de post iniciado',)
13:38:04 - INF - get - ('Servicio de post iniciado',)
13:38:14 - INF - get - ('Servicio de post iniciado',)
13:38:41 - INF - get - ('Servicio de post iniciado',)
13:43:40 - INF - get - ('Servicio de post iniciado',)
13:43:40 - INF - get - ('Servicio de post iniciado',)
13:44:02 - INF - get - ('Servicio de post iniciado',)
13:44:15 - INF - get - ('Servicio de post iniciado',)
13:44:15 - INF - get - ('Servicio de post iniciado',)
13:44:27 - INF - get - ('Servicio de post iniciado',)
13:47:28 - INF - get - ('Servicio de post iniciado',)
13:51:56 - INF - get - ('Servicio de post iniciado',)
13:51:56 - INF - get - ('Servicio de post iniciado',)
13:52:13 - INF - post - ('Servicio de Creación de Publicación Iniciado',)
13:52:13 - INF - get - ('Servicio de post iniciado',)
13:52:13 - INF - get - ('Servicio de post iniciado',)
14:21:15 - INF - get - ('Servicio de post iniciado',)
14:21:15 - INF - get - ('Servicio de post iniciado',)
14:21:16 - INF - get - ('Servicio de post iniciado',)
14:22:12 - INF - get - ('Servicio de post iniciado',)
14:22:12 - INF - post - ('Servicio de Creación de Publicación Iniciado',)
14:24:05 - INF - get - ('Servicio de post iniciado',)
14:24:15 - INF - get - ('Servicio de post iniciado',)
14:28:07 - INF - get - ('Servicio de post iniciado',)
14:29:58 - INF - get - ('Servicio de post iniciado',)
14:30:18 - INF - get - ('Servicio de post iniciado',)
14:30:41 - INF - get - ('Servicio de post iniciado',)
14:31:28 - INF - get - ('Servicio de post iniciado',)
14:31:52 - INF - get - ('Servicio de post iniciado',)
14:32:19 - INF - get - ('Servicio de post iniciado',)
14:33:17 - INF - get - ('Servicio de post iniciado',)
14:33:34 - INF - get - ('Servicio de post iniciado',)
14:33:47 - INF - get - ('Servicio de post iniciado',)
14:34:02 - INF - get - ('Servicio de post iniciado',)
14:34:17 - INF - get - ('Servicio de post iniciado',)
14:34:49 - INF - get - ('Servicio de post iniciado',)
14:34:49 - INF - get - ('Servicio de post iniciado',)
14:35:46 - INF - get - ('Servicio de post iniciado',)
14:36:29 - INF - get - ('Servicio de post iniciado',)
14:37:46 - INF - get - ('Servicio de post iniciado',)
14:39:21 - INF - get - ('Servicio de post iniciado',)
14:39:46 - INF - get - ('Servicio de post iniciado',)
14:39:46 - INF - get - ('Servicio de post iniciado',)
14:40:45 - INF - get - ('Servicio de post iniciado',)
14:41:40 - INF - get - ('Servicio de post iniciado',)
14:42:21 - INF - get - ('Servicio de post iniciado',)
14:42:21 - INF - post - ('Servicio de Creación de Publicación Iniciado',)
14:42:21 - INF - get - ('Servicio de post iniciado',)
14:43:58 - INF - get - ('Servicio de post iniciado',)
14:46:13 - INF - get - ('Servicio de post iniciado',)
14:46:13 - INF - post - ('Servicio de Creación de Publicación Iniciado',)
14:46:23 - INF - get - ('Servicio de post iniciado',)
14:46:23 - INF - post - ('Servicio de Creación de Publicación Iniciado',)
14:46:23 - INF - get - ('Servicio de post iniciado',)
15:04:49 - INF - get - ('Servicio de post iniciado',)
15:04:49 - INF - get - ('Servicio de post iniciado',)
15:05:28 - INF - get - ('Servicio de post iniciado',)
15:05:29 - INF - get - ('Servicio de post iniciado',)
15:20:26 - INF - get - ('Servicio de post iniciado',)
15:20:27 - INF - get - ('Servicio de post iniciado',)
15:24:35 - INF - get - ('Servicio de post iniciado',)
15:24:35 - INF - get - ('Servicio de post iniciado',)
15:24:39 - INF - get - ('Servicio de post iniciado',)
15:24:39 - INF - get - ('Servicio de post iniciado',)
15:46:01 - INF - get - ('Servicio de post iniciado',)
15:46:01 - INF - get - ('Servicio de post iniciado',)
15:47:52 - INF - get - ('Servicio de post iniciado',)
15:47:52 - INF - get - ('Servicio de post iniciado',)
15:49:44 - INF - get - ('Servicio de post iniciado',)
15:49:44 - INF - get - ('Servicio de post iniciado',)
15:49:55 - INF - get - ('Servicio de post iniciado',)
15:49:55 - INF - get - ('Servicio de post iniciado',)
15:50:02 - INF - get - ('Servicio de post iniciado',)
15:50:02 - INF - get - ('Servicio de post iniciado',)
15:52:41 - INF - get - ('Posts de un usuario especifico',)
15:58:15 - INF - get - ('Posts de un usuario especifico',)
15:58:43 - INF - get - ('Posts de un usuario especifico',)
15:58:51 - INF - get - ('Posts de un usuario especifico',)
15:59:28 - INF - get - ('Posts de un usuario especifico',)
16:00:26 - INF - get - ('Posts de un usuario especifico',)
16:03:59 - INF - get - ('Posts de un usuario especifico',)
16:04:27 - INF - get - ('Posts de un usuario especifico',)
16:06:09 - INF - get - ('Posts de un usuario especifico',)
16:06:33 - INF - get - ('Posts de un usuario especifico',)
16:06:56 - INF - get - ('Posts de un usuario especifico',)
16:07:28 - INF - get - ('Posts de un usuario especifico',)
16:07:37 - INF - get - ('Posts de un usuario especifico',)
16:08:25 - INF - get - ('Posts de un usuario especifico',)
16:08:40 - INF - get - ('Posts de un usuario especifico',)
16:10:39 - INF - get - ('Posts de un usuario especifico',)
16:10:45 - INF - get - ('Posts de un usuario especifico',)
16:16:08 - INF - get - ('Posts de un usuario especifico',)
16:16:41 - INF - get - ('Posts de un usuario especifico',)
16:22:52 - INF - get - ('Posts de un usuario especifico',)
16:24:45 - INF - get - ('Posts de un usuario especifico',)
16:24:55 - INF - get - ('Servicio de post iniciado',)
16:24:55 - INF - get - ('Servicio de post iniciado',)
16:24:56 - INF - get - ('Posts de un usuario especifico',)
16:25:14 - INF - get - ('Servicio de post iniciado',)
16:25:14 - INF - get - ('Servicio de post iniciado',)
16:47:21 - INF - get - ('Posts de un usuario especifico',)
16:47:32 - INF - get - ('Servicio de post iniciado',)
16:47:32 - INF - get - ('Servicio de post iniciado',)
16:47:33 - INF - get - ('Posts de un usuario especifico',)
16:47:59 - INF - get - ('Posts de un usuario especifico',)
16:48:11 - INF - get - ('Servicio de post iniciado',)
16:48:11 - INF - get - ('Servicio de post iniciado',)
16:48:13 - INF - get - ('Posts de un usuario especifico',)
16:48:44 - INF - get - ('Posts de un usuario especifico',)
16:49:01 - INF - get - ('Posts de un usuario especifico',)
16:49:11 - INF - <module> - ('Servicio Finalizado',)
16:49:11 - INF - <module> - ('Servicio Finalizado',)
16:49:13 - INF - <module> - ('Servicio Iniciado',)
16:49:14 - INF - <module> - ('Servicio Iniciado',)
16:49:37 - INF - get - ('Posts de un usuario especifico',)
16:49:54 - INF - get - ('Posts de un usuario especifico',)
16:51:11 - INF - get - ('Servicio de post iniciado',)
16:51:11 - INF - get - ('Servicio de post iniciado',)
16:51:29 - INF - get - ('Servicio de post iniciado',)
16:51:29 - INF - get - ('Servicio de post iniciado',)
16:51:31 - INF - get - ('Posts de un usuario especifico',)
16:51:44 - INF - get - ('Servicio de post iniciado',)
16:51:44 - INF - get - ('Servicio de post iniciado',)
16:51:45 - INF - get - ('Posts de un usuario especifico',)
16:52:26 - INF - get - ('Servicio de post iniciado',)
16:52:26 - INF - get - ('Servicio de post iniciado',)
16:52:27 - INF - get - ('Posts de un usuario especifico',)
16:52:37 - INF - get - ('Servicio de post iniciado',)
16:52:37 - INF - get - ('Servicio de post iniciado',)
16:52:38 - INF - get - ('Posts de un usuario especifico',)
16:54:07 - INF - get - ('Servicio de post iniciado',)
16:54:07 - INF - get - ('Servicio de post iniciado',)
16:54:08 - INF - get - ('Posts de un usuario especifico',)
16:54:19 - INF - get - ('Posts de un usuario especifico',)
16:54:52 - INF - get - ('Posts de un usuario especifico',)
16:55:30 - INF - get - ('Posts de un usuario especifico',)
16:55:31 - INF - get - ('Posts de un usuario especifico',)
16:55:38 - INF - get - ('Servicio de post iniciado',)
16:55:38 - INF - get - ('Servicio de post iniciado',)
16:55:39 - INF - get - ('Posts de un usuario especifico',)
16:55:51 - INF - get - ('Servicio de post iniciado',)
16:55:51 - INF - get - ('Servicio de post iniciado',)
16:55:54 - INF - get - ('Servicio de post iniciado',)
16:55:54 - INF - post - ('Servicio de Creación de Publicación Iniciado',)
16:55:54 - INF - get - ('Servicio de post iniciado',)
16:55:56 - INF - get - ('Posts de un usuario especifico',)
16:56:03 - INF - get - ('Servicio de post iniciado',)
16:56:03 - INF - get - ('Servicio de post iniciado',)
16:56:09 - INF - get - ('Servicio de post iniciado',)
16:56:09 - INF - post - ('Servicio de Creación de Publicación Iniciado',)
16:56:10 - INF - get - ('Servicio de post iniciado',)
16:56:12 - INF - get - ('Posts de un usuario especifico',)
16:58:58 - INF - <module> - ('Servicio Finalizado',)
16:58:59 - INF - <module> - ('Servicio Iniciado',)
16:59:01 - INF - <module> - ('Servicio Finalizado',)
16:59:02 - INF - <module> - ('Servicio Iniciado',)
16:59:04 - INF - <module> - ('Servicio Finalizado',)
16:59:05 - INF - <module> - ('Servicio Iniciado',)
16:59:10 - INF - <module> - ('Servicio Finalizado',)
16:59:12 - INF - <module> - ('Servicio Iniciado',)
17:01:54 - INF - <module> - ('Servicio Finalizado',)
17:01:55 - INF - <module> - ('Servicio Iniciado',)
17:01:58 - INF - <module> - ('Servicio Finalizado',)
17:01:59 - INF - <module> - ('Servicio Iniciado',)
17:02:02 - INF - <module> - ('Servicio Finalizado',)
17:02:03 - INF - <module> - ('Servicio Iniciado',)
17:02:06 - INF - <module> - ('Servicio Finalizado',)
17:02:07 - INF - <module> - ('Servicio Iniciado',)
17:02:11 - INF - <module> - ('Servicio Finalizado',)
17:02:12 - INF - <module> - ('Servicio Iniciado',)
17:02:43 - INF - <module> - ('Servicio Finalizado',)
17:02:44 - INF - <module> - ('Servicio Iniciado',)
17:02:53 - INF - <module> - ('Servicio Finalizado',)
17:02:54 - INF - <module> - ('Servicio Iniciado',)
17:03:05 - INF - <module> - ('Servicio Finalizado',)
17:03:06 - INF - <module> - ('Servicio Iniciado',)
17:03:11 - INF - <module> - ('Servicio Finalizado',)
17:03:12 - INF - <module> - ('Servicio Iniciado',)
17:03:14 - INF - <module> - ('Servicio Finalizado',)
17:03:15 - INF - <module> - ('Servicio Iniciado',)
17:03:17 - INF - <module> - ('Servicio Finalizado',)
17:03:17 - INF - <module> - ('Servicio Iniciado',)
17:03:20 - INF - <module> - ('Servicio Finalizado',)
17:03:20 - INF - <module> - ('Servicio Iniciado',)
17:03:25 - INF - <module> - ('Servicio Finalizado',)
17:03:26 - INF - <module> - ('Servicio Iniciado',)
17:03:30 - INF - <module> - ('Servicio Finalizado',)
17:03:30 - INF - <module> - ('Servicio Iniciado',)
17:03:36 - INF - <module> - ('Servicio Finalizado',)
17:03:36 - INF - <module> - ('Servicio Iniciado',)
17:03:41 - INF - <module> - ('Servicio Finalizado',)
17:03:41 - INF - <module> - ('Servicio Iniciado',)
17:05:20 - INF - <module> - ('Servicio Finalizado',)
17:05:21 - INF - <module> - ('Servicio Finalizado',)
17:10:32 - INF - <module> - ('Servicio Iniciado',)
17:10:34 - INF - <module> - ('Servicio Iniciado',)
17:12:26 - INF - get - ('Posts con más interacciones',)
17:13:21 - INF - <module> - ('Servicio Finalizado',)
17:13:22 - INF - <module> - ('Servicio Iniciado',)
17:13:39 - INF - <module> - ('Servicio Finalizado',)
17:13:40 - INF - <module> - ('Servicio Iniciado',)
17:13:47 - INF - get - ('Posts con más interacciones',)
17:28:21 - INF - get - ('Posts con más interacciones',)
17:28:21 - INF - get - ('Servicio de post iniciado',)
17:28:22 - INF - get - ('Servicio de post iniciado',)
17:28:48 - INF - get - ('Posts con más interacciones',)
17:29:10 - INF - get - ('Posts con más interacciones',)
17:29:10 - INF - get - ('Servicio de post iniciado',)
17:29:16 - INF - get - ('Posts con más interacciones',)
17:29:16 - INF - get - ('Servicio de post iniciado',)
17:29:23 - INF - get - ('Posts con más interacciones',)
17:29:23 - INF - get - ('Servicio de post iniciado',)
17:30:05 - INF - get - ('Posts con más interacciones',)
17:31:49 - INF - get - ('Posts con más interacciones',)
17:32:05 - INF - get - ('Posts con más interacciones',)
17:32:09 - INF - get - ('Servicio de post iniciado',)
17:32:09 - INF - get - ('Posts con más interacciones',)
17:32:09 - INF - get - ('Servicio de post iniciado',)
17:33:08 - INF - get - ('Posts con más interacciones',)
17:33:08 - INF - get - ('Servicio de post iniciado',)
17:33:08 - INF - get - ('Servicio de post iniciado',)
17:34:45 - INF - get - ('Servicio de post iniciado',)
17:34:45 - INF - get - ('Posts con más interacciones',)
17:34:45 - INF - get - ('Servicio de post iniciado',)
17:35:01 - INF - get - ('Posts con más interacciones',)
17:35:01 - INF - get - ('Servicio de post iniciado',)
17:35:01 - INF - get - ('Servicio de post iniciado',)
17:35:56 - INF - get - ('Servicio de post iniciado',)
17:35:56 - INF - get - ('Posts con más interacciones',)
17:35:56 - INF - get - ('Servicio de post iniciado',)
17:40:39 - INF - get - ('Posts con más interacciones',)
17:40:39 - INF - get - ('Servicio de post iniciado',)
17:40:39 - INF - get - ('Servicio de post iniciado',)
17:40:44 - INF - get - ('Posts de un usuario especifico',)
17:40:52 - INF - get - ('Servicio de post iniciado',)
17:40:52 - INF - get - ('Posts con más interacciones',)
17:40:52 - INF - get - ('Servicio de post iniciado',)
17:42:00 - INF - get - ('Posts con más interacciones',)
17:44:24 - INF - <module> - ('Servicio Finalizado',)
17:44:26 - INF - <module> - ('Servicio Iniciado',)
17:45:06 - INF - <module> - ('Servicio Finalizado',)
17:45:07 - INF - <module> - ('Servicio Iniciado',)
17:45:11 - INF - <module> - ('Servicio Finalizado',)
17:45:12 - INF - <module> - ('Servicio Iniciado',)
17:45:36 - INF - <module> - ('Servicio Finalizado',)
17:45:37 - INF - <module> - ('Servicio Iniciado',)
17:45:51 - INF - get - ('Posts con más interacciones',)
17:46:17 - INF - <module> - ('Servicio Finalizado',)
17:46:18 - INF - <module> - ('Servicio Iniciado',)
17:46:21 - INF - get - ('Posts con más interacciones',)
17:47:02 - INF - get - ('Posts con más interacciones',)
17:47:49 - INF - <module> - ('Servicio Finalizado',)
17:47:50 - INF - <module> - ('Servicio Iniciado',)
17:47:54 - INF - <module> - ('Servicio Finalizado',)
17:47:54 - INF - <module> - ('Servicio Finalizado',)
17:47:56 - INF - <module> - ('Servicio Iniciado',)
17:47:58 - INF - <module> - ('Servicio Iniciado',)
17:47:59 - INF - <module> - ('Servicio Finalizado',)
17:48:00 - INF - <module> - ('Servicio Iniciado',)
17:48:18 - INF - get - ('Posts con más interacciones',)
17:52:25 - INF - <module> - ('Servicio Finalizado',)
17:52:27 - INF - <module> - ('Servicio Iniciado',)
17:52:46 - INF - get - ('Posts con más interacciones',)
17:54:00 - INF - <module> - ('Servicio Finalizado',)
17:54:01 - INF - <module> - ('Servicio Iniciado',)
17:54:08 - INF - get - ('Posts con más interacciones',)
17:54:51 - INF - <module> - ('Servicio Finalizado',)
17:54:52 - INF - <module> - ('Servicio Iniciado',)
17:54:54 - INF - get - ('Posts con más interacciones',)
17:55:09 - INF - get - ('Posts con más interacciones',)
17:55:09 - INF - get - ('Servicio de post iniciado',)
17:55:09 - INF - get - ('Servicio de post iniciado',)
17:55:30 - INF - get - ('Posts con más interacciones',)
17:57:13 - INF - get - ('Posts con más interacciones',)
17:57:13 - INF - get - ('Servicio de post iniciado',)
17:57:13 - INF - get - ('Servicio de post iniciado',)
17:57:28 - INF - get - ('Posts con más interacciones',)
17:57:30 - INF - get - ('Posts de un usuario especifico',)
17:57:34 - INF - get - ('Servicio de post iniciado',)
17:57:34 - INF - get - ('Posts con más interacciones',)
17:57:34 - INF - get - ('Servicio de post iniciado',)
17:57:43 - INF - get - ('Posts con más interacciones',)
17:57:44 - INF - get - ('Posts de un usuario especifico',)
17:57:45 - INF - get - ('Posts con más interacciones',)
17:57:45 - INF - get - ('Servicio de post iniciado',)
17:57:45 - INF - get - ('Servicio de post iniciado',)
17:57:55 - INF - get - ('Servicio de post iniciado',)

17:57:55 - INF - get - ('Servicio de post iniciado',)
17:58:05 - INF - get - ('Posts con más interacciones',)
17:58:14 - INF - get - ('Posts de un usuario especifico',)
17:59:05 - INF - get - ('Servicio de post iniciado',)
17:59:05 - INF - get - ('Posts con más interacciones',)
17:59:05 - INF - get - ('Servicio de post iniciado',)
17:59:21 - INF - get - ('Posts con más interacciones',)
18:00:04 - INF - get - ('Posts con más interacciones',)
18:00:04 - INF - get - ('Servicio de post iniciado',)
18:00:04 - INF - get - ('Servicio de post iniciado',)
18:00:40 - INF - get - ('Servicio de post iniciado',)
18:00:50 - INF - get - ('Servicio de post iniciado',)
18:00:54 - INF - get - ('Servicio de post iniciado',)
18:01:04 - INF - get - ('Servicio de post iniciado',)
18:01:09 - INF - get - ('Servicio de post iniciado',)
18:01:52 - INF - get - ('Servicio de post iniciado',)
18:02:35 - INF - <module> - ('Servicio Finalizado',)
18:02:36 - INF - <module> - ('Servicio Finalizado',)
21:14:48 - INF - <module> - ('Servicio Iniciado',)
21:14:50 - INF - <module> - ('Servicio Iniciado',)
21:14:55 - INF - get - ('Posts con más interacciones',)
21:14:55 - INF - get - ('Servicio de post iniciado',)
21:14:55 - INF - get - ('Servicio de post iniciado',)
21:15:08 - INF - get - ('Posts de un usuario especifico',)
21:16:05 - INF - get - ('Posts de un usuario especifico',)
21:16:22 - INF - get - ('Posts de un usuario especifico',)
21:17:24 - INF - get - ('Posts de un usuario especifico',)
21:17:27 - INF - get - ('Posts de un usuario especifico',)
21:23:12 - INF - get - ('Posts de un usuario especifico',)
21:23:25 - INF - get - ('Posts de un usuario especifico',)
21:23:42 - INF - get - ('Posts de un usuario especifico',)
21:23:56 - INF - get - ('Posts de un usuario especifico',)
21:24:15 - INF - get - ('Posts de un usuario especifico',)
21:24:43 - INF - get - ('Posts de un usuario especifico',)
21:28:20 - INF - get - ('Posts de un usuario especifico',)
21:29:14 - INF - get - ('Servicio de post iniciado',)

21:29:15 - INF - get - ('Servicio de post iniciado',)
21:35:01 - INF - get - ('Posts con más interacciones',)
21:35:01 - INF - get - ('Servicio de post iniciado',)
21:35:01 - INF - get - ('Servicio de post iniciado',)
21:35:06 - INF - get - ('Servicio de post iniciado',)
21:35:06 - INF - get - ('Posts con más interacciones',)
21:35:06 - INF - get - ('Servicio de post iniciado',)
21:35:41 - INF - get - ('Posts con más interacciones',)
21:35:41 - INF - get - ('Servicio de post iniciado',)
21:35:41 - INF - get - ('Servicio de post iniciado',)
21:36:02 - INF - get - ('Posts con más interacciones',)
21:36:02 - INF - get - ('Servicio de post iniciado',)
21:36:02 - INF - get - ('Servicio de post iniciado',)
21:49:13 - INF - get - ('Servicio de post iniciado',)
21:49:13 - INF - get - ('Posts con más interacciones',)
21:49:13 - INF - get - ('Servicio de post iniciado',)
21:59:40 - INF - get - ('Servicio de post iniciado',)
21:59:40 - INF - get - ('Posts con más interacciones',)
21:59:40 - INF - get - ('Servicio de post iniciado',)
21:59:53 - INF - get - ('Posts con más interacciones',)
21:59:53 - INF - get - ('Servicio de post iniciado',)
21:59:54 - INF - get - ('Servicio de post iniciado',)
22:00:47 - INF - get - ('Servicio de post iniciado',)
22:01:13 - INF - get - ('Posts con más interacciones',)
22:01:13 - INF - get - ('Servicio de post iniciado',)
22:01:14 - INF - get - ('Servicio de post iniciado',)
22:01:32 - INF - get - ('Servicio de post iniciado',)
22:03:27 - INF - get - ('Posts con más interacciones',)
22:03:27 - INF - get - ('Servicio de post iniciado',)
22:03:27 - INF - get - ('Servicio de post iniciado',)
22:05:14 - INF - get - ('Servicio de post iniciado',)
22:05:49 - INF - get - ('Servicio de post iniciado',)
22:05:49 - INF - get - ('Servicio de post iniciado',)
22:05:55 - INF - get - ('Posts de un usuario especifico',)
22:06:43 - INF - get - ('Servicio de post iniciado',)
22:06:44 - INF - get - ('Servicio de post iniciado',)
22:06:46 - INF - get - ('Posts de un usuario especifico',)
22:07:30 - INF - get - ('Posts de un usuario especifico',)
22:07:33 - INF - get - ('Servicio de post iniciado',)
22:07:33 - INF - get - ('Posts con más interacciones',)
22:07:34 - INF - get - ('Servicio de post iniciado',)
22:07:35 - INF - get - ('Posts de un usuario especifico',)
22:07:36 - INF - get - ('Servicio de post iniciado',)
22:07:36 - INF - get - ('Posts con más interacciones',)
22:07:37 - INF - get - ('Servicio de post iniciado',)
22:07:44 - INF - get - ('Servicio de post iniciado',)
22:07:44 - INF - get - ('Servicio de post iniciado',)
22:07:46 - INF - get - ('Posts de un usuario especifico',)
22:09:40 - INF - get - ('Servicio de post iniciado',)
22:09:40 - INF - get - ('Servicio de post iniciado',)
22:09:43 - INF - get - ('Posts de un usuario especifico',)
22:10:36 - INF - get - ('Servicio de post iniciado',)
22:10:36 - INF - get - ('Servicio de post iniciado',)
22:10:44 - INF - get - ('Servicio de post iniciado',)
22:10:44 - INF - post - ('Servicio de Creación de Publicación Iniciado',)
22:10:44 - INF - get - ('Servicio de post iniciado',)
22:10:49 - INF - get - ('Posts de un usuario especifico',)
22:10:50 - INF - get - ('Servicio de post iniciado',)
22:10:50 - INF - get - ('Posts con más interacciones',)
22:10:50 - INF - get - ('Servicio de post iniciado',)
22:10:53 - INF - get - ('Posts de un usuario especifico',)
22:11:32 - INF - get - ('Servicio de post iniciado',)
22:11:32 - INF - get - ('Servicio de post iniciado',)
22:11:57 - INF - get - ('Servicio de post iniciado',)
22:17:14 - INF - get - ('Posts con más interacciones',)
22:17:14 - INF - get - ('Servicio de post iniciado',)
22:17:14 - INF - get - ('Servicio de post iniciado',)
22:17:23 - INF - get - ('Servicio de post iniciado',)
22:17:23 - INF - get - ('Posts con más interacciones',)
22:17:23 - INF - get - ('Servicio de post iniciado',)
22:17:44 - INF - get - ('Posts con más interacciones',)
22:17:44 - INF - get - ('Servicio de post iniciado',)
22:17:44 - INF - get - ('Servicio de post iniciado',)
22:17:54 - INF - get - ('Servicio de post iniciado',)
22:17:54 - INF - get - ('Servicio de post iniciado',)
22:18:30 - INF - get - ('Servicio de post iniciado',)
22:18:30 - INF - get - ('Posts con más interacciones',)
22:18:30 - INF - get - ('Servicio de post iniciado',)
22:20:45 - INF - get - ('Servicio de post iniciado',)
22:20:45 - INF - get - ('Servicio de post iniciado',)
22:21:34 - INF - get - ('Servicio de post iniciado',)
22:21:34 - INF - get - ('Servicio de post iniciado',)
22:21:36 - INF - get - ('Posts de un usuario especifico',)
22:21:39 - INF - get - ('Servicio de post iniciado',)
22:21:40 - INF - get - ('Servicio de post iniciado',)
22:24:55 - INF - get - ('Servicio de post iniciado',)
22:24:55 - INF - get - ('Posts con más interacciones',)
22:24:55 - INF - get - ('Servicio de post iniciado',)
22:26:46 - INF - get - ('Servicio de post iniciado',)
22:26:48 - INF - get - ('Servicio de post iniciado',)
22:26:48 - INF - post - ('Servicio de Creación de Publicación Iniciado',)
22:26:49 - INF - get - ('Servicio de post iniciado',)
22:27:00 - INF - get - ('Servicio de post iniciado',)
22:27:52 - INF - get - ('Servicio de post iniciado',)
22:27:53 - INF - get - ('Servicio de post iniciado',)
22:27:53 - INF - post - ('Servicio de Creación de Publicación Iniciado',)
22:28:01 - INF - get - ('Servicio de post iniciado',)
22:28:01 - INF - get - ('Posts con más interacciones',)
22:28:01 - INF - get - ('Servicio de post iniciado',)
22:28:56 - INF - get - ('Posts de un usuario especifico',)
22:29:13 - INF - get - ('Servicio de post iniciado',)
22:29:13 - INF - get - ('Posts con más interacciones',)
22:29:13 - INF - get - ('Servicio de post iniciado',)
22:29:14 - INF - get - ('Posts de un usuario especifico',)
22:30:04 - INF - get - ('Posts de un usuario especifico',)
22:30:49 - INF - get - ('Servicio de post iniciado',)
22:30:49 - INF - get - ('Posts con más interacciones',)
22:30:49 - INF - get - ('Servicio de post iniciado',)
22:30:56 - INF - get - ('Posts de un usuario especifico',)
22:30:58 - INF - get - ('Servicio de post iniciado',)
22:30:58 - INF - get - ('Posts con más interacciones',)
22:30:58 - INF - get - ('Servicio de post iniciado',)
22:31:07 - INF - get - ('Posts de un usuario especifico',)
22:31:10 - INF - get - ('Servicio de post iniciado',)
22:31:10 - INF - get - ('Posts con más interacciones',)
22:31:10 - INF - get - ('Servicio de post iniciado',)
22:31:43 - INF - get - ('Servicio de post iniciado',)
22:31:54 - INF - get - ('Servicio de post iniciado',)
22:32:54 - INF - get - ('Servicio de post iniciado',)
22:33:05 - INF - get - ('Posts de un usuario especifico',)
22:54:54 - INF - get - ('Posts de un usuario especifico',)
22:55:03 - INF - get - ('Posts con más interacciones',)
22:55:03 - INF - get - ('Servicio de post iniciado',)
22:55:03 - INF - get - ('Servicio de post iniciado',)
22:55:04 - INF - get - ('Posts de un usuario especifico',)
22:55:27 - INF - get - ('Posts de un usuario especifico',)
22:59:40 - INF - get - ('Posts con más interacciones',)
22:59:40 - INF - get - ('Servicio de post iniciado',)
22:59:40 - INF - get - ('Servicio de post iniciado',)
22:59:42 - INF - get - ('Posts de un usuario especifico',)
23:03:39 - INF - get - ('Posts de un usuario especifico',)
23:03:57 - INF - get - ('Posts de un usuario especifico',)
23:04:45 - INF - get - ('Posts de un usuario especifico',)
23:05:32 - INF - get - ('Servicio de post iniciado',)
23:05:32 - INF - get - ('Posts con más interacciones',)
23:05:32 - INF - get - ('Servicio de post iniciado',)
23:05:38 - INF - get - ('Posts de un usuario especifico',)
23:08:51 - INF - get - ('Posts de un usuario especifico',)
23:09:29 - INF - get - ('Posts de un usuario especifico',)
23:10:23 - INF - get - ('Posts de un usuario especifico',)
23:10:53 - INF - get - ('Posts de un usuario especifico',)
23:11:09 - INF - get - ('Posts de un usuario especifico',)
23:11:42 - INF - get - ('Posts de un usuario especifico',)
23:11:57 - INF - get - ('Posts de un usuario especifico',)
23:12:10 - INF - get - ('Posts de un usuario especifico',)
23:12:30 - INF - get - ('Posts de un usuario especifico',)
23:13:05 - INF - get - ('Posts de un usuario especifico',)
23:13:19 - INF - get - ('Posts de un usuario especifico',)
23:13:33 - INF - get - ('Posts con más interacciones',)
23:13:33 - INF - get - ('Servicio de post iniciado',)
23:13:33 - INF - get - ('Servicio de post iniciado',)
23:13:34 - INF - get - ('Posts de un usuario especifico',)
23:14:22 - INF - get - ('Posts de un usuario especifico',)
23:19:16 - INF - get - ('Servicio de post iniciado',)
23:19:16 - INF - get - ('Posts con más interacciones',)
23:19:16 - INF - get - ('Servicio de post iniciado',)
23:19:17 - INF - get - ('Posts de un usuario especifico',)
23:20:07 - INF - get - ('Posts de un usuario especifico',)
23:20:16 - INF - get - ('Posts de un usuario especifico',)
23:21:03 - INF - get - ('Posts de un usuario especifico',)
23:21:43 - INF - get - ('Servicio de post iniciado',)
23:21:43 - INF - get - ('Posts con más interacciones',)
23:21:43 - INF - get - ('Servicio de post iniciado',)
23:21:44 - INF - get - ('Posts de un usuario especifico',)
23:21:54 - INF - get - ('Posts de un usuario especifico',)
23:49:54 - INF - get - ('Posts de un usuario especifico',)
23:50:00 - INF - get - ('Posts de un usuario especifico',)
23:50:38 - INF - get - ('Posts de un usuario especifico',)
23:50:45 - INF - get - ('Servicio de post iniciado',)
23:50:45 - INF - get - ('Posts con más interacciones',)
23:50:45 - INF - get - ('Servicio de post iniciado',)
23:50:47 - INF - get - ('Posts de un usuario especifico',)
23:50:51 - INF - get - ('Posts de un usuario especifico',)
23:52:08 - INF - get - ('Posts de un usuario especifico',)
23:52:26 - INF - get - ('Posts de un usuario especifico',)
23:53:25 - INF - get - ('Posts de un usuario especifico',)
23:53:39 - INF - get - ('Posts de un usuario especifico',)
23:53:53 - INF - get - ('Posts de un usuario especifico',)
23:54:27 - INF - get - ('Posts de un usuario especifico',)
23:55:06 - INF - get - ('Posts de un usuario especifico',)
23:55:41 - INF - get - ('Posts de un usuario especifico',)
23:55:51 - INF - get - ('Servicio de post iniciado',)
23:55:51 - INF - get - ('Posts con más interacciones',)
23:55:51 - INF - get - ('Servicio de post iniciado',)
23:55:52 - INF - get - ('Posts de un usuario especifico',)
23:57:43 - INF - get - ('Posts de un usuario especifico',)
23:58:17 - INF - get - ('Posts de un usuario especifico',)
23:58:38 - INF - get - ('Posts de un usuario especifico',)
