00:00:21 - INF - get - ('Posts con más interacciones',)
00:00:21 - INF - get - ('Servicio de post iniciado',)
00:00:21 - INF - get - ('Servicio de post iniciado',)
00:00:23 - INF - get - ('Posts de un usuario especifico',)
00:00:30 - INF - get - ('Posts de un usuario especifico',)
00:02:38 - INF - get - ('Posts de un usuario especifico',)
00:06:56 - INF - get - ('Posts de un usuario especifico',)
00:07:54 - INF - get - ('Posts de un usuario especifico',)
00:08:04 - INF - get - ('Servicio de post iniciado',)

00:08:05 - INF - get - ('Servicio de post iniciado',)
00:08:07 - INF - get - ('Posts de un usuario especifico',)
00:08:24 - INF - get - ('Posts de un usuario especifico',)
00:08:32 - INF - get - ('Posts de un usuario especifico',)
00:08:43 - INF - get - ('Posts de un usuario especifico',)
00:08:54 - INF - get - ('Posts de un usuario especifico',)
00:08:58 - INF - get - ('Posts de un usuario especifico',)
00:17:46 - INF - get - ('Servicio de post iniciado',)
00:17:46 - INF - get - ('Posts con más interacciones',)
00:17:46 - INF - get - ('Servicio de post iniciado',)
00:17:48 - INF - get - ('Posts de un usuario especifico',)
00:17:57 - INF - get - ('Servicio de post iniciado',)
00:17:57 - INF - get - ('Posts con más interacciones',)
00:17:57 - INF - get - ('Servicio de post iniciado',)
00:19:06 - INF - <module> - ('Servicio Finalizado',)
00:19:06 - INF - <module> - ('Servicio Finalizado',)
11:24:08 - INF - <module> - ('Servicio Iniciado',)
11:24:10 - INF - <module> - ('Servicio Iniciado',)
11:24:18 - INF - get - ('Posts con más interacciones',)
11:24:18 - INF - get - ('Servicio de post iniciado',)
11:24:18 - INF - get - ('Servicio de post iniciado',)
11:24:47 - INF - get - ('Servicio de post iniciado',)
11:24:47 - INF - post - ('Servicio de Creación de Publicación Iniciado',)
11:24:48 - INF - get - ('Servicio de post iniciado',)
11:24:50 - INF - get - ('Posts de un usuario especifico',)
11:24:54 - INF - get - ('Posts con más interacciones',)
11:24:54 - INF - get - ('Servicio de post iniciado',)
11:24:54 - INF - get - ('Servicio de post iniciado',)
11:25:37 - INF - get - ('Servicio de post iniciado',)
11:25:37 - INF - get - ('Posts con más interacciones',)
11:25:37 - INF - get - ('Servicio de post iniciado',)
11:25:54 - INF - get - ('Posts de un usuario especifico',)
11:25:55 - INF - get - ('Posts con más interacciones',)
11:25:55 - INF - get - ('Servicio de post iniciado',)
11:25:56 - INF - get - ('Servicio de post iniciado',)
11:27:06 - INF - get - ('Servicio de post iniciado',)
11:27:17 - INF - get - ('Servicio de post iniciado',)
11:28:13 - INF - <module> - ('Servicio Finalizado',)
11:28:14 - INF - <module> - ('Servicio Iniciado',)
11:28:22 - INF - get - ('Servicio de post iniciado',)
11:32:35 - INF - get - ('Servicio de post iniciado',)
11:33:06 - INF - get - ('Servicio de post iniciado',)
11:33:17 - INF - get - ('Servicio de post iniciado',)
11:33:17 - INF - get - ('Posts con más interacciones',)
11:33:17 - INF - get - ('Servicio de post iniciado',)
11:33:28 - INF - get - ('Servicio de post iniciado',)
11:33:28 - INF - get - ('Posts con más interacciones',)
11:33:28 - INF - get - ('Servicio de post iniciado',)
11:33:35 - INF - get - ('Posts de un usuario especifico',)
11:33:37 - INF - get - ('Servicio de post iniciado',)
11:33:37 - INF - get - ('Posts con más interacciones',)
11:33:37 - INF - get - ('Servicio de post iniciado',)
11:33:48 - INF - get - ('Servicio de post iniciado',)
11:33:48 - INF - get - ('Posts con más interacciones',)
11:33:48 - INF - get - ('Servicio de post iniciado',)
11:35:49 - INF - get - ('Servicio de post iniciado',)
11:36:18 - INF - get - ('Posts de un usuario especifico',)
11:36:21 - INF - get - ('Servicio de post iniciado',)
11:36:21 - INF - get - ('Posts con más interacciones',)
11:36:21 - INF - get - ('Servicio de post iniciado',)
11:46:55 - INF - get - ('Servicio de post iniciado',)
11:46:55 - INF - get - ('Posts con más interacciones',)
11:46:55 - INF - get - ('Servicio de post iniciado',)
11:49:20 - INF - get - ('Servicio de post iniciado',)
11:49:26 - INF - get - ('Servicio de post iniciado',)
11:49:53 - INF - get - ('Servicio de post iniciado',)
11:50:03 - INF - get - ('Servicio de post iniciado',)
11:50:10 - INF - get - ('Servicio de post iniciado',)
11:50:27 - INF - get - ('Posts con más interacciones',)
11:50:27 - INF - get - ('Servicio de post iniciado',)
11:50:28 - INF - get - ('Servicio de post iniciado',)
11:51:08 - INF - get - ('Servicio de post iniciado',)
11:51:21 - INF - get - ('Servicio de post iniciado',)
11:52:28 - INF - get - ('Servicio de post iniciado',)
11:52:47 - INF - get - ('Servicio de post iniciado',)
11:59:19 - INF - <module> - ('Servicio Finalizado',)
11:59:24 - INF - <module> - ('Servicio Iniciado',)
12:00:21 - INF - get - ('Servicio de post iniciado',)
12:01:57 - INF - get - ('Servicio de post iniciado',)
12:03:00 - INF - get - ('Servicio de post iniciado',)
12:03:13 - INF - get - ('Servicio de post iniciado',)
12:03:35 - INF - get - ('Servicio de post iniciado',)
12:03:50 - INF - get - ('Servicio de post iniciado',)
12:03:50 - INF - get - ('Posts con más interacciones',)
12:03:50 - INF - get - ('Servicio de post iniciado',)
12:04:46 - INF - get - ('Servicio de post iniciado',)
12:04:46 - INF - get - ('Posts con más interacciones',)
12:04:46 - INF - get - ('Servicio de post iniciado',)
12:06:00 - INF - get - ('Servicio de post iniciado',)
12:06:00 - INF - get - ('Posts con más interacciones',)
12:06:00 - INF - get - ('Servicio de post iniciado',)
12:07:44 - INF - get - ('Servicio de post iniciado',)
12:08:05 - INF - get - ('Servicio de post iniciado',)
12:08:05 - INF - get - ('Posts con más interacciones',)
12:08:05 - INF - get - ('Servicio de post iniciado',)
12:11:46 - INF - get - ('Servicio de post iniciado',)
12:11:56 - INF - get - ('Servicio de post iniciado',)
12:11:56 - INF - get - ('Posts con más interacciones',)
12:11:56 - INF - get - ('Servicio de post iniciado',)
12:14:01 - INF - get - ('Posts con más interacciones',)
12:14:01 - INF - get - ('Servicio de post iniciado',)
12:14:01 - INF - get - ('Servicio de post iniciado',)
12:14:12 - INF - get - ('Servicio de post iniciado',)
12:14:12 - INF - get - ('Posts con más interacciones',)
12:14:12 - INF - get - ('Servicio de post iniciado',)
12:14:40 - INF - get - ('Servicio de post iniciado',)
12:14:40 - INF - get - ('Posts con más interacciones',)
12:14:40 - INF - get - ('Servicio de post iniciado',)
12:16:07 - INF - get - ('Servicio de post iniciado',)
12:16:28 - INF - get - ('Servicio de post iniciado',)
12:16:36 - INF - get - ('Posts con más interacciones',)
12:16:36 - INF - get - ('Servicio de post iniciado',)
12:16:37 - INF - get - ('Servicio de post iniciado',)
12:16:49 - INF - get - ('Servicio de post iniciado',)
12:16:49 - INF - get - ('Posts con más interacciones',)
12:16:49 - INF - get - ('Servicio de post iniciado',)
12:16:59 - INF - get - ('Servicio de post iniciado',)
12:17:35 - INF - get - ('Servicio de post iniciado',)
12:17:35 - INF - get - ('Posts con más interacciones',)
12:17:35 - INF - get - ('Servicio de post iniciado',)
12:17:41 - INF - get - ('Servicio de post iniciado',)
12:17:41 - INF - get - ('Posts con más interacciones',)
12:17:41 - INF - get - ('Servicio de post iniciado',)
12:17:43 - INF - get - ('Servicio de post iniciado',)
12:17:43 - INF - get - ('Posts con más interacciones',)
12:17:43 - INF - get - ('Servicio de post iniciado',)
12:33:38 - INF - get - ('Servicio de post iniciado',)
12:33:38 - INF - get - ('Posts con más interacciones',)
12:33:38 - INF - get - ('Servicio de post iniciado',)
12:33:40 - INF - get - ('Posts con más interacciones',)
12:33:40 - INF - get - ('Servicio de post iniciado',)
12:36:16 - INF - get - ('Servicio de post iniciado',)
12:36:43 - INF - get - ('Servicio de post iniciado',)
12:38:38 - INF - get - ('Servicio de post iniciado',)
12:39:34 - INF - get - ('Servicio de post iniciado',)
12:40:16 - INF - get - ('Servicio de post iniciado',)
12:42:09 - INF - get - ('Servicio de post iniciado',)
12:42:09 - INF - get - ('Posts con más interacciones',)
12:42:09 - INF - get - ('Servicio de post iniciado',)
12:45:39 - INF - get - ('Servicio de post iniciado',)
12:45:47 - INF - get - ('Servicio de post iniciado',)
12:45:54 - INF - get - ('Servicio de post iniciado',)
12:46:01 - INF - get - ('Posts de un usuario especifico',)
12:46:03 - INF - get - ('Servicio de post iniciado',)
12:46:03 - INF - get - ('Posts con más interacciones',)
12:46:03 - INF - get - ('Servicio de post iniciado',)
12:46:18 - INF - get - ('Servicio de post iniciado',)
12:52:28 - INF - get - ('Servicio de post iniciado',)
12:52:28 - INF - get - ('Posts con más interacciones',)
12:52:28 - INF - get - ('Servicio de post iniciado',)
12:59:28 - INF - get - ('Servicio de post iniciado',)
12:59:44 - INF - get - ('Servicio de post iniciado',)
12:59:44 - INF - get - ('Posts con más interacciones',)
12:59:45 - INF - get - ('Servicio de post iniciado',)
13:00:19 - INF - get - ('Servicio de post iniciado',)
13:00:24 - INF - get - ('Servicio de post iniciado',)
13:00:24 - INF - get - ('Posts con más interacciones',)
13:00:24 - INF - get - ('Servicio de post iniciado',)
13:00:49 - INF - get - ('Servicio de post iniciado',)
13:00:51 - INF - get - ('Servicio de post iniciado',)
13:00:51 - INF - get - ('Posts con más interacciones',)
13:00:51 - INF - get - ('Servicio de post iniciado',)
13:01:33 - INF - get - ('Servicio de post iniciado',)

13:01:33 - INF - get - ('Servicio de post iniciado',)
13:02:16 - INF - get - ('Servicio de post iniciado',)
13:02:26 - INF - get - ('Servicio de post iniciado',)
13:02:28 - INF - get - ('Servicio de post iniciado',)
13:02:28 - INF - get - ('Posts con más interacciones',)
13:02:28 - INF - get - ('Servicio de post iniciado',)
13:03:08 - INF - get - ('Servicio de post iniciado',)
13:03:08 - INF - get - ('Posts con más interacciones',)
13:03:08 - INF - get - ('Servicio de post iniciado',)
13:03:52 - INF - get - ('Servicio de post iniciado',)
13:04:22 - INF - get - ('Servicio de post iniciado',)
13:15:48 - INF - get - ('Servicio de post iniciado',)
13:15:48 - INF - get - ('Posts con más interacciones',)
13:15:48 - INF - get - ('Servicio de post iniciado',)
13:19:53 - INF - get - ('Servicio de post iniciado',)
13:19:53 - INF - get - ('Posts con más interacciones',)
13:19:53 - INF - get - ('Servicio de post iniciado',)
13:20:12 - INF - get - ('Servicio de post iniciado',)
13:20:12 - INF - get - ('Posts con más interacciones',)
13:20:12 - INF - get - ('Servicio de post iniciado',)
13:20:36 - INF - get - ('Servicio de post iniciado',)
13:20:36 - INF - get - ('Posts con más interacciones',)
13:20:36 - INF - get - ('Servicio de post iniciado',)
13:22:21 - INF - get - ('Posts de un usuario especifico',)
13:22:27 - INF - get - ('Servicio de post iniciado',)
13:22:27 - INF - get - ('Posts con más interacciones',)
13:22:27 - INF - get - ('Servicio de post iniciado',)
13:26:01 - INF - get - ('Servicio de post iniciado',)
13:26:01 - INF - get - ('Posts con más interacciones',)
13:26:02 - INF - get - ('Servicio de post iniciado',)
13:27:17 - INF - get - ('Servicio de post iniciado',)
13:27:17 - INF - get - ('Posts con más interacciones',)
13:27:17 - INF - get - ('Servicio de post iniciado',)
13:27:29 - INF - get - ('Posts con más interacciones',)
13:27:29 - INF - get - ('Servicio de post iniciado',)
13:27:29 - INF - get - ('Servicio de post iniciado',)
13:27:41 - INF - get - ('Posts de un usuario especifico',)
13:27:50 - INF - get - ('Posts con más interacciones',)
13:27:50 - INF - get - ('Servicio de post iniciado',)
13:27:50 - INF - get - ('Servicio de post iniciado',)
13:28:09 - INF - get - ('Posts de un usuario especifico',)
13:28:10 - INF - get - ('Servicio de post iniciado',)
13:28:10 - INF - get - ('Posts con más interacciones',)
13:28:10 - INF - get - ('Servicio de post iniciado',)
13:28:28 - INF - get - ('Servicio de post iniciado',)
13:28:28 - INF - get - ('Posts con más interacciones',)
13:28:29 - INF - get - ('Servicio de post iniciado',)
13:28:40 - INF - get - ('Posts con más interacciones',)
13:28:40 - INF - get - ('Servicio de post iniciado',)
13:28:40 - INF - get - ('Servicio de post iniciado',)
13:29:53 - INF - get - ('Servicio de post iniciado',)
13:31:10 - INF - get - ('Servicio de post iniciado',)
13:31:10 - INF - get - ('Posts con más interacciones',)
13:31:10 - INF - get - ('Servicio de post iniciado',)
13:34:49 - INF - get - ('Servicio de post iniciado',)
13:34:49 - INF - get - ('Posts con más interacciones',)
13:34:49 - INF - get - ('Servicio de post iniciado',)
13:37:52 - INF - get - ('Posts de un usuario especifico',)
13:37:53 - INF - get - ('Posts con más interacciones',)
13:37:53 - INF - get - ('Servicio de post iniciado',)
13:37:53 - INF - get - ('Servicio de post iniciado',)
13:43:50 - INF - get - ('Servicio de post iniciado',)
13:43:50 - INF - get - ('Posts con más interacciones',)
13:43:50 - INF - get - ('Servicio de post iniciado',)
13:47:11 - INF - get - ('Servicio de post iniciado',)
13:47:11 - INF - get - ('Posts con más interacciones',)
13:47:11 - INF - get - ('Servicio de post iniciado',)
13:47:18 - INF - get - ('Posts de un usuario especifico',)
13:49:03 - INF - <module> - ('Servicio Finalizado',)
13:49:04 - INF - <module> - ('Servicio Iniciado',)
13:49:09 - INF - get - ('Servicio de post iniciado',)
13:49:09 - INF - get - ('Posts con más interacciones',)
13:49:10 - INF - get - ('Servicio de post iniciado',)
13:49:12 - INF - get - ('Posts de un usuario especifico',)
13:49:52 - INF - get - ('Servicio de post iniciado',)
13:49:52 - INF - get - ('Posts con más interacciones',)
13:49:52 - INF - get - ('Servicio de post iniciado',)
13:51:08 - INF - get - ('Servicio de post iniciado',)
13:51:21 - INF - get - ('Posts de un usuario especifico',)
13:51:22 - INF - get - ('Posts con más interacciones',)
13:51:22 - INF - get - ('Servicio de post iniciado',)
13:51:22 - INF - get - ('Servicio de post iniciado',)
13:51:46 - INF - get - ('Posts de un usuario especifico',)
13:51:47 - INF - get - ('Servicio de post iniciado',)
13:51:47 - INF - get - ('Posts con más interacciones',)
13:51:47 - INF - get - ('Servicio de post iniciado',)
13:53:08 - INF - get - ('Servicio de post iniciado',)
13:53:49 - INF - get - ('Servicio de post iniciado',)
13:53:59 - INF - get - ('Servicio de post iniciado',)
13:54:16 - INF - get - ('Servicio de post iniciado',)
13:54:16 - INF - get - ('Posts con más interacciones',)
13:54:16 - INF - get - ('Servicio de post iniciado',)
13:54:27 - INF - get - ('Servicio de post iniciado',)
13:54:27 - INF - get - ('Posts con más interacciones',)
13:54:27 - INF - get - ('Servicio de post iniciado',)
13:55:30 - INF - get - ('Servicio de post iniciado',)
13:55:47 - INF - get - ('Servicio de post iniciado',)
13:56:01 - INF - get - ('Posts de un usuario especifico',)
13:56:38 - INF - get - ('Servicio de post iniciado',)
13:56:38 - INF - get - ('Posts con más interacciones',)
13:56:38 - INF - get - ('Servicio de post iniciado',)
13:56:50 - INF - get - ('Servicio de post iniciado',)
13:56:50 - INF - get - ('Posts con más interacciones',)
13:56:50 - INF - get - ('Servicio de post iniciado',)
13:59:14 - INF - get - ('Servicio de post iniciado',)
13:59:14 - INF - get - ('Posts con más interacciones',)
13:59:15 - INF - get - ('Servicio de post iniciado',)
13:59:56 - INF - get - ('Posts de un usuario especifico',)
14:08:00 - INF - get - ('Posts de un usuario especifico',)
14:08:24 - INF - get - ('Posts de un usuario especifico',)
14:08:47 - INF - get - ('Posts de un usuario especifico',)
14:08:57 - INF - get - ('Posts de un usuario especifico',)
14:11:09 - INF - get - ('Posts de un usuario especifico',)
14:13:39 - INF - get - ('Servicio de post iniciado',)
14:13:39 - INF - get - ('Posts con más interacciones',)
14:13:39 - INF - get - ('Servicio de post iniciado',)
14:13:40 - INF - get - ('Posts de un usuario especifico',)
14:13:54 - INF - get - ('Servicio de post iniciado',)
14:13:54 - INF - get - ('Posts con más interacciones',)
14:13:54 - INF - get - ('Servicio de post iniciado',)
14:13:55 - INF - get - ('Posts de un usuario especifico',)
14:14:36 - INF - get - ('Servicio de post iniciado',)
14:14:36 - INF - get - ('Posts con más interacciones',)
14:14:36 - INF - get - ('Servicio de post iniciado',)
14:14:38 - INF - get - ('Posts de un usuario especifico',)
14:14:44 - INF - get - ('Servicio de post iniciado',)
14:14:44 - INF - get - ('Posts con más interacciones',)
14:14:44 - INF - get - ('Servicio de post iniciado',)
14:14:48 - INF - get - ('Posts de un usuario especifico',)
14:14:52 - INF - get - ('Servicio de post iniciado',)
14:14:52 - INF - get - ('Posts con más interacciones',)
14:14:52 - INF - get - ('Servicio de post iniciado',)
14:15:08 - INF - get - ('Servicio de post iniciado',)
14:15:08 - INF - get - ('Posts con más interacciones',)
14:15:08 - INF - get - ('Servicio de post iniciado',)
14:16:57 - INF - get - ('Servicio de post iniciado',)
14:16:57 - INF - get - ('Posts con más interacciones',)
14:16:58 - INF - get - ('Servicio de post iniciado',)
14:16:59 - INF - get - ('Posts de un usuario especifico',)
14:17:10 - INF - get - ('Posts con más interacciones',)
14:17:10 - INF - get - ('Servicio de post iniciado',)
14:17:10 - INF - get - ('Servicio de post iniciado',)
14:20:11 - INF - get - ('Servicio de post iniciado',)
14:20:11 - INF - get - ('Posts con más interacciones',)
14:20:11 - INF - get - ('Servicio de post iniciado',)
14:22:03 - INF - get - ('Posts con más interacciones',)
14:25:36 - INF - get - ('Posts con más interacciones',)
14:26:34 - INF - get - ('Posts con más interacciones',)
14:27:19 - INF - get - ('Posts con más interacciones',)
14:27:38 - INF - get - ('Posts con más interacciones',)
14:27:46 - INF - get - ('Posts con más interacciones',)
14:29:42 - INF - get - ('Posts con más interacciones',)
14:29:50 - INF - get - ('Posts con más interacciones',)
14:29:50 - INF - get - ('Servicio de post iniciado',)
14:29:50 - INF - get - ('Servicio de post iniciado',)
14:32:33 - INF - get - ('Posts con más interacciones',)
14:33:07 - INF - get - ('Posts de un usuario especifico',)
14:33:08 - INF - get - ('Servicio de post iniciado',)
14:33:08 - INF - get - ('Posts con más interacciones',)
14:33:09 - INF - get - ('Servicio de post iniciado',)
14:33:21 - INF - get - ('Posts con más interacciones',)
14:33:31 - INF - get - ('Posts con más interacciones',)
14:34:49 - INF - get - ('Posts con más interacciones',)
14:35:18 - INF - get - ('Posts con más interacciones',)
14:35:39 - INF - get - ('Posts con más interacciones',)
14:35:39 - INF - get - ('Servicio de post iniciado',)
14:36:42 - INF - get - ('Servicio de post iniciado',)
14:37:11 - INF - get - ('Posts con más interacciones',)
14:38:15 - INF - get - ('Posts de un usuario especifico',)
14:39:01 - INF - get - ('Servicio de post iniciado',)
14:39:01 - INF - get - ('Posts con más interacciones',)
14:39:01 - INF - get - ('Servicio de post iniciado',)
14:39:15 - INF - get - ('Posts con más interacciones',)
14:39:20 - INF - get - ('Posts con más interacciones',)
14:39:26 - INF - get - ('Posts con más interacciones',)
14:39:48 - INF - get - ('Posts con más interacciones',)
14:39:55 - INF - get - ('Posts con más interacciones',)
14:41:18 - INF - get - ('Posts con más interacciones',)
14:41:38 - INF - get - ('Posts con más interacciones',)
14:42:01 - INF - get - ('Posts con más interacciones',)
14:42:16 - INF - get - ('Posts con más interacciones',)
14:42:49 - INF - get - ('Posts con más interacciones',)
14:42:52 - INF - get - ('Posts con más interacciones',)
14:44:11 - INF - get - ('Posts con más interacciones',)
14:45:41 - INF - get - ('Posts con más interacciones',)
14:45:58 - INF - get - ('Posts con más interacciones',)
14:46:07 - INF - get - ('Servicio de post iniciado',)
14:46:07 - INF - get - ('Posts con más interacciones',)
14:46:07 - INF - get - ('Servicio de post iniciado',)
14:46:16 - INF - get - ('Posts con más interacciones',)
14:46:23 - INF - get - ('Posts con más interacciones',)
14:46:33 - INF - get - ('Posts con más interacciones',)
14:46:58 - INF - get - ('Posts con más interacciones',)
14:48:33 - INF - get - ('Posts con más interacciones',)
14:48:33 - INF - get - ('Servicio de post iniciado',)
14:48:53 - INF - get - ('Servicio de post iniciado',)
14:49:10 - INF - get - ('Servicio de post iniciado',)
14:49:14 - INF - get - ('Posts de un usuario especifico',)
14:49:15 - INF - get - ('Servicio de post iniciado',)
14:49:15 - INF - get - ('Posts con más interacciones',)
14:49:16 - INF - get - ('Servicio de post iniciado',)
14:51:38 - INF - get - ('Posts con más interacciones',)
14:51:38 - INF - get - ('Servicio de post iniciado',)
14:51:38 - INF - get - ('Servicio de post iniciado',)
14:52:05 - INF - get - ('Posts de un usuario especifico',)
14:52:09 - INF - get - ('Posts con más interacciones',)
14:52:09 - INF - get - ('Servicio de post iniciado',)
14:52:09 - INF - get - ('Servicio de post iniciado',)
14:52:16 - INF - get - ('Posts de un usuario especifico',)
14:52:19 - INF - get - ('Servicio de post iniciado',)
14:52:19 - INF - get - ('Posts con más interacciones',)
14:52:19 - INF - get - ('Servicio de post iniciado',)
14:52:28 - INF - get - ('Servicio de post iniciado',)
14:52:28 - INF - post - ('Servicio de Creación de Publicación Iniciado',)
14:52:28 - INF - get - ('Servicio de post iniciado',)
14:52:31 - INF - get - ('Posts de un usuario especifico',)
15:02:09 - INF - get - ('Servicio de post iniciado',)
15:02:09 - INF - get - ('Posts con más interacciones',)
15:02:09 - INF - get - ('Servicio de post iniciado',)
15:02:14 - INF - get - ('Posts de un usuario especifico',)
15:02:33 - INF - get - ('Posts de un usuario especifico',)
15:02:35 - INF - get - ('Servicio de post iniciado',)
15:02:35 - INF - get - ('Posts con más interacciones',)
15:02:35 - INF - get - ('Servicio de post iniciado',)
15:02:37 - INF - get - ('Posts de un usuario especifico',)
15:02:40 - INF - get - ('Servicio de post iniciado',)
15:02:40 - INF - get - ('Posts con más interacciones',)
15:02:40 - INF - get - ('Servicio de post iniciado',)
15:02:56 - INF - get - ('Posts con más interacciones',)
15:02:56 - INF - get - ('Servicio de post iniciado',)
15:02:56 - INF - get - ('Servicio de post iniciado',)
15:03:50 - INF - get - ('Posts de un usuario especifico',)
15:04:04 - INF - get - ('Servicio de post iniciado',)
15:04:04 - INF - get - ('Posts con más interacciones',)
15:04:05 - INF - get - ('Servicio de post iniciado',)
15:04:13 - INF - get - ('Servicio de post iniciado',)
15:04:13 - INF - get - ('Posts con más interacciones',)
15:04:13 - INF - get - ('Servicio de post iniciado',)
15:05:01 - INF - get - ('Posts con más interacciones',)
15:05:01 - INF - get - ('Servicio de post iniciado',)
15:05:01 - INF - get - ('Servicio de post iniciado',)
15:34:17 - INF - get - ('Servicio de post iniciado',)
15:34:17 - INF - get - ('Posts con más interacciones',)
15:34:17 - INF - get - ('Servicio de post iniciado',)
15:34:19 - INF - get - ('Posts de un usuario especifico',)
15:34:22 - INF - get - ('Servicio de post iniciado',)
15:34:22 - INF - get - ('Posts con más interacciones',)
15:34:22 - INF - get - ('Servicio de post iniciado',)
15:34:32 - INF - get - ('Servicio de post iniciado',)
15:34:32 - INF - get - ('Posts con más interacciones',)
15:34:32 - INF - get - ('Servicio de post iniciado',)
15:35:58 - INF - <module> - ('Servicio Finalizado',)
15:35:58 - INF - <module> - ('Servicio Finalizado',)
15:36:00 - INF - <module> - ('Servicio Iniciado',)
15:36:01 - INF - <module> - ('Servicio Iniciado',)
15:39:46 - INF - get - ('Posts con más interacciones',)
15:40:35 - INF - get - ('Servicio de post iniciado',)
15:40:35 - INF - get - ('Posts con más interacciones',)
15:40:35 - INF - get - ('Servicio de post iniciado',)
15:41:13 - INF - get - ('Posts de un usuario especifico',)
15:41:16 - INF - get - ('Servicio de post iniciado',)
15:41:16 - INF - get - ('Posts con más interacciones',)
15:41:16 - INF - get - ('Servicio de post iniciado',)
15:47:03 - INF - get - ('Posts de un usuario especifico',)
15:47:05 - INF - get - ('Servicio de post iniciado',)
15:47:05 - INF - get - ('Posts con más interacciones',)
15:47:05 - INF - get - ('Servicio de post iniciado',)
15:47:12 - INF - get - ('Servicio de post iniciado',)
15:47:12 - INF - get - ('Posts con más interacciones',)
15:47:12 - INF - get - ('Servicio de post iniciado',)
15:47:15 - INF - get - ('Posts de un usuario especifico',)
15:47:35 - INF - get - ('Servicio de post iniciado',)
15:47:35 - INF - get - ('Posts con más interacciones',)
15:47:35 - INF - get - ('Servicio de post iniciado',)
15:47:44 - INF - get - ('Servicio de post iniciado',)
15:47:44 - INF - get - ('Posts con más interacciones',)
15:47:44 - INF - get - ('Servicio de post iniciado',)
15:47:52 - INF - get - ('Servicio de post iniciado',)
15:47:52 - INF - get - ('Posts con más interacciones',)
15:47:53 - INF - get - ('Servicio de post iniciado',)
15:48:01 - INF - get - ('Servicio de post iniciado',)
15:48:01 - INF - get - ('Posts con más interacciones',)
15:48:01 - INF - get - ('Servicio de post iniciado',)
15:48:03 - INF - get - ('Posts de un usuario especifico',)
15:48:14 - INF - get - ('Servicio de post iniciado',)
15:48:14 - INF - get - ('Posts con más interacciones',)
15:48:14 - INF - get - ('Servicio de post iniciado',)
15:49:51 - INF - get - ('Servicio de post iniciado',)
15:49:51 - INF - get - ('Posts con más interacciones',)
15:49:51 - INF - get - ('Servicio de post iniciado',)
15:50:03 - INF - get - ('Servicio de post iniciado',)
15:50:03 - INF - get - ('Posts con más interacciones',)
15:50:03 - INF - get - ('Servicio de post iniciado',)
15:50:08 - INF - get - ('Posts de un usuario especifico',)
15:50:10 - INF - get - ('Posts con más interacciones',)
15:50:10 - INF - get - ('Servicio de post iniciado',)
15:51:04 - INF - get - ('Servicio de post iniciado',)
15:51:04 - INF - get - ('Posts con más interacciones',)
15:51:04 - INF - get - ('Servicio de post iniciado',)
15:51:38 - INF - get - ('Servicio de post iniciado',)
15:51:38 - INF - get - ('Posts con más interacciones',)
15:51:38 - INF - get - ('Servicio de post iniciado',)
15:51:44 - INF - get - ('Posts de un usuario especifico',)
15:51:47 - INF - get - ('Servicio de post iniciado',)
15:51:47 - INF - get - ('Posts con más interacciones',)
15:51:48 - INF - get - ('Servicio de post iniciado',)
15:51:54 - INF - get - ('Servicio de post iniciado',)
15:51:54 - INF - get - ('Posts con más interacciones',)
15:51:54 - INF - get - ('Servicio de post iniciado',)
15:52:28 - INF - get - ('Servicio de post iniciado',)
15:52:28 - INF - get - ('Posts con más interacciones',)
15:52:28 - INF - get - ('Servicio de post iniciado',)
15:53:04 - INF - get - ('Posts de un usuario especifico',)
15:53:18 - INF - get - ('Servicio de post iniciado',)
15:53:18 - INF - get - ('Posts con más interacciones',)
15:53:18 - INF - get - ('Servicio de post iniciado',)
15:57:11 - INF - get - ('Posts de un usuario especifico',)
15:57:14 - INF - get - ('Servicio de post iniciado',)
15:57:14 - INF - get - ('Posts con más interacciones',)
15:57:14 - INF - get - ('Servicio de post iniciado',)
15:57:53 - INF - get - ('Servicio de post iniciado',)
15:57:53 - INF - post - ('Servicio de Creación de Publicación Iniciado',)
15:57:53 - INF - get - ('Servicio de post iniciado',)
15:57:57 - INF - get - ('Posts de un usuario especifico',)
15:58:01 - INF - get - ('Servicio de post iniciado',)
15:58:01 - INF - get - ('Posts con más interacciones',)
15:58:01 - INF - get - ('Servicio de post iniciado',)
15:58:25 - INF - get - ('Posts de un usuario especifico',)
15:58:28 - INF - get - ('Servicio de post iniciado',)
15:58:28 - INF - get - ('Posts con más interacciones',)
15:58:28 - INF - get - ('Servicio de post iniciado',)
15:58:47 - INF - get - ('Posts de un usuario especifico',)
15:59:04 - INF - get - ('Servicio de post iniciado',)
15:59:04 - INF - get - ('Posts con más interacciones',)
15:59:04 - INF - get - ('Servicio de post iniciado',)
15:59:13 - INF - get - ('Servicio de post iniciado',)
15:59:13 - INF - get - ('Posts con más interacciones',)
15:59:13 - INF - get - ('Servicio de post iniciado',)
16:00:15 - INF - get - ('Servicio de post iniciado',)
16:00:15 - INF - get - ('Posts con más interacciones',)
16:00:15 - INF - get - ('Servicio de post iniciado',)
16:01:41 - INF - get - ('Servicio de post iniciado',)
16:01:41 - INF - get - ('Posts con más interacciones',)
16:01:41 - INF - get - ('Servicio de post iniciado',)
16:02:26 - INF - get - ('Posts de un usuario especifico',)
16:02:28 - INF - get - ('Servicio de post iniciado',)
16:02:28 - INF - get - ('Posts con más interacciones',)
16:02:28 - INF - get - ('Servicio de post iniciado',)
16:03:09 - INF - get - ('Servicio de post iniciado',)
16:03:09 - INF - get - ('Posts con más interacciones',)
16:03:09 - INF - get - ('Servicio de post iniciado',)
16:03:24 - INF - get - ('Posts de un usuario especifico',)
16:03:32 - INF - get - ('Servicio de post iniciado',)
16:03:32 - INF - get - ('Posts con más interacciones',)
16:03:32 - INF - get - ('Servicio de post iniciado',)
16:05:07 - INF - <module> - ('Servicio Finalizado',)
16:05:07 - INF - <module> - ('Servicio Finalizado',)
