12:45:45 - INF - <module> - ('Servicio Iniciado',)
12:45:46 - INF - <module> - ('Servicio Iniciado',)
12:46:45 - INF - post - ('Servicio de Creación Usuarios ejecutando',)
13:35:02 - INF - post - ('Servicio de Creación Usuarios ejecutando',)
13:51:11 - INF - post - ('Servicio de Creación Usuarios ejecutando',)
16:49:21 - INF - <module> - ('Servicio Finalizado',)
16:49:22 - INF - <module> - ('Servicio Finalizado',)
16:49:26 - INF - <module> - ('Servicio Iniciado',)
16:49:28 - INF - <module> - ('Servicio Iniciado',)
18:31:44 - INF - <module> - ('Servicio Iniciado',)
18:31:46 - INF - <module> - ('Servicio Iniciado',)
18:32:05 - INF - <module> - ('Servicio Finalizado',)
18:32:06 - INF - <module> - ('Servicio Iniciado',)
19:42:17 - INF - post - ('Servicio para Añadir Amigo ejecutando',)
19:42:17 - INF - add_friend - ('Error añadiendo amigo -> lastval no está definido en esta sesión\n',)
19:43:33 - INF - <module> - ('Servicio Finalizado',)
19:43:34 - INF - <module> - ('Servicio Iniciado',)
19:43:44 - INF - post - ('Servicio para Añadir Amigo ejecutando',)
19:44:41 - INF - post - ('Servicio para Añadir Amigo ejecutando',)
19:44:48 - INF - post - ('Servicio para Añadir Amigo ejecutando',)
19:44:51 - INF - post - ('Servicio para Añadir Amigo ejecutando',)
19:45:11 - INF - post - ('Servicio para Añadir Amigo ejecutando',)
19:45:34 - INF - post - ('Servicio para Añadir Amigo ejecutando',)
19:45:34 - INF - add_friend - ('Error añadiendo amigo -> llave duplicada viola restricción de unicidad «friends_pkey»\nDETAIL:  Ya existe la llave (user_id, amigo_id)=(6, 7).\n',)
20:04:51 - INF - post - ('Servicio para Añadir Amigo ejecutando',)
20:04:51 - INF - add_friend - ('Error añadiendo amigo -> inserción o actualización en la tabla «friends» viola la llave foránea «friends_user_id_fkey»\nDETAIL:  La llave (user_id)=(8) no está presente en la tabla «users».\n',)
20:05:07 - INF - post - ('Servicio para Añadir Amigo ejecutando',)
20:19:06 - INF - post - ('Servicio para Añadir Amigo ejecutando',)
20:19:19 - INF - post - ('Servicio para Añadir Amigo ejecutando',)
20:21:13 - INF - post - ('Servicio para Añadir Amigo ejecutando',)
20:21:20 - INF - post - ('Servicio para Añadir Amigo ejecutando',)
20:21:37 - INF - post - ('Servicio para Añadir Amigo ejecutando',)
20:21:41 - INF - post - ('Servicio para Añadir Amigo ejecutando',)
20:45:53 - INF - post - ('Servicio para Añadir Amigo ejecutando',)
20:45:53 - INF - add_friend - ('Error añadiendo amigo -> llave duplicada viola restricción de unicidad «friends_pkey»\nDETAIL:  Ya existe la llave (user_id, amigo_id)=(21, 27).\n',)
20:46:28 - INF - post - ('Servicio para Añadir Amigo ejecutando',)
20:46:28 - INF - add_friend - ('Error añadiendo amigo -> llave duplicada viola restricción de unicidad «friends_pkey»\nDETAIL:  Ya existe la llave (user_id, amigo_id)=(21, 16).\n',)
20:50:23 - INF - post - ('Servicio para Añadir Amigo ejecutando',)
20:50:23 - INF - add_friend - ('Error añadiendo amigo -> llave duplicada viola restricción de unicidad «friends_pkey»\nDETAIL:  Ya existe la llave (user_id, amigo_id)=(21, 16).\n',)
20:50:26 - INF - post - ('Servicio para Añadir Amigo ejecutando',)
22:33:01 - INF - post - ('Servicio para Añadir Amigo ejecutando',)
23:23:20 - INF - <module> - ('Servicio Finalizado',)
23:23:20 - INF - <module> - ('Servicio Finalizado',)
23:47:12 - INF - <module> - ('Servicio Iniciado',)
23:47:13 - INF - <module> - ('Servicio Iniciado',)
23:48:11 - INF - get - ('Número de amigos iniciado',)
23:55:06 - INF - get - ('Número de amigos iniciado',)
23:55:41 - INF - get - ('Número de amigos iniciado',)
23:55:52 - INF - get - ('Número de amigos iniciado',)
23:57:43 - INF - get - ('Número de amigos iniciado',)
23:58:17 - INF - get - ('Número de amigos iniciado',)
23:58:38 - INF - get - ('Número de amigos iniciado',)
