00:00:23 - INF - get - ('Número de amigos iniciado',)
00:00:30 - INF - get - ('Número de amigos iniciado',)
00:07:54 - INF - get - ('Número de amigos iniciado',)
00:08:07 - INF - get - ('Número de amigos iniciado',)
00:08:24 - INF - get - ('Número de amigos iniciado',)
00:08:32 - INF - get - ('Número de amigos iniciado',)
00:08:43 - INF - get - ('Número de amigos iniciado',)
00:08:54 - INF - get - ('Número de amigos iniciado',)
00:08:58 - INF - get - ('Número de amigos iniciado',)
00:17:59 - INF - post - ('Servicio para Añadir Amigo ejecutando',)
00:17:59 - INF - add_friend - ('Error añadiendo amigo -> llave duplicada viola restricción de unicidad «friends_pkey»\nDETAIL:  Ya existe la llave (user_id, amigo_id)=(21, 6).\n',)
00:18:01 - INF - post - ('Servicio para Añadir Amigo ejecutando',)
00:18:01 - INF - add_friend - ('Error añadiendo amigo -> llave duplicada viola restricción de unicidad «friends_pkey»\nDETAIL:  Ya existe la llave (user_id, amigo_id)=(21, 9).\n',)
00:18:03 - INF - post - ('Servicio para Añadir Amigo ejecutando',)
00:18:05 - INF - post - ('Servicio para Añadir Amigo ejecutando',)
00:18:05 - INF - add_friend - ('Error añadiendo amigo -> llave duplicada viola restricción de unicidad «friends_pkey»\nDETAIL:  Ya existe la llave (user_id, amigo_id)=(21, 16).\n',)
00:18:07 - INF - post - ('Servicio para Añadir Amigo ejecutando',)
00:18:07 - INF - add_friend - ('Error añadiendo amigo -> llave duplicada viola restricción de unicidad «friends_pkey»\nDETAIL:  Ya existe la llave (user_id, amigo_id)=(21, 17).\n',)
00:18:08 - INF - post - ('Servicio para Añadir Amigo ejecutando',)
00:18:09 - INF - post - ('Servicio para Añadir Amigo ejecutando',)
00:18:21 - INF - post - ('Servicio para Añadir Amigo ejecutando',)
00:18:23 - INF - post - ('Servicio para Añadir Amigo ejecutando',)
00:18:55 - INF - <module> - ('Servicio Finalizado',)
00:18:55 - INF - <module> - ('Servicio Finalizado',)
10:20:38 - INF - <module> - ('Servicio Iniciado',)
10:20:40 - INF - <module> - ('Servicio Iniciado',)
10:22:22 - INF - post - ('Servicio para Añadir Amigo ejecutando',)
10:22:25 - INF - post - ('Servicio para Añadir Amigo ejecutando',)
10:22:25 - INF - add_friend - ('Error añadiendo amigo -> llave duplicada viola restricción de unicidad «friends_pkey»\nDETAIL:  Ya existe la llave (user_id, amigo_id)=(25, 9).\n',)
10:22:26 - INF - post - ('Servicio para Añadir Amigo ejecutando',)
10:22:28 - INF - post - ('Servicio para Añadir Amigo ejecutando',)
10:22:29 - INF - post - ('Servicio para Añadir Amigo ejecutando',)
10:22:31 - INF - post - ('Servicio para Añadir Amigo ejecutando',)
10:22:32 - INF - post - ('Servicio para Añadir Amigo ejecutando',)
10:22:34 - INF - post - ('Servicio para Añadir Amigo ejecutando',)
10:22:37 - INF - post - ('Servicio para Añadir Amigo ejecutando',)
10:22:39 - INF - post - ('Servicio para Añadir Amigo ejecutando',)
10:22:40 - INF - post - ('Servicio para Añadir Amigo ejecutando',)
10:22:41 - INF - post - ('Servicio para Añadir Amigo ejecutando',)
10:22:42 - INF - post - ('Servicio para Añadir Amigo ejecutando',)
10:22:43 - INF - post - ('Servicio para Añadir Amigo ejecutando',)
10:22:44 - INF - post - ('Servicio para Añadir Amigo ejecutando',)
10:22:44 - INF - post - ('Servicio para Añadir Amigo ejecutando',)
10:22:45 - INF - post - ('Servicio para Añadir Amigo ejecutando',)
10:22:45 - INF - post - ('Servicio para Añadir Amigo ejecutando',)
10:23:46 - INF - post - ('Servicio para Añadir Amigo ejecutando',)
10:23:46 - INF - add_friend - ('Error añadiendo amigo -> llave duplicada viola restricción de unicidad «friends_pkey»\nDETAIL:  Ya existe la llave (user_id, amigo_id)=(25, 6).\n',)
10:23:47 - INF - post - ('Servicio para Añadir Amigo ejecutando',)
10:23:48 - INF - add_friend - ('Error añadiendo amigo -> llave duplicada viola restricción de unicidad «friends_pkey»\nDETAIL:  Ya existe la llave (user_id, amigo_id)=(25, 9).\n',)
10:23:49 - INF - post - ('Servicio para Añadir Amigo ejecutando',)
10:23:49 - INF - add_friend - ('Error añadiendo amigo -> llave duplicada viola restricción de unicidad «friends_pkey»\nDETAIL:  Ya existe la llave (user_id, amigo_id)=(25, 11).\n',)
10:23:50 - INF - post - ('Servicio para Añadir Amigo ejecutando',)
10:23:50 - INF - add_friend - ('Error añadiendo amigo -> llave duplicada viola restricción de unicidad «friends_pkey»\nDETAIL:  Ya existe la llave (user_id, amigo_id)=(25, 12).\n',)
10:23:51 - INF - post - ('Servicio para Añadir Amigo ejecutando',)
10:23:51 - INF - add_friend - ('Error añadiendo amigo -> llave duplicada viola restricción de unicidad «friends_pkey»\nDETAIL:  Ya existe la llave (user_id, amigo_id)=(25, 13).\n',)
10:23:52 - INF - post - ('Servicio para Añadir Amigo ejecutando',)
10:23:52 - INF - add_friend - ('Error añadiendo amigo -> llave duplicada viola restricción de unicidad «friends_pkey»\nDETAIL:  Ya existe la llave (user_id, amigo_id)=(25, 14).\n',)
10:23:53 - INF - post - ('Servicio para Añadir Amigo ejecutando',)
10:23:53 - INF - add_friend - ('Error añadiendo amigo -> llave duplicada viola restricción de unicidad «friends_pkey»\nDETAIL:  Ya existe la llave (user_id, amigo_id)=(25, 16).\n',)
10:23:53 - INF - post - ('Servicio para Añadir Amigo ejecutando',)
10:23:53 - INF - add_friend - ('Error añadiendo amigo -> llave duplicada viola restricción de unicidad «friends_pkey»\nDETAIL:  Ya existe la llave (user_id, amigo_id)=(25, 17).\n',)
10:23:54 - INF - post - ('Servicio para Añadir Amigo ejecutando',)
10:23:55 - INF - add_friend - ('Error añadiendo amigo -> llave duplicada viola restricción de unicidad «friends_pkey»\nDETAIL:  Ya existe la llave (user_id, amigo_id)=(25, 18).\n',)
10:23:55 - INF - post - ('Servicio para Añadir Amigo ejecutando',)
10:23:55 - INF - add_friend - ('Error añadiendo amigo -> llave duplicada viola restricción de unicidad «friends_pkey»\nDETAIL:  Ya existe la llave (user_id, amigo_id)=(25, 20).\n',)
10:23:56 - INF - post - ('Servicio para Añadir Amigo ejecutando',)
10:23:56 - INF - add_friend - ('Error añadiendo amigo -> llave duplicada viola restricción de unicidad «friends_pkey»\nDETAIL:  Ya existe la llave (user_id, amigo_id)=(25, 21).\n',)
10:23:56 - INF - post - ('Servicio para Añadir Amigo ejecutando',)
10:23:56 - INF - add_friend - ('Error añadiendo amigo -> llave duplicada viola restricción de unicidad «friends_pkey»\nDETAIL:  Ya existe la llave (user_id, amigo_id)=(25, 22).\n',)
10:23:57 - INF - post - ('Servicio para Añadir Amigo ejecutando',)
10:23:57 - INF - add_friend - ('Error añadiendo amigo -> llave duplicada viola restricción de unicidad «friends_pkey»\nDETAIL:  Ya existe la llave (user_id, amigo_id)=(25, 23).\n',)
10:23:58 - INF - post - ('Servicio para Añadir Amigo ejecutando',)
10:23:58 - INF - add_friend - ('Error añadiendo amigo -> llave duplicada viola restricción de unicidad «friends_pkey»\nDETAIL:  Ya existe la llave (user_id, amigo_id)=(25, 24).\n',)
10:24:00 - INF - post - ('Servicio para Añadir Amigo ejecutando',)
10:24:00 - INF - add_friend - ('Error añadiendo amigo -> llave duplicada viola restricción de unicidad «friends_pkey»\nDETAIL:  Ya existe la llave (user_id, amigo_id)=(25, 25).\n',)
10:24:01 - INF - post - ('Servicio para Añadir Amigo ejecutando',)
10:24:02 - INF - add_friend - ('Error añadiendo amigo -> llave duplicada viola restricción de unicidad «friends_pkey»\nDETAIL:  Ya existe la llave (user_id, amigo_id)=(25, 26).\n',)
10:24:02 - INF - post - ('Servicio para Añadir Amigo ejecutando',)
10:24:02 - INF - add_friend - ('Error añadiendo amigo -> llave duplicada viola restricción de unicidad «friends_pkey»\nDETAIL:  Ya existe la llave (user_id, amigo_id)=(25, 27).\n',)
10:24:03 - INF - post - ('Servicio para Añadir Amigo ejecutando',)
10:24:03 - INF - add_friend - ('Error añadiendo amigo -> llave duplicada viola restricción de unicidad «friends_pkey»\nDETAIL:  Ya existe la llave (user_id, amigo_id)=(25, 7).\n',)
10:24:36 - INF - post - ('Servicio para Añadir Amigo ejecutando',)
10:24:36 - INF - add_friend - ('Error añadiendo amigo -> llave duplicada viola restricción de unicidad «friends_pkey»\nDETAIL:  Ya existe la llave (user_id, amigo_id)=(25, 22).\n',)
10:26:40 - INF - <module> - ('Servicio Finalizado',)
10:26:41 - INF - <module> - ('Servicio Iniciado',)
11:04:19 - INF - post - ('Servicio para Añadir Amigo ejecutando',)
11:07:48 - INF - post - ('Servicio para Añadir Amigo ejecutando',)
11:08:01 - INF - post - ('Servicio para Añadir Amigo ejecutando',)
11:11:17 - INF - post - ('Servicio para Añadir Amigo ejecutando',)
11:11:29 - INF - post - ('Servicio para Añadir Amigo ejecutando',)
11:11:48 - INF - post - ('Servicio para Añadir Amigo ejecutando',)
11:12:18 - INF - post - ('Servicio para Añadir Amigo ejecutando',)
11:13:01 - INF - post - ('Servicio para Añadir Amigo ejecutando',)
11:13:25 - INF - post - ('Servicio para Añadir Amigo ejecutando',)
11:14:24 - INF - post - ('Servicio para Añadir Amigo ejecutando',)
11:14:43 - INF - post - ('Servicio para Añadir Amigo ejecutando',)
11:17:21 - INF - post - ('Servicio para Añadir Amigo ejecutando',)
12:17:40 - INF - post - ('Servicio para Añadir Amigo ejecutando',)
13:27:19 - INF - post - ('Servicio para Añadir Amigo ejecutando',)
13:27:21 - INF - post - ('Servicio para Añadir Amigo ejecutando',)
13:27:22 - INF - post - ('Servicio para Añadir Amigo ejecutando',)
13:27:24 - INF - post - ('Servicio para Añadir Amigo ejecutando',)
14:03:45 - INF - <module> - ('Servicio Finalizado',)
14:03:47 - INF - <module> - ('Servicio Finalizado',)
14:04:40 - INF - <module> - ('Servicio Iniciado',)
14:04:41 - INF - <module> - ('Servicio Iniciado',)
14:05:10 - INF - get - ('Número de amigos iniciado',)
14:05:41 - INF - <module> - ('Servicio Finalizado',)
14:05:42 - INF - <module> - ('Servicio Iniciado',)
14:05:45 - INF - <module> - ('Servicio Finalizado',)
14:05:46 - INF - <module> - ('Servicio Iniciado',)
14:05:56 - INF - get - ('Número de amigos iniciado',)
14:11:09 - INF - get - ('Número de amigos iniciado',)
14:13:40 - INF - get - ('Número de amigos iniciado',)
14:13:55 - INF - get - ('Número de amigos iniciado',)
14:14:38 - INF - get - ('Número de amigos iniciado',)
14:14:46 - INF - post - ('Servicio para Añadir Amigo ejecutando',)
14:14:48 - INF - get - ('Número de amigos iniciado',)
14:16:59 - INF - get - ('Número de amigos iniciado',)
14:33:07 - INF - get - ('Número de amigos iniciado',)
14:38:15 - INF - get - ('Número de amigos iniciado',)
14:49:14 - INF - get - ('Número de amigos iniciado',)
14:52:05 - INF - get - ('Número de amigos iniciado',)
14:52:12 - INF - post - ('Servicio para Añadir Amigo ejecutando',)
14:52:14 - INF - post - ('Servicio para Añadir Amigo ejecutando',)
14:52:16 - INF - get - ('Número de amigos iniciado',)
14:52:31 - INF - get - ('Número de amigos iniciado',)
15:02:14 - INF - get - ('Número de amigos iniciado',)
15:02:33 - INF - get - ('Número de amigos iniciado',)
15:02:37 - INF - get - ('Número de amigos iniciado',)
15:03:50 - INF - get - ('Número de amigos iniciado',)
15:34:19 - INF - get - ('Número de amigos iniciado',)
15:41:13 - INF - get - ('Número de amigos iniciado',)
15:47:03 - INF - get - ('Número de amigos iniciado',)
15:47:15 - INF - get - ('Número de amigos iniciado',)
15:48:03 - INF - get - ('Número de amigos iniciado',)
15:50:06 - INF - post - ('Servicio para Añadir Amigo ejecutando',)
15:50:07 - INF - post - ('Servicio para Añadir Amigo ejecutando',)
15:50:08 - INF - get - ('Número de amigos iniciado',)
15:51:44 - INF - get - ('Número de amigos iniciado',)
15:51:52 - INF - post - ('Servicio para Añadir Amigo ejecutando',)
15:53:04 - INF - get - ('Número de amigos iniciado',)
15:57:11 - INF - get - ('Número de amigos iniciado',)
15:57:57 - INF - get - ('Número de amigos iniciado',)
15:58:25 - INF - get - ('Número de amigos iniciado',)
15:58:41 - INF - post - ('Servicio para Añadir Amigo ejecutando',)
15:58:43 - INF - post - ('Servicio para Añadir Amigo ejecutando',)
15:58:45 - INF - post - ('Servicio para Añadir Amigo ejecutando',)
15:58:47 - INF - get - ('Número de amigos iniciado',)
16:02:26 - INF - get - ('Número de amigos iniciado',)
16:03:24 - INF - get - ('Número de amigos iniciado',)
16:04:55 - INF - <module> - ('Servicio Finalizado',)
16:04:55 - INF - <module> - ('Servicio Finalizado',)
