00:11:05 - INF - <module> - ('Servicio Iniciado',)
00:11:07 - INF - <module> - ('Servicio Iniciado',)
00:11:28 - INF - <module> - ('Servicio Finalizado',)
00:11:28 - INF - <module> - ('Servicio Finalizado',)
00:11:37 - INF - <module> - ('Servicio Iniciado',)
00:11:38 - INF - <module> - ('Servicio Iniciado',)
00:12:11 - INF - <module> - ('Servicio Finalizado',)
00:12:11 - INF - <module> - ('Servicio Finalizado',)
00:15:16 - INF - <module> - ('Servicio Iniciado',)
00:15:17 - INF - <module> - ('Servicio Iniciado',)
00:15:32 - INF - <module> - ('Servicio Finalizado',)
00:15:32 - INF - <module> - ('Servicio Finalizado',)
00:16:09 - INF - <module> - ('Servicio Iniciado',)
00:16:11 - INF - <module> - ('Servicio Iniciado',)
00:16:57 - INF - <module> - ('Servicio Finalizado',)
00:16:57 - INF - <module> - ('Servicio Finalizado',)
00:16:58 - INF - <module> - ('Servicio Iniciado',)
00:17:00 - INF - <module> - ('Servicio Iniciado',)
00:17:57 - INF - <module> - ('Servicio Finalizado',)
00:17:57 - INF - <module> - ('Servicio Finalizado',)
00:18:29 - INF - <module> - ('Servicio Iniciado',)
00:18:30 - INF - <module> - ('Servicio Iniciado',)
00:19:19 - INF - <module> - ('Servicio Finalizado',)
00:19:19 - INF - <module> - ('Servicio Finalizado',)
13:16:59 - INF - <module> - ('Servicio Iniciado',)
13:17:00 - INF - <module> - ('Servicio Iniciado',)
13:21:51 - INF - post - ('Servicio de Creación Usuarios ejecutando',)
13:21:51 - INF - token_validate - ('Ocurrio un error al validar el tokenNone',)
13:21:51 - INF - token_validate - (DecodeError("Invalid token type. Token must be a <class 'bytes'>"),)
13:27:05 - INF - <module> - ('Servicio Finalizado',)
13:27:05 - INF - <module> - ('Servicio Finalizado',)
13:27:06 - INF - <module> - ('Servicio Iniciado',)
13:27:07 - INF - <module> - ('Servicio Iniciado',)
13:27:16 - INF - delete - ('Servicio Eliminar Usuario iniciado',)
13:27:16 - INF - token_validate - ('Ocurrio un error al validar el tokenNone',)
13:27:16 - INF - token_validate - (DecodeError("Invalid token type. Token must be a <class 'bytes'>"),)
13:34:05 - INF - <module> - ('Servicio Finalizado',)
13:34:06 - INF - <module> - ('Servicio Finalizado',)
13:36:49 - INF - <module> - ('Servicio Iniciado',)
13:36:50 - INF - <module> - ('Servicio Iniciado',)
13:37:42 - INF - post - ('Servicio de Creación Usuarios ejecutando',)
13:37:42 - INF - token_validate - ('Ocurrio un error al validar el tokenNone',)
13:37:42 - INF - token_validate - (DecodeError("Invalid token type. Token must be a <class 'bytes'>"),)
13:41:22 - INF - <module> - ('Servicio Finalizado',)
13:41:23 - INF - <module> - ('Servicio Finalizado',)
13:42:32 - INF - <module> - ('Servicio Iniciado',)
13:42:34 - INF - <module> - ('Servicio Iniciado',)
13:43:02 - INF - post - ('Servicio de Creación Usuarios ejecutando',)
13:43:02 - INF - token_validate - ('Ocurrio un error al validar el tokenNone',)
13:43:02 - INF - token_validate - (DecodeError("Invalid token type. Token must be a <class 'bytes'>"),)
13:43:07 - INF - <module> - ('Servicio Finalizado',)
13:43:07 - INF - <module> - ('Servicio Finalizado',)
14:10:51 - INF - <module> - ('Servicio Iniciado',)
14:10:53 - INF - <module> - ('Servicio Iniciado',)
14:11:32 - INF - post - ('Servicio de Creación Usuarios ejecutando',)
14:11:32 - INF - token_validate - ('Ocurrio un error al validar el tokenNone',)
14:11:32 - INF - token_validate - (DecodeError("Invalid token type. Token must be a <class 'bytes'>"),)
14:11:57 - INF - <module> - ('Servicio Finalizado',)
14:11:58 - INF - <module> - ('Servicio Iniciado',)
14:12:02 - INF - post - ('Servicio de Creación Usuarios ejecutando',)
14:12:02 - INF - post - (KeyError('HTTP_AUTHORIZATION'),)
14:43:26 - INF - post - ('Servicio de Creación Usuarios ejecutando',)
14:43:26 - INF - post - (KeyError('HTTP_AUTHORIZATION'),)
14:43:45 - INF - <module> - ('Servicio Finalizado',)
14:43:48 - INF - <module> - ('Servicio Iniciado',)
14:43:59 - INF - post - ('Servicio de Creación Usuarios ejecutando',)
14:43:59 - INF - create_user - ('Error creando al usuario -> inserción o actualización en la tabla «users» viola la llave foránea «users_id_facultad_fkey»\nDETAIL:  La llave (id_facultad)=(0) no está presente en la tabla «faculties».\n',)
14:44:24 - INF - post - ('Servicio de Creación Usuarios ejecutando',)
14:44:24 - INF - create_user - ('Error creando al usuario -> inserción o actualización en la tabla «users» viola la llave foránea «users_id_carrera_fkey»\nDETAIL:  La llave (id_carrera)=(1) no está presente en la tabla «majors».\n',)
14:46:12 - INF - post - ('Servicio de Creación Usuarios ejecutando',)
14:52:18 - INF - put - ('Servicio de Actualización de datos iniciado',)
14:52:18 - INF - token_validate - ('Ocurrio un error al validar el tokenNone',)
14:52:18 - INF - token_validate - (DecodeError("Invalid token type. Token must be a <class 'bytes'>"),)
14:52:53 - INF - <module> - ('Servicio Finalizado',)
14:52:54 - INF - <module> - ('Servicio Iniciado',)
14:52:55 - INF - put - ('Servicio de Actualización de datos iniciado',)
14:54:11 - INF - put - ('Servicio de Actualización de datos iniciado',)
15:04:08 - INF - put - ('Servicio de Actualización de datos iniciado',)
15:04:08 - INF - token_validate - ('Ocurrio un error al validar el tokeneyJhbGciOiJIUzI1NiIsInR5cCI6IkpXVCJ9.eyJpYXQiOjE3MzY5NzAxOTMsImV4cCI6MTczNjk3MTA5MywidXNlcm5hbWUiOiJwcnVlYmEifQ.rhtClbCU4amWwdSnyBJuxSluNaTk8U16paFhWAxYtNU',)
15:04:08 - INF - token_validate - (ExpiredSignatureError('Signature has expired'),)
15:04:24 - INF - put - ('Servicio de Actualización de datos iniciado',)
15:05:37 - INF - <module> - ('Servicio Finalizado',)
15:05:38 - INF - <module> - ('Servicio Iniciado',)
15:05:48 - INF - put - ('Servicio de Actualización de datos iniciado',)
15:06:42 - INF - <module> - ('Servicio Finalizado',)
15:06:43 - INF - <module> - ('Servicio Iniciado',)
15:06:44 - INF - put - ('Servicio de Actualización de datos iniciado',)
15:06:53 - INF - <module> - ('Servicio Finalizado',)
15:06:54 - INF - <module> - ('Servicio Iniciado',)
15:08:17 - INF - <module> - ('Servicio Finalizado',)
15:08:18 - INF - <module> - ('Servicio Iniciado',)
15:08:24 - INF - <module> - ('Servicio Finalizado',)
15:08:25 - INF - <module> - ('Servicio Iniciado',)
15:08:37 - INF - <module> - ('Servicio Finalizado',)
15:08:38 - INF - <module> - ('Servicio Iniciado',)
15:08:42 - INF - <module> - ('Servicio Finalizado',)
15:08:43 - INF - <module> - ('Servicio Iniciado',)
15:09:30 - INF - <module> - ('Servicio Finalizado',)
15:09:30 - INF - <module> - ('Servicio Finalizado',)
15:09:31 - INF - <module> - ('Servicio Iniciado',)
15:09:33 - INF - <module> - ('Servicio Iniciado',)
15:09:41 - INF - put - ('Servicio de Actualización de datos iniciado',)
15:10:56 - INF - <module> - ('Servicio Finalizado',)
15:10:57 - INF - <module> - ('Servicio Iniciado',)
15:11:00 - INF - put - ('Servicio de Actualización de datos iniciado',)
15:12:29 - INF - put - ('Servicio de Actualización de datos iniciado',)
15:15:08 - INF - <module> - ('Servicio Finalizado',)
15:15:09 - INF - <module> - ('Servicio Iniciado',)
15:15:26 - INF - <module> - ('Servicio Finalizado',)
15:15:27 - INF - <module> - ('Servicio Iniciado',)
15:16:07 - INF - <module> - ('Servicio Finalizado',)
15:16:07 - INF - <module> - ('Servicio Iniciado',)
15:16:11 - INF - put - ('Servicio de Actualización de datos iniciado',)
15:31:23 - INF - <module> - ('Servicio Finalizado',)
15:31:24 - INF - <module> - ('Servicio Iniciado',)
15:31:31 - INF - <module> - ('Servicio Finalizado',)
15:31:31 - INF - <module> - ('Servicio Iniciado',)
15:31:45 - INF - <module> - ('Servicio Finalizado',)
15:31:45 - INF - <module> - ('Servicio Finalizado',)
15:31:46 - INF - <module> - ('Servicio Iniciado',)
15:31:47 - INF - <module> - ('Servicio Iniciado',)
15:32:00 - INF - put - ('Servicio de Actualización de datos iniciado',)
15:33:50 - INF - <module> - ('Servicio Finalizado',)
15:33:51 - INF - <module> - ('Servicio Iniciado',)
15:37:34 - INF - post - ('Servicio de Creación Usuarios ejecutando',)
15:38:04 - INF - delete - ('Servicio Eliminar Usuario iniciado',)
15:38:04 - INF - token_validate - ('Ocurrio un error al validar el tokenNone',)
15:38:04 - INF - token_validate - (DecodeError("Invalid token type. Token must be a <class 'bytes'>"),)
15:38:22 - INF - <module> - ('Servicio Finalizado',)
15:38:23 - INF - <module> - ('Servicio Iniciado',)
15:38:24 - INF - delete - ('Servicio Eliminar Usuario iniciado',)
15:38:24 - INF - token_validate - ('Ocurrio un error al validar el tokenNone',)
15:38:24 - INF - token_validate - (DecodeError("Invalid token type. Token must be a <class 'bytes'>"),)
15:41:04 - INF - delete - ('Servicio Eliminar Usuario iniciado',)
15:41:04 - INF - token_validate - ('Ocurrio un error al validar el tokenNone',)
15:41:04 - INF - token_validate - (DecodeError("Invalid token type. Token must be a <class 'bytes'>"),)
15:41:19 - INF - <module> - ('Servicio Finalizado',)
15:41:20 - INF - <module> - ('Servicio Iniciado',)
15:41:20 - INF - delete - ('Servicio Eliminar Usuario iniciado',)
15:41:51 - INF - delete - ('Servicio Eliminar Usuario iniciado',)
15:41:51 - INF - token_validate - ('Ocurrio un error al validar el tokeneyJhbGciOiJIUzI1NiIsInR5cCI6IkpXVCJ9.eyJpYXQiOjE3MzY5NzM3MDIsImV4cCI6MTczNjk3NDYwMiwidXNlcm5hbWUiOiJwcnVlYmEifQ.LvFZTcitidtQ1LeBveTXTpeez9ELJh4iGiryKjZijcg.eyJpYXQiOjE3MzY5NzM0MTYsImV4cCI6MTczNjk3NDMxNiwidXNlcm5hbWUiOiJwcnVlYmEifQ.bZSKvjrBMQmf7ZiBtpbwQcdsxBx5ncv_Xkx8Ar2Bkak',)
15:41:51 - INF - token_validate - (InvalidSignatureError('Signature verification failed'),)
15:42:01 - INF - delete - ('Servicio Eliminar Usuario iniciado',)
15:42:38 - INF - <module> - ('Servicio Finalizado',)
15:42:39 - INF - <module> - ('Servicio Iniciado',)
15:42:44 - INF - delete - ('Servicio Eliminar Usuario iniciado',)
15:43:39 - INF - <module> - ('Servicio Finalizado',)
15:43:39 - INF - <module> - ('Servicio Iniciado',)
15:43:40 - INF - delete - ('Servicio Eliminar Usuario iniciado',)
15:44:57 - INF - <module> - ('Servicio Finalizado',)
15:44:58 - INF - <module> - ('Servicio Iniciado',)
15:46:29 - INF - <module> - ('Servicio Finalizado',)
15:46:29 - INF - <module> - ('Servicio Iniciado',)
15:48:03 - INF - <module> - ('Servicio Finalizado',)
15:48:04 - INF - <module> - ('Servicio Iniciado',)
15:48:13 - INF - delete - ('Servicio Eliminar Usuario iniciado',)
15:49:21 - INF - <module> - ('Servicio Finalizado',)
15:49:22 - INF - <module> - ('Servicio Iniciado',)
15:53:57 - INF - <module> - ('Servicio Finalizado',)
15:53:57 - INF - <module> - ('Servicio Finalizado',)
15:59:32 - INF - <module> - ('Servicio Iniciado',)
15:59:34 - INF - <module> - ('Servicio Iniciado',)
16:00:15 - INF - delete - ('Servicio Eliminar Usuario iniciado',)
16:01:07 - INF - <module> - ('Servicio Finalizado',)
16:01:08 - INF - <module> - ('Servicio Iniciado',)
16:01:09 - INF - delete - ('Servicio Eliminar Usuario iniciado',)
16:01:22 - INF - delete - ('Servicio Eliminar Usuario iniciado',)
16:01:58 - INF - <module> - ('Servicio Finalizado',)
16:01:58 - INF - <module> - ('Servicio Finalizado',)
16:35:48 - INF - <module> - ('Servicio Iniciado',)
16:35:50 - INF - <module> - ('Servicio Iniciado',)
16:37:55 - INF - <module> - ('Servicio Finalizado',)
16:37:55 - INF - <module> - ('Servicio Finalizado',)
16:40:13 - INF - <module> - ('Servicio Iniciado',)
16:40:14 - INF - <module> - ('Servicio Iniciado',)
16:40:38 - INF - post - ('Servicio de Creación Usuarios ejecutando',)
16:40:38 - INF - post - (KeyError('HTTP_TOKEN'),)
16:40:59 - INF - <module> - ('Servicio Finalizado',)
16:41:00 - INF - <module> - ('Servicio Iniciado',)
16:41:01 - INF - post - ('Servicio de Creación Usuarios ejecutando',)
16:41:42 - INF - <module> - ('Servicio Finalizado',)
16:41:42 - INF - <module> - ('Servicio Iniciado',)
16:42:01 - INF - post - ('Servicio de Creación Usuarios ejecutando',)
16:42:07 - INF - <module> - ('Servicio Finalizado',)
16:42:08 - INF - <module> - ('Servicio Iniciado',)
16:43:10 - INF - <module> - ('Servicio Finalizado',)
16:43:10 - INF - <module> - ('Servicio Finalizado',)
16:43:48 - INF - <module> - ('Servicio Iniciado',)
16:43:49 - INF - <module> - ('Servicio Iniciado',)
16:44:31 - INF - put - ('Servicio de Actualización de datos iniciado',)
16:44:57 - INF - delete - ('Servicio Eliminar Usuario iniciado',)
16:46:10 - INF - <module> - ('Servicio Finalizado',)
16:46:10 - INF - <module> - ('Servicio Iniciado',)
16:46:21 - INF - put - ('Servicio de Actualización de datos iniciado',)
16:48:52 - INF - <module> - ('Servicio Finalizado',)
16:48:53 - INF - <module> - ('Servicio Iniciado',)
16:48:57 - INF - put - ('Servicio de Actualización de datos iniciado',)
16:49:13 - INF - <module> - ('Servicio Finalizado',)
16:49:14 - INF - <module> - ('Servicio Iniciado',)
16:49:15 - INF - put - ('Servicio de Actualización de datos iniciado',)
16:49:43 - INF - <module> - ('Servicio Finalizado',)
16:49:44 - INF - <module> - ('Servicio Iniciado',)
16:49:46 - INF - put - ('Servicio de Actualización de datos iniciado',)
16:50:03 - INF - put - ('Servicio de Actualización de datos iniciado',)
16:51:07 - INF - <module> - ('Servicio Finalizado',)
16:51:08 - INF - <module> - ('Servicio Iniciado',)
16:51:10 - INF - put - ('Servicio de Actualización de datos iniciado',)
16:51:28 - INF - <module> - ('Servicio Finalizado',)
16:51:29 - INF - <module> - ('Servicio Iniciado',)
16:51:40 - INF - <module> - ('Servicio Finalizado',)
16:51:40 - INF - <module> - ('Servicio Finalizado',)
16:58:02 - INF - <module> - ('Servicio Iniciado',)
16:58:04 - INF - <module> - ('Servicio Iniciado',)
16:58:11 - INF - put - ('Servicio de Actualización de datos iniciado',)
16:58:11 - INF - token_validate - ('Ocurrio un error al validar el tokeneyJhbGciOiJIUzI1NiIsInR5cCI6IkpXVCJ9.eyJpYXQiOjE3MzY5NzgyNzMsImV4cCI6MTczNjk3OTE3MywidXNlcm5hbWUiOiJmZXJuYW5kbyJ9.Raqh72mahXBa3TE_2S9UoxZjyL-__8ZaCL1RELS22xk.eyJpYXQiOjE3MzY5Nzc0NDAsImV4cCI6MTczNjk3ODM0MCwidXNlcm5hbWUiOiJGZXJuYW5kbyJ9.WZz39hl71GCJ7Ek5OJr2zNjT6IedKk0izMNE-k54U5U',)
16:58:11 - INF - token_validate - (InvalidSignatureError('Signature verification failed'),)
16:58:37 - INF - put - ('Servicio de Actualización de datos iniciado',)
16:58:58 - INF - delete - ('Servicio Eliminar Usuario iniciado',)
17:01:26 - INF - <module> - ('Servicio Finalizado',)
17:01:26 - INF - <module> - ('Servicio Finalizado',)
