15:06:12 - ERR - getRecords - (SyntaxError('error de sintaxis en o cerca de «ON»\nLINE 1: ..., users.name, users.lastname FROM posts JOINusers ON posts.u...\n                                                             ^\n'),)
15:37:04 - ERR - getRecords - (UndefinedColumn('no existe la columna «post_date»\nLINE 1: ...s.lastname AS owner_lastname, posts.post_content, post_date ...\n                                                             ^\n'),)
15:37:43 - ERR - getRecords - (UndefinedTable('falta una entrada para la tabla «post» en la cláusula FROM\nLINE 1: ...s.lastname AS owner_lastname, posts.post_content, post.date ...\n                                                             ^\n'),)
19:12:22 - ERR - ExecuteNonQuery - (UndefinedColumn("no existe la columna «id»\nLINE 1: ...ts (user_id, post_content) VALUES (7, 'string') RETURNING id\n                                                                     ^\n"),)
19:28:03 - ERR - ExecuteNonQuery - (UndefinedColumn("no existe la columna «post_id»\nLINE 1: ...ser_id, post_content) VALUES (6, 'string') RETURNING post_id\n                                                                ^\n"),)
19:29:22 - ERR - create_post - (AttributeError("'int' object has no attribute 'get'"),)
19:38:40 - ERR - token_validate - ('Token inválido: Not enough segments',)
19:43:52 - ERR - token_validate - ('Token inválido: Not enough segments',)
21:12:40 - ERR - token_validate - ('Token inválido: Not enough segments',)
21:13:07 - ERR - token_validate - ('Token inválido: Not enough segments',)
21:13:09 - ERR - token_validate - ('Token inválido: Not enough segments',)
21:13:09 - ERR - token_validate - ('Token inválido: Not enough segments',)
21:14:09 - ERR - token_validate - ('Error en la validacion: Not enough segments',)
21:15:15 - ERR - token_validate - ('Error en la validacion: Not enough segments',)
21:48:58 - ERR - post - (KeyError('user_id'),)
21:49:21 - ERR - post - (KeyError('user_id'),)
21:49:36 - ERR - post - (KeyError('id_user'),)
21:52:05 - ERR - post - (KeyError('user_id'),)
22:12:02 - ERR - post - (TypeError("PostComponent.create_post() missing 1 required positional argument: 'post_content'"),)
22:13:27 - ERR - token_validate - ('Error en la validacion: Invalid header string: Expecting value: line 1 column 1 (char 0)',)
