09:12:01 - ERR - token_validate - ("Error en la validacion: Invalid token type. Token must be a <class 'bytes'>",)
09:12:17 - ERR - token_validate - ("Error en la validacion: Invalid token type. Token must be a <class 'bytes'>",)
09:20:00 - ERR - token_validate - ("Token inválido: Invalid token type. Token must be a <class 'bytes'>",)
09:20:00 - ERR - ExecuteNonQuery - (ObjectNotInPrerequisiteState('lastval no está definido en esta sesión\n'),)
09:21:35 - ERR - token_validate - ("Token inválido: Invalid token type. Token must be a <class 'bytes'>",)
09:21:35 - ERR - ExecuteNonQuery - (ObjectNotInPrerequisiteState('lastval no está definido en esta sesión\n'),)
09:23:38 - ERR - token_validate - ("Error en la validacion: Invalid token type. Token must be a <class 'bytes'>",)
09:25:38 - ERR - token_validate - ("Error en la validacion: Invalid token type. Token must be a <class 'bytes'>",)
09:26:18 - ERR - ExecuteNonQuery - (ObjectNotInPrerequisiteState('lastval no está definido en esta sesión\n'),)
09:44:11 - ERR - ExecuteNonQuery - (ObjectNotInPrerequisiteState('lastval no está definido en esta sesión\n'),)
09:45:29 - ERR - ExecuteNonQuery - (UniqueViolation('llave duplicada viola restricción de unicidad «likes_pkey»\nDETAIL:  Ya existe la llave (user_id, post_id)=(7, 3).\n'),)
09:45:47 - ERR - ExecuteNonQuery - ('Error al obtener el último ID: lastval no está definido en esta sesión\n',)
09:47:40 - ERR - ExecuteNonQuery - ('Error al obtener el último ID: lastval no está definido en esta sesión\n',)
09:48:34 - ERR - ExecuteNonQuery - ('Error al obtener el último ID: lastval no está definido en esta sesión\n',)
10:00:29 - ERR - ExecuteNonQuery - ('Error al obtener el último ID: lastval no está definido en esta sesión\n',)
10:02:29 - ERR - ExecuteNonQuery - (ObjectNotInPrerequisiteState('lastval no está definido en esta sesión\n'),)
10:08:40 - ERR - ExecuteNonQuery - (ForeignKeyViolation('inserción o actualización en la tabla «likes» viola la llave foránea «likes_post_id_fkey»\nDETAIL:  La llave (post_id)=(3) no está presente en la tabla «users».\n'),)
10:10:45 - ERR - ExecuteNonQuery - (ForeignKeyViolation('inserción o actualización en la tabla «likes» viola la llave foránea «likes_post_id_fkey»\nDETAIL:  La llave (post_id)=(3) no está presente en la tabla «users».\n'),)
10:16:15 - ERR - ExecuteNonQuery - (ForeignKeyViolation('inserción o actualización en la tabla «likes» viola la llave foránea «likes_user_id_fkey»\nDETAIL:  La llave (user_id)=(3) no está presente en la tabla «users».\n'),)
10:17:23 - ERR - ExecuteNonQuery - (ForeignKeyViolation('inserción o actualización en la tabla «likes» viola la llave foránea «likes_user_id_fkey»\nDETAIL:  La llave (user_id)=(34) no está presente en la tabla «users».\n'),)
10:18:42 - ERR - ExecuteNonQuery - (ForeignKeyViolation('inserción o actualización en la tabla «likes» viola la llave foránea «likes_user_id_fkey»\nDETAIL:  La llave (user_id)=(34) no está presente en la tabla «users».\n'),)
10:20:13 - ERR - ExecuteNonQuery - (ForeignKeyViolation('inserción o actualización en la tabla «likes» viola la llave foránea «likes_user_id_fkey»\nDETAIL:  La llave (user_id)=(34) no está presente en la tabla «users».\n'),)
10:23:16 - ERR - ExecuteNonQuery - (UniqueViolation('llave duplicada viola restricción de unicidad «likes_post_id_key»\nDETAIL:  Ya existe la llave (post_id)=(3).\n'),)
10:25:39 - ERR - delete - (<BadRequest '400: Bad Request'>,)
10:29:27 - ERR - delete - (<BadRequest '400: Bad Request'>,)
10:32:14 - ERR - delete - (<BadRequest '400: Bad Request'>,)
10:33:39 - ERR - delete - (<BadRequest '400: Bad Request'>,)
11:05:25 - ERR - ExecuteNonQuery - (ForeignKeyViolation('inserción o actualización en la tabla «likes» viola la llave foránea «likes_user_id_fkey»\nDETAIL:  La llave (user_id)=(3) no está presente en la tabla «users».\n'),)
12:09:25 - ERR - token_validate - ('Error en la validacion: Invalid header padding',)
12:10:36 - ERR - token_validate - ("Error en la validacion: Invalid token type. Token must be a <class 'bytes'>",)
12:10:56 - ERR - token_validate - ("Error en la validacion: Invalid token type. Token must be a <class 'bytes'>",)
12:13:09 - ERR - ExecuteNonQuery - (UniqueViolation('llave duplicada viola restricción de unicidad «likes_post_id_key»\nDETAIL:  Ya existe la llave (post_id)=(43).\n'),)
12:13:25 - ERR - ExecuteNonQuery - (UniqueViolation('llave duplicada viola restricción de unicidad «likes_post_id_key»\nDETAIL:  Ya existe la llave (post_id)=(38).\n'),)
12:13:33 - ERR - ExecuteNonQuery - (UniqueViolation('llave duplicada viola restricción de unicidad «likes_post_id_key»\nDETAIL:  Ya existe la llave (post_id)=(43).\n'),)
12:13:43 - ERR - ExecuteNonQuery - (UniqueViolation('llave duplicada viola restricción de unicidad «likes_post_id_key»\nDETAIL:  Ya existe la llave (post_id)=(43).\n'),)
12:13:57 - ERR - ExecuteNonQuery - (UniqueViolation('llave duplicada viola restricción de unicidad «likes_post_id_key»\nDETAIL:  Ya existe la llave (post_id)=(41).\n'),)
12:14:03 - ERR - ExecuteNonQuery - (UniqueViolation('llave duplicada viola restricción de unicidad «likes_post_id_key»\nDETAIL:  Ya existe la llave (post_id)=(40).\n'),)
12:14:05 - ERR - ExecuteNonQuery - (UniqueViolation('llave duplicada viola restricción de unicidad «likes_post_id_key»\nDETAIL:  Ya existe la llave (post_id)=(39).\n'),)
12:14:06 - ERR - ExecuteNonQuery - (UniqueViolation('llave duplicada viola restricción de unicidad «likes_post_id_key»\nDETAIL:  Ya existe la llave (post_id)=(38).\n'),)
12:20:02 - ERR - ExecuteNonQuery - (UniqueViolation('llave duplicada viola restricción de unicidad «likes_post_id_key»\nDETAIL:  Ya existe la llave (post_id)=(1).\n'),)
12:23:29 - ERR - ExecuteNonQuery - (UniqueViolation('llave duplicada viola restricción de unicidad «likes_post_id_key»\nDETAIL:  Ya existe la llave (post_id)=(43).\n'),)
12:23:31 - ERR - ExecuteNonQuery - (UniqueViolation('llave duplicada viola restricción de unicidad «likes_post_id_key»\nDETAIL:  Ya existe la llave (post_id)=(40).\n'),)
12:23:32 - ERR - ExecuteNonQuery - (UniqueViolation('llave duplicada viola restricción de unicidad «likes_post_id_key»\nDETAIL:  Ya existe la llave (post_id)=(36).\n'),)
12:23:56 - ERR - ExecuteNonQuery - (UniqueViolation('llave duplicada viola restricción de unicidad «likes_post_id_key»\nDETAIL:  Ya existe la llave (post_id)=(32).\n'),)
12:23:57 - ERR - ExecuteNonQuery - (UniqueViolation('llave duplicada viola restricción de unicidad «likes_post_id_key»\nDETAIL:  Ya existe la llave (post_id)=(31).\n'),)
12:24:07 - ERR - ExecuteNonQuery - (UniqueViolation('llave duplicada viola restricción de unicidad «likes_post_id_key»\nDETAIL:  Ya existe la llave (post_id)=(22).\n'),)
12:25:01 - ERR - ExecuteNonQuery - (UniqueViolation('llave duplicada viola restricción de unicidad «likes_post_id_key»\nDETAIL:  Ya existe la llave (post_id)=(17).\n'),)
12:25:54 - ERR - ExecuteNonQuery - (UniqueViolation('llave duplicada viola restricción de unicidad «likes_post_id_key»\nDETAIL:  Ya existe la llave (post_id)=(43).\n'),)
12:27:19 - ERR - ExecuteNonQuery - (UniqueViolation('llave duplicada viola restricción de unicidad «likes_post_id_key»\nDETAIL:  Ya existe la llave (post_id)=(41).\n'),)
12:27:22 - ERR - ExecuteNonQuery - (UniqueViolation('llave duplicada viola restricción de unicidad «likes_post_id_key»\nDETAIL:  Ya existe la llave (post_id)=(39).\n'),)
12:27:23 - ERR - ExecuteNonQuery - (UniqueViolation('llave duplicada viola restricción de unicidad «likes_post_id_key»\nDETAIL:  Ya existe la llave (post_id)=(35).\n'),)
12:27:25 - ERR - ExecuteNonQuery - (UniqueViolation('llave duplicada viola restricción de unicidad «likes_post_id_key»\nDETAIL:  Ya existe la llave (post_id)=(32).\n'),)
12:28:06 - ERR - ExecuteNonQuery - (UniqueViolation('llave duplicada viola restricción de unicidad «likes_post_id_key»\nDETAIL:  Ya existe la llave (post_id)=(1).\n'),)
12:28:13 - ERR - ExecuteNonQuery - (UniqueViolation('llave duplicada viola restricción de unicidad «likes_post_id_key»\nDETAIL:  Ya existe la llave (post_id)=(3).\n'),)
12:47:02 - ERR - ExecuteNonQuery - (UniqueViolation('llave duplicada viola restricción de unicidad «likes_post_id_key»\nDETAIL:  Ya existe la llave (post_id)=(44).\n'),)
12:51:25 - ERR - ExecuteNonQuery - (UniqueViolation('llave duplicada viola restricción de unicidad «unique_like»\nDETAIL:  Ya existe la llave (post_id, user_id)=(44, 25).\n'),)
12:54:37 - ERR - ExecuteNonQuery - (UniqueViolation('llave duplicada viola restricción de unicidad «unique_like»\nDETAIL:  Ya existe la llave (post_id, user_id)=(34, 25).\n'),)
13:08:52 - ERR - ExecuteNonQuery - (UniqueViolation('llave duplicada viola restricción de unicidad «unique_like»\nDETAIL:  Ya existe la llave (post_id, user_id)=(44, 25).\n'),)
13:16:56 - ERR - ExecuteNonQuery - (UniqueViolation('llave duplicada viola restricción de unicidad «unique_like»\nDETAIL:  Ya existe la llave (post_id, user_id)=(44, 21).\n'),)
13:17:07 - ERR - ExecuteNonQuery - (UniqueViolation('llave duplicada viola restricción de unicidad «unique_like»\nDETAIL:  Ya existe la llave (post_id, user_id)=(14, 21).\n'),)
13:21:18 - ERR - ExecuteNonQuery - (UniqueViolation('llave duplicada viola restricción de unicidad «unique_like»\nDETAIL:  Ya existe la llave (post_id, user_id)=(44, 21).\n'),)
13:23:38 - ERR - ExecuteNonQuery - (UniqueViolation('llave duplicada viola restricción de unicidad «unique_like»\nDETAIL:  Ya existe la llave (post_id, user_id)=(43, 21).\n'),)
13:23:39 - ERR - ExecuteNonQuery - (UniqueViolation('llave duplicada viola restricción de unicidad «unique_like»\nDETAIL:  Ya existe la llave (post_id, user_id)=(42, 21).\n'),)
13:26:41 - ERR - ExecuteNonQuery - (UniqueViolation('llave duplicada viola restricción de unicidad «unique_like»\nDETAIL:  Ya existe la llave (post_id, user_id)=(44, 21).\n'),)
13:32:33 - ERR - ExecuteNonQuery - (UniqueViolation('llave duplicada viola restricción de unicidad «unique_like»\nDETAIL:  Ya existe la llave (post_id, user_id)=(44, 21).\n'),)
13:33:01 - ERR - ExecuteNonQuery - (UniqueViolation('llave duplicada viola restricción de unicidad «unique_like»\nDETAIL:  Ya existe la llave (post_id, user_id)=(44, 21).\n'),)
13:34:14 - ERR - ExecuteNonQuery - (UniqueViolation('llave duplicada viola restricción de unicidad «unique_like»\nDETAIL:  Ya existe la llave (post_id, user_id)=(14, 21).\n'),)
13:34:23 - ERR - ExecuteNonQuery - (UniqueViolation('llave duplicada viola restricción de unicidad «unique_like»\nDETAIL:  Ya existe la llave (post_id, user_id)=(5, 21).\n'),)
13:34:32 - ERR - ExecuteNonQuery - (UniqueViolation('llave duplicada viola restricción de unicidad «unique_like»\nDETAIL:  Ya existe la llave (post_id, user_id)=(12, 21).\n'),)
14:34:15 - ERR - token_validate - ("Error en la validacion: Invalid token type. Token must be a <class 'bytes'>",)
14:34:15 - ERR - token_validate - ("Error en la validacion: Invalid token type. Token must be a <class 'bytes'>",)
14:34:15 - ERR - token_validate - ("Error en la validacion: Invalid token type. Token must be a <class 'bytes'>",)
14:34:15 - ERR - token_validate - ("Error en la validacion: Invalid token type. Token must be a <class 'bytes'>",)
14:34:15 - ERR - token_validate - ("Error en la validacion: Invalid token type. Token must be a <class 'bytes'>",)
14:34:15 - ERR - token_validate - ("Error en la validacion: Invalid token type. Token must be a <class 'bytes'>",)
14:34:15 - ERR - token_validate - ("Error en la validacion: Invalid token type. Token must be a <class 'bytes'>",)
14:34:15 - ERR - token_validate - ("Error en la validacion: Invalid token type. Token must be a <class 'bytes'>",)
14:34:15 - ERR - token_validate - ("Error en la validacion: Invalid token type. Token must be a <class 'bytes'>",)
14:34:15 - ERR - token_validate - ("Error en la validacion: Invalid token type. Token must be a <class 'bytes'>",)
14:34:15 - ERR - token_validate - ("Error en la validacion: Invalid token type. Token must be a <class 'bytes'>",)
14:34:15 - ERR - token_validate - ("Error en la validacion: Invalid token type. Token must be a <class 'bytes'>",)
14:34:15 - ERR - token_validate - ("Error en la validacion: Invalid token type. Token must be a <class 'bytes'>",)
14:34:15 - ERR - token_validate - ("Error en la validacion: Invalid token type. Token must be a <class 'bytes'>",)
14:34:15 - ERR - token_validate - ("Error en la validacion: Invalid token type. Token must be a <class 'bytes'>",)
14:34:15 - ERR - token_validate - ("Error en la validacion: Invalid token type. Token must be a <class 'bytes'>",)
14:34:15 - ERR - token_validate - ("Error en la validacion: Invalid token type. Token must be a <class 'bytes'>",)
14:34:15 - ERR - token_validate - ("Error en la validacion: Invalid token type. Token must be a <class 'bytes'>",)
14:34:15 - ERR - token_validate - ("Error en la validacion: Invalid token type. Token must be a <class 'bytes'>",)
14:34:15 - ERR - token_validate - ("Error en la validacion: Invalid token type. Token must be a <class 'bytes'>",)
14:34:15 - ERR - token_validate - ("Error en la validacion: Invalid token type. Token must be a <class 'bytes'>",)
14:34:15 - ERR - token_validate - ("Error en la validacion: Invalid token type. Token must be a <class 'bytes'>",)
14:34:15 - ERR - token_validate - ("Error en la validacion: Invalid token type. Token must be a <class 'bytes'>",)
14:34:15 - ERR - token_validate - ("Error en la validacion: Invalid token type. Token must be a <class 'bytes'>",)
14:34:15 - ERR - token_validate - ("Error en la validacion: Invalid token type. Token must be a <class 'bytes'>",)
14:34:15 - ERR - token_validate - ("Error en la validacion: Invalid token type. Token must be a <class 'bytes'>",)
14:34:15 - ERR - token_validate - ("Error en la validacion: Invalid token type. Token must be a <class 'bytes'>",)
14:34:15 - ERR - token_validate - ("Error en la validacion: Invalid token type. Token must be a <class 'bytes'>",)
14:34:15 - ERR - token_validate - ("Error en la validacion: Invalid token type. Token must be a <class 'bytes'>",)
14:34:15 - ERR - token_validate - ("Error en la validacion: Invalid token type. Token must be a <class 'bytes'>",)
14:34:15 - ERR - token_validate - ("Error en la validacion: Invalid token type. Token must be a <class 'bytes'>",)
14:34:15 - ERR - token_validate - ("Error en la validacion: Invalid token type. Token must be a <class 'bytes'>",)
14:34:15 - ERR - token_validate - ("Error en la validacion: Invalid token type. Token must be a <class 'bytes'>",)
14:34:15 - ERR - token_validate - ("Error en la validacion: Invalid token type. Token must be a <class 'bytes'>",)
14:34:16 - ERR - token_validate - ("Error en la validacion: Invalid token type. Token must be a <class 'bytes'>",)
14:34:16 - ERR - token_validate - ("Error en la validacion: Invalid token type. Token must be a <class 'bytes'>",)
14:34:16 - ERR - token_validate - ("Error en la validacion: Invalid token type. Token must be a <class 'bytes'>",)
14:34:16 - ERR - token_validate - ("Error en la validacion: Invalid token type. Token must be a <class 'bytes'>",)
14:34:16 - ERR - token_validate - ("Error en la validacion: Invalid token type. Token must be a <class 'bytes'>",)
14:34:16 - ERR - token_validate - ("Error en la validacion: Invalid token type. Token must be a <class 'bytes'>",)
14:34:16 - ERR - token_validate - ("Error en la validacion: Invalid token type. Token must be a <class 'bytes'>",)
14:34:16 - ERR - token_validate - ("Error en la validacion: Invalid token type. Token must be a <class 'bytes'>",)
14:34:16 - ERR - token_validate - ("Error en la validacion: Invalid token type. Token must be a <class 'bytes'>",)
14:34:16 - ERR - token_validate - ("Error en la validacion: Invalid token type. Token must be a <class 'bytes'>",)
14:34:16 - ERR - token_validate - ("Error en la validacion: Invalid token type. Token must be a <class 'bytes'>",)
14:34:16 - ERR - token_validate - ("Error en la validacion: Invalid token type. Token must be a <class 'bytes'>",)
14:34:16 - ERR - token_validate - ("Error en la validacion: Invalid token type. Token must be a <class 'bytes'>",)
14:34:16 - ERR - token_validate - ("Error en la validacion: Invalid token type. Token must be a <class 'bytes'>",)
14:34:16 - ERR - token_validate - ("Error en la validacion: Invalid token type. Token must be a <class 'bytes'>",)
14:34:16 - ERR - token_validate - ("Error en la validacion: Invalid token type. Token must be a <class 'bytes'>",)
14:34:16 - ERR - token_validate - ("Error en la validacion: Invalid token type. Token must be a <class 'bytes'>",)
14:34:16 - ERR - token_validate - ("Error en la validacion: Invalid token type. Token must be a <class 'bytes'>",)
14:34:16 - ERR - token_validate - ("Error en la validacion: Invalid token type. Token must be a <class 'bytes'>",)
14:34:16 - ERR - token_validate - ("Error en la validacion: Invalid token type. Token must be a <class 'bytes'>",)
14:34:16 - ERR - token_validate - ("Error en la validacion: Invalid token type. Token must be a <class 'bytes'>",)
14:34:16 - ERR - token_validate - ("Error en la validacion: Invalid token type. Token must be a <class 'bytes'>",)
14:34:16 - ERR - token_validate - ("Error en la validacion: Invalid token type. Token must be a <class 'bytes'>",)
14:34:16 - ERR - token_validate - ("Error en la validacion: Invalid token type. Token must be a <class 'bytes'>",)
14:34:16 - ERR - token_validate - ("Error en la validacion: Invalid token type. Token must be a <class 'bytes'>",)
14:34:16 - ERR - token_validate - ("Error en la validacion: Invalid token type. Token must be a <class 'bytes'>",)
14:34:16 - ERR - token_validate - ("Error en la validacion: Invalid token type. Token must be a <class 'bytes'>",)
14:34:16 - ERR - token_validate - ("Error en la validacion: Invalid token type. Token must be a <class 'bytes'>",)
14:34:16 - ERR - token_validate - ("Error en la validacion: Invalid token type. Token must be a <class 'bytes'>",)
14:34:16 - ERR - token_validate - ("Error en la validacion: Invalid token type. Token must be a <class 'bytes'>",)
14:34:16 - ERR - token_validate - ("Error en la validacion: Invalid token type. Token must be a <class 'bytes'>",)
14:34:16 - ERR - token_validate - ("Error en la validacion: Invalid token type. Token must be a <class 'bytes'>",)
14:34:16 - ERR - token_validate - ("Error en la validacion: Invalid token type. Token must be a <class 'bytes'>",)
14:34:16 - ERR - token_validate - ("Error en la validacion: Invalid token type. Token must be a <class 'bytes'>",)
14:34:16 - ERR - token_validate - ("Error en la validacion: Invalid token type. Token must be a <class 'bytes'>",)
14:34:16 - ERR - token_validate - ("Error en la validacion: Invalid token type. Token must be a <class 'bytes'>",)
14:34:16 - ERR - token_validate - ("Error en la validacion: Invalid token type. Token must be a <class 'bytes'>",)
14:34:16 - ERR - token_validate - ("Error en la validacion: Invalid token type. Token must be a <class 'bytes'>",)
14:34:16 - ERR - token_validate - ("Error en la validacion: Invalid token type. Token must be a <class 'bytes'>",)
14:34:16 - ERR - token_validate - ("Error en la validacion: Invalid token type. Token must be a <class 'bytes'>",)
14:34:16 - ERR - token_validate - ("Error en la validacion: Invalid token type. Token must be a <class 'bytes'>",)
14:34:16 - ERR - token_validate - ("Error en la validacion: Invalid token type. Token must be a <class 'bytes'>",)
14:34:16 - ERR - token_validate - ("Error en la validacion: Invalid token type. Token must be a <class 'bytes'>",)
14:34:16 - ERR - token_validate - ("Error en la validacion: Invalid token type. Token must be a <class 'bytes'>",)
14:34:16 - ERR - token_validate - ("Error en la validacion: Invalid token type. Token must be a <class 'bytes'>",)
14:34:16 - ERR - token_validate - ("Error en la validacion: Invalid token type. Token must be a <class 'bytes'>",)
14:34:16 - ERR - token_validate - ("Error en la validacion: Invalid token type. Token must be a <class 'bytes'>",)
14:34:16 - ERR - token_validate - ("Error en la validacion: Invalid token type. Token must be a <class 'bytes'>",)
14:34:16 - ERR - token_validate - ("Error en la validacion: Invalid token type. Token must be a <class 'bytes'>",)
14:34:16 - ERR - token_validate - ("Error en la validacion: Invalid token type. Token must be a <class 'bytes'>",)
14:34:16 - ERR - token_validate - ("Error en la validacion: Invalid token type. Token must be a <class 'bytes'>",)
14:34:17 - ERR - token_validate - ("Error en la validacion: Invalid token type. Token must be a <class 'bytes'>",)
14:34:17 - ERR - token_validate - ("Error en la validacion: Invalid token type. Token must be a <class 'bytes'>",)
14:34:17 - ERR - token_validate - ("Error en la validacion: Invalid token type. Token must be a <class 'bytes'>",)
14:34:17 - ERR - token_validate - ("Error en la validacion: Invalid token type. Token must be a <class 'bytes'>",)
14:34:17 - ERR - token_validate - ("Error en la validacion: Invalid token type. Token must be a <class 'bytes'>",)
14:34:17 - ERR - token_validate - ("Error en la validacion: Invalid token type. Token must be a <class 'bytes'>",)
14:34:17 - ERR - token_validate - ("Error en la validacion: Invalid token type. Token must be a <class 'bytes'>",)
14:34:17 - ERR - token_validate - ("Error en la validacion: Invalid token type. Token must be a <class 'bytes'>",)
14:34:17 - ERR - token_validate - ("Error en la validacion: Invalid token type. Token must be a <class 'bytes'>",)
14:34:17 - ERR - token_validate - ("Error en la validacion: Invalid token type. Token must be a <class 'bytes'>",)
14:34:17 - ERR - token_validate - ("Error en la validacion: Invalid token type. Token must be a <class 'bytes'>",)
14:34:17 - ERR - token_validate - ("Error en la validacion: Invalid token type. Token must be a <class 'bytes'>",)
14:34:17 - ERR - token_validate - ("Error en la validacion: Invalid token type. Token must be a <class 'bytes'>",)
14:34:18 - ERR - token_validate - ("Error en la validacion: Invalid token type. Token must be a <class 'bytes'>",)
14:34:18 - ERR - token_validate - ("Error en la validacion: Invalid token type. Token must be a <class 'bytes'>",)
14:34:18 - ERR - token_validate - ("Error en la validacion: Invalid token type. Token must be a <class 'bytes'>",)
14:34:18 - ERR - token_validate - ("Error en la validacion: Invalid token type. Token must be a <class 'bytes'>",)
14:34:18 - ERR - token_validate - ("Error en la validacion: Invalid token type. Token must be a <class 'bytes'>",)
14:34:18 - ERR - token_validate - ("Error en la validacion: Invalid token type. Token must be a <class 'bytes'>",)
14:34:18 - ERR - token_validate - ("Error en la validacion: Invalid token type. Token must be a <class 'bytes'>",)
14:34:18 - ERR - token_validate - ("Error en la validacion: Invalid token type. Token must be a <class 'bytes'>",)
14:34:18 - ERR - token_validate - ("Error en la validacion: Invalid token type. Token must be a <class 'bytes'>",)
14:34:18 - ERR - token_validate - ("Error en la validacion: Invalid token type. Token must be a <class 'bytes'>",)
14:34:18 - ERR - token_validate - ("Error en la validacion: Invalid token type. Token must be a <class 'bytes'>",)
14:34:18 - ERR - token_validate - ("Error en la validacion: Invalid token type. Token must be a <class 'bytes'>",)
14:34:18 - ERR - token_validate - ("Error en la validacion: Invalid token type. Token must be a <class 'bytes'>",)
14:34:18 - ERR - token_validate - ("Error en la validacion: Invalid token type. Token must be a <class 'bytes'>",)
14:34:18 - ERR - token_validate - ("Error en la validacion: Invalid token type. Token must be a <class 'bytes'>",)
14:34:18 - ERR - token_validate - ("Error en la validacion: Invalid token type. Token must be a <class 'bytes'>",)
14:34:18 - ERR - token_validate - ("Error en la validacion: Invalid token type. Token must be a <class 'bytes'>",)
14:34:18 - ERR - token_validate - ("Error en la validacion: Invalid token type. Token must be a <class 'bytes'>",)
14:34:18 - ERR - token_validate - ("Error en la validacion: Invalid token type. Token must be a <class 'bytes'>",)
14:34:18 - ERR - token_validate - ("Error en la validacion: Invalid token type. Token must be a <class 'bytes'>",)
14:34:18 - ERR - token_validate - ("Error en la validacion: Invalid token type. Token must be a <class 'bytes'>",)
14:34:18 - ERR - token_validate - ("Error en la validacion: Invalid token type. Token must be a <class 'bytes'>",)
14:34:18 - ERR - token_validate - ("Error en la validacion: Invalid token type. Token must be a <class 'bytes'>",)
14:34:18 - ERR - token_validate - ("Error en la validacion: Invalid token type. Token must be a <class 'bytes'>",)
14:34:18 - ERR - token_validate - ("Error en la validacion: Invalid token type. Token must be a <class 'bytes'>",)
14:34:18 - ERR - token_validate - ("Error en la validacion: Invalid token type. Token must be a <class 'bytes'>",)
14:34:18 - ERR - token_validate - ("Error en la validacion: Invalid token type. Token must be a <class 'bytes'>",)
14:34:18 - ERR - token_validate - ("Error en la validacion: Invalid token type. Token must be a <class 'bytes'>",)
14:34:18 - ERR - token_validate - ("Error en la validacion: Invalid token type. Token must be a <class 'bytes'>",)
14:34:18 - ERR - token_validate - ("Error en la validacion: Invalid token type. Token must be a <class 'bytes'>",)
14:34:18 - ERR - token_validate - ("Error en la validacion: Invalid token type. Token must be a <class 'bytes'>",)
14:34:18 - ERR - token_validate - ("Error en la validacion: Invalid token type. Token must be a <class 'bytes'>",)
14:34:18 - ERR - token_validate - ("Error en la validacion: Invalid token type. Token must be a <class 'bytes'>",)
14:34:18 - ERR - token_validate - ("Error en la validacion: Invalid token type. Token must be a <class 'bytes'>",)
14:34:18 - ERR - token_validate - ("Error en la validacion: Invalid token type. Token must be a <class 'bytes'>",)
14:34:18 - ERR - token_validate - ("Error en la validacion: Invalid token type. Token must be a <class 'bytes'>",)
14:34:18 - ERR - token_validate - ("Error en la validacion: Invalid token type. Token must be a <class 'bytes'>",)
14:34:18 - ERR - token_validate - ("Error en la validacion: Invalid token type. Token must be a <class 'bytes'>",)
14:34:18 - ERR - token_validate - ("Error en la validacion: Invalid token type. Token must be a <class 'bytes'>",)
14:34:18 - ERR - token_validate - ("Error en la validacion: Invalid token type. Token must be a <class 'bytes'>",)
14:34:18 - ERR - token_validate - ("Error en la validacion: Invalid token type. Token must be a <class 'bytes'>",)
14:34:18 - ERR - token_validate - ("Error en la validacion: Invalid token type. Token must be a <class 'bytes'>",)
14:34:18 - ERR - token_validate - ("Error en la validacion: Invalid token type. Token must be a <class 'bytes'>",)
14:34:19 - ERR - token_validate - ("Error en la validacion: Invalid token type. Token must be a <class 'bytes'>",)
14:34:19 - ERR - token_validate - ("Error en la validacion: Invalid token type. Token must be a <class 'bytes'>",)
14:34:19 - ERR - token_validate - ("Error en la validacion: Invalid token type. Token must be a <class 'bytes'>",)
14:34:19 - ERR - token_validate - ("Error en la validacion: Invalid token type. Token must be a <class 'bytes'>",)
14:34:19 - ERR - token_validate - ("Error en la validacion: Invalid token type. Token must be a <class 'bytes'>",)
14:34:19 - ERR - token_validate - ("Error en la validacion: Invalid token type. Token must be a <class 'bytes'>",)
14:34:19 - ERR - token_validate - ("Error en la validacion: Invalid token type. Token must be a <class 'bytes'>",)
14:34:19 - ERR - token_validate - ("Error en la validacion: Invalid token type. Token must be a <class 'bytes'>",)
14:34:19 - ERR - token_validate - ("Error en la validacion: Invalid token type. Token must be a <class 'bytes'>",)
14:34:19 - ERR - token_validate - ("Error en la validacion: Invalid token type. Token must be a <class 'bytes'>",)
14:34:19 - ERR - token_validate - ("Error en la validacion: Invalid token type. Token must be a <class 'bytes'>",)
14:34:19 - ERR - token_validate - ("Error en la validacion: Invalid token type. Token must be a <class 'bytes'>",)
14:34:19 - ERR - token_validate - ("Error en la validacion: Invalid token type. Token must be a <class 'bytes'>",)
14:34:19 - ERR - token_validate - ("Error en la validacion: Invalid token type. Token must be a <class 'bytes'>",)
14:34:19 - ERR - token_validate - ("Error en la validacion: Invalid token type. Token must be a <class 'bytes'>",)
14:34:19 - ERR - token_validate - ("Error en la validacion: Invalid token type. Token must be a <class 'bytes'>",)
14:34:19 - ERR - token_validate - ("Error en la validacion: Invalid token type. Token must be a <class 'bytes'>",)
14:34:19 - ERR - token_validate - ("Error en la validacion: Invalid token type. Token must be a <class 'bytes'>",)
14:34:19 - ERR - token_validate - ("Error en la validacion: Invalid token type. Token must be a <class 'bytes'>",)
14:34:19 - ERR - token_validate - ("Error en la validacion: Invalid token type. Token must be a <class 'bytes'>",)
14:34:20 - ERR - token_validate - ("Error en la validacion: Invalid token type. Token must be a <class 'bytes'>",)
14:34:20 - ERR - token_validate - ("Error en la validacion: Invalid token type. Token must be a <class 'bytes'>",)
14:34:20 - ERR - token_validate - ("Error en la validacion: Invalid token type. Token must be a <class 'bytes'>",)
14:34:20 - ERR - token_validate - ("Error en la validacion: Invalid token type. Token must be a <class 'bytes'>",)
14:34:20 - ERR - token_validate - ("Error en la validacion: Invalid token type. Token must be a <class 'bytes'>",)
14:34:20 - ERR - token_validate - ("Error en la validacion: Invalid token type. Token must be a <class 'bytes'>",)
14:34:20 - ERR - token_validate - ("Error en la validacion: Invalid token type. Token must be a <class 'bytes'>",)
14:34:20 - ERR - token_validate - ("Error en la validacion: Invalid token type. Token must be a <class 'bytes'>",)
14:34:20 - ERR - token_validate - ("Error en la validacion: Invalid token type. Token must be a <class 'bytes'>",)
14:34:20 - ERR - token_validate - ("Error en la validacion: Invalid token type. Token must be a <class 'bytes'>",)
14:34:20 - ERR - token_validate - ("Error en la validacion: Invalid token type. Token must be a <class 'bytes'>",)
14:34:20 - ERR - token_validate - ("Error en la validacion: Invalid token type. Token must be a <class 'bytes'>",)
14:34:20 - ERR - token_validate - ("Error en la validacion: Invalid token type. Token must be a <class 'bytes'>",)
14:34:20 - ERR - token_validate - ("Error en la validacion: Invalid token type. Token must be a <class 'bytes'>",)
14:34:20 - ERR - token_validate - ("Error en la validacion: Invalid token type. Token must be a <class 'bytes'>",)
14:34:20 - ERR - token_validate - ("Error en la validacion: Invalid token type. Token must be a <class 'bytes'>",)
14:34:21 - ERR - token_validate - ("Error en la validacion: Invalid token type. Token must be a <class 'bytes'>",)
14:34:21 - ERR - token_validate - ("Error en la validacion: Invalid token type. Token must be a <class 'bytes'>",)
14:34:21 - ERR - token_validate - ("Error en la validacion: Invalid token type. Token must be a <class 'bytes'>",)
14:34:21 - ERR - token_validate - ("Error en la validacion: Invalid token type. Token must be a <class 'bytes'>",)
14:34:21 - ERR - token_validate - ("Error en la validacion: Invalid token type. Token must be a <class 'bytes'>",)
14:34:21 - ERR - token_validate - ("Error en la validacion: Invalid token type. Token must be a <class 'bytes'>",)
14:34:21 - ERR - token_validate - ("Error en la validacion: Invalid token type. Token must be a <class 'bytes'>",)
14:34:21 - ERR - token_validate - ("Error en la validacion: Invalid token type. Token must be a <class 'bytes'>",)
14:34:21 - ERR - token_validate - ("Error en la validacion: Invalid token type. Token must be a <class 'bytes'>",)
14:34:21 - ERR - token_validate - ("Error en la validacion: Invalid token type. Token must be a <class 'bytes'>",)
14:34:21 - ERR - token_validate - ("Error en la validacion: Invalid token type. Token must be a <class 'bytes'>",)
14:34:21 - ERR - token_validate - ("Error en la validacion: Invalid token type. Token must be a <class 'bytes'>",)
14:34:21 - ERR - token_validate - ("Error en la validacion: Invalid token type. Token must be a <class 'bytes'>",)
14:34:21 - ERR - token_validate - ("Error en la validacion: Invalid token type. Token must be a <class 'bytes'>",)
14:34:21 - ERR - token_validate - ("Error en la validacion: Invalid token type. Token must be a <class 'bytes'>",)
14:34:21 - ERR - token_validate - ("Error en la validacion: Invalid token type. Token must be a <class 'bytes'>",)
14:34:21 - ERR - token_validate - ("Error en la validacion: Invalid token type. Token must be a <class 'bytes'>",)
14:34:21 - ERR - token_validate - ("Error en la validacion: Invalid token type. Token must be a <class 'bytes'>",)
14:34:21 - ERR - token_validate - ("Error en la validacion: Invalid token type. Token must be a <class 'bytes'>",)
14:34:21 - ERR - token_validate - ("Error en la validacion: Invalid token type. Token must be a <class 'bytes'>",)
14:34:21 - ERR - token_validate - ("Error en la validacion: Invalid token type. Token must be a <class 'bytes'>",)
14:34:21 - ERR - token_validate - ("Error en la validacion: Invalid token type. Token must be a <class 'bytes'>",)
14:34:21 - ERR - token_validate - ("Error en la validacion: Invalid token type. Token must be a <class 'bytes'>",)
14:34:21 - ERR - token_validate - ("Error en la validacion: Invalid token type. Token must be a <class 'bytes'>",)
14:34:21 - ERR - token_validate - ("Error en la validacion: Invalid token type. Token must be a <class 'bytes'>",)
14:34:22 - ERR - token_validate - ("Error en la validacion: Invalid token type. Token must be a <class 'bytes'>",)
14:34:22 - ERR - token_validate - ("Error en la validacion: Invalid token type. Token must be a <class 'bytes'>",)
14:34:23 - ERR - token_validate - ("Error en la validacion: Invalid token type. Token must be a <class 'bytes'>",)
14:34:23 - ERR - token_validate - ("Error en la validacion: Invalid token type. Token must be a <class 'bytes'>",)
14:34:23 - ERR - token_validate - ("Error en la validacion: Invalid token type. Token must be a <class 'bytes'>",)
14:34:23 - ERR - token_validate - ("Error en la validacion: Invalid token type. Token must be a <class 'bytes'>",)
14:34:23 - ERR - token_validate - ("Error en la validacion: Invalid token type. Token must be a <class 'bytes'>",)
14:34:23 - ERR - token_validate - ("Error en la validacion: Invalid token type. Token must be a <class 'bytes'>",)
14:34:23 - ERR - token_validate - ("Error en la validacion: Invalid token type. Token must be a <class 'bytes'>",)
14:34:23 - ERR - token_validate - ("Error en la validacion: Invalid token type. Token must be a <class 'bytes'>",)
14:34:23 - ERR - token_validate - ("Error en la validacion: Invalid token type. Token must be a <class 'bytes'>",)
14:34:23 - ERR - token_validate - ("Error en la validacion: Invalid token type. Token must be a <class 'bytes'>",)
14:34:23 - ERR - token_validate - ("Error en la validacion: Invalid token type. Token must be a <class 'bytes'>",)
14:34:23 - ERR - token_validate - ("Error en la validacion: Invalid token type. Token must be a <class 'bytes'>",)
14:34:23 - ERR - token_validate - ("Error en la validacion: Invalid token type. Token must be a <class 'bytes'>",)
14:34:23 - ERR - token_validate - ("Error en la validacion: Invalid token type. Token must be a <class 'bytes'>",)
14:34:23 - ERR - token_validate - ("Error en la validacion: Invalid token type. Token must be a <class 'bytes'>",)
14:34:23 - ERR - token_validate - ("Error en la validacion: Invalid token type. Token must be a <class 'bytes'>",)
14:34:23 - ERR - token_validate - ("Error en la validacion: Invalid token type. Token must be a <class 'bytes'>",)
14:34:23 - ERR - token_validate - ("Error en la validacion: Invalid token type. Token must be a <class 'bytes'>",)
14:34:23 - ERR - token_validate - ("Error en la validacion: Invalid token type. Token must be a <class 'bytes'>",)
14:34:23 - ERR - token_validate - ("Error en la validacion: Invalid token type. Token must be a <class 'bytes'>",)
14:34:23 - ERR - token_validate - ("Error en la validacion: Invalid token type. Token must be a <class 'bytes'>",)
14:34:23 - ERR - token_validate - ("Error en la validacion: Invalid token type. Token must be a <class 'bytes'>",)
14:34:23 - ERR - token_validate - ("Error en la validacion: Invalid token type. Token must be a <class 'bytes'>",)
14:34:23 - ERR - token_validate - ("Error en la validacion: Invalid token type. Token must be a <class 'bytes'>",)
14:34:23 - ERR - token_validate - ("Error en la validacion: Invalid token type. Token must be a <class 'bytes'>",)
14:34:23 - ERR - token_validate - ("Error en la validacion: Invalid token type. Token must be a <class 'bytes'>",)
14:34:23 - ERR - token_validate - ("Error en la validacion: Invalid token type. Token must be a <class 'bytes'>",)
14:34:23 - ERR - token_validate - ("Error en la validacion: Invalid token type. Token must be a <class 'bytes'>",)
14:34:23 - ERR - token_validate - ("Error en la validacion: Invalid token type. Token must be a <class 'bytes'>",)
14:34:23 - ERR - token_validate - ("Error en la validacion: Invalid token type. Token must be a <class 'bytes'>",)
14:34:23 - ERR - token_validate - ("Error en la validacion: Invalid token type. Token must be a <class 'bytes'>",)
14:34:23 - ERR - token_validate - ("Error en la validacion: Invalid token type. Token must be a <class 'bytes'>",)
14:34:23 - ERR - token_validate - ("Error en la validacion: Invalid token type. Token must be a <class 'bytes'>",)
14:34:24 - ERR - token_validate - ("Error en la validacion: Invalid token type. Token must be a <class 'bytes'>",)
14:34:24 - ERR - token_validate - ("Error en la validacion: Invalid token type. Token must be a <class 'bytes'>",)
14:34:24 - ERR - token_validate - ("Error en la validacion: Invalid token type. Token must be a <class 'bytes'>",)
14:34:24 - ERR - token_validate - ("Error en la validacion: Invalid token type. Token must be a <class 'bytes'>",)
14:34:24 - ERR - token_validate - ("Error en la validacion: Invalid token type. Token must be a <class 'bytes'>",)
14:34:24 - ERR - token_validate - ("Error en la validacion: Invalid token type. Token must be a <class 'bytes'>",)
14:34:24 - ERR - token_validate - ("Error en la validacion: Invalid token type. Token must be a <class 'bytes'>",)
14:34:24 - ERR - token_validate - ("Error en la validacion: Invalid token type. Token must be a <class 'bytes'>",)
14:34:24 - ERR - token_validate - ("Error en la validacion: Invalid token type. Token must be a <class 'bytes'>",)
14:34:24 - ERR - token_validate - ("Error en la validacion: Invalid token type. Token must be a <class 'bytes'>",)
14:34:24 - ERR - token_validate - ("Error en la validacion: Invalid token type. Token must be a <class 'bytes'>",)
14:34:24 - ERR - token_validate - ("Error en la validacion: Invalid token type. Token must be a <class 'bytes'>",)
14:34:24 - ERR - token_validate - ("Error en la validacion: Invalid token type. Token must be a <class 'bytes'>",)
14:34:24 - ERR - token_validate - ("Error en la validacion: Invalid token type. Token must be a <class 'bytes'>",)
14:34:24 - ERR - token_validate - ("Error en la validacion: Invalid token type. Token must be a <class 'bytes'>",)
14:34:24 - ERR - token_validate - ("Error en la validacion: Invalid token type. Token must be a <class 'bytes'>",)
14:34:24 - ERR - token_validate - ("Error en la validacion: Invalid token type. Token must be a <class 'bytes'>",)
14:34:24 - ERR - token_validate - ("Error en la validacion: Invalid token type. Token must be a <class 'bytes'>",)
14:34:24 - ERR - token_validate - ("Error en la validacion: Invalid token type. Token must be a <class 'bytes'>",)
14:34:24 - ERR - token_validate - ("Error en la validacion: Invalid token type. Token must be a <class 'bytes'>",)
14:34:24 - ERR - token_validate - ("Error en la validacion: Invalid token type. Token must be a <class 'bytes'>",)
14:34:24 - ERR - token_validate - ("Error en la validacion: Invalid token type. Token must be a <class 'bytes'>",)
14:34:24 - ERR - token_validate - ("Error en la validacion: Invalid token type. Token must be a <class 'bytes'>",)
14:34:24 - ERR - token_validate - ("Error en la validacion: Invalid token type. Token must be a <class 'bytes'>",)
14:34:24 - ERR - token_validate - ("Error en la validacion: Invalid token type. Token must be a <class 'bytes'>",)
14:34:24 - ERR - token_validate - ("Error en la validacion: Invalid token type. Token must be a <class 'bytes'>",)
14:34:24 - ERR - token_validate - ("Error en la validacion: Invalid token type. Token must be a <class 'bytes'>",)
14:34:24 - ERR - token_validate - ("Error en la validacion: Invalid token type. Token must be a <class 'bytes'>",)
14:34:24 - ERR - token_validate - ("Error en la validacion: Invalid token type. Token must be a <class 'bytes'>",)
14:34:24 - ERR - token_validate - ("Error en la validacion: Invalid token type. Token must be a <class 'bytes'>",)
14:34:24 - ERR - token_validate - ("Error en la validacion: Invalid token type. Token must be a <class 'bytes'>",)
14:34:24 - ERR - token_validate - ("Error en la validacion: Invalid token type. Token must be a <class 'bytes'>",)
14:34:24 - ERR - token_validate - ("Error en la validacion: Invalid token type. Token must be a <class 'bytes'>",)
14:34:24 - ERR - token_validate - ("Error en la validacion: Invalid token type. Token must be a <class 'bytes'>",)
14:34:24 - ERR - token_validate - ("Error en la validacion: Invalid token type. Token must be a <class 'bytes'>",)
14:34:24 - ERR - token_validate - ("Error en la validacion: Invalid token type. Token must be a <class 'bytes'>",)
14:34:24 - ERR - token_validate - ("Error en la validacion: Invalid token type. Token must be a <class 'bytes'>",)
14:34:24 - ERR - token_validate - ("Error en la validacion: Invalid token type. Token must be a <class 'bytes'>",)
14:34:24 - ERR - token_validate - ("Error en la validacion: Invalid token type. Token must be a <class 'bytes'>",)
14:34:25 - ERR - token_validate - ("Error en la validacion: Invalid token type. Token must be a <class 'bytes'>",)
14:34:25 - ERR - token_validate - ("Error en la validacion: Invalid token type. Token must be a <class 'bytes'>",)
14:34:25 - ERR - token_validate - ("Error en la validacion: Invalid token type. Token must be a <class 'bytes'>",)
14:34:25 - ERR - token_validate - ("Error en la validacion: Invalid token type. Token must be a <class 'bytes'>",)
14:34:25 - ERR - token_validate - ("Error en la validacion: Invalid token type. Token must be a <class 'bytes'>",)
14:34:25 - ERR - token_validate - ("Error en la validacion: Invalid token type. Token must be a <class 'bytes'>",)
14:34:25 - ERR - token_validate - ("Error en la validacion: Invalid token type. Token must be a <class 'bytes'>",)
14:34:25 - ERR - token_validate - ("Error en la validacion: Invalid token type. Token must be a <class 'bytes'>",)
14:34:25 - ERR - token_validate - ("Error en la validacion: Invalid token type. Token must be a <class 'bytes'>",)
14:34:25 - ERR - token_validate - ("Error en la validacion: Invalid token type. Token must be a <class 'bytes'>",)
14:34:25 - ERR - token_validate - ("Error en la validacion: Invalid token type. Token must be a <class 'bytes'>",)
14:34:25 - ERR - token_validate - ("Error en la validacion: Invalid token type. Token must be a <class 'bytes'>",)
14:34:25 - ERR - token_validate - ("Error en la validacion: Invalid token type. Token must be a <class 'bytes'>",)
14:34:25 - ERR - token_validate - ("Error en la validacion: Invalid token type. Token must be a <class 'bytes'>",)
14:34:25 - ERR - token_validate - ("Error en la validacion: Invalid token type. Token must be a <class 'bytes'>",)
14:34:25 - ERR - token_validate - ("Error en la validacion: Invalid token type. Token must be a <class 'bytes'>",)
14:34:25 - ERR - token_validate - ("Error en la validacion: Invalid token type. Token must be a <class 'bytes'>",)
14:34:25 - ERR - token_validate - ("Error en la validacion: Invalid token type. Token must be a <class 'bytes'>",)
14:34:25 - ERR - token_validate - ("Error en la validacion: Invalid token type. Token must be a <class 'bytes'>",)
14:34:25 - ERR - token_validate - ("Error en la validacion: Invalid token type. Token must be a <class 'bytes'>",)
14:34:25 - ERR - token_validate - ("Error en la validacion: Invalid token type. Token must be a <class 'bytes'>",)
14:34:25 - ERR - token_validate - ("Error en la validacion: Invalid token type. Token must be a <class 'bytes'>",)
14:34:25 - ERR - token_validate - ("Error en la validacion: Invalid token type. Token must be a <class 'bytes'>",)
14:34:25 - ERR - token_validate - ("Error en la validacion: Invalid token type. Token must be a <class 'bytes'>",)
14:34:25 - ERR - token_validate - ("Error en la validacion: Invalid token type. Token must be a <class 'bytes'>",)
14:34:25 - ERR - token_validate - ("Error en la validacion: Invalid token type. Token must be a <class 'bytes'>",)
14:34:25 - ERR - token_validate - ("Error en la validacion: Invalid token type. Token must be a <class 'bytes'>",)
14:34:25 - ERR - token_validate - ("Error en la validacion: Invalid token type. Token must be a <class 'bytes'>",)
14:34:26 - ERR - token_validate - ("Error en la validacion: Invalid token type. Token must be a <class 'bytes'>",)
14:34:26 - ERR - token_validate - ("Error en la validacion: Invalid token type. Token must be a <class 'bytes'>",)
14:34:26 - ERR - token_validate - ("Error en la validacion: Invalid token type. Token must be a <class 'bytes'>",)
14:40:59 - ERR - token_validate - ("Error en la validacion: Invalid token type. Token must be a <class 'bytes'>",)
14:44:02 - ERR - token_validate - ("Error en la validacion: Invalid token type. Token must be a <class 'bytes'>",)
15:21:13 - ERR - ExecuteNonQuery - (UniqueViolation('llave duplicada viola restricción de unicidad «unique_like»\nDETAIL:  Ya existe la llave (post_id, user_id)=(47, 25).\n'),)
22:31:15 - ERR - ExecuteNonQuery - (UniqueViolation('llave duplicada viola restricción de unicidad «unique_like»\nDETAIL:  Ya existe la llave (post_id, user_id)=(44, 25).\n'),)
22:31:57 - ERR - ExecuteNonQuery - (UniqueViolation('llave duplicada viola restricción de unicidad «unique_like»\nDETAIL:  Ya existe la llave (post_id, user_id)=(46, 25).\n'),)
22:32:00 - ERR - ExecuteNonQuery - (UniqueViolation('llave duplicada viola restricción de unicidad «unique_like»\nDETAIL:  Ya existe la llave (post_id, user_id)=(47, 25).\n'),)
22:32:57 - ERR - ExecuteNonQuery - (UniqueViolation('llave duplicada viola restricción de unicidad «unique_like»\nDETAIL:  Ya existe la llave (post_id, user_id)=(51, 25).\n'),)
