09:03:03 - INF - <module> - ('Servicio Iniciado',)
09:03:05 - INF - <module> - ('Servicio Iniciado',)
09:03:15 - INF - <module> - ('Servicio Finalizado',)
09:03:16 - INF - <module> - ('Servicio Iniciado',)
09:03:17 - INF - <module> - ('Servicio Finalizado',)
09:03:17 - INF - <module> - ('Servicio Finalizado',)
09:03:18 - INF - <module> - ('Servicio Iniciado',)
09:03:20 - INF - <module> - ('Servicio Iniciado',)
09:07:12 - INF - <module> - ('Servicio Finalizado',)
09:07:13 - INF - <module> - ('Servicio Iniciado',)
09:08:03 - INF - <module> - ('Servicio Finalizado',)
09:08:03 - INF - <module> - ('Servicio Finalizado',)
09:08:04 - INF - <module> - ('Servicio Iniciado',)
09:08:05 - INF - <module> - ('Servicio Iniciado',)
09:08:17 - INF - get - ('Servicio de interacciones iniciado',)
09:10:07 - INF - <module> - ('Servicio Finalizado',)
09:10:08 - INF - <module> - ('Servicio Iniciado',)
09:10:27 - INF - <module> - ('Servicio Finalizado',)
09:10:28 - INF - <module> - ('Servicio Iniciado',)
09:10:59 - INF - <module> - ('Servicio Finalizado',)
09:11:00 - INF - <module> - ('Servicio Iniciado',)
09:11:53 - INF - <module> - ('Servicio Finalizado',)
09:11:54 - INF - <module> - ('Servicio Iniciado',)
09:12:01 - INF - post - ('Servicio de creacion de interaccion creado',)
09:12:17 - INF - post - ('Servicio de creacion de interaccion creado',)
09:12:43 - INF - <module> - ('Servicio Finalizado',)
09:12:44 - INF - <module> - ('Servicio Iniciado',)
09:15:11 - INF - <module> - ('Servicio Finalizado',)
09:15:11 - INF - <module> - ('Servicio Iniciado',)
09:16:59 - INF - <module> - ('Servicio Finalizado',)
09:17:00 - INF - <module> - ('Servicio Iniciado',)
09:17:10 - INF - <module> - ('Servicio Finalizado',)
09:17:10 - INF - <module> - ('Servicio Iniciado',)
09:17:16 - INF - <module> - ('Servicio Finalizado',)
09:17:16 - INF - <module> - ('Servicio Finalizado',)
09:17:17 - INF - <module> - ('Servicio Iniciado',)
09:17:18 - INF - <module> - ('Servicio Iniciado',)
09:17:34 - INF - post - ('Servicio de creacion de interaccion creado',)
09:17:34 - INF - post - (AttributeError("type object 'JWTComponent' has no attribute 'token_validate'"),)
09:19:46 - INF - <module> - ('Servicio Finalizado',)
09:19:47 - INF - <module> - ('Servicio Iniciado',)
09:20:00 - INF - post - ('Servicio de creacion de interaccion creado',)
09:20:00 - INF - create_interaction - ('Error al crear la interaccion lastval no está definido en esta sesión\n',)
09:20:51 - INF - <module> - ('Servicio Finalizado',)
09:20:52 - INF - <module> - ('Servicio Iniciado',)
09:20:55 - INF - <module> - ('Servicio Finalizado',)
09:20:55 - INF - <module> - ('Servicio Iniciado',)
09:21:27 - INF - <module> - ('Servicio Finalizado',)
09:21:27 - INF - <module> - ('Servicio Finalizado',)
09:21:28 - INF - <module> - ('Servicio Iniciado',)
09:21:30 - INF - <module> - ('Servicio Iniciado',)
09:21:35 - INF - post - ('Servicio de creacion de interaccion creado',)
09:21:35 - INF - create_interaction - ('Error al crear la interaccion lastval no está definido en esta sesión\n',)
09:22:07 - INF - <module> - ('Servicio Finalizado',)
09:22:08 - INF - <module> - ('Servicio Iniciado',)
09:22:48 - INF - <module> - ('Servicio Finalizado',)
09:22:48 - INF - <module> - ('Servicio Finalizado',)
09:23:21 - INF - <module> - ('Servicio Iniciado',)
09:23:22 - INF - <module> - ('Servicio Iniciado',)
09:23:38 - INF - post - ('Servicio de creacion de interaccion creado',)
09:23:59 - INF - get - ('Servicio de interacciones iniciado',)
09:24:32 - INF - <module> - ('Servicio Finalizado',)
09:24:32 - INF - <module> - ('Servicio Iniciado',)
09:25:07 - INF - <module> - ('Servicio Finalizado',)
09:25:08 - INF - <module> - ('Servicio Iniciado',)
09:25:22 - INF - get - ('Servicio de interacciones iniciado',)
09:25:38 - INF - post - ('Servicio de creacion de interaccion creado',)
09:26:18 - INF - post - ('Servicio de creacion de interaccion creado',)
09:26:18 - INF - create_interaction - ('Error al crear la interaccion lastval no está definido en esta sesión\n',)
09:44:11 - INF - post - ('Servicio de creacion de interaccion creado',)
09:44:11 - INF - create_interaction - ('Error al crear la interaccion lastval no está definido en esta sesión\n',)
09:45:13 - INF - <module> - ('Servicio Finalizado',)
09:45:14 - INF - <module> - ('Servicio Iniciado',)
09:45:29 - INF - post - ('Servicio de creacion de interaccion creado',)
09:45:29 - INF - create_interaction - ('Error al crear la interaccion llave duplicada viola restricción de unicidad «likes_pkey»\nDETAIL:  Ya existe la llave (user_id, post_id)=(7, 3).\n',)
09:45:47 - INF - post - ('Servicio de creacion de interaccion creado',)
09:46:42 - INF - <module> - ('Servicio Finalizado',)
09:46:43 - INF - <module> - ('Servicio Iniciado',)
09:46:47 - INF - <module> - ('Servicio Finalizado',)
09:46:48 - INF - <module> - ('Servicio Iniciado',)
09:46:52 - INF - <module> - ('Servicio Finalizado',)
09:46:52 - INF - <module> - ('Servicio Iniciado',)
09:47:04 - INF - <module> - ('Servicio Finalizado',)
09:47:05 - INF - <module> - ('Servicio Iniciado',)
09:47:33 - INF - <module> - ('Servicio Finalizado',)
09:47:34 - INF - <module> - ('Servicio Iniciado',)
09:47:40 - INF - post - ('Servicio de creacion de interaccion creado',)
09:48:13 - INF - <module> - ('Servicio Finalizado',)
09:48:13 - INF - <module> - ('Servicio Finalizado',)
09:48:14 - INF - <module> - ('Servicio Iniciado',)
09:48:16 - INF - <module> - ('Servicio Iniciado',)
09:48:34 - INF - post - ('Servicio de creacion de interaccion creado',)
10:00:29 - INF - post - ('Servicio de creacion de interaccion creado',)
10:01:53 - INF - <module> - ('Servicio Finalizado',)
10:01:55 - INF - <module> - ('Servicio Iniciado',)
10:02:29 - INF - post - ('Servicio de creacion de interaccion creado',)
10:02:29 - INF - create_interaction - ('Error al crear la interaccion lastval no está definido en esta sesión\n',)
10:07:49 - INF - <module> - ('Servicio Finalizado',)
10:07:49 - INF - <module> - ('Servicio Finalizado',)
10:07:50 - INF - <module> - ('Servicio Iniciado',)
10:07:52 - INF - <module> - ('Servicio Iniciado',)
10:08:40 - INF - post - ('Servicio de creacion de interaccion creado',)
10:08:40 - INF - create_interaction - ('Error al crear la interaccion inserción o actualización en la tabla «likes» viola la llave foránea «likes_post_id_fkey»\nDETAIL:  La llave (post_id)=(3) no está presente en la tabla «users».\n',)
10:09:06 - INF - post - ('Servicio de creacion de interaccion creado',)
10:10:07 - INF - <module> - ('Servicio Finalizado',)
10:10:08 - INF - <module> - ('Servicio Iniciado',)
10:10:45 - INF - post - ('Servicio de creacion de interaccion creado',)
10:10:45 - INF - create_interaction - ('Error al crear la interaccion inserción o actualización en la tabla «likes» viola la llave foránea «likes_post_id_fkey»\nDETAIL:  La llave (post_id)=(3) no está presente en la tabla «users».\n',)
10:11:57 - INF - <module> - ('Servicio Finalizado',)
10:11:58 - INF - <module> - ('Servicio Iniciado',)
10:12:03 - INF - post - ('Servicio de creacion de interaccion creado',)
10:13:19 - INF - <module> - ('Servicio Finalizado',)
10:13:20 - INF - <module> - ('Servicio Iniciado',)
10:13:22 - INF - <module> - ('Servicio Finalizado',)
10:13:22 - INF - <module> - ('Servicio Finalizado',)
10:13:22 - INF - <module> - ('Servicio Iniciado',)
10:13:24 - INF - <module> - ('Servicio Iniciado',)
10:13:59 - INF - post - ('Servicio de creacion de interaccion creado',)
10:16:02 - INF - <module> - ('Servicio Finalizado',)
10:16:02 - INF - <module> - ('Servicio Finalizado',)
10:16:03 - INF - <module> - ('Servicio Iniciado',)
10:16:05 - INF - <module> - ('Servicio Iniciado',)
10:16:15 - INF - post - ('Servicio de creacion de interaccion creado',)
10:16:15 - INF - create_interaction - ('Error al crear la interaccion inserción o actualización en la tabla «likes» viola la llave foránea «likes_user_id_fkey»\nDETAIL:  La llave (user_id)=(3) no está presente en la tabla «users».\n',)
10:16:38 - INF - post - ('Servicio de creacion de interaccion creado',)
10:17:23 - INF - post - ('Servicio de creacion de interaccion creado',)
10:17:23 - INF - create_interaction - ('Error al crear la interaccion inserción o actualización en la tabla «likes» viola la llave foránea «likes_user_id_fkey»\nDETAIL:  La llave (user_id)=(34) no está presente en la tabla «users».\n',)
10:18:42 - INF - post - ('Servicio de creacion de interaccion creado',)
10:18:42 - INF - create_interaction - ('Error al crear la interaccion inserción o actualización en la tabla «likes» viola la llave foránea «likes_user_id_fkey»\nDETAIL:  La llave (user_id)=(34) no está presente en la tabla «users».\n',)
10:20:13 - INF - post - ('Servicio de creacion de interaccion creado',)
10:20:13 - INF - create_interaction - ('Error al crear la interaccion inserción o actualización en la tabla «likes» viola la llave foránea «likes_user_id_fkey»\nDETAIL:  La llave (user_id)=(34) no está presente en la tabla «users».\n',)
10:20:56 - INF - <module> - ('Servicio Finalizado',)
10:20:57 - INF - <module> - ('Servicio Iniciado',)
10:21:09 - INF - post - ('Servicio de creacion de interaccion creado',)
10:21:21 - INF - post - ('Servicio de creacion de interaccion creado',)
10:23:11 - INF - post - ('Servicio de creacion de interaccion creado',)
10:23:16 - INF - post - ('Servicio de creacion de interaccion creado',)
10:23:16 - INF - create_interaction - ('Error al crear la interaccion llave duplicada viola restricción de unicidad «likes_post_id_key»\nDETAIL:  Ya existe la llave (post_id)=(3).\n',)
10:23:28 - INF - post - ('Servicio de creacion de interaccion creado',)
10:24:36 - INF - <module> - ('Servicio Finalizado',)
10:24:36 - INF - <module> - ('Servicio Iniciado',)
10:25:19 - INF - delete - ('Servicio de Creación de Publicación Iniciado',)
10:25:39 - INF - delete - ('Servicio de Creación de Publicación Iniciado',)
10:29:27 - INF - delete - ('Servicio de Creación de Publicación Iniciado',)
10:30:06 - INF - <module> - ('Servicio Finalizado',)
10:30:07 - INF - <module> - ('Servicio Iniciado',)
10:30:35 - INF - <module> - ('Servicio Finalizado',)
10:30:36 - INF - <module> - ('Servicio Iniciado',)
10:32:14 - INF - delete - ('Servicio de Creación de Publicación Iniciado',)
10:33:21 - INF - <module> - ('Servicio Finalizado',)
10:33:21 - INF - <module> - ('Servicio Finalizado',)
10:33:22 - INF - <module> - ('Servicio Iniciado',)
10:33:23 - INF - <module> - ('Servicio Iniciado',)
10:33:39 - INF - delete - ('Servicio de Creación de Publicación Iniciado',)
10:34:03 - INF - <module> - ('Servicio Finalizado',)
10:34:04 - INF - <module> - ('Servicio Iniciado',)
10:34:13 - INF - delete - ('Servicio de Creación de Publicación Iniciado',)
10:34:30 - INF - delete - ('Servicio de Creación de Publicación Iniciado',)
10:34:51 - INF - get - ('Servicio de interacciones iniciado',)
10:35:01 - INF - <module> - ('Servicio Finalizado',)
10:35:01 - INF - <module> - ('Servicio Finalizado',)
10:56:39 - INF - <module> - ('Servicio Iniciado',)
10:56:41 - INF - <module> - ('Servicio Iniciado',)
10:56:47 - INF - <module> - ('Servicio Finalizado',)
10:56:47 - INF - <module> - ('Servicio Finalizado',)
11:03:14 - INF - <module> - ('Servicio Iniciado',)
11:03:16 - INF - <module> - ('Servicio Iniciado',)
11:04:46 - INF - get - ('Servicio de interacciones iniciado',)
11:05:16 - INF - <module> - ('Servicio Finalizado',)
11:05:16 - INF - <module> - ('Servicio Iniciado',)
11:05:25 - INF - post - ('Servicio de creacion de interaccion creado',)
11:05:25 - INF - create_interaction - ('Error al crear la interaccion inserción o actualización en la tabla «likes» viola la llave foránea «likes_user_id_fkey»\nDETAIL:  La llave (user_id)=(3) no está presente en la tabla «users».\n',)
11:05:48 - INF - post - ('Servicio de creacion de interaccion creado',)
11:06:54 - INF - post - ('Servicio de creacion de interaccion creado',)
11:07:58 - INF - <module> - ('Servicio Finalizado',)
11:07:58 - INF - <module> - ('Servicio Iniciado',)
11:09:05 - INF - <module> - ('Servicio Finalizado',)
11:09:05 - INF - <module> - ('Servicio Iniciado',)
11:09:44 - INF - delete - ('Servicio de Likes Iniciado',)
11:11:32 - INF - get - ('Servicio de interacciones iniciado',)
11:15:56 - INF - post - ('Servicio de creacion de interaccion creado',)
11:16:25 - INF - delete - ('Servicio de Creación de Publicación Iniciado',)
11:23:42 - INF - get - ('Servicio de interacciones iniciado',)
11:41:17 - INF - <module> - ('Servicio Finalizado',)
11:41:18 - INF - <module> - ('Servicio Iniciado',)
11:41:43 - INF - <module> - ('Servicio Finalizado',)
11:41:44 - INF - <module> - ('Servicio Iniciado',)
11:41:54 - INF - <module> - ('Servicio Finalizado',)
11:41:55 - INF - <module> - ('Servicio Iniciado',)
11:42:05 - INF - <module> - ('Servicio Finalizado',)
11:42:05 - INF - <module> - ('Servicio Iniciado',)
11:42:16 - INF - <module> - ('Servicio Finalizado',)
11:42:17 - INF - <module> - ('Servicio Iniciado',)
11:56:09 - INF - <module> - ('Servicio Finalizado',)
11:56:10 - INF - <module> - ('Servicio Iniciado',)
11:56:36 - INF - <module> - ('Servicio Finalizado',)
11:56:37 - INF - <module> - ('Servicio Iniciado',)
11:56:45 - INF - <module> - ('Servicio Finalizado',)
11:56:46 - INF - <module> - ('Servicio Iniciado',)
12:03:15 - INF - post - ('Servicio de creacion de interaccion creado',)
12:09:25 - INF - post - ('Servicio de creacion de interaccion creado',)
12:10:36 - INF - post - ('Servicio de creacion de interaccion creado',)
12:10:56 - INF - post - ('Servicio de creacion de interaccion creado',)
12:12:16 - INF - <module> - ('Servicio Finalizado',)
12:12:16 - INF - <module> - ('Servicio Iniciado',)
12:13:02 - INF - post - ('Servicio de creacion de interaccion creado',)
12:13:09 - INF - post - ('Servicio de creacion de interaccion creado',)
12:13:09 - INF - create_interaction - ('Error al crear la interaccion llave duplicada viola restricción de unicidad «likes_post_id_key»\nDETAIL:  Ya existe la llave (post_id)=(43).\n',)
12:13:17 - INF - post - ('Servicio de creacion de interaccion creado',)
12:13:20 - INF - post - ('Servicio de creacion de interaccion creado',)
12:13:22 - INF - post - ('Servicio de creacion de interaccion creado',)
12:13:24 - INF - post - ('Servicio de creacion de interaccion creado',)
12:13:25 - INF - post - ('Servicio de creacion de interaccion creado',)
12:13:25 - INF - create_interaction - ('Error al crear la interaccion llave duplicada viola restricción de unicidad «likes_post_id_key»\nDETAIL:  Ya existe la llave (post_id)=(38).\n',)
12:13:33 - INF - post - ('Servicio de creacion de interaccion creado',)
12:13:33 - INF - create_interaction - ('Error al crear la interaccion llave duplicada viola restricción de unicidad «likes_post_id_key»\nDETAIL:  Ya existe la llave (post_id)=(43).\n',)
12:13:43 - INF - post - ('Servicio de creacion de interaccion creado',)
12:13:43 - INF - create_interaction - ('Error al crear la interaccion llave duplicada viola restricción de unicidad «likes_post_id_key»\nDETAIL:  Ya existe la llave (post_id)=(43).\n',)
12:13:54 - INF - post - ('Servicio de creacion de interaccion creado',)
12:13:57 - INF - post - ('Servicio de creacion de interaccion creado',)
12:13:57 - INF - create_interaction - ('Error al crear la interaccion llave duplicada viola restricción de unicidad «likes_post_id_key»\nDETAIL:  Ya existe la llave (post_id)=(41).\n',)
12:14:03 - INF - post - ('Servicio de creacion de interaccion creado',)
12:14:03 - INF - create_interaction - ('Error al crear la interaccion llave duplicada viola restricción de unicidad «likes_post_id_key»\nDETAIL:  Ya existe la llave (post_id)=(40).\n',)
12:14:05 - INF - post - ('Servicio de creacion de interaccion creado',)
12:14:05 - INF - create_interaction - ('Error al crear la interaccion llave duplicada viola restricción de unicidad «likes_post_id_key»\nDETAIL:  Ya existe la llave (post_id)=(39).\n',)
12:14:06 - INF - post - ('Servicio de creacion de interaccion creado',)
12:14:06 - INF - create_interaction - ('Error al crear la interaccion llave duplicada viola restricción de unicidad «likes_post_id_key»\nDETAIL:  Ya existe la llave (post_id)=(38).\n',)
12:14:08 - INF - post - ('Servicio de creacion de interaccion creado',)
12:14:09 - INF - post - ('Servicio de creacion de interaccion creado',)
12:14:10 - INF - post - ('Servicio de creacion de interaccion creado',)
12:14:12 - INF - post - ('Servicio de creacion de interaccion creado',)
12:14:12 - INF - post - ('Servicio de creacion de interaccion creado',)
12:14:13 - INF - post - ('Servicio de creacion de interaccion creado',)
12:14:15 - INF - post - ('Servicio de creacion de interaccion creado',)
12:14:17 - INF - post - ('Servicio de creacion de interaccion creado',)
12:14:18 - INF - post - ('Servicio de creacion de interaccion creado',)
12:15:50 - INF - <module> - ('Servicio Finalizado',)
12:15:51 - INF - <module> - ('Servicio Iniciado',)
12:16:52 - INF - get - ('Servicio de interacciones iniciado',)
12:20:02 - INF - post - ('Servicio de creacion de interaccion creado',)
12:20:02 - INF - create_interaction - ('Error al crear la interaccion llave duplicada viola restricción de unicidad «likes_post_id_key»\nDETAIL:  Ya existe la llave (post_id)=(1).\n',)
12:23:29 - INF - post - ('Servicio de creacion de interaccion creado',)
12:23:29 - INF - create_interaction - ('Error al crear la interaccion llave duplicada viola restricción de unicidad «likes_post_id_key»\nDETAIL:  Ya existe la llave (post_id)=(43).\n',)
12:23:31 - INF - post - ('Servicio de creacion de interaccion creado',)
12:23:31 - INF - create_interaction - ('Error al crear la interaccion llave duplicada viola restricción de unicidad «likes_post_id_key»\nDETAIL:  Ya existe la llave (post_id)=(40).\n',)
12:23:32 - INF - post - ('Servicio de creacion de interaccion creado',)
12:23:32 - INF - create_interaction - ('Error al crear la interaccion llave duplicada viola restricción de unicidad «likes_post_id_key»\nDETAIL:  Ya existe la llave (post_id)=(36).\n',)
12:23:56 - INF - post - ('Servicio de creacion de interaccion creado',)
12:23:56 - INF - create_interaction - ('Error al crear la interaccion llave duplicada viola restricción de unicidad «likes_post_id_key»\nDETAIL:  Ya existe la llave (post_id)=(32).\n',)
12:23:57 - INF - post - ('Servicio de creacion de interaccion creado',)
12:23:57 - INF - create_interaction - ('Error al crear la interaccion llave duplicada viola restricción de unicidad «likes_post_id_key»\nDETAIL:  Ya existe la llave (post_id)=(31).\n',)
12:23:59 - INF - post - ('Servicio de creacion de interaccion creado',)
12:24:03 - INF - post - ('Servicio de creacion de interaccion creado',)
12:24:07 - INF - post - ('Servicio de creacion de interaccion creado',)
12:24:07 - INF - create_interaction - ('Error al crear la interaccion llave duplicada viola restricción de unicidad «likes_post_id_key»\nDETAIL:  Ya existe la llave (post_id)=(22).\n',)
12:24:08 - INF - post - ('Servicio de creacion de interaccion creado',)
12:24:14 - INF - post - ('Servicio de creacion de interaccion creado',)
12:25:01 - INF - post - ('Servicio de creacion de interaccion creado',)
12:25:01 - INF - create_interaction - ('Error al crear la interaccion llave duplicada viola restricción de unicidad «likes_post_id_key»\nDETAIL:  Ya existe la llave (post_id)=(17).\n',)
12:25:05 - INF - post - ('Servicio de creacion de interaccion creado',)
12:25:16 - INF - post - ('Servicio de creacion de interaccion creado',)
12:25:48 - INF - post - ('Servicio de creacion de interaccion creado',)
12:25:54 - INF - post - ('Servicio de creacion de interaccion creado',)
12:25:54 - INF - create_interaction - ('Error al crear la interaccion llave duplicada viola restricción de unicidad «likes_post_id_key»\nDETAIL:  Ya existe la llave (post_id)=(43).\n',)
12:27:19 - INF - post - ('Servicio de creacion de interaccion creado',)
12:27:19 - INF - create_interaction - ('Error al crear la interaccion llave duplicada viola restricción de unicidad «likes_post_id_key»\nDETAIL:  Ya existe la llave (post_id)=(41).\n',)
12:27:21 - INF - post - ('Servicio de creacion de interaccion creado',)
12:27:22 - INF - create_interaction - ('Error al crear la interaccion llave duplicada viola restricción de unicidad «likes_post_id_key»\nDETAIL:  Ya existe la llave (post_id)=(39).\n',)
12:27:23 - INF - post - ('Servicio de creacion de interaccion creado',)
12:27:23 - INF - create_interaction - ('Error al crear la interaccion llave duplicada viola restricción de unicidad «likes_post_id_key»\nDETAIL:  Ya existe la llave (post_id)=(35).\n',)
12:27:25 - INF - post - ('Servicio de creacion de interaccion creado',)
12:27:25 - INF - create_interaction - ('Error al crear la interaccion llave duplicada viola restricción de unicidad «likes_post_id_key»\nDETAIL:  Ya existe la llave (post_id)=(32).\n',)
12:28:06 - INF - post - ('Servicio de creacion de interaccion creado',)
12:28:06 - INF - create_interaction - ('Error al crear la interaccion llave duplicada viola restricción de unicidad «likes_post_id_key»\nDETAIL:  Ya existe la llave (post_id)=(1).\n',)
12:28:13 - INF - post - ('Servicio de creacion de interaccion creado',)
12:28:13 - INF - create_interaction - ('Error al crear la interaccion llave duplicada viola restricción de unicidad «likes_post_id_key»\nDETAIL:  Ya existe la llave (post_id)=(3).\n',)
12:28:15 - INF - post - ('Servicio de creacion de interaccion creado',)
12:28:18 - INF - post - ('Servicio de creacion de interaccion creado',)
12:28:20 - INF - post - ('Servicio de creacion de interaccion creado',)
12:28:27 - INF - post - ('Servicio de creacion de interaccion creado',)
12:47:02 - INF - post - ('Servicio de creacion de interaccion creado',)
12:47:02 - INF - create_interaction - ('Error al crear la interaccion llave duplicada viola restricción de unicidad «likes_post_id_key»\nDETAIL:  Ya existe la llave (post_id)=(44).\n',)
12:51:23 - INF - post - ('Servicio de creacion de interaccion creado',)
12:51:24 - INF - post - ('Servicio de creacion de interaccion creado',)
12:51:25 - INF - create_interaction - ('Error al crear la interaccion llave duplicada viola restricción de unicidad «unique_like»\nDETAIL:  Ya existe la llave (post_id, user_id)=(44, 25).\n',)
12:51:26 - INF - post - ('Servicio de creacion de interaccion creado',)
12:53:16 - INF - <module> - ('Servicio Finalizado',)
12:53:16 - INF - <module> - ('Servicio Iniciado',)
12:53:18 - INF - <module> - ('Servicio Finalizado',)
12:53:18 - INF - <module> - ('Servicio Iniciado',)
12:54:35 - INF - post - ('Servicio de creacion de interaccion creado',)
12:54:37 - INF - post - ('Servicio de creacion de interaccion creado',)
12:54:37 - INF - create_interaction - ('Error al crear la interaccion llave duplicada viola restricción de unicidad «unique_like»\nDETAIL:  Ya existe la llave (post_id, user_id)=(34, 25).\n',)
12:56:34 - INF - get - ('Servicio de interacciones iniciado',)
12:56:34 - INF - get - ('Servicio de interacciones iniciado',)
12:56:34 - INF - get - ('Servicio de interacciones iniciado',)
12:56:34 - INF - get - ('Servicio de interacciones iniciado',)
12:56:34 - INF - get - ('Servicio de interacciones iniciado',)
12:56:34 - INF - get - ('Servicio de interacciones iniciado',)
12:56:34 - INF - get - ('Servicio de interacciones iniciado',)
12:56:34 - INF - get - ('Servicio de interacciones iniciado',)
12:56:34 - INF - get - ('Servicio de interacciones iniciado',)
12:56:34 - INF - get - ('Servicio de interacciones iniciado',)
12:56:34 - INF - get - ('Servicio de interacciones iniciado',)
12:56:35 - INF - get - ('Servicio de interacciones iniciado',)
12:56:35 - INF - get - ('Servicio de interacciones iniciado',)
12:56:35 - INF - get - ('Servicio de interacciones iniciado',)
12:56:35 - INF - get - ('Servicio de interacciones iniciado',)
12:56:35 - INF - get - ('Servicio de interacciones iniciado',)
12:56:35 - INF - get - ('Servicio de interacciones iniciado',)
12:56:35 - INF - get - ('Servicio de interacciones iniciado',)
12:56:35 - INF - get - ('Servicio de interacciones iniciado',)
12:56:35 - INF - get - ('Servicio de interacciones iniciado',)
12:56:35 - INF - get - ('Servicio de interacciones iniciado',)
12:56:35 - INF - get - ('Servicio de interacciones iniciado',)
12:56:35 - INF - get - ('Servicio de interacciones iniciado',)
12:56:35 - INF - get - ('Servicio de interacciones iniciado',)
12:56:35 - INF - get - ('Servicio de interacciones iniciado',)
12:56:35 - INF - get - ('Servicio de interacciones iniciado',)
12:56:35 - INF - get - ('Servicio de interacciones iniciado',)
12:56:35 - INF - get - ('Servicio de interacciones iniciado',)
12:56:36 - INF - get - ('Servicio de interacciones iniciado',)
12:56:36 - INF - get - ('Servicio de interacciones iniciado',)
12:56:36 - INF - get - ('Servicio de interacciones iniciado',)
12:56:36 - INF - get - ('Servicio de interacciones iniciado',)
12:56:36 - INF - get - ('Servicio de interacciones iniciado',)
12:56:36 - INF - get - ('Servicio de interacciones iniciado',)
12:56:36 - INF - get - ('Servicio de interacciones iniciado',)
12:56:36 - INF - get - ('Servicio de interacciones iniciado',)
12:56:36 - INF - get - ('Servicio de interacciones iniciado',)
12:56:36 - INF - get - ('Servicio de interacciones iniciado',)
12:56:36 - INF - get - ('Servicio de interacciones iniciado',)
12:56:36 - INF - get - ('Servicio de interacciones iniciado',)
12:56:36 - INF - get - ('Servicio de interacciones iniciado',)
12:57:19 - INF - get - ('Servicio de interacciones iniciado',)
12:57:19 - INF - get - ('Servicio de interacciones iniciado',)
12:57:19 - INF - get - ('Servicio de interacciones iniciado',)
12:57:19 - INF - get - ('Servicio de interacciones iniciado',)
12:57:19 - INF - get - ('Servicio de interacciones iniciado',)
12:57:19 - INF - get - ('Servicio de interacciones iniciado',)
12:57:19 - INF - get - ('Servicio de interacciones iniciado',)
12:57:19 - INF - get - ('Servicio de interacciones iniciado',)
12:57:19 - INF - get - ('Servicio de interacciones iniciado',)
12:57:19 - INF - get - ('Servicio de interacciones iniciado',)
12:57:19 - INF - get - ('Servicio de interacciones iniciado',)
12:57:19 - INF - get - ('Servicio de interacciones iniciado',)
12:57:19 - INF - get - ('Servicio de interacciones iniciado',)
12:57:19 - INF - get - ('Servicio de interacciones iniciado',)
12:57:19 - INF - get - ('Servicio de interacciones iniciado',)
12:57:19 - INF - get - ('Servicio de interacciones iniciado',)
12:57:19 - INF - get - ('Servicio de interacciones iniciado',)
12:57:19 - INF - get - ('Servicio de interacciones iniciado',)
12:57:19 - INF - get - ('Servicio de interacciones iniciado',)
12:57:19 - INF - get - ('Servicio de interacciones iniciado',)
12:57:19 - INF - get - ('Servicio de interacciones iniciado',)
12:57:20 - INF - get - ('Servicio de interacciones iniciado',)
12:57:20 - INF - get - ('Servicio de interacciones iniciado',)
12:57:20 - INF - get - ('Servicio de interacciones iniciado',)
12:57:20 - INF - get - ('Servicio de interacciones iniciado',)
12:57:20 - INF - get - ('Servicio de interacciones iniciado',)
12:57:20 - INF - get - ('Servicio de interacciones iniciado',)
12:57:20 - INF - get - ('Servicio de interacciones iniciado',)
12:57:20 - INF - get - ('Servicio de interacciones iniciado',)
12:57:20 - INF - get - ('Servicio de interacciones iniciado',)
12:57:20 - INF - get - ('Servicio de interacciones iniciado',)
12:57:20 - INF - get - ('Servicio de interacciones iniciado',)
12:57:20 - INF - get - ('Servicio de interacciones iniciado',)
12:57:20 - INF - get - ('Servicio de interacciones iniciado',)
12:57:20 - INF - get - ('Servicio de interacciones iniciado',)
12:57:20 - INF - get - ('Servicio de interacciones iniciado',)
12:57:20 - INF - get - ('Servicio de interacciones iniciado',)
12:57:20 - INF - get - ('Servicio de interacciones iniciado',)
12:57:20 - INF - get - ('Servicio de interacciones iniciado',)
12:57:20 - INF - get - ('Servicio de interacciones iniciado',)
12:57:20 - INF - get - ('Servicio de interacciones iniciado',)
12:57:20 - INF - get - ('Servicio de interacciones iniciado',)
12:57:51 - INF - <module> - ('Servicio Finalizado',)
12:57:52 - INF - <module> - ('Servicio Iniciado',)
13:07:19 - INF - get - ('Servicio de interacciones iniciado',)
13:07:19 - INF - get - ('Servicio de interacciones iniciado',)
13:07:19 - INF - get - ('Servicio de interacciones iniciado',)
13:07:19 - INF - get - ('Servicio de interacciones iniciado',)
13:07:19 - INF - get - ('Servicio de interacciones iniciado',)
13:07:19 - INF - get - ('Servicio de interacciones iniciado',)
13:07:19 - INF - get - ('Servicio de interacciones iniciado',)
13:07:19 - INF - get - ('Servicio de interacciones iniciado',)
13:07:19 - INF - get - ('Servicio de interacciones iniciado',)
13:07:19 - INF - get - ('Servicio de interacciones iniciado',)
13:07:19 - INF - get - ('Servicio de interacciones iniciado',)
13:07:19 - INF - get - ('Servicio de interacciones iniciado',)
13:07:19 - INF - get - ('Servicio de interacciones iniciado',)
13:07:19 - INF - get - ('Servicio de interacciones iniciado',)
13:07:19 - INF - get - ('Servicio de interacciones iniciado',)
13:07:19 - INF - get - ('Servicio de interacciones iniciado',)
13:07:19 - INF - get - ('Servicio de interacciones iniciado',)
13:07:20 - INF - get - ('Servicio de interacciones iniciado',)
13:07:20 - INF - get - ('Servicio de interacciones iniciado',)
13:07:20 - INF - get - ('Servicio de interacciones iniciado',)
13:07:20 - INF - get - ('Servicio de interacciones iniciado',)
13:07:20 - INF - get - ('Servicio de interacciones iniciado',)
13:07:20 - INF - get - ('Servicio de interacciones iniciado',)
13:07:20 - INF - get - ('Servicio de interacciones iniciado',)
13:07:20 - INF - get - ('Servicio de interacciones iniciado',)
13:07:20 - INF - get - ('Servicio de interacciones iniciado',)
13:07:20 - INF - get - ('Servicio de interacciones iniciado',)
13:07:20 - INF - get - ('Servicio de interacciones iniciado',)
13:07:20 - INF - get - ('Servicio de interacciones iniciado',)
13:07:20 - INF - get - ('Servicio de interacciones iniciado',)
13:07:20 - INF - get - ('Servicio de interacciones iniciado',)
13:07:20 - INF - get - ('Servicio de interacciones iniciado',)
13:07:20 - INF - get - ('Servicio de interacciones iniciado',)
13:07:20 - INF - get - ('Servicio de interacciones iniciado',)
13:07:20 - INF - get - ('Servicio de interacciones iniciado',)
13:07:20 - INF - get - ('Servicio de interacciones iniciado',)
13:07:20 - INF - get - ('Servicio de interacciones iniciado',)
13:07:20 - INF - get - ('Servicio de interacciones iniciado',)
13:07:20 - INF - get - ('Servicio de interacciones iniciado',)
13:07:20 - INF - get - ('Servicio de interacciones iniciado',)
13:07:20 - INF - get - ('Servicio de interacciones iniciado',)
13:08:29 - INF - post - ('Servicio de creacion de interaccion creado',)
13:08:31 - INF - post - ('Servicio de creacion de interaccion creado',)
13:08:52 - INF - post - ('Servicio de creacion de interaccion creado',)
13:08:52 - INF - create_interaction - ('Error al crear la interaccion llave duplicada viola restricción de unicidad «unique_like»\nDETAIL:  Ya existe la llave (post_id, user_id)=(44, 25).\n',)
13:08:55 - INF - post - ('Servicio de creacion de interaccion creado',)
13:09:28 - INF - get - ('Servicio de interacciones iniciado',)
13:09:28 - INF - get - ('Servicio de interacciones iniciado',)
13:09:28 - INF - get - ('Servicio de interacciones iniciado',)
13:09:28 - INF - get - ('Servicio de interacciones iniciado',)
13:09:28 - INF - get - ('Servicio de interacciones iniciado',)
13:09:28 - INF - get - ('Servicio de interacciones iniciado',)
13:09:28 - INF - get - ('Servicio de interacciones iniciado',)
13:09:28 - INF - get - ('Servicio de interacciones iniciado',)
13:09:28 - INF - get - ('Servicio de interacciones iniciado',)
13:09:28 - INF - get - ('Servicio de interacciones iniciado',)
13:09:28 - INF - get - ('Servicio de interacciones iniciado',)
13:09:28 - INF - get - ('Servicio de interacciones iniciado',)
13:09:28 - INF - get - ('Servicio de interacciones iniciado',)
13:09:28 - INF - get - ('Servicio de interacciones iniciado',)
13:09:28 - INF - get - ('Servicio de interacciones iniciado',)
13:09:28 - INF - get - ('Servicio de interacciones iniciado',)
13:09:29 - INF - get - ('Servicio de interacciones iniciado',)
13:09:29 - INF - get - ('Servicio de interacciones iniciado',)
13:09:29 - INF - get - ('Servicio de interacciones iniciado',)
13:09:29 - INF - get - ('Servicio de interacciones iniciado',)
13:09:29 - INF - get - ('Servicio de interacciones iniciado',)
13:09:29 - INF - get - ('Servicio de interacciones iniciado',)
13:09:29 - INF - get - ('Servicio de interacciones iniciado',)
13:09:29 - INF - get - ('Servicio de interacciones iniciado',)
13:09:29 - INF - get - ('Servicio de interacciones iniciado',)
13:09:29 - INF - get - ('Servicio de interacciones iniciado',)
13:09:29 - INF - get - ('Servicio de interacciones iniciado',)
13:09:29 - INF - get - ('Servicio de interacciones iniciado',)
13:09:29 - INF - get - ('Servicio de interacciones iniciado',)
13:09:29 - INF - get - ('Servicio de interacciones iniciado',)
13:09:29 - INF - get - ('Servicio de interacciones iniciado',)
13:09:29 - INF - get - ('Servicio de interacciones iniciado',)
13:09:29 - INF - get - ('Servicio de interacciones iniciado',)
13:09:29 - INF - get - ('Servicio de interacciones iniciado',)
13:09:29 - INF - get - ('Servicio de interacciones iniciado',)
13:09:29 - INF - get - ('Servicio de interacciones iniciado',)
13:09:30 - INF - get - ('Servicio de interacciones iniciado',)
13:09:30 - INF - get - ('Servicio de interacciones iniciado',)
13:09:30 - INF - get - ('Servicio de interacciones iniciado',)
13:09:30 - INF - get - ('Servicio de interacciones iniciado',)
13:09:30 - INF - get - ('Servicio de interacciones iniciado',)
13:09:30 - INF - get - ('Servicio de interacciones iniciado',)
13:16:56 - INF - post - ('Servicio de creacion de interaccion creado',)
13:16:56 - INF - create_interaction - ('Error al crear la interaccion llave duplicada viola restricción de unicidad «unique_like»\nDETAIL:  Ya existe la llave (post_id, user_id)=(44, 21).\n',)
13:17:01 - INF - post - ('Servicio de creacion de interaccion creado',)
13:17:06 - INF - post - ('Servicio de creacion de interaccion creado',)
13:17:07 - INF - create_interaction - ('Error al crear la interaccion llave duplicada viola restricción de unicidad «unique_like»\nDETAIL:  Ya existe la llave (post_id, user_id)=(14, 21).\n',)
13:21:18 - INF - post - ('Servicio de creacion de interaccion creado',)
13:21:18 - INF - create_interaction - ('Error al crear la interaccion llave duplicada viola restricción de unicidad «unique_like»\nDETAIL:  Ya existe la llave (post_id, user_id)=(44, 21).\n',)
13:22:37 - INF - post - ('Servicio de creacion de interaccion creado',)
13:23:38 - INF - post - ('Servicio de creacion de interaccion creado',)
13:23:38 - INF - create_interaction - ('Error al crear la interaccion llave duplicada viola restricción de unicidad «unique_like»\nDETAIL:  Ya existe la llave (post_id, user_id)=(43, 21).\n',)
13:23:39 - INF - post - ('Servicio de creacion de interaccion creado',)
13:23:39 - INF - create_interaction - ('Error al crear la interaccion llave duplicada viola restricción de unicidad «unique_like»\nDETAIL:  Ya existe la llave (post_id, user_id)=(42, 21).\n',)
13:23:40 - INF - post - ('Servicio de creacion de interaccion creado',)
13:26:40 - INF - post - ('Servicio de creacion de interaccion creado',)
13:26:41 - INF - create_interaction - ('Error al crear la interaccion llave duplicada viola restricción de unicidad «unique_like»\nDETAIL:  Ya existe la llave (post_id, user_id)=(44, 21).\n',)
13:26:54 - INF - post - ('Servicio de creacion de interaccion creado',)
13:27:31 - INF - post - ('Servicio de creacion de interaccion creado',)
13:32:33 - INF - post - ('Servicio de creacion de interaccion creado',)
13:32:33 - INF - create_interaction - ('Error al crear la interaccion llave duplicada viola restricción de unicidad «unique_like»\nDETAIL:  Ya existe la llave (post_id, user_id)=(44, 21).\n',)
13:32:36 - INF - get - ('Servicio de interacciones iniciado',)
13:32:36 - INF - get - ('Servicio de interacciones iniciado',)
13:32:36 - INF - get - ('Servicio de interacciones iniciado',)
13:32:36 - INF - get - ('Servicio de interacciones iniciado',)
13:32:36 - INF - get - ('Servicio de interacciones iniciado',)
13:32:36 - INF - get - ('Servicio de interacciones iniciado',)
13:32:36 - INF - get - ('Servicio de interacciones iniciado',)
13:32:36 - INF - get - ('Servicio de interacciones iniciado',)
13:32:36 - INF - get - ('Servicio de interacciones iniciado',)
13:32:36 - INF - get - ('Servicio de interacciones iniciado',)
13:32:36 - INF - get - ('Servicio de interacciones iniciado',)
13:32:36 - INF - get - ('Servicio de interacciones iniciado',)
13:32:36 - INF - get - ('Servicio de interacciones iniciado',)
13:32:36 - INF - get - ('Servicio de interacciones iniciado',)
13:32:36 - INF - get - ('Servicio de interacciones iniciado',)
13:32:36 - INF - get - ('Servicio de interacciones iniciado',)
13:32:37 - INF - get - ('Servicio de interacciones iniciado',)
13:32:37 - INF - get - ('Servicio de interacciones iniciado',)
13:32:37 - INF - get - ('Servicio de interacciones iniciado',)
13:32:37 - INF - get - ('Servicio de interacciones iniciado',)
13:32:37 - INF - get - ('Servicio de interacciones iniciado',)
13:32:37 - INF - get - ('Servicio de interacciones iniciado',)
13:32:37 - INF - get - ('Servicio de interacciones iniciado',)
13:32:37 - INF - get - ('Servicio de interacciones iniciado',)
13:32:37 - INF - get - ('Servicio de interacciones iniciado',)
13:32:37 - INF - get - ('Servicio de interacciones iniciado',)
13:32:37 - INF - get - ('Servicio de interacciones iniciado',)
13:32:37 - INF - get - ('Servicio de interacciones iniciado',)
13:32:37 - INF - get - ('Servicio de interacciones iniciado',)
13:32:37 - INF - get - ('Servicio de interacciones iniciado',)
13:32:37 - INF - get - ('Servicio de interacciones iniciado',)
13:32:37 - INF - get - ('Servicio de interacciones iniciado',)
13:32:37 - INF - get - ('Servicio de interacciones iniciado',)
13:32:37 - INF - get - ('Servicio de interacciones iniciado',)
13:32:37 - INF - get - ('Servicio de interacciones iniciado',)
13:32:37 - INF - get - ('Servicio de interacciones iniciado',)
13:32:37 - INF - get - ('Servicio de interacciones iniciado',)
13:32:37 - INF - get - ('Servicio de interacciones iniciado',)
13:32:37 - INF - get - ('Servicio de interacciones iniciado',)
13:32:37 - INF - get - ('Servicio de interacciones iniciado',)
13:32:37 - INF - get - ('Servicio de interacciones iniciado',)
13:32:38 - INF - get - ('Servicio de interacciones iniciado',)
13:33:00 - INF - post - ('Servicio de creacion de interaccion creado',)
13:33:01 - INF - create_interaction - ('Error al crear la interaccion llave duplicada viola restricción de unicidad «unique_like»\nDETAIL:  Ya existe la llave (post_id, user_id)=(44, 21).\n',)
13:33:04 - INF - post - ('Servicio de creacion de interaccion creado',)
13:34:01 - INF - post - ('Servicio de creacion de interaccion creado',)
13:34:04 - INF - post - ('Servicio de creacion de interaccion creado',)
13:34:06 - INF - post - ('Servicio de creacion de interaccion creado',)
13:34:07 - INF - post - ('Servicio de creacion de interaccion creado',)
13:34:09 - INF - post - ('Servicio de creacion de interaccion creado',)
13:34:11 - INF - post - ('Servicio de creacion de interaccion creado',)
13:34:12 - INF - post - ('Servicio de creacion de interaccion creado',)
13:34:14 - INF - post - ('Servicio de creacion de interaccion creado',)
13:34:14 - INF - create_interaction - ('Error al crear la interaccion llave duplicada viola restricción de unicidad «unique_like»\nDETAIL:  Ya existe la llave (post_id, user_id)=(14, 21).\n',)
13:34:16 - INF - post - ('Servicio de creacion de interaccion creado',)
13:34:18 - INF - post - ('Servicio de creacion de interaccion creado',)
13:34:20 - INF - post - ('Servicio de creacion de interaccion creado',)
13:34:22 - INF - post - ('Servicio de creacion de interaccion creado',)
13:34:23 - INF - post - ('Servicio de creacion de interaccion creado',)
13:34:23 - INF - create_interaction - ('Error al crear la interaccion llave duplicada viola restricción de unicidad «unique_like»\nDETAIL:  Ya existe la llave (post_id, user_id)=(5, 21).\n',)
13:34:24 - INF - post - ('Servicio de creacion de interaccion creado',)
13:34:25 - INF - post - ('Servicio de creacion de interaccion creado',)
13:34:26 - INF - post - ('Servicio de creacion de interaccion creado',)
13:34:28 - INF - post - ('Servicio de creacion de interaccion creado',)
13:34:29 - INF - post - ('Servicio de creacion de interaccion creado',)
13:34:30 - INF - post - ('Servicio de creacion de interaccion creado',)
13:34:31 - INF - post - ('Servicio de creacion de interaccion creado',)
13:34:32 - INF - create_interaction - ('Error al crear la interaccion llave duplicada viola restricción de unicidad «unique_like»\nDETAIL:  Ya existe la llave (post_id, user_id)=(12, 21).\n',)
13:35:12 - INF - post - ('Servicio de creacion de interaccion creado',)
13:35:16 - INF - post - ('Servicio de creacion de interaccion creado',)
13:35:22 - INF - post - ('Servicio de creacion de interaccion creado',)
13:35:32 - INF - post - ('Servicio de creacion de interaccion creado',)
13:36:16 - INF - post - ('Servicio de creacion de interaccion creado',)
13:36:20 - INF - post - ('Servicio de creacion de interaccion creado',)
13:52:24 - INF - post - ('Servicio de creacion de interaccion creado',)
14:23:20 - INF - <module> - ('Servicio Finalizado',)
14:23:23 - INF - <module> - ('Servicio Iniciado',)
14:27:14 - INF - get - ('Servicio de interacciones iniciado',)
14:27:39 - INF - post - ('Servicio de creacion de comentario iniciado',)
14:34:15 - INF - post - ('Servicio de creacion de comentario iniciado',)
14:34:15 - INF - post - ('Servicio de creacion de comentario iniciado',)
14:34:15 - INF - post - ('Servicio de creacion de comentario iniciado',)
14:34:15 - INF - post - ('Servicio de creacion de comentario iniciado',)
14:34:15 - INF - post - ('Servicio de creacion de comentario iniciado',)
14:34:15 - INF - post - ('Servicio de creacion de comentario iniciado',)
14:34:15 - INF - post - ('Servicio de creacion de comentario iniciado',)
14:34:15 - INF - post - ('Servicio de creacion de comentario iniciado',)
14:34:15 - INF - post - ('Servicio de creacion de comentario iniciado',)
14:34:15 - INF - post - ('Servicio de creacion de comentario iniciado',)
14:34:15 - INF - post - ('Servicio de creacion de comentario iniciado',)
14:34:15 - INF - post - ('Servicio de creacion de comentario iniciado',)
14:34:15 - INF - post - ('Servicio de creacion de comentario iniciado',)
14:34:15 - INF - post - ('Servicio de creacion de comentario iniciado',)
14:34:15 - INF - post - ('Servicio de creacion de comentario iniciado',)
14:34:15 - INF - post - ('Servicio de creacion de comentario iniciado',)
14:34:15 - INF - post - ('Servicio de creacion de comentario iniciado',)
14:34:15 - INF - post - ('Servicio de creacion de comentario iniciado',)
14:34:15 - INF - post - ('Servicio de creacion de comentario iniciado',)
14:34:15 - INF - post - ('Servicio de creacion de comentario iniciado',)
14:34:15 - INF - post - ('Servicio de creacion de comentario iniciado',)
14:34:15 - INF - post - ('Servicio de creacion de comentario iniciado',)
14:34:15 - INF - post - ('Servicio de creacion de comentario iniciado',)
14:34:15 - INF - post - ('Servicio de creacion de comentario iniciado',)
14:34:15 - INF - post - ('Servicio de creacion de comentario iniciado',)
14:34:15 - INF - post - ('Servicio de creacion de comentario iniciado',)
14:34:15 - INF - post - ('Servicio de creacion de comentario iniciado',)
14:34:15 - INF - post - ('Servicio de creacion de comentario iniciado',)
14:34:15 - INF - post - ('Servicio de creacion de comentario iniciado',)
14:34:15 - INF - post - ('Servicio de creacion de comentario iniciado',)
14:34:15 - INF - post - ('Servicio de creacion de comentario iniciado',)
14:34:15 - INF - post - ('Servicio de creacion de comentario iniciado',)
14:34:15 - INF - post - ('Servicio de creacion de comentario iniciado',)
14:34:15 - INF - post - ('Servicio de creacion de comentario iniciado',)
14:34:16 - INF - post - ('Servicio de creacion de comentario iniciado',)
14:34:16 - INF - post - ('Servicio de creacion de comentario iniciado',)
14:34:16 - INF - post - ('Servicio de creacion de comentario iniciado',)
14:34:16 - INF - post - ('Servicio de creacion de comentario iniciado',)
14:34:16 - INF - post - ('Servicio de creacion de comentario iniciado',)
14:34:16 - INF - post - ('Servicio de creacion de comentario iniciado',)
14:34:16 - INF - post - ('Servicio de creacion de comentario iniciado',)
14:34:16 - INF - post - ('Servicio de creacion de comentario iniciado',)
14:34:16 - INF - post - ('Servicio de creacion de comentario iniciado',)
14:34:16 - INF - post - ('Servicio de creacion de comentario iniciado',)
14:34:16 - INF - post - ('Servicio de creacion de comentario iniciado',)
14:34:16 - INF - post - ('Servicio de creacion de comentario iniciado',)
14:34:16 - INF - post - ('Servicio de creacion de comentario iniciado',)
14:34:16 - INF - post - ('Servicio de creacion de comentario iniciado',)
14:34:16 - INF - post - ('Servicio de creacion de comentario iniciado',)
14:34:16 - INF - post - ('Servicio de creacion de comentario iniciado',)
14:34:16 - INF - post - ('Servicio de creacion de comentario iniciado',)
14:34:16 - INF - post - ('Servicio de creacion de comentario iniciado',)
14:34:16 - INF - post - ('Servicio de creacion de comentario iniciado',)
14:34:16 - INF - post - ('Servicio de creacion de comentario iniciado',)
14:34:16 - INF - post - ('Servicio de creacion de comentario iniciado',)
14:34:16 - INF - post - ('Servicio de creacion de comentario iniciado',)
14:34:16 - INF - post - ('Servicio de creacion de comentario iniciado',)
14:34:16 - INF - post - ('Servicio de creacion de comentario iniciado',)
14:34:16 - INF - post - ('Servicio de creacion de comentario iniciado',)
14:34:16 - INF - post - ('Servicio de creacion de comentario iniciado',)
14:34:16 - INF - post - ('Servicio de creacion de comentario iniciado',)
14:34:16 - INF - post - ('Servicio de creacion de comentario iniciado',)
14:34:16 - INF - post - ('Servicio de creacion de comentario iniciado',)
14:34:16 - INF - post - ('Servicio de creacion de comentario iniciado',)
14:34:16 - INF - post - ('Servicio de creacion de comentario iniciado',)
14:34:16 - INF - post - ('Servicio de creacion de comentario iniciado',)
14:34:16 - INF - post - ('Servicio de creacion de comentario iniciado',)
14:34:16 - INF - post - ('Servicio de creacion de comentario iniciado',)
14:34:16 - INF - post - ('Servicio de creacion de comentario iniciado',)
14:34:16 - INF - post - ('Servicio de creacion de comentario iniciado',)
14:34:16 - INF - post - ('Servicio de creacion de comentario iniciado',)
14:34:16 - INF - post - ('Servicio de creacion de comentario iniciado',)
14:34:16 - INF - post - ('Servicio de creacion de comentario iniciado',)
14:34:16 - INF - post - ('Servicio de creacion de comentario iniciado',)
14:34:16 - INF - post - ('Servicio de creacion de comentario iniciado',)
14:34:16 - INF - post - ('Servicio de creacion de comentario iniciado',)
14:34:16 - INF - post - ('Servicio de creacion de comentario iniciado',)
14:34:16 - INF - post - ('Servicio de creacion de comentario iniciado',)
14:34:16 - INF - post - ('Servicio de creacion de comentario iniciado',)
14:34:16 - INF - post - ('Servicio de creacion de comentario iniciado',)
14:34:16 - INF - post - ('Servicio de creacion de comentario iniciado',)
14:34:16 - INF - post - ('Servicio de creacion de comentario iniciado',)
14:34:16 - INF - post - ('Servicio de creacion de comentario iniciado',)
14:34:16 - INF - post - ('Servicio de creacion de comentario iniciado',)
14:34:16 - INF - post - ('Servicio de creacion de comentario iniciado',)
14:34:17 - INF - post - ('Servicio de creacion de comentario iniciado',)
14:34:17 - INF - post - ('Servicio de creacion de comentario iniciado',)
14:34:17 - INF - post - ('Servicio de creacion de comentario iniciado',)
14:34:17 - INF - post - ('Servicio de creacion de comentario iniciado',)
14:34:17 - INF - post - ('Servicio de creacion de comentario iniciado',)
14:34:17 - INF - post - ('Servicio de creacion de comentario iniciado',)
14:34:17 - INF - post - ('Servicio de creacion de comentario iniciado',)
14:34:17 - INF - post - ('Servicio de creacion de comentario iniciado',)
14:34:17 - INF - post - ('Servicio de creacion de comentario iniciado',)
14:34:17 - INF - post - ('Servicio de creacion de comentario iniciado',)
14:34:17 - INF - post - ('Servicio de creacion de comentario iniciado',)
14:34:17 - INF - post - ('Servicio de creacion de comentario iniciado',)
14:34:17 - INF - post - ('Servicio de creacion de comentario iniciado',)
14:34:18 - INF - post - ('Servicio de creacion de comentario iniciado',)
14:34:18 - INF - post - ('Servicio de creacion de comentario iniciado',)
14:34:18 - INF - post - ('Servicio de creacion de comentario iniciado',)
14:34:18 - INF - post - ('Servicio de creacion de comentario iniciado',)
14:34:18 - INF - post - ('Servicio de creacion de comentario iniciado',)
14:34:18 - INF - post - ('Servicio de creacion de comentario iniciado',)
14:34:18 - INF - post - ('Servicio de creacion de comentario iniciado',)
14:34:18 - INF - post - ('Servicio de creacion de comentario iniciado',)
14:34:18 - INF - post - ('Servicio de creacion de comentario iniciado',)
14:34:18 - INF - post - ('Servicio de creacion de comentario iniciado',)
14:34:18 - INF - post - ('Servicio de creacion de comentario iniciado',)
14:34:18 - INF - post - ('Servicio de creacion de comentario iniciado',)
14:34:18 - INF - post - ('Servicio de creacion de comentario iniciado',)
14:34:18 - INF - post - ('Servicio de creacion de comentario iniciado',)
14:34:18 - INF - post - ('Servicio de creacion de comentario iniciado',)
14:34:18 - INF - post - ('Servicio de creacion de comentario iniciado',)
14:34:18 - INF - post - ('Servicio de creacion de comentario iniciado',)
14:34:18 - INF - post - ('Servicio de creacion de comentario iniciado',)
14:34:18 - INF - post - ('Servicio de creacion de comentario iniciado',)
14:34:18 - INF - post - ('Servicio de creacion de comentario iniciado',)
14:34:18 - INF - post - ('Servicio de creacion de comentario iniciado',)
14:34:18 - INF - post - ('Servicio de creacion de comentario iniciado',)
14:34:18 - INF - post - ('Servicio de creacion de comentario iniciado',)
14:34:18 - INF - post - ('Servicio de creacion de comentario iniciado',)
14:34:18 - INF - post - ('Servicio de creacion de comentario iniciado',)
14:34:18 - INF - post - ('Servicio de creacion de comentario iniciado',)
14:34:18 - INF - post - ('Servicio de creacion de comentario iniciado',)
14:34:18 - INF - post - ('Servicio de creacion de comentario iniciado',)
14:34:18 - INF - post - ('Servicio de creacion de comentario iniciado',)
14:34:18 - INF - post - ('Servicio de creacion de comentario iniciado',)
14:34:18 - INF - post - ('Servicio de creacion de comentario iniciado',)
14:34:18 - INF - post - ('Servicio de creacion de comentario iniciado',)
14:34:18 - INF - post - ('Servicio de creacion de comentario iniciado',)
14:34:18 - INF - post - ('Servicio de creacion de comentario iniciado',)
14:34:18 - INF - post - ('Servicio de creacion de comentario iniciado',)
14:34:18 - INF - post - ('Servicio de creacion de comentario iniciado',)
14:34:18 - INF - post - ('Servicio de creacion de comentario iniciado',)
14:34:18 - INF - post - ('Servicio de creacion de comentario iniciado',)
14:34:18 - INF - post - ('Servicio de creacion de comentario iniciado',)
14:34:18 - INF - post - ('Servicio de creacion de comentario iniciado',)
14:34:18 - INF - post - ('Servicio de creacion de comentario iniciado',)
14:34:18 - INF - post - ('Servicio de creacion de comentario iniciado',)
14:34:19 - INF - post - ('Servicio de creacion de comentario iniciado',)
14:34:19 - INF - post - ('Servicio de creacion de comentario iniciado',)
14:34:19 - INF - post - ('Servicio de creacion de comentario iniciado',)
14:34:19 - INF - post - ('Servicio de creacion de comentario iniciado',)
14:34:19 - INF - post - ('Servicio de creacion de comentario iniciado',)
14:34:19 - INF - post - ('Servicio de creacion de comentario iniciado',)
14:34:19 - INF - post - ('Servicio de creacion de comentario iniciado',)
14:34:19 - INF - post - ('Servicio de creacion de comentario iniciado',)
14:34:19 - INF - post - ('Servicio de creacion de comentario iniciado',)
14:34:19 - INF - post - ('Servicio de creacion de comentario iniciado',)
14:34:19 - INF - post - ('Servicio de creacion de comentario iniciado',)
14:34:19 - INF - post - ('Servicio de creacion de comentario iniciado',)
14:34:19 - INF - post - ('Servicio de creacion de comentario iniciado',)
14:34:19 - INF - post - ('Servicio de creacion de comentario iniciado',)
14:34:19 - INF - post - ('Servicio de creacion de comentario iniciado',)
14:34:19 - INF - post - ('Servicio de creacion de comentario iniciado',)
14:34:19 - INF - post - ('Servicio de creacion de comentario iniciado',)
14:34:19 - INF - post - ('Servicio de creacion de comentario iniciado',)
14:34:19 - INF - post - ('Servicio de creacion de comentario iniciado',)
14:34:19 - INF - post - ('Servicio de creacion de comentario iniciado',)
14:34:20 - INF - post - ('Servicio de creacion de comentario iniciado',)
14:34:20 - INF - post - ('Servicio de creacion de comentario iniciado',)
14:34:20 - INF - post - ('Servicio de creacion de comentario iniciado',)
14:34:20 - INF - post - ('Servicio de creacion de comentario iniciado',)
14:34:20 - INF - post - ('Servicio de creacion de comentario iniciado',)
14:34:20 - INF - post - ('Servicio de creacion de comentario iniciado',)
14:34:20 - INF - post - ('Servicio de creacion de comentario iniciado',)
14:34:20 - INF - post - ('Servicio de creacion de comentario iniciado',)
14:34:20 - INF - post - ('Servicio de creacion de comentario iniciado',)
14:34:20 - INF - post - ('Servicio de creacion de comentario iniciado',)
14:34:20 - INF - post - ('Servicio de creacion de comentario iniciado',)
14:34:20 - INF - post - ('Servicio de creacion de comentario iniciado',)
14:34:20 - INF - post - ('Servicio de creacion de comentario iniciado',)
14:34:20 - INF - post - ('Servicio de creacion de comentario iniciado',)
14:34:20 - INF - post - ('Servicio de creacion de comentario iniciado',)
14:34:20 - INF - post - ('Servicio de creacion de comentario iniciado',)
14:34:21 - INF - post - ('Servicio de creacion de comentario iniciado',)
14:34:21 - INF - post - ('Servicio de creacion de comentario iniciado',)
14:34:21 - INF - post - ('Servicio de creacion de comentario iniciado',)
14:34:21 - INF - post - ('Servicio de creacion de comentario iniciado',)
14:34:21 - INF - post - ('Servicio de creacion de comentario iniciado',)
14:34:21 - INF - post - ('Servicio de creacion de comentario iniciado',)
14:34:21 - INF - post - ('Servicio de creacion de comentario iniciado',)
14:34:21 - INF - post - ('Servicio de creacion de comentario iniciado',)
14:34:21 - INF - post - ('Servicio de creacion de comentario iniciado',)
14:34:21 - INF - post - ('Servicio de creacion de comentario iniciado',)
14:34:21 - INF - post - ('Servicio de creacion de comentario iniciado',)
14:34:21 - INF - post - ('Servicio de creacion de comentario iniciado',)
14:34:21 - INF - post - ('Servicio de creacion de comentario iniciado',)
14:34:21 - INF - post - ('Servicio de creacion de comentario iniciado',)
14:34:21 - INF - post - ('Servicio de creacion de comentario iniciado',)
14:34:21 - INF - post - ('Servicio de creacion de comentario iniciado',)
14:34:21 - INF - post - ('Servicio de creacion de comentario iniciado',)
14:34:21 - INF - post - ('Servicio de creacion de comentario iniciado',)
14:34:21 - INF - post - ('Servicio de creacion de comentario iniciado',)
14:34:21 - INF - post - ('Servicio de creacion de comentario iniciado',)
14:34:21 - INF - post - ('Servicio de creacion de comentario iniciado',)
14:34:21 - INF - post - ('Servicio de creacion de comentario iniciado',)
14:34:21 - INF - post - ('Servicio de creacion de comentario iniciado',)
14:34:21 - INF - post - ('Servicio de creacion de comentario iniciado',)
14:34:21 - INF - post - ('Servicio de creacion de comentario iniciado',)
14:34:22 - INF - post - ('Servicio de creacion de comentario iniciado',)
14:34:22 - INF - post - ('Servicio de creacion de comentario iniciado',)
14:34:23 - INF - post - ('Servicio de creacion de comentario iniciado',)
14:34:23 - INF - post - ('Servicio de creacion de comentario iniciado',)
14:34:23 - INF - post - ('Servicio de creacion de comentario iniciado',)
14:34:23 - INF - post - ('Servicio de creacion de comentario iniciado',)
14:34:23 - INF - post - ('Servicio de creacion de comentario iniciado',)
14:34:23 - INF - post - ('Servicio de creacion de comentario iniciado',)
14:34:23 - INF - post - ('Servicio de creacion de comentario iniciado',)
14:34:23 - INF - post - ('Servicio de creacion de comentario iniciado',)
14:34:23 - INF - post - ('Servicio de creacion de comentario iniciado',)
14:34:23 - INF - post - ('Servicio de creacion de comentario iniciado',)
14:34:23 - INF - post - ('Servicio de creacion de comentario iniciado',)
14:34:23 - INF - post - ('Servicio de creacion de comentario iniciado',)
14:34:23 - INF - post - ('Servicio de creacion de comentario iniciado',)
14:34:23 - INF - post - ('Servicio de creacion de comentario iniciado',)
14:34:23 - INF - post - ('Servicio de creacion de comentario iniciado',)
14:34:23 - INF - post - ('Servicio de creacion de comentario iniciado',)
14:34:23 - INF - post - ('Servicio de creacion de comentario iniciado',)
14:34:23 - INF - post - ('Servicio de creacion de comentario iniciado',)
14:34:23 - INF - post - ('Servicio de creacion de comentario iniciado',)
14:34:23 - INF - post - ('Servicio de creacion de comentario iniciado',)
14:34:23 - INF - post - ('Servicio de creacion de comentario iniciado',)
14:34:23 - INF - post - ('Servicio de creacion de comentario iniciado',)
14:34:23 - INF - post - ('Servicio de creacion de comentario iniciado',)
14:34:23 - INF - post - ('Servicio de creacion de comentario iniciado',)
14:34:23 - INF - post - ('Servicio de creacion de comentario iniciado',)
14:34:23 - INF - post - ('Servicio de creacion de comentario iniciado',)
14:34:23 - INF - post - ('Servicio de creacion de comentario iniciado',)
14:34:23 - INF - post - ('Servicio de creacion de comentario iniciado',)
14:34:23 - INF - post - ('Servicio de creacion de comentario iniciado',)
14:34:23 - INF - post - ('Servicio de creacion de comentario iniciado',)
14:34:23 - INF - post - ('Servicio de creacion de comentario iniciado',)
14:34:23 - INF - post - ('Servicio de creacion de comentario iniciado',)
14:34:23 - INF - post - ('Servicio de creacion de comentario iniciado',)
14:34:24 - INF - post - ('Servicio de creacion de comentario iniciado',)
14:34:24 - INF - post - ('Servicio de creacion de comentario iniciado',)
14:34:24 - INF - post - ('Servicio de creacion de comentario iniciado',)
14:34:24 - INF - post - ('Servicio de creacion de comentario iniciado',)
14:34:24 - INF - post - ('Servicio de creacion de comentario iniciado',)
14:34:24 - INF - post - ('Servicio de creacion de comentario iniciado',)
14:34:24 - INF - post - ('Servicio de creacion de comentario iniciado',)
14:34:24 - INF - post - ('Servicio de creacion de comentario iniciado',)
14:34:24 - INF - post - ('Servicio de creacion de comentario iniciado',)
14:34:24 - INF - post - ('Servicio de creacion de comentario iniciado',)
14:34:24 - INF - post - ('Servicio de creacion de comentario iniciado',)
14:34:24 - INF - post - ('Servicio de creacion de comentario iniciado',)
14:34:24 - INF - post - ('Servicio de creacion de comentario iniciado',)
14:34:24 - INF - post - ('Servicio de creacion de comentario iniciado',)
14:34:24 - INF - post - ('Servicio de creacion de comentario iniciado',)
14:34:24 - INF - post - ('Servicio de creacion de comentario iniciado',)
14:34:24 - INF - post - ('Servicio de creacion de comentario iniciado',)
14:34:24 - INF - post - ('Servicio de creacion de comentario iniciado',)
14:34:24 - INF - post - ('Servicio de creacion de comentario iniciado',)
14:34:24 - INF - post - ('Servicio de creacion de comentario iniciado',)
14:34:24 - INF - post - ('Servicio de creacion de comentario iniciado',)
14:34:24 - INF - post - ('Servicio de creacion de comentario iniciado',)
14:34:24 - INF - post - ('Servicio de creacion de comentario iniciado',)
14:34:24 - INF - post - ('Servicio de creacion de comentario iniciado',)
14:34:24 - INF - post - ('Servicio de creacion de comentario iniciado',)
14:34:24 - INF - post - ('Servicio de creacion de comentario iniciado',)
14:34:24 - INF - post - ('Servicio de creacion de comentario iniciado',)
14:34:24 - INF - post - ('Servicio de creacion de comentario iniciado',)
14:34:24 - INF - post - ('Servicio de creacion de comentario iniciado',)
14:34:24 - INF - post - ('Servicio de creacion de comentario iniciado',)
14:34:24 - INF - post - ('Servicio de creacion de comentario iniciado',)
14:34:24 - INF - post - ('Servicio de creacion de comentario iniciado',)
14:34:24 - INF - post - ('Servicio de creacion de comentario iniciado',)
14:34:24 - INF - post - ('Servicio de creacion de comentario iniciado',)
14:34:24 - INF - post - ('Servicio de creacion de comentario iniciado',)
14:34:24 - INF - post - ('Servicio de creacion de comentario iniciado',)
14:34:24 - INF - post - ('Servicio de creacion de comentario iniciado',)
14:34:24 - INF - post - ('Servicio de creacion de comentario iniciado',)
14:34:24 - INF - post - ('Servicio de creacion de comentario iniciado',)
14:34:25 - INF - post - ('Servicio de creacion de comentario iniciado',)
14:34:25 - INF - post - ('Servicio de creacion de comentario iniciado',)
14:34:25 - INF - post - ('Servicio de creacion de comentario iniciado',)
14:34:25 - INF - post - ('Servicio de creacion de comentario iniciado',)
14:34:25 - INF - post - ('Servicio de creacion de comentario iniciado',)
14:34:25 - INF - post - ('Servicio de creacion de comentario iniciado',)
14:34:25 - INF - post - ('Servicio de creacion de comentario iniciado',)
14:34:25 - INF - post - ('Servicio de creacion de comentario iniciado',)
14:34:25 - INF - post - ('Servicio de creacion de comentario iniciado',)
14:34:25 - INF - post - ('Servicio de creacion de comentario iniciado',)
14:34:25 - INF - post - ('Servicio de creacion de comentario iniciado',)
14:34:25 - INF - post - ('Servicio de creacion de comentario iniciado',)
14:34:25 - INF - post - ('Servicio de creacion de comentario iniciado',)
14:34:25 - INF - post - ('Servicio de creacion de comentario iniciado',)
14:34:25 - INF - post - ('Servicio de creacion de comentario iniciado',)
14:34:25 - INF - post - ('Servicio de creacion de comentario iniciado',)
14:34:25 - INF - post - ('Servicio de creacion de comentario iniciado',)
14:34:25 - INF - post - ('Servicio de creacion de comentario iniciado',)
14:34:25 - INF - post - ('Servicio de creacion de comentario iniciado',)
14:34:25 - INF - post - ('Servicio de creacion de comentario iniciado',)
14:34:25 - INF - post - ('Servicio de creacion de comentario iniciado',)
14:34:25 - INF - post - ('Servicio de creacion de comentario iniciado',)
14:34:25 - INF - post - ('Servicio de creacion de comentario iniciado',)
14:34:25 - INF - post - ('Servicio de creacion de comentario iniciado',)
14:34:25 - INF - post - ('Servicio de creacion de comentario iniciado',)
14:34:25 - INF - post - ('Servicio de creacion de comentario iniciado',)
14:34:25 - INF - post - ('Servicio de creacion de comentario iniciado',)
14:34:25 - INF - post - ('Servicio de creacion de comentario iniciado',)
14:34:26 - INF - post - ('Servicio de creacion de comentario iniciado',)
14:34:26 - INF - post - ('Servicio de creacion de comentario iniciado',)
14:34:26 - INF - post - ('Servicio de creacion de comentario iniciado',)
14:40:59 - INF - post - ('Servicio de creacion de comentario iniciado',)
14:41:40 - INF - post - ('Servicio de creacion de comentario iniciado',)
14:42:15 - INF - post - ('Servicio de creacion de interaccion creado',)
14:42:32 - INF - post - ('Servicio de creacion de comentario iniciado',)
14:44:02 - INF - post - ('Servicio de creacion de comentario iniciado',)
14:44:31 - INF - <module> - ('Servicio Finalizado',)
14:44:32 - INF - <module> - ('Servicio Iniciado',)
14:44:46 - INF - post - ('Servicio de creacion de comentario iniciado',)
14:45:05 - INF - post - ('Servicio de creacion de comentario iniciado',)
14:45:43 - INF - post - ('Servicio de creacion de interaccion creado',)
14:45:45 - INF - post - ('Servicio de creacion de interaccion creado',)
15:07:18 - INF - post - ('Servicio de creacion de interaccion creado',)
15:21:13 - INF - post - ('Servicio de creacion de interaccion creado',)
15:21:13 - INF - create_interaction - ('Error al crear la interaccion llave duplicada viola restricción de unicidad «unique_like»\nDETAIL:  Ya existe la llave (post_id, user_id)=(47, 25).\n',)
16:49:17 - INF - <module> - ('Servicio Finalizado',)
16:49:17 - INF - <module> - ('Servicio Finalizado',)
16:49:19 - INF - <module> - ('Servicio Iniciado',)
16:49:21 - INF - <module> - ('Servicio Iniciado',)
17:11:13 - INF - <module> - ('Servicio Finalizado',)
17:11:13 - INF - <module> - ('Servicio Iniciado',)
18:02:39 - INF - <module> - ('Servicio Finalizado',)
18:02:39 - INF - <module> - ('Servicio Finalizado',)
22:30:43 - INF - <module> - ('Servicio Iniciado',)
22:30:45 - INF - <module> - ('Servicio Iniciado',)
22:30:51 - INF - post - ('Servicio de creacion de interaccion creado',)
22:30:54 - INF - post - ('Servicio de creacion de interaccion creado',)
22:31:01 - INF - post - ('Servicio de creacion de interaccion creado',)
22:31:04 - INF - post - ('Servicio de creacion de interaccion creado',)
22:31:15 - INF - post - ('Servicio de creacion de interaccion creado',)
22:31:15 - INF - create_interaction - ('Error al crear la interaccion llave duplicada viola restricción de unicidad «unique_like»\nDETAIL:  Ya existe la llave (post_id, user_id)=(44, 25).\n',)
22:31:54 - INF - post - ('Servicio de creacion de interaccion creado',)
22:31:57 - INF - post - ('Servicio de creacion de interaccion creado',)
22:31:57 - INF - create_interaction - ('Error al crear la interaccion llave duplicada viola restricción de unicidad «unique_like»\nDETAIL:  Ya existe la llave (post_id, user_id)=(46, 25).\n',)
22:32:00 - INF - post - ('Servicio de creacion de interaccion creado',)
22:32:00 - INF - create_interaction - ('Error al crear la interaccion llave duplicada viola restricción de unicidad «unique_like»\nDETAIL:  Ya existe la llave (post_id, user_id)=(47, 25).\n',)
22:32:57 - INF - post - ('Servicio de creacion de interaccion creado',)
22:32:57 - INF - create_interaction - ('Error al crear la interaccion llave duplicada viola restricción de unicidad «unique_like»\nDETAIL:  Ya existe la llave (post_id, user_id)=(51, 25).\n',)
23:07:16 - INF - get - ('Servicio de interacciones iniciado',)
23:20:07 - INF - get - ('Servicio de interacciones iniciado',)
23:20:07 - INF - get - ('Servicio de interacciones iniciado',)
23:20:07 - INF - get - ('Servicio de interacciones iniciado',)
23:20:07 - INF - get - ('Servicio de interacciones iniciado',)
23:20:07 - INF - get - ('Servicio de interacciones iniciado',)
23:20:08 - INF - get - ('Servicio de interacciones iniciado',)
23:20:08 - INF - get - ('Servicio de interacciones iniciado',)
23:20:08 - INF - get - ('Servicio de interacciones iniciado',)
23:20:08 - INF - get - ('Servicio de interacciones iniciado',)
23:20:08 - INF - get - ('Servicio de interacciones iniciado',)
23:20:08 - INF - get - ('Servicio de interacciones iniciado',)
23:20:08 - INF - get - ('Servicio de interacciones iniciado',)
23:20:08 - INF - get - ('Servicio de interacciones iniciado',)
23:20:08 - INF - get - ('Servicio de interacciones iniciado',)
23:20:08 - INF - get - ('Servicio de interacciones iniciado',)
23:20:08 - INF - get - ('Servicio de interacciones iniciado',)
23:20:08 - INF - get - ('Servicio de interacciones iniciado',)
23:20:08 - INF - get - ('Servicio de interacciones iniciado',)
23:20:08 - INF - get - ('Servicio de interacciones iniciado',)
23:20:16 - INF - get - ('Servicio de interacciones iniciado',)
23:20:16 - INF - get - ('Servicio de interacciones iniciado',)
23:20:16 - INF - get - ('Servicio de interacciones iniciado',)
23:20:16 - INF - get - ('Servicio de interacciones iniciado',)
23:20:16 - INF - get - ('Servicio de interacciones iniciado',)
23:20:16 - INF - get - ('Servicio de interacciones iniciado',)
23:20:16 - INF - get - ('Servicio de interacciones iniciado',)
23:20:16 - INF - get - ('Servicio de interacciones iniciado',)
23:20:16 - INF - get - ('Servicio de interacciones iniciado',)
23:20:16 - INF - get - ('Servicio de interacciones iniciado',)
23:20:16 - INF - get - ('Servicio de interacciones iniciado',)
23:20:16 - INF - get - ('Servicio de interacciones iniciado',)
23:20:16 - INF - get - ('Servicio de interacciones iniciado',)
23:20:16 - INF - get - ('Servicio de interacciones iniciado',)
23:20:17 - INF - get - ('Servicio de interacciones iniciado',)
23:20:17 - INF - get - ('Servicio de interacciones iniciado',)
23:20:17 - INF - get - ('Servicio de interacciones iniciado',)
23:20:17 - INF - get - ('Servicio de interacciones iniciado',)
23:20:17 - INF - get - ('Servicio de interacciones iniciado',)
23:21:03 - INF - get - ('Servicio de interacciones iniciado',)
23:21:03 - INF - get - ('Servicio de interacciones iniciado',)
23:21:03 - INF - get - ('Servicio de interacciones iniciado',)
23:21:03 - INF - get - ('Servicio de interacciones iniciado',)
23:21:03 - INF - get - ('Servicio de interacciones iniciado',)
23:21:03 - INF - get - ('Servicio de interacciones iniciado',)
23:21:03 - INF - get - ('Servicio de interacciones iniciado',)
23:21:03 - INF - get - ('Servicio de interacciones iniciado',)
23:21:03 - INF - get - ('Servicio de interacciones iniciado',)
23:21:03 - INF - get - ('Servicio de interacciones iniciado',)
23:21:03 - INF - get - ('Servicio de interacciones iniciado',)
23:21:03 - INF - get - ('Servicio de interacciones iniciado',)
23:21:03 - INF - get - ('Servicio de interacciones iniciado',)
23:21:03 - INF - get - ('Servicio de interacciones iniciado',)
23:21:03 - INF - get - ('Servicio de interacciones iniciado',)
23:21:04 - INF - get - ('Servicio de interacciones iniciado',)
23:21:04 - INF - get - ('Servicio de interacciones iniciado',)
23:21:04 - INF - get - ('Servicio de interacciones iniciado',)
23:21:04 - INF - get - ('Servicio de interacciones iniciado',)
23:21:54 - INF - get - ('Servicio de interacciones iniciado',)
23:21:54 - INF - get - ('Servicio de interacciones iniciado',)
23:21:54 - INF - get - ('Servicio de interacciones iniciado',)
