17:08:15 - INF - <module> - ('Servicio Iniciado',)
17:08:17 - INF - <module> - ('Servicio Iniciado',)
17:09:26 - INF - put - ('Servicio para actualizar un post iniciado',)
17:10:50 - INF - <module> - ('Servicio Finalizado',)
17:10:51 - INF - <module> - ('Servicio Iniciado',)
17:10:59 - INF - <module> - ('Servicio Finalizado',)
17:11:00 - INF - <module> - ('Servicio Finalizado',)
17:11:01 - INF - <module> - ('Servicio Iniciado',)
17:11:03 - INF - <module> - ('Servicio Iniciado',)
17:11:40 - INF - <module> - ('Servicio Finalizado',)
17:11:41 - INF - <module> - ('Servicio Iniciado',)
17:11:51 - INF - get - ('Servicio de Publicaciones Iniciado',)
17:13:03 - INF - get - ('Servicio de Publicaciones Iniciado',)
17:13:03 - INF - token_validate - ('Ocurrio un error al validar el tokeneyJhbGciOiJIUzI1NiIsInR5cCI6IkpXVCJ9.eyJpYXQiOjE3MzcwNjU1NjUsImV4cCI6MTczNzA2NjQ2NSwidXNlcm5hbWUiOiJsdWNyZWFjaWEifQ.6kNLIqTC8mdvObP54HbfJgrwC3Ov9c6f1jTUcEpjGLs.eyJpYXQiOjE3MzcwNjUzNDQsImV4cCI6MTczNzA2NjI0NCwidXNlcm5hbWUiOiJraWFyYSJ9.9cbIB1GKLFG_bpJY18H8RLQZSEowDkZu21l01sizytk',)
17:13:03 - INF - token_validate - (DecodeError('Invalid payload padding'),)
17:13:09 - INF - get - ('Servicio de Publicaciones Iniciado',)
17:13:09 - INF - token_validate - ('Ocurrio un error al validar el tokeneyJhbGciOiJIUzI1NiIsInR5cCI6IkpXVCJ9.eyJpYXQiOjE3MzcwNjU1NjUsImV4cCI6MTczNzA2NjQ2NSwidXNlcm5hbWUiOiJsdWNyZWFjaWEifQ.6kNLIqTC8mdvObP54HbfJgrwC3Ov9c6f1jTUcEpjGLs.eyJpYXQiOjE3MzcwNjU1NjUsImV4cCI6MTczNzA2NjQ2NSwidXNlcm5hbWUiOiJsdWNyZWFjaWEifQ.6kNLIqTC8mdvObP54HbfJgrwC3Ov9c6f1jTUcEpjGLs.eyJpYXQiOjE3MzcwNjUzNDQsImV4cCI6MTczNzA2NjI0NCwidXNlcm5hbWUiOiJraWFyYSJ9.9cbIB1GKLFG_bpJY18H8RLQZSEowDkZu21l01sizytk',)
17:13:09 - INF - token_validate - (InvalidSignatureError('Signature verification failed'),)
17:13:29 - INF - get - ('Servicio de Publicaciones Iniciado',)
17:14:26 - INF - <module> - ('Servicio Finalizado',)
17:14:28 - INF - <module> - ('Servicio Iniciado',)
17:30:53 - INF - <module> - ('Servicio Finalizado',)
17:30:53 - INF - <module> - ('Servicio Finalizado',)
17:39:16 - INF - <module> - ('Servicio Iniciado',)
17:39:19 - INF - <module> - ('Servicio Iniciado',)
17:39:37 - INF - get - ('Servicio de publicaciones inicado',)
17:40:43 - INF - <module> - ('Servicio Finalizado',)
17:40:44 - INF - <module> - ('Servicio Iniciado',)
17:41:07 - INF - <module> - ('Servicio Finalizado',)
17:41:07 - INF - <module> - ('Servicio Finalizado',)
17:41:09 - INF - <module> - ('Servicio Iniciado',)
17:41:11 - INF - <module> - ('Servicio Iniciado',)
17:42:59 - INF - <module> - ('Servicio Finalizado',)
17:43:00 - INF - <module> - ('Servicio Iniciado',)
17:43:07 - INF - <module> - ('Servicio Finalizado',)
17:43:09 - INF - <module> - ('Servicio Iniciado',)
17:45:56 - INF - <module> - ('Servicio Finalizado',)
17:45:56 - INF - <module> - ('Servicio Finalizado',)
17:45:58 - INF - <module> - ('Servicio Iniciado',)
17:45:59 - INF - <module> - ('Servicio Iniciado',)
17:46:16 - INF - <module> - ('Servicio Finalizado',)
17:46:16 - INF - <module> - ('Servicio Finalizado',)
17:46:18 - INF - <module> - ('Servicio Iniciado',)
17:46:20 - INF - <module> - ('Servicio Iniciado',)
17:48:24 - INF - <module> - ('Servicio Finalizado',)
17:48:24 - INF - <module> - ('Servicio Finalizado',)
17:59:40 - INF - <module> - ('Servicio Iniciado',)
17:59:42 - INF - <module> - ('Servicio Iniciado',)
18:00:45 - INF - get - ('Posts de un usuario especifico',)
18:00:52 - INF - get - ('Servicio de post iniciado',)
18:01:02 - INF - <module> - ('Servicio Finalizado',)
18:01:02 - INF - <module> - ('Servicio Finalizado',)
